Žurnāls: ppo_trader_Realistic Mode, OP - 0.004 (Conservative)_BTC.log

Ierīce: cpu  |  AMP: False
Eksperiments: OP - 0.004 (Conservative)

============================================================
1. SOLIS: Datu ielāde
============================================================
Visa datu kopa : 771,726 sveces  |  2019-01-05 05:00:00 → 2026-05-10 16:05:00
Izmantojam     : 330,740 sveces  |  2023-03-19 05:05:00 → 2026-05-10 16:05:00
Apmācība (~2g) : 0..220,493  (2023-03-19 05:05:00 → 2025-04-22 20:50:00)
Tests  (~1g)   : 220,493..330,740  (2025-04-22 20:55:00 → 2026-05-10 16:05:00)
Pazīmes (tirgus): 32
N_STATE_FEATURES=34

Slipāžas rindu priekšaprēķins...

============================================================
7. SOLIS: Modelis
============================================================
Parametri: 62,853  |  INPUT_DIM=34
Arhitektūra: D_MODEL=64, N_HEADS=2, N_LAYERS=1, SEQ_LEN=32

============================================================
10. SOLIS: Apmācība (PPO)
============================================================
Kopējie soļi: 75,000  |  N_ENVS: 4  |  ROLLOUT_STEPS: 128
Bufera izmērs vienam atjauninājumam: 512 pārejas
PPO epohi: 2  |  Mini-pakete: 128
Labvēlības periods: 12 sveces  |  Atvēršanas sods: 0.004  |  Min darījums: 72 sveces  |  Īsa darījuma sods: 0.004
Kontrolpunkti: checkpoints_Realistic Mode, OP - 0.004 (Conservative)_BTC/  (ik pēc 29 atjauninājumiem)

────────────────────────────────────────────────────────────────────────────────
     Solis   Upd  Rew(avg10)       pi       v    ent   clip%      ev        lr  Darbības(H/L/S/C)
────────────────────────────────────────────────────────────────────────────────
       512     1    -0.00341  -0.0009  0.0376  1.300?    0.0%  -0.912  3.00e-04  25.0%/28.5%/26.8%/19.7%
     1,024     2    -0.00310  -0.0007  0.0238  1.307?    0.0%  -0.054  3.00e-04  30.1%/25.8%/26.2%/18.0%
     1,536     3    -0.00305  -0.0001  0.0198  1.291?    0.0%  +0.242  3.00e-04  29.7%/26.2%/25.0%/19.1%
     2,048     4    -0.00300  -0.0002  0.0138  1.302?    0.0%  -0.126  2.99e-04  29.5%/30.5%/21.9%/18.2%
     2,560     5    -0.00301  -0.0002  0.0129  1.298?    0.0%  -0.566  2.99e-04  29.5%/27.5%/24.8%/18.2%
     3,072     6    -0.00307  -0.0003  0.0127  1.307→    0.0%  +0.089  2.99e-04  23.2%/27.0%/30.5%/19.3%
     3,584     7    -0.00309  -0.0004  0.0116  1.296→    0.0%  -0.608  2.98e-04  27.7%/27.0%/25.6%/19.7%
     4,096     8    -0.00307  -0.0004  0.0086  1.310→    0.0%  -0.324  2.98e-04  29.1%/23.8%/28.5%/18.6%
     4,608     9    -0.00309  -0.0003  0.0083  1.307→    0.0%  +0.588  2.97e-04  27.7%/28.3%/24.6%/19.3%
     5,120    10    -0.00307  -0.0008  0.0083  1.309↑    0.0%  -0.256  2.97e-04  28.1%/29.1%/25.8%/17.0%
     5,632    11    -0.00306  -0.0003  0.0096  1.307→    0.0%  +0.019  2.96e-04  25.0%/29.3%/26.0%/19.7%
     6,144    12    -0.00306  -0.0003  0.0061  1.314↑    0.0%  -0.524  2.95e-04  30.5%/30.1%/24.2%/15.2%
     6,656    13    -0.00308  -0.0006  0.0045  1.315↑    0.0%  -1.965  2.94e-04  24.2%/29.1%/28.1%/18.6%
     7,168    14    -0.00310  -0.0001  0.0048  1.309↑    0.0%  -0.286  2.93e-04  27.0%/26.0%/28.7%/18.4%
     7,680    15    -0.00312  -0.0007  0.0042  1.302↑    0.0%  -1.359  2.92e-04  27.9%/25.2%/28.5%/18.4%
     8,192    16    -0.00308  +0.0006  0.0042  1.300↑    0.0%  -0.222  2.91e-04  29.3%/28.3%/24.0%/18.4%
     8,704    17    -0.00307  -0.0001  0.0034  1.307→    0.0%  -0.069  2.90e-04  28.3%/27.3%/25.8%/18.6%
     9,216    18    -0.00310  -0.0006  0.0040  1.303→    0.0%  -0.509  2.89e-04  29.9%/29.3%/22.7%/18.2%
     9,728    19    -0.00314  -0.0006  0.0048  1.315↑    0.0%  -0.875  2.88e-04  24.0%/27.7%/31.2%/17.0%
    10,240    20    -0.00316  +0.0001  0.0030  1.308↑    0.0%  -0.647  2.86e-04  25.4%/27.9%/29.1%/17.6%
    10,752    21    -0.00314  -0.0006  0.0034  1.311↑    0.0%  -1.463  2.85e-04  26.6%/27.3%/28.5%/17.6%
    11,264    22    -0.00323  -0.0002  0.0026  1.300↑    0.0%  +0.077  2.84e-04  25.8%/28.1%/25.8%/20.3%
    11,776    23    -0.00322  -0.0002  0.0030  1.302↑    0.0%  -1.021  2.82e-04  27.9%/26.8%/27.0%/18.4%
    12,288    24    -0.00326  -0.0002  0.0029  1.316↑    0.0%  -1.215  2.81e-04  28.9%/28.3%/26.2%/16.6%
    12,800    25    -0.00330  -0.0004  0.0032  1.301↑    0.0%  +0.212  2.79e-04  27.0%/29.1%/23.8%/20.1%
    13,312    26    -0.00337  -0.0008  0.0024  1.320↑    0.0%  +0.053  2.77e-04  24.4%/29.5%/30.1%/16.0%
    13,824    27    -0.00340  -0.0007  0.0026  1.312↑    0.0%  +0.436  2.75e-04  28.3%/29.7%/26.2%/15.8%
    14,336    28    -0.00340  -0.0003  0.0020  1.313↑    0.0%  -1.447  2.74e-04  28.5%/26.8%/28.7%/16.0%
    14,848    29    -0.00336  -0.0007  0.0026  1.307↑    0.0%  -0.403  2.72e-04  26.2%/28.9%/26.4%/18.6%
  ✓ Kontrolpunkts: checkpoints_Realistic Mode, OP - 0.004 (Conservative)_BTC\ckpt_step0014848.pth  [20% apmācības]
    15,360    30    -0.00338  -0.0009  0.0025  1.307↑    0.0%  -0.394  2.70e-04  26.8%/26.4%/29.1%/17.8%
    15,872    31    -0.00337  -0.0002  0.0019  1.300↑    0.0%  -1.394  2.68e-04  30.9%/24.4%/27.9%/16.8%
    16,384    32    -0.00331  -0.0007  0.0020  1.293↑    0.0%  -2.008  2.66e-04  32.2%/24.0%/25.0%/18.8%
    16,896    33    -0.00331  -0.0008  0.0018  1.306↑    0.0%  -2.318  2.64e-04  31.8%/28.9%/22.9%/16.4%
    17,408    34    -0.00329  -0.0003  0.0024  1.310↑    0.0%  -1.658  2.62e-04  28.9%/31.6%/23.6%/15.8%
    17,920    35    -0.00333  +0.0001  0.0034  1.308→    0.0%  -0.666  2.60e-04  29.5%/30.3%/23.8%/16.4%
    18,432    36    -0.00334  -0.0010  0.0026  1.296→    0.0%  -0.541  2.57e-04  29.1%/27.9%/24.8%/18.2%
    18,944    37    -0.00339  -0.0000  0.0027  1.293→    0.0%  +0.360  2.55e-04  28.7%/27.0%/25.6%/18.8%
    19,456    38    -0.00340  -0.0008  0.0033  1.304→    0.0%  -0.005  2.53e-04  29.3%/31.2%/21.7%/17.8%
    19,968    39    -0.00343  -0.0006  0.0020  1.294→    0.0%  -0.124  2.50e-04  33.4%/25.6%/24.2%/16.8%
    20,480    40    -0.00342  -0.0004  0.0019  1.306→    0.0%  -0.460  2.48e-04  27.0%/30.1%/26.2%/16.8%
    20,992    41    -0.00343  -0.0005  0.0019  1.301→    0.0%  -0.061  2.45e-04  29.3%/26.6%/25.8%/18.4%
    21,504    42    -0.00343  -0.0012  0.0021  1.309→    0.0%  -0.214  2.43e-04  31.4%/28.7%/24.0%/15.8%
    22,016    43    -0.00347  +0.0004  0.0018  1.299→    0.0%  +0.058  2.40e-04  33.2%/26.2%/23.4%/17.2%
    22,528    44    -0.00347  +0.0000  0.0017  1.308→    0.0%  +0.138  2.38e-04  31.4%/29.7%/21.9%/17.0%
    23,040    45    -0.00339  -0.0004  0.0020  1.294→    0.0%  -0.376  2.35e-04  29.5%/27.0%/25.6%/18.0%
    23,552    46    -0.00332  -0.0008  0.0015  1.307→    0.0%  +0.133  2.33e-04  28.5%/24.2%/31.4%/15.8%
    24,064    47    -0.00322  -0.0013  0.0015  1.303→    0.0%  -0.089  2.30e-04  30.3%/27.3%/26.2%/16.2%
    24,576    48    -0.00316  -0.0022  0.0013  1.293→    0.0%  -1.074  2.27e-04  32.8%/27.7%/23.2%/16.2%
    25,088    49    -0.00309  -0.0014  0.0013  1.297→    0.0%  -1.194  2.24e-04  32.0%/26.6%/26.8%/14.6%
    25,600    50    -0.00305  -0.0021  0.0012  1.286→    0.0%  +0.150  2.22e-04  33.4%/25.0%/26.0%/15.6%
    26,112    51    -0.00297  -0.0028  0.0011  1.288↓    0.0%  -3.479  2.19e-04  38.1%/22.9%/26.4%/12.7%
    26,624    52    -0.00287  -0.0010  0.0015  1.275↓    0.0%  -0.544  2.16e-04  39.5%/27.5%/20.5%/12.5%
    27,136    53    -0.00278  -0.0022  0.0013  1.267↓    0.0%  -1.776  2.13e-04  39.5%/23.8%/24.8%/11.9%
    27,648    54    -0.00274  +0.0001  0.0015  1.265↓    0.0%  -1.514  2.10e-04  34.4%/28.9%/21.7%/15.0%
    28,160    55    -0.00271  -0.0015  0.0015  1.248↓    0.0%  -0.472  2.07e-04  40.8%/25.8%/21.3%/12.1%
    28,672    56    -0.00281  -0.0007  0.0033  1.281↓    0.0%  -0.073  2.04e-04  33.4%/30.9%/21.9%/13.9%
    29,184    57    -0.00279  -0.0005  0.0017  1.236↓    0.0%  -0.841  2.01e-04  39.3%/29.7%/18.2%/12.9%
    29,696    58    -0.00280  -0.0009  0.0017  1.248↓    0.0%  -0.393  1.98e-04  38.9%/25.8%/22.5%/12.9%
  ✓ Kontrolpunkts: checkpoints_Realistic Mode, OP - 0.004 (Conservative)_BTC\ckpt_step0029696.pth  [40% apmācības]
    30,208    59    -0.00280  -0.0009  0.0013  1.227↓    0.0%  -0.998  1.95e-04  41.0%/29.1%/18.4%/11.5%
    30,720    60    -0.00275  -0.0026  0.0010  1.222↓    0.1%  +0.208  1.92e-04  43.2%/24.8%/21.5%/10.5%
    31,232    61    -0.00271  -0.0004  0.0012  1.193↓    0.0%  -0.925  1.89e-04  48.6%/22.5%/17.2%/11.7%
    31,744    62    -0.00273  +0.0013  0.0010  1.190↓    0.0%  -0.169  1.86e-04  49.4%/20.3%/19.3%/10.9%
    32,256    63    -0.00267  -0.0006  0.0014  1.190↓    0.0%  -1.228  1.82e-04  50.4%/22.7%/16.2%/10.7%
    32,768    64    -0.00260  -0.0064  0.0011  1.182↓    0.1%  -0.221  1.79e-04  49.8%/21.5%/16.6%/12.1%
    33,280    65    -0.00248  -0.0009  0.0011  1.160↓    0.0%  -0.128  1.76e-04  52.0%/21.9%/16.8%/ 9.4%
    33,792    66    -0.00228  -0.0003  0.0009  1.135↓    0.0%  -0.762  1.73e-04  52.0%/23.4%/15.2%/ 9.4%
    34,304    67    -0.00222  +0.0018  0.0011  1.175↓    0.1%  -0.027  1.70e-04  48.8%/22.9%/16.8%/11.5%
    34,816    68    -0.00213  +0.0010  0.0011  1.141↓    0.0%  -1.261  1.67e-04  50.0%/24.0%/15.6%/10.4%
    35,328    69    -0.00208  +0.0005  0.0011  1.177↓    0.0%  -0.609  1.63e-04  53.1%/19.7%/18.4%/ 8.8%
    35,840    70    -0.00203  -0.0013  0.0010  1.158↓    0.1%  -0.848  1.60e-04  49.2%/23.8%/16.2%/10.7%
    36,352    71    -0.00202  +0.0006  0.0009  1.150↓    0.0%  -0.486  1.57e-04  52.0%/26.2%/13.7%/ 8.2%
    36,864    72    -0.00199  -0.0005  0.0011  1.169↓    0.0%  -0.196  1.54e-04  45.9%/27.7%/15.0%/11.3%
    37,376    73    -0.00206  -0.0028  0.0018  1.144↓    0.0%  +0.145  1.50e-04  54.5%/23.6%/13.3%/ 8.6%
    37,888    74    -0.00203  -0.0013  0.0009  1.163↓    0.0%  +0.085  1.47e-04  49.6%/24.0%/16.0%/10.4%
    38,400    75    -0.00205  +0.0007  0.0013  1.128↓    0.0%  +0.367  1.44e-04  55.9%/21.3%/13.3%/ 9.6%
    38,912    76    -0.00204  -0.0026  0.0009  1.155↓    0.1%  -0.118  1.41e-04  50.2%/22.9%/17.8%/ 9.2%
    39,424    77    -0.00199  +0.0020  0.0009  1.145↓    0.0%  +0.306  1.38e-04  54.3%/22.9%/14.5%/ 8.4%
    39,936    78    -0.00201  -0.0011  0.0009  1.150↓    0.0%  -0.611  1.34e-04  51.0%/22.9%/18.9%/ 7.2%
    40,448    79    -0.00194  -0.0039  0.0010  1.164↓    0.2%  -0.591  1.31e-04  50.4%/24.6%/16.6%/ 8.4%
    40,960    80    -0.00194  +0.0003  0.0008  1.126↓    0.0%  -0.853  1.28e-04  52.1%/21.3%/16.0%/10.5%
    41,472    81    -0.00195  -0.0029  0.0009  1.141↓    0.1%  -1.364  1.25e-04  49.6%/22.9%/15.4%/12.1%
    41,984    82    -0.00195  -0.0040  0.0014  1.111↓    0.0%  +0.217  1.22e-04  57.2%/20.9%/13.5%/ 8.4%
    42,496    83    -0.00191  -0.0029  0.0011  1.148↓    0.2%  -0.692  1.19e-04  47.1%/24.8%/16.6%/11.5%
    43,008    84    -0.00192  +0.0025  0.0016  1.109↓    0.1%  -0.379  1.15e-04  49.2%/29.9%/12.9%/ 8.0%
    43,520    85    -0.00190  -0.0007  0.0011  1.098↓    0.2%  -1.210  1.12e-04  52.1%/24.6%/13.9%/ 9.4%
    44,032    86    -0.00188  -0.0041  0.0015  1.103↓    0.6%  -0.708  1.09e-04  54.3%/24.4%/12.5%/ 8.8%
    44,544    87    -0.00193  -0.0035  0.0020  1.128↓    0.6%  -0.198  1.06e-04  47.9%/27.5%/16.0%/ 8.6%
  ✓ Kontrolpunkts: checkpoints_Realistic Mode, OP - 0.004 (Conservative)_BTC\ckpt_step0044544.pth  [59% apmācības]
    45,056    88    -0.00194  +0.0002  0.0016  1.091↓    0.5%  -0.121  1.03e-04  52.9%/27.1%/11.9%/ 8.0%
    45,568    89    -0.00195  +0.0015  0.0016  1.051↓    0.8%  -0.937  1.00e-04  59.6%/21.7%/11.1%/ 7.6%
    46,080    90    -0.00192  -0.0025  0.0019  1.066↓    0.9%  -1.048  9.70e-05  55.3%/21.5%/13.9%/ 9.4%
    46,592    91    -0.00188  +0.0006  0.0015  1.027↓    0.2%  -0.932  9.40e-05  60.4%/21.9%/11.3%/ 6.4%
    47,104    92    -0.00181  -0.0002  0.0010  1.023↓    0.5%  -1.497  9.11e-05  58.4%/23.6%/10.9%/ 7.0%
    47,616    93    -0.00175  -0.0010  0.0011  1.047↓    0.3%  -2.010  8.81e-05  55.7%/21.3%/15.2%/ 7.8%
    48,128    94    -0.00170  +0.0002  0.0008  1.038↓    0.9%  -0.522  8.52e-05  55.1%/22.9%/14.8%/ 7.2%
    48,640    95    -0.00164  -0.0053  0.0009  1.023↓    0.8%  -1.758  8.23e-05  58.6%/23.4%/10.9%/ 7.0%
    49,152    96    -0.00165  -0.0021  0.0010  0.998↓    0.3%  -1.027  7.95e-05  60.7%/25.4%/ 8.4%/ 5.5%
    49,664    97    -0.00154  +0.0010  0.0010  1.014↓    0.7%  -2.099  7.67e-05  61.1%/22.9%/ 9.8%/ 6.2%
    50,176    98    -0.00146  -0.0020  0.0007  0.995↓    0.1%  -1.645  7.39e-05  62.5%/24.4%/ 7.0%/ 6.1%
    50,688    99    -0.00143  -0.0015  0.0012  1.017↓    0.3%  -1.089  7.12e-05  56.8%/27.3%/ 8.8%/ 7.0%
    51,200   100    -0.00158  +0.0003  0.0032  1.005↓    0.6%  -0.050  6.84e-05  58.6%/27.7%/ 7.8%/ 5.9%
    51,712   101    -0.00165  -0.0007  0.0026  1.059↓    1.3%  -0.173  6.58e-05  55.1%/26.8%/11.3%/ 6.8%
    52,224   102    -0.00167  +0.0017  0.0018  1.030↓    0.3%  -0.373  6.31e-05  51.6%/35.2%/ 7.8%/ 5.5%
    52,736   103    -0.00174  -0.0003  0.0015  1.025↓    0.0%  -0.465  6.06e-05  56.1%/30.9%/ 9.0%/ 4.1%
    53,248   104    -0.00183  +0.0020  0.0037  1.024↓    0.2%  +0.287  5.80e-05  58.2%/26.8%/ 9.0%/ 6.1%
    53,760   105    -0.00187  -0.0016  0.0014  1.028↓    0.2%  -0.371  5.55e-05  57.0%/27.0%/11.3%/ 4.7%
    54,272   106    -0.00177  +0.0003  0.0017  1.036↓    0.3%  +0.331  5.30e-05  58.6%/26.8%/ 9.8%/ 4.9%
    54,784   107    -0.00188  -0.0000  0.0019  1.028↓    0.0%  +0.534  5.06e-05  57.4%/28.3%/ 6.4%/ 7.8%
    55,296   108    -0.00183  -0.0023  0.0021  1.054↓    0.7%  -0.326  4.83e-05  54.9%/26.2%/12.1%/ 6.8%
    55,808   109    -0.00185  -0.0006  0.0009  1.018↓    0.1%  +0.477  4.59e-05  58.8%/25.6%/ 8.2%/ 7.4%
    56,320   110    -0.00166  +0.0013  0.0013  1.033↓    0.8%  +0.201  4.37e-05  59.2%/24.6%/ 7.8%/ 8.4%
    56,832   111    -0.00164  -0.0008  0.0020  1.035↓    0.4%  +0.443  4.14e-05  60.2%/22.7%/ 9.8%/ 7.4%
    57,344   112    -0.00164  -0.0006  0.0011  1.057↓    0.7%  -0.518  3.93e-05  53.5%/24.8%/13.9%/ 7.8%
    57,856   113    -0.00157  -0.0006  0.0015  1.051↓    0.8%  -1.058  3.71e-05  52.5%/28.5%/10.9%/ 8.0%
    58,368   114    -0.00148  -0.0017  0.0011  1.021↓    0.1%  -0.733  3.51e-05  61.3%/25.4%/ 8.6%/ 4.7%
    58,880   115    -0.00147  -0.0036  0.0015  1.050↓    1.0%  -0.175  3.30e-05  56.8%/26.4%/10.9%/ 5.9%
    59,392   116    -0.00152  +0.0003  0.0022  1.029↓    0.3%  -0.636  3.11e-05  58.0%/26.6%/10.7%/ 4.7%
  ✓ Kontrolpunkts: checkpoints_Realistic Mode, OP - 0.004 (Conservative)_BTC\ckpt_step0059392.pth  [79% apmācības]
    59,904   117    -0.00147  +0.0012  0.0023  1.062↓    0.5%  -0.619  2.92e-05  55.5%/26.4%/11.7%/ 6.4%
    60,416   118    -0.00161  +0.0000  0.0013  1.008↓    0.4%  +0.119  2.73e-05  52.1%/32.4%/ 8.2%/ 7.2%
    60,928   119    -0.00161  +0.0001  0.0014  1.035↓    0.1%  -0.710  2.55e-05  55.5%/29.1%/ 8.6%/ 6.8%
    61,440   120    -0.00167  -0.0011  0.0012  1.027↓    0.4%  -0.575  2.38e-05  56.1%/26.4%/11.1%/ 6.4%
    61,952   121    -0.00159  +0.0031  0.0011  1.037↓    0.3%  -0.169  2.21e-05  57.2%/28.9%/ 8.8%/ 5.1%
    62,464   122    -0.00156  -0.0005  0.0012  1.039↓    0.0%  +0.083  2.05e-05  52.9%/31.8%/11.3%/ 3.9%
    62,976   123    -0.00152  -0.0004  0.0008  1.006↓    0.1%  -1.214  1.89e-05  62.1%/25.2%/ 7.8%/ 4.9%
    63,488   124    -0.00161  -0.0011  0.0049  1.025↓    0.2%  +0.081  1.74e-05  59.0%/25.6%/10.0%/ 5.5%
    64,000   125    -0.00157  -0.0020  0.0012  1.016↓    0.3%  -0.021  1.60e-05  56.6%/29.7%/ 8.0%/ 5.7%
    64,512   126    -0.00159  +0.0001  0.0011  1.016↓    0.1%  -0.321  1.46e-05  54.5%/30.9%/ 7.4%/ 7.2%
    65,024   127    -0.00155  +0.0012  0.0014  1.015↓    0.4%  -0.244  1.33e-05  58.4%/28.3%/ 8.2%/ 5.1%
    65,536   128    -0.00146  +0.0001  0.0009  1.045↓    0.3%  -1.289  1.21e-05  55.3%/28.7%/ 9.6%/ 6.4%
    66,048   129    -0.00149  -0.0020  0.0012  1.023↓    0.4%  -0.390  1.09e-05  57.2%/27.0%/10.7%/ 5.1%
    66,560   130    -0.00147  -0.0005  0.0016  1.012↓    0.0%  -0.127  9.77e-06  60.4%/28.5%/ 6.8%/ 4.3%
    67,072   131    -0.00140  +0.0020  0.0012  1.021↓    0.5%  -0.061  8.72e-06  60.7%/23.6%/ 9.8%/ 5.9%
    67,584   132    -0.00151  +0.0008  0.0012  1.016↓    0.5%  -0.730  7.73e-06  53.9%/27.9%/11.7%/ 6.4%
    68,096   133    -0.00161  +0.0004  0.0015  1.031↓    0.4%  -0.348  6.81e-06  53.7%/27.3%/10.9%/ 8.0%
    68,608   134    -0.00153  -0.0023  0.0015  1.008↓    0.2%  -0.247  5.96e-06  61.1%/27.3%/ 6.6%/ 4.9%
    69,120   135    -0.00171  +0.0019  0.0040  1.038↓    0.4%  +0.316  5.17e-06  55.5%/28.3%/ 9.8%/ 6.4%
    69,632   136    -0.00167  -0.0008  0.0014  0.999↓    0.0%  -0.327  4.45e-06  58.4%/27.1%/ 8.4%/ 6.1%
    70,144   137    -0.00166  +0.0006  0.0011  1.018↓    0.3%  -0.955  3.79e-06  59.6%/26.0%/ 9.4%/ 5.1%
    70,656   138    -0.00162  +0.0006  0.0012  0.998↓    0.0%  +0.171  3.21e-06  58.8%/30.3%/ 5.5%/ 5.5%
    71,168   139    -0.00154  -0.0000  0.0011  1.003↓    0.2%  -1.118  2.69e-06  59.0%/27.9%/ 6.4%/ 6.6%
    71,680   140    -0.00153  -0.0012  0.0010  1.008↓    0.2%  -0.472  2.24e-06  56.4%/28.3%/ 9.0%/ 6.2%
    72,192   141    -0.00162  -0.0016  0.0012  1.003↓    0.3%  +0.033  1.86e-06  58.6%/28.5%/ 7.6%/ 5.3%
    72,704   142    -0.00154  -0.0025  0.0011  1.050↓    0.2%  -1.329  1.55e-06  57.0%/29.5%/ 9.2%/ 4.3%
    73,216   143    -0.00150  -0.0001  0.0027  0.985↓    0.0%  +0.033  1.31e-06  59.6%/27.9%/ 6.1%/ 6.4%
    73,728   144    -0.00147  +0.0037  0.0017  1.035↓    0.6%  -0.073  1.14e-06  53.3%/28.9%/11.5%/ 6.2%
    74,240   145    -0.00137  +0.0001  0.0010  1.006↓    0.1%  +0.469  1.03e-06  60.5%/27.3%/ 8.0%/ 4.1%
  ✓ Kontrolpunkts: checkpoints_Realistic Mode, OP - 0.004 (Conservative)_BTC\ckpt_step0074240.pth  [99% apmācības]
    74,752   146    -0.00141  -0.0010  0.0010  1.050↓    0.5%  -1.139  1.00e-06  54.3%/29.5%/10.9%/ 5.3%
    75,264   147    -0.00142  -0.0013  0.0015  1.011↓    0.1%  -0.117  1.03e-06  60.7%/26.4%/ 8.8%/ 4.1%
  ✓ Kontrolpunkts: checkpoints_Realistic Mode, OP - 0.004 (Conservative)_BTC\ckpt_step0075264.pth  [100% apmācības]

────────────────────────────────────────────────────────────────────────────────
  Vidējais ātrums: 564 soļi/sek
  Vidējā atlīdzība (pēdējie 10 atjauninājumi): -0.00142
  Galīgā entropija: 1.011  (sākums: 1.300)
────────────────────────────────────────────────────────────────────────────────

✓ Galīgais modelis saglabāts: ppo_trader_Realistic Mode, OP - 0.004 (Conservative)_BTC.pth

============================================================
11. SOLIS: Bektests (4 varianti)
============================================================

────────────────────────────────────────────────────────────  1. Komisija + slipāža          
  Bilance: $649.62 | Ienesīgums: -35.04% | MaxDD: 54.39% | Sharpe: -0.510 | Calmar: -0.644 | PF: 0.365 | Darījumi: 15 | Win%: 26.7%

────────────────────────────────────────────────────────────  2. Tikai komisija              
  Bilance: $794.27 | Ienesīgums: -20.57% | MaxDD: 48.24% | Sharpe: -0.161 | Calmar: -0.426 | PF: 0.575 | Darījumi: 15 | Win%: 53.3%

────────────────────────────────────────────────────────────  3. Tikai slipāža              
  Bilance: $657.63 | Ienesīgums: -34.24% | MaxDD: 53.86% | Sharpe: -0.496 | Calmar: -0.636 | PF: 0.371 | Darījumi: 15 | Win%: 26.7%

────────────────────────────────────────────────────────────  4. Bez izmaksām               
  Bilance: $804.00 | Ienesīgums: -19.60% | MaxDD: 48.24% | Sharpe: -0.148 | Calmar: -0.406 | PF: 0.586 | Darījumi: 15 | Win%: 53.3%


======================================================================
12. SOLIS: Rezultāti
======================================================================

  Metrika                     1. Komisija + slipāža            2. Tikai komisija                3. Tikai slipāža                4. Bez izmaksām               
  ──────────────────────────────────────────────────────────────────────────────────────────────────────────────────────────────────────────────────────────────
  Galīgā bilance                                     $649.62                         $794.27                         $657.63                         $804.00
  Ienesīgums                                         -35.04%                         -20.57%                         -34.24%                         -19.60%
  Maks. kritums                                       54.39%                          48.24%                          53.86%                          48.24%
  Sharpe (pēc darījumiem)                             -0.510                          -0.161                          -0.496                          -0.148
  Calmar koeficients                                  -0.644                          -0.426                          -0.636                          -0.406
  Peļņas faktors                                       0.365                           0.575                           0.371                           0.586
  Vid. PnL / solis ($)                             -0.002816                       -0.001825                       -0.002779                       -0.001778
  Darījumi                                                15                              15                              15                              15
  Uzvaru īpatsvars                                     26.7%                           53.3%                           26.7%                           53.3%
  Vid. darījuma P&L                                  -1.466%                         -0.467%                         -1.426%                         -0.427%
  Vid. ilgums (h)                                      451.9                           451.9                           451.9                           451.9
  Vid. slip (ieeja+izeja)                            0.6677%                               —                         0.6677%                               —
  Vid. komisija                                      0.0800%                         0.0800%                               —                               —

  Zudumi no komisijām        : +0.97%
  Zudumi no slipāžas        : +14.64%
  Kopējie zudumi             : +15.44%

  Signāli (variants 1):
    HOLD  :  109,727  (99.5%)
    LONG  :      323  (0.3%)
    SHORT :      183  (0.2%)
    CLOSE :       12  (0.0%)

  Darījumi: LONG=4  SHORT=11

  ──────────────────────────────────────────────────────────
  TOP 5 IENESĪGĀKIE
  1. LONG  | 2026-02-06 08:15 → 2026-05-10 15:55 | 2239h 40m | P&L: +127.68$ (+24.463%) | slip: 0.277%/0.041%
  2. SHORT | 2025-08-01 04:05 → 2025-10-10 21:30 | 1697h 25m | P&L: +27.87$ (+2.789%) | slip: 0.036%/1.692%
  3. LONG  | 2025-10-10 21:30 → 2025-10-11 04:00 | 6h 30m | P&L: +16.05$ (+1.591%) | slip: 1.720%/0.092%
  4. LONG  | 2026-02-06 03:25 → 2026-02-06 06:20 | 2h 55m | P&L: +6.55$ (+1.208%) | slip: 0.232%/0.200%
  5. SHORT | 2026-02-06 06:35 → 2026-02-06 06:45 | 0h 10m | P&L: -2.12$ (-0.392%) | slip: 0.247%/0.296%

  ──────────────────────────────────────────────────────────
  TOP 5 ZAUDĪGĀKIE
  1. LONG  | 2025-10-11 05:20 → 2026-02-06 02:10 | 2828h 50m | P&L: -434.00$ (-42.641%) | slip: 0.094%/0.351%
  2. SHORT | 2026-02-06 02:25 → 2026-02-06 02:35 | 0h 10m | P&L: -9.23$ (-1.611%) | slip: 0.242%/0.311%
  3. SHORT | 2026-02-06 02:40 → 2026-02-06 02:45 | 0h 5m | P&L: -7.74$ (-1.378%) | slip: 0.279%/0.427%
  4. SHORT | 2026-02-06 07:05 → 2026-02-06 08:15 | 1h 10m | P&L: -7.16$ (-1.349%) | slip: 0.328%/0.274%
  5. SHORT | 2026-02-06 02:15 → 2026-02-06 02:20 | 0h 5m | P&L: -6.99$ (-1.203%) | slip: 0.343%/0.465%

  ✓ Darījumu žurnāls: backtest_Realistic Mode, OP - 0.004 (Conservative)_BTC_trades.csv

──────────────────────────────────────────────────────────────────────
  ✓ Rezultāts pievienots: experiments.csv

======================================================================
GATAVS - versija Realistic Mode, OP - 0.004 (Conservative)  |  simbols: BTC  |  eksperiments: OP - 0.004 (Conservative)
======================================================================
