Žurnāls: ppo_trader_Realistic Mode, OP - 0.004 (Conservative)_DOGE.log

Ierīce: cpu  |  AMP: False
Eksperiments: OP - 0.004 (Conservative)

============================================================
1. SOLIS: Datu ielāde
============================================================
Visa datu kopa : 719,235 sveces  |  2019-07-09 17:00:00 → 2026-05-13 04:55:00
Izmantojam     : 308,244 sveces  |  2023-06-07 22:00:00 → 2026-05-13 04:55:00
Apmācība (~2g) : 0..205,496  (2023-06-07 22:00:00 → 2025-05-21 10:35:00)
Tests  (~1g)   : 205,496..308,244  (2025-05-21 10:40:00 → 2026-05-13 04:55:00)
Pazīmes (tirgus): 32
N_STATE_FEATURES=34

Slipāžas rindu priekšaprēķins...

============================================================
7. SOLIS: Modelis
============================================================
Parametri: 62,853  |  INPUT_DIM=34
Arhitektūra: D_MODEL=64, N_HEADS=2, N_LAYERS=1, SEQ_LEN=32

============================================================
10. SOLIS: Apmācība (PPO)
============================================================
Kopējie soļi: 75,000  |  N_ENVS: 4  |  ROLLOUT_STEPS: 128
Bufera izmērs vienam atjauninājumam: 512 pārejas
PPO epohi: 2  |  Mini-pakete: 128
Labvēlības periods: 12 sveces  |  Atvēršanas sods: 0.004  |  Min darījums: 72 sveces  |  Īsa darījuma sods: 0.004
Kontrolpunkti: checkpoints_Realistic Mode, OP - 0.004 (Conservative)_DOGE/  (ik pēc 29 atjauninājumiem)

────────────────────────────────────────────────────────────────────────────────
     Solis   Upd  Rew(avg10)       pi       v    ent   clip%      ev        lr  Darbības(H/L/S/C)
────────────────────────────────────────────────────────────────────────────────
       512     1    -0.00365  -0.0004  0.0451  1.300?    0.0%  -0.770  3.00e-04  25.0%/28.5%/26.8%/19.7%
     1,024     2    -0.00348  -0.0003  0.0237  1.305?    0.0%  -0.295  3.00e-04  30.9%/24.8%/26.4%/18.0%
     1,536     3    -0.00340  -0.0006  0.0174  1.291?    0.0%  -0.200  3.00e-04  30.5%/25.0%/25.4%/19.1%
     2,048     4    -0.00340  -0.0008  0.0153  1.304?    0.0%  +0.567  2.99e-04  30.1%/29.3%/22.9%/17.8%
     2,560     5    -0.00341  -0.0010  0.0149  1.296?    0.0%  +0.286  2.99e-04  31.1%/25.2%/26.0%/17.8%
     3,072     6    -0.00344  -0.0006  0.0122  1.309→    0.0%  +0.104  2.99e-04  23.8%/26.4%/31.1%/18.8%
     3,584     7    -0.00344  -0.0001  0.0105  1.301↑    0.0%  +0.251  2.98e-04  28.3%/26.4%/26.8%/18.6%
     4,096     8    -0.00344  +0.0001  0.0100  1.310→    0.0%  -0.243  2.98e-04  29.9%/22.9%/29.3%/18.0%
     4,608     9    -0.00346  -0.0007  0.0068  1.305↑    0.0%  +0.225  2.97e-04  29.7%/26.8%/25.0%/18.6%
     5,120    10    -0.00353  -0.0005  0.0076  1.303→    0.0%  +0.241  2.97e-04  29.9%/27.0%/26.2%/17.0%
     5,632    11    -0.00358  -0.0006  0.0067  1.309→    0.0%  +0.469  2.96e-04  26.6%/28.1%/26.4%/18.9%
     6,144    12    -0.00357  -0.0012  0.0066  1.309↑    0.0%  -0.024  2.95e-04  33.0%/28.5%/24.0%/14.5%
     6,656    13    -0.00361  -0.0003  0.0073  1.315↑    0.0%  -0.350  2.94e-04  26.2%/27.1%/28.9%/17.8%
     7,168    14    -0.00365  -0.0005  0.0050  1.307↑    0.0%  -0.268  2.93e-04  28.5%/25.0%/28.7%/17.8%
     7,680    15    -0.00391  -0.0005  0.0099  1.302↑    0.0%  -0.351  2.92e-04  28.5%/24.2%/29.3%/18.0%
     8,192    16    -0.00395  -0.0007  0.0053  1.297↑    0.0%  +0.175  2.91e-04  31.6%/25.4%/24.8%/18.2%
     8,704    17    -0.00404  -0.0006  0.0056  1.295→    0.0%  -0.335  2.90e-04  31.1%/25.8%/24.8%/18.4%
     9,216    18    -0.00409  -0.0004  0.0037  1.299→    0.0%  -1.392  2.89e-04  29.5%/29.7%/22.7%/18.2%
     9,728    19    -0.00409  -0.0007  0.0035  1.304→    0.0%  -0.368  2.88e-04  28.1%/25.6%/29.3%/17.0%
    10,240    20    -0.00401  -0.0002  0.0026  1.303→    0.0%  -1.127  2.86e-04  28.3%/26.0%/28.3%/17.4%
    10,752    21    -0.00396  -0.0009  0.0030  1.303→    0.0%  -1.143  2.85e-04  29.9%/25.0%/28.3%/16.8%
    11,264    22    -0.00401  -0.0009  0.0026  1.299→    0.0%  -0.915  2.84e-04  28.3%/27.9%/24.8%/18.9%
    11,776    23    -0.00399  -0.0005  0.0027  1.287→    0.0%  -1.664  2.82e-04  32.4%/23.0%/26.6%/18.0%
    12,288    24    -0.00401  -0.0004  0.0027  1.311→    0.0%  -2.129  2.81e-04  30.5%/27.0%/25.6%/17.0%
    12,800    25    -0.00387  -0.0004  0.0035  1.292→    0.0%  -0.430  2.79e-04  30.3%/26.0%/24.2%/19.5%
    13,312    26    -0.00388  -0.0011  0.0031  1.309→    0.0%  +0.055  2.77e-04  27.9%/26.0%/30.1%/16.0%
    13,824    27    -0.00392  -0.0013  0.0038  1.308→    0.0%  -1.264  2.75e-04  30.5%/26.2%/27.3%/16.0%
    14,336    28    -0.00388  +0.0000  0.0030  1.293→    0.0%  -0.789  2.74e-04  34.8%/20.9%/28.1%/16.2%
    14,848    29    -0.00411  -0.0009  0.0062  1.299→    0.0%  +0.160  2.72e-04  27.7%/27.5%/26.2%/18.6%
  ✓ Kontrolpunkts: checkpoints_Realistic Mode, OP - 0.004 (Conservative)_DOGE\ckpt_step0014848.pth  [20% apmācības]
    15,360    30    -0.00419  +0.0001  0.0033  1.296→    0.0%  -0.717  2.70e-04  29.7%/22.9%/29.5%/18.0%
    15,872    31    -0.00432  -0.0021  0.0043  1.287→    0.0%  +0.072  2.68e-04  33.8%/21.5%/27.7%/17.0%
    16,384    32    -0.00446  -0.0004  0.0032  1.289↓    0.0%  +0.520  2.66e-04  33.2%/21.1%/26.8%/18.9%
    16,896    33    -0.00454  -0.0005  0.0037  1.290↓    0.0%  +0.636  2.64e-04  36.1%/24.8%/24.0%/15.0%
    17,408    34    -0.00459  +0.0007  0.0039  1.304→    0.0%  +0.624  2.62e-04  30.5%/27.3%/25.6%/16.6%
    17,920    35    -0.00499  -0.0012  0.0295  1.290↓    0.0%  +0.382  2.60e-04  31.8%/23.4%/29.1%/15.6%
    18,432    36    -0.00519  -0.0015  0.0118  1.295↓    0.0%  +0.745  2.57e-04  30.9%/25.6%/26.4%/17.2%
    18,944    37    -0.00526  -0.0007  0.0066  1.291↓    0.0%  +0.892  2.55e-04  31.1%/23.8%/27.7%/17.4%
    19,456    38    -0.00532  -0.0017  0.0042  1.299↓    0.0%  +0.680  2.53e-04  31.1%/28.9%/22.3%/17.8%
    19,968    39    -0.00512  -0.0012  0.0062  1.294↓    0.0%  +0.573  2.50e-04  34.2%/22.1%/28.9%/14.8%
    20,480    40    -0.00533  -0.0002  0.0064  1.287↓    0.0%  +0.763  2.48e-04  29.9%/27.9%/25.4%/16.8%
    20,992    41    -0.00528  +0.0011  0.0051  1.298↓    0.0%  +0.758  2.45e-04  30.1%/23.6%/29.1%/17.2%
    21,504    42    -0.00507  -0.0006  0.0054  1.298↓    0.0%  +0.735  2.43e-04  35.4%/25.2%/26.2%/13.3%
    22,016    43    -0.00505  +0.0001  0.0039  1.291↓    0.0%  +0.472  2.40e-04  35.7%/22.3%/26.4%/15.6%
    22,528    44    -0.00495  -0.0009  0.0041  1.288↓    0.0%  +0.713  2.38e-04  35.9%/25.6%/23.6%/14.8%
    23,040    45    -0.00441  -0.0030  0.0042  1.284↓    0.0%  +0.536  2.35e-04  31.4%/27.1%/24.6%/16.8%
    23,552    46    -0.00421  -0.0018  0.0030  1.293↓    0.0%  +0.854  2.33e-04  32.2%/21.1%/32.2%/14.5%
    24,064    47    -0.00401  -0.0010  0.0028  1.276↓    0.0%  +0.634  2.30e-04  34.4%/24.8%/25.2%/15.6%
    24,576    48    -0.00402  -0.0009  0.0039  1.272↓    0.0%  +0.770  2.27e-04  34.0%/23.4%/25.4%/17.2%
    25,088    49    -0.00419  -0.0010  0.0063  1.263↓    0.0%  +0.558  2.24e-04  37.3%/20.9%/26.8%/15.0%
    25,600    50    -0.00392  -0.0014  0.0030  1.283↓    0.0%  +0.894  2.22e-04  31.2%/21.1%/29.9%/17.8%
    26,112    51    -0.00381  -0.0015  0.0041  1.269↓    0.0%  +0.706  2.19e-04  37.7%/20.5%/27.9%/13.9%
    26,624    52    -0.00383  -0.0019  0.0022  1.286↓    0.0%  +0.834  2.16e-04  36.3%/25.8%/24.0%/13.9%
    27,136    53    -0.00374  -0.0008  0.0036  1.280↓    0.0%  -0.023  2.13e-04  36.9%/20.7%/28.5%/13.9%
    27,648    54    -0.00379  -0.0018  0.0047  1.267↓    0.0%  +0.513  2.10e-04  31.4%/24.6%/26.8%/17.2%
    28,160    55    -0.00392  -0.0053  0.0043  1.270↓    0.2%  +0.497  2.07e-04  35.4%/23.4%/26.4%/14.8%
    28,672    56    -0.00391  +0.0008  0.0037  1.253↓    0.0%  +0.493  2.04e-04  34.8%/22.9%/25.4%/17.0%
    29,184    57    -0.00391  -0.0002  0.0028  1.250↓    0.0%  +0.368  2.01e-04  37.9%/22.1%/25.0%/15.0%
    29,696    58    -0.00389  -0.0015  0.0032  1.230↓    0.0%  +0.342  1.98e-04  38.1%/17.4%/27.7%/16.8%
  ✓ Kontrolpunkts: checkpoints_Realistic Mode, OP - 0.004 (Conservative)_DOGE\ckpt_step0029696.pth  [40% apmācības]
    30,208    59    -0.00367  -0.0015  0.0024  1.263↓    0.0%  +0.189  1.95e-04  34.4%/21.7%/27.9%/16.0%
    30,720    60    -0.00363  -0.0022  0.0016  1.218↓    0.0%  -0.570  1.92e-04  37.9%/17.8%/28.7%/15.6%
    31,232    61    -0.00360  -0.0026  0.0020  1.226↓    0.0%  -0.049  1.89e-04  42.8%/14.3%/30.1%/12.9%
    31,744    62    -0.00352  -0.0005  0.0018  1.215↓    0.0%  -1.136  1.86e-04  42.8%/13.9%/30.5%/12.9%
    32,256    63    -0.00352  +0.0003  0.0020  1.254↓    0.1%  +0.001  1.82e-04  40.2%/17.4%/29.9%/12.5%
    32,768    64    -0.00341  -0.0014  0.0017  1.207↓    0.0%  +0.127  1.79e-04  42.8%/16.2%/27.3%/13.7%
    33,280    65    -0.00332  -0.0035  0.0030  1.229↓    0.0%  -0.309  1.76e-04  44.1%/15.4%/29.7%/10.7%
    33,792    66    -0.00329  -0.0008  0.0031  1.223↓    0.1%  +0.167  1.73e-04  39.3%/17.0%/31.4%/12.3%
    34,304    67    -0.00330  +0.0006  0.0026  1.226↓    0.0%  -0.003  1.70e-04  40.4%/17.6%/27.3%/14.6%
    34,816    68    -0.00325  +0.0007  0.0032  1.233↓    0.2%  -0.002  1.67e-04  37.1%/17.6%/31.1%/14.3%
    35,328    69    -0.00326  -0.0006  0.0021  1.219↓    0.1%  +0.394  1.63e-04  43.9%/15.6%/29.9%/10.5%
    35,840    70    -0.00319  +0.0001  0.0050  1.228↓    0.2%  -0.022  1.60e-04  39.1%/16.6%/29.7%/14.6%
    36,352    71    -0.00310  +0.0007  0.0021  1.221↓    0.4%  +0.316  1.57e-04  41.8%/22.5%/25.0%/10.7%
    36,864    72    -0.00315  -0.0042  0.0019  1.226↓    0.1%  -0.033  1.54e-04  35.0%/20.7%/30.1%/14.3%
    37,376    73    -0.00305  +0.0017  0.0029  1.201↓    0.0%  +0.515  1.50e-04  45.1%/13.7%/30.1%/11.1%
    37,888    74    -0.00306  -0.0018  0.0018  1.225↓    0.0%  +0.364  1.47e-04  37.7%/24.4%/22.9%/15.0%
    38,400    75    -0.00295  -0.0005  0.0016  1.209↓    0.0%  +0.185  1.44e-04  42.2%/15.6%/31.6%/10.5%
    38,912    76    -0.00283  -0.0007  0.0016  1.203↓    0.2%  -2.357  1.41e-04  41.2%/20.5%/25.4%/12.9%
    39,424    77    -0.00268  -0.0011  0.0017  1.200↓    0.0%  -0.512  1.38e-04  43.0%/17.2%/28.5%/11.3%
    39,936    78    -0.00253  -0.0004  0.0023  1.199↓    0.0%  -0.293  1.34e-04  39.3%/18.2%/30.5%/12.1%
    40,448    79    -0.00242  -0.0040  0.0023  1.229↓    0.3%  -1.209  1.31e-04  34.2%/25.0%/27.3%/13.5%
    40,960    80    -0.00239  -0.0008  0.0018  1.196↓    0.1%  +0.048  1.28e-04  37.7%/20.9%/27.9%/13.5%
    41,472    81    -0.00251  -0.0016  0.0018  1.213↓    0.1%  +0.412  1.25e-04  37.9%/21.9%/25.4%/14.8%
    41,984    82    -0.00239  +0.0029  0.0023  1.199↓    0.3%  +0.089  1.22e-04  44.1%/13.1%/31.6%/11.1%
    42,496    83    -0.00248  -0.0026  0.0018  1.221↓    0.0%  +0.430  1.19e-04  40.4%/17.8%/28.9%/12.9%
    43,008    84    -0.00244  -0.0019  0.0015  1.208↓    0.2%  +0.589  1.15e-04  34.2%/24.0%/28.7%/13.1%
    43,520    85    -0.00251  +0.0008  0.0017  1.196↓    0.1%  +0.632  1.12e-04  39.3%/22.3%/26.4%/12.1%
    44,032    86    -0.00254  -0.0037  0.0018  1.197↓    0.2%  +0.364  1.09e-04  41.2%/17.2%/26.4%/15.2%
    44,544    87    -0.00256  +0.0011  0.0013  1.190↓    0.1%  +0.571  1.06e-04  39.8%/16.6%/31.8%/11.7%
  ✓ Kontrolpunkts: checkpoints_Realistic Mode, OP - 0.004 (Conservative)_DOGE\ckpt_step0044544.pth  [59% apmācības]
    45,056    88    -0.00260  +0.0003  0.0016  1.210↓    0.2%  +0.412  1.03e-04  39.6%/20.7%/27.5%/12.1%
    45,568    89    -0.00264  -0.0010  0.0024  1.178↓    0.1%  +0.397  1.00e-04  42.4%/16.2%/29.5%/11.9%
    46,080    90    -0.00266  +0.0009  0.0017  1.189↓    0.1%  +0.550  9.70e-05  42.2%/17.2%/27.9%/12.7%
    46,592    91    -0.00258  +0.0005  0.0012  1.179↓    0.3%  +0.577  9.40e-05  45.9%/11.9%/31.6%/10.5%
    47,104    92    -0.00261  +0.0002  0.0013  1.178↓    0.0%  +0.557  9.11e-05  43.8%/16.8%/29.3%/10.2%
    47,616    93    -0.00251  -0.0020  0.0020  1.163↓    0.0%  +0.531  8.81e-05  40.0%/10.7%/38.1%/11.1%
    48,128    94    -0.00243  -0.0002  0.0018  1.168↓    0.1%  +0.455  8.52e-05  44.3%/14.8%/30.5%/10.4%
    48,640    95    -0.00231  -0.0011  0.0020  1.173↓    0.2%  +0.630  8.23e-05  42.4%/17.2%/29.5%/10.9%
    49,152    96    -0.00227  +0.0022  0.0015  1.180↓    0.4%  +0.514  7.95e-05  42.0%/16.8%/30.5%/10.7%
    49,664    97    -0.00230  +0.0019  0.0027  1.174↓    0.2%  +0.677  7.67e-05  43.6%/17.8%/27.0%/11.7%
    50,176    98    -0.00241  -0.0003  0.0034  1.178↓    0.1%  +0.678  7.39e-05  40.6%/21.9%/25.0%/12.5%
    50,688    99    -0.00251  +0.0000  0.0022  1.185↓    0.1%  +0.816  7.12e-05  33.4%/23.0%/30.9%/12.7%
    51,200   100    -0.00257  -0.0004  0.0044  1.193↓    0.1%  +0.769  6.84e-05  37.3%/18.8%/32.4%/11.5%
    51,712   101    -0.00256  +0.0007  0.0020  1.173↓    0.3%  +0.813  6.58e-05  43.0%/14.8%/29.9%/12.3%
    52,224   102    -0.00265  +0.0002  0.0031  1.177↓    0.0%  +0.520  6.31e-05  37.7%/22.1%/29.3%/10.9%
    52,736   103    -0.00277  +0.0013  0.0027  1.215↓    0.4%  +0.684  6.06e-05  36.9%/27.7%/24.4%/10.9%
    53,248   104    -0.00270  -0.0003  0.0027  1.167↓    0.1%  +0.446  5.80e-05  41.2%/16.2%/30.1%/12.5%
    53,760   105    -0.00273  -0.0003  0.0040  1.187↓    0.2%  +0.431  5.55e-05  42.6%/15.8%/32.6%/ 9.0%
    54,272   106    -0.00268  +0.0019  0.0015  1.187↓    0.0%  +0.779  5.30e-05  41.2%/19.7%/29.1%/10.0%
    54,784   107    -0.00268  +0.0006  0.0023  1.170↓    0.1%  +0.686  5.06e-05  42.8%/19.7%/26.0%/11.5%
    55,296   108    -0.00263  -0.0007  0.0041  1.190↓    0.1%  +0.721  4.83e-05  35.2%/20.7%/31.4%/12.7%
    55,808   109    -0.00267  +0.0005  0.0047  1.171↓    0.3%  +0.755  4.59e-05  39.1%/16.2%/32.8%/11.9%
    56,320   110    -0.00273  -0.0012  0.0036  1.196↓    0.1%  +0.801  4.37e-05  42.2%/19.7%/24.8%/13.3%
    56,832   111    -0.00278  -0.0019  0.0031  1.182↓    0.1%  +0.753  4.14e-05  38.1%/24.4%/23.4%/14.1%
    57,344   112    -0.00282  +0.0011  0.0033  1.197↓    0.2%  +0.801  3.93e-05  36.7%/21.3%/28.9%/13.1%
    57,856   113    -0.00270  -0.0008  0.0019  1.159↓    0.1%  +0.755  3.71e-05  42.8%/17.0%/28.7%/11.5%
    58,368   114    -0.00273  -0.0003  0.0019  1.188↓    0.2%  +0.804  3.51e-05  39.3%/20.1%/28.9%/11.7%
    58,880   115    -0.00274  -0.0018  0.0025  1.186↓    0.5%  +0.467  3.30e-05  41.0%/20.9%/28.3%/ 9.8%
    59,392   116    -0.00294  -0.0002  0.0052  1.167↓    0.2%  +0.695  3.11e-05  44.1%/15.2%/32.8%/ 7.8%
  ✓ Kontrolpunkts: checkpoints_Realistic Mode, OP - 0.004 (Conservative)_DOGE\ckpt_step0059392.pth  [79% apmācības]
    59,904   117    -0.00290  +0.0009  0.0025  1.166↓    0.1%  +0.712  2.92e-05  38.5%/16.6%/33.8%/11.1%
    60,416   118    -0.00293  -0.0002  0.0018  1.151↓    0.4%  +0.753  2.73e-05  38.1%/18.0%/30.9%/13.1%
    60,928   119    -0.00266  +0.0023  0.0023  1.181↓    0.1%  +0.519  2.55e-05  39.1%/22.3%/26.8%/11.9%
    61,440   120    -0.00248  -0.0000  0.0018  1.164↓    0.3%  +0.581  2.38e-05  38.1%/17.6%/35.2%/ 9.2%
    61,952   121    -0.00261  -0.0009  0.0056  1.165↓    0.1%  -0.042  2.21e-05  40.0%/13.3%/34.4%/12.3%
    62,464   122    -0.00262  -0.0014  0.0055  1.193↓    0.1%  +0.134  2.05e-05  37.3%/19.5%/35.2%/ 8.0%
    62,976   123    -0.00272  +0.0017  0.0055  1.185↓    0.0%  +0.073  1.89e-05  40.2%/18.6%/27.7%/13.5%
    63,488   124    -0.00292  -0.0011  0.0031  1.178↓    0.5%  +0.251  1.74e-05  39.1%/20.1%/28.9%/11.9%
    64,000   125    -0.00289  -0.0032  0.0020  1.157↓    0.1%  +0.027  1.60e-05  36.7%/15.8%/34.6%/12.9%
    64,512   126    -0.00273  -0.0019  0.0017  1.179↓    0.1%  -0.029  1.46e-05  40.0%/18.9%/29.1%/11.9%
    65,024   127    -0.00271  -0.0013  0.0019  1.155↓    0.0%  +0.061  1.33e-05  43.6%/10.0%/36.3%/10.2%
    65,536   128    -0.00254  +0.0003  0.0012  1.167↓    0.4%  +0.125  1.21e-05  43.9%/15.0%/29.1%/11.9%
    66,048   129    -0.00270  +0.0005  0.0073  1.163↓    0.1%  +0.429  1.09e-05  43.6%/11.7%/35.5%/ 9.2%
    66,560   130    -0.00279  -0.0013  0.0026  1.198↓    0.0%  +0.449  9.77e-06  42.4%/19.7%/26.8%/11.1%
    67,072   131    -0.00259  +0.0000  0.0033  1.183↓    0.4%  +0.559  8.72e-06  39.8%/17.6%/32.0%/10.5%
    67,584   132    -0.00252  +0.0030  0.0020  1.189↓    0.3%  +0.646  7.73e-06  39.6%/20.1%/28.7%/11.5%
    68,096   133    -0.00246  -0.0005  0.0023  1.166↓    0.1%  +0.510  6.81e-06  38.5%/16.4%/32.8%/12.3%
    68,608   134    -0.00227  +0.0020  0.0030  1.178↓    0.2%  +0.655  5.96e-06  40.4%/18.9%/28.1%/12.5%
    69,120   135    -0.00241  -0.0016  0.0030  1.205↓    0.2%  +0.751  5.17e-06  36.7%/22.7%/28.3%/12.3%
    69,632   136    -0.00243  +0.0009  0.0021  1.160↓    0.2%  +0.717  4.45e-06  40.8%/13.9%/34.6%/10.7%
    70,144   137    -0.00269  +0.0017  0.0061  1.197↓    0.1%  +0.603  3.79e-06  40.2%/19.9%/28.5%/11.3%
    70,656   138    -0.00283  +0.0016  0.0030  1.190↓    0.0%  -0.372  3.21e-06  36.9%/20.1%/32.2%/10.7%
    71,168   139    -0.00279  -0.0005  0.0048  1.175↓    0.2%  +0.182  2.69e-06  36.1%/23.2%/25.0%/15.6%
    71,680   140    -0.00273  +0.0026  0.0028  1.196↓    0.5%  +0.414  2.24e-06  38.7%/18.2%/33.2%/10.0%
    72,192   141    -0.00315  +0.0000  0.0100  1.213↓    0.2%  +0.544  1.86e-06  32.6%/29.7%/23.6%/14.1%
    72,704   142    -0.00327  -0.0000  0.0021  1.216↓    0.2%  +0.724  1.55e-06  32.0%/30.3%/24.8%/12.9%
    73,216   143    -0.00341  +0.0024  0.0029  1.190↓    0.1%  +0.785  1.31e-06  31.8%/27.5%/25.8%/14.8%
    73,728   144    -0.00353  -0.0021  0.0047  1.195↓    0.1%  +0.637  1.14e-06  34.4%/21.5%/31.6%/12.5%
    74,240   145    -0.00334  -0.0011  0.0035  1.195↓    0.1%  +0.659  1.03e-06  38.9%/17.2%/34.2%/ 9.8%
  ✓ Kontrolpunkts: checkpoints_Realistic Mode, OP - 0.004 (Conservative)_DOGE\ckpt_step0074240.pth  [99% apmācības]
    74,752   146    -0.00317  +0.0005  0.0058  1.193↓    0.6%  +0.479  1.00e-06  35.5%/27.5%/24.8%/12.1%
    75,264   147    -0.00312  +0.0002  0.0046  1.196↓    0.1%  +0.440  1.03e-06  37.9%/21.5%/29.3%/11.3%
  ✓ Kontrolpunkts: checkpoints_Realistic Mode, OP - 0.004 (Conservative)_DOGE\ckpt_step0075264.pth  [100% apmācības]

────────────────────────────────────────────────────────────────────────────────
  Vidējais ātrums: 586 soļi/sek
  Vidējā atlīdzība (pēdējie 10 atjauninājumi): -0.00312
  Galīgā entropija: 1.196  (sākums: 1.300)
────────────────────────────────────────────────────────────────────────────────

✓ Galīgais modelis saglabāts: ppo_trader_Realistic Mode, OP - 0.004 (Conservative)_DOGE.pth

============================================================
11. SOLIS: Bektests (4 varianti)
============================================================

────────────────────────────────────────────────────────────  1. Komisija + slipāža          
  Bilance: $512.01 | Ienesīgums: -48.80% | MaxDD: 78.71% | Sharpe: 0.173 | Calmar: -0.620 | PF: 0.897 | Darījumi: 75 | Win%: 38.7%

────────────────────────────────────────────────────────────  2. Tikai komisija              
  Bilance: $2,031.68 | Ienesīgums: +103.17% | MaxDD: 68.70% | Sharpe: 1.315 | Calmar: 1.502 | PF: 1.401 | Darījumi: 75 | Win%: 50.7%

────────────────────────────────────────────────────────────  3. Tikai slipāža              
  Bilance: $543.90 | Ienesīgums: -45.61% | MaxDD: 78.23% | Sharpe: 0.208 | Calmar: -0.583 | PF: 0.906 | Darījumi: 75 | Win%: 40.0%

────────────────────────────────────────────────────────────  4. Bez izmaksām               
  Bilance: $2,157.10 | Ienesīgums: +115.71% | MaxDD: 68.01% | Sharpe: 1.348 | Calmar: 1.701 | PF: 1.423 | Darījumi: 75 | Win%: 50.7%


======================================================================
12. SOLIS: Rezultāti
======================================================================

  Metrika                     1. Komisija + slipāža            2. Tikai komisija                3. Tikai slipāža                4. Bez izmaksām               
  ──────────────────────────────────────────────────────────────────────────────────────────────────────────────────────────────────────────────────────────────
  Galīgā bilance                                     $512.01                       $2,031.68                         $543.90                       $2,157.10
  Ienesīgums                                         -48.80%                        +103.17%                         -45.61%                        +115.71%
  Maks. kritums                                       78.71%                          68.70%                          78.23%                          68.01%
  Sharpe (pēc darījumiem)                              0.173                           1.315                           0.208                           1.348
  Calmar koeficients                                  -0.620                           1.502                          -0.583                           1.701
  Peļņas faktors                                       0.897                           1.401                           0.906                           1.423
  Vid. PnL / solis ($)                             -0.002028                        0.010464                       -0.001876                        0.011262
  Darījumi                                                75                              75                              75                              75
  Uzvaru īpatsvars                                     38.7%                           50.7%                           40.0%                           50.7%
  Vid. darījuma P&L                                  +0.199%                         +1.583%                         +0.239%                         +1.623%
  Vid. ilgums (h)                                      113.5                           113.5                           113.5                           113.5
  Vid. slip (ieeja+izeja)                            0.9555%                               —                         0.9556%                               —
  Vid. komisija                                      0.0800%                         0.0800%                               —                               —

  Zudumi no komisijām        : +12.54%
  Zudumi no slipāžas        : +161.32%
  Kopējie zudumi             : +164.51%

  Signāli (variants 1):
    HOLD  :   85,427  (83.1%)
    LONG  :    5,453  (5.3%)
    SHORT :   11,841  (11.5%)
    CLOSE :       25  (0.0%)

  Darījumi: LONG=46  SHORT=29

  ──────────────────────────────────────────────────────────
  TOP 5 IENESĪGĀKIE
  1. SHORT | 2025-05-23 11:55 → 2025-06-05 21:10 | 321h 15m | P&L: +277.94$ (+27.455%) | slip: 0.125%/0.408%
  2. SHORT | 2025-06-09 05:10 → 2025-06-22 22:15 | 329h 5m | P&L: +235.55$ (+17.371%) | slip: 0.054%/0.270%
  3. LONG  | 2025-07-18 15:55 → 2025-07-21 10:15 | 66h 20m | P&L: +131.15$ (+13.140%) | slip: 0.192%/0.206%
  4. SHORT | 2025-09-18 06:20 → 2025-10-10 21:30 | 543h 10m | P&L: +110.67$ (+25.630%) | slip: 0.078%/8.762%
  5. SHORT | 2025-11-19 05:40 → 2026-01-21 17:10 | 1523h 30m | P&L: +106.25$ (+21.494%) | slip: 0.076%/0.437%

  ──────────────────────────────────────────────────────────
  TOP 5 ZAUDĪGĀKIE
  1. SHORT | 2025-06-26 13:40 → 2025-07-16 21:30 | 487h 50m | P&L: -642.82$ (-39.436%) | slip: 0.072%/0.642%
  2. SHORT | 2025-08-25 20:40 → 2025-09-13 17:25 | 452h 45m | P&L: -272.49$ (-39.057%) | slip: 0.263%/0.237%
  3. SHORT | 2025-08-02 06:25 → 2025-08-14 13:15 | 294h 50m | P&L: -176.39$ (-15.860%) | slip: 0.071%/0.545%
  4. LONG  | 2025-08-24 20:50 → 2025-08-25 20:40 | 23h 50m | P&L: -93.79$ (-11.819%) | slip: 0.232%/0.368%
  5. LONG  | 2026-02-05 17:30 → 2026-02-06 00:15 | 6h 45m | P&L: -93.52$ (-14.447%) | slip: 0.562%/0.922%

  ✓ Darījumu žurnāls: backtest_Realistic Mode, OP - 0.004 (Conservative)_DOGE_trades.csv

──────────────────────────────────────────────────────────────────────
  ✓ Rezultāts pievienots: experiments.csv

======================================================================
GATAVS - versija Realistic Mode, OP - 0.004 (Conservative)  |  simbols: DOGE  |  eksperiments: OP - 0.004 (Conservative)
======================================================================
