Žurnāls: ppo_trader_Realistic Mode, OP - 0.004 (Conservative)_SOL.log

Ierīce: cpu  |  AMP: False
Eksperiments: OP - 0.004 (Conservative)

============================================================
1. SOLIS: Datu ielāde
============================================================
Visa datu kopa : 563,641 sveces  |  2020-08-15 11:00:00 → 2025-12-25 13:20:00
Izmantojam     : 241,561 sveces  |  2023-09-08 19:20:00 → 2025-12-25 13:20:00
Apmācība (~2g) : 0..161,040  (2023-09-08 19:20:00 → 2025-03-20 23:15:00)
Tests  (~1g)   : 161,040..241,561  (2025-03-20 23:20:00 → 2025-12-25 13:20:00)
Pazīmes (tirgus): 32
N_STATE_FEATURES=34

Slipāžas rindu priekšaprēķins...

============================================================
7. SOLIS: Modelis
============================================================
Parametri: 62,853  |  INPUT_DIM=34
Arhitektūra: D_MODEL=64, N_HEADS=2, N_LAYERS=1, SEQ_LEN=32

============================================================
10. SOLIS: Apmācība (PPO)
============================================================
Kopējie soļi: 75,000  |  N_ENVS: 4  |  ROLLOUT_STEPS: 128
Bufera izmērs vienam atjauninājumam: 512 pārejas
PPO epohi: 2  |  Mini-pakete: 128
Labvēlības periods: 12 sveces  |  Atvēršanas sods: 0.004  |  Min darījums: 72 sveces  |  Īsa darījuma sods: 0.004
Kontrolpunkti: checkpoints_Realistic Mode, OP - 0.004 (Conservative)_SOL/  (ik pēc 29 atjauninājumiem)

────────────────────────────────────────────────────────────────────────────────
     Solis   Upd  Rew(avg10)       pi       v    ent   clip%      ev        lr  Darbības(H/L/S/C)
────────────────────────────────────────────────────────────────────────────────
       512     1    -0.00583  -0.0013  0.0385  1.299?    0.0%  -0.123  3.00e-04  25.2%/28.5%/26.6%/19.7%
     1,024     2    -0.00531  -0.0003  0.0296  1.305?    0.0%  -0.593  3.00e-04  30.7%/25.0%/26.4%/18.0%
     1,536     3    -0.00547  -0.0004  0.0203  1.289?    0.0%  -1.040  3.00e-04  30.7%/24.2%/25.8%/19.3%
     2,048     4    -0.00588  +0.0001  0.0221  1.301?    0.0%  -0.244  2.99e-04  30.5%/29.9%/21.7%/18.0%
     2,560     5    -0.00599  -0.0006  0.0154  1.291?    0.0%  +0.429  2.99e-04  30.9%/24.2%/26.4%/18.6%
     3,072     6    -0.00624  -0.0003  0.0195  1.306→    0.0%  +0.565  2.99e-04  23.8%/26.6%/29.9%/19.7%
     3,584     7    -0.00655  -0.0000  0.0154  1.298→    0.0%  -0.265  2.98e-04  27.7%/27.0%/25.6%/19.7%
     4,096     8    -0.00667  -0.0003  0.0171  1.307→    0.0%  +0.737  2.98e-04  29.5%/23.4%/27.7%/19.3%
     4,608     9    -0.00682  -0.0004  0.0135  1.306→    0.0%  -0.517  2.97e-04  28.7%/26.6%/25.8%/18.9%
     5,120    10    -0.00677  -0.0005  0.0122  1.302→    0.0%  +0.038  2.97e-04  27.1%/27.7%/25.8%/19.3%
     5,632    11    -0.00675  +0.0002  0.0089  1.311→    0.0%  +0.004  2.96e-04  26.0%/27.7%/26.8%/19.5%
     6,144    12    -0.00676  -0.0005  0.0080  1.312↑    0.0%  +0.132  2.95e-04  30.1%/29.3%/24.8%/15.8%
     6,656    13    -0.00670  -0.0002  0.0077  1.315↑    0.0%  -0.381  2.94e-04  25.8%/27.1%/28.5%/18.6%
     7,168    14    -0.00650  -0.0012  0.0068  1.303↑    0.0%  +0.350  2.93e-04  27.9%/24.0%/28.7%/19.3%
     7,680    15    -0.00647  -0.0002  0.0065  1.298↑    0.0%  -0.173  2.92e-04  27.9%/24.4%/28.7%/18.9%
     8,192    16    -0.00616  -0.0005  0.0054  1.286→    0.0%  +0.310  2.91e-04  32.6%/23.8%/24.6%/18.9%
     8,704    17    -0.00580  -0.0010  0.0052  1.297→    0.0%  -0.239  2.90e-04  28.9%/26.2%/25.2%/19.7%
     9,216    18    -0.00552  -0.0013  0.0038  1.297→    0.0%  +0.185  2.89e-04  32.8%/27.5%/21.9%/17.8%
     9,728    19    -0.00514  -0.0009  0.0046  1.304→    0.0%  -0.084  2.88e-04  27.7%/24.2%/30.5%/17.6%
    10,240    20    -0.00498  -0.0017  0.0058  1.299→    0.0%  -0.226  2.86e-04  27.9%/25.2%/28.7%/18.2%
    10,752    21    -0.00487  -0.0005  0.0047  1.288→    0.0%  +0.120  2.85e-04  29.9%/25.2%/26.4%/18.6%
    11,264    22    -0.00507  +0.0002  0.0054  1.288→    0.0%  +0.264  2.84e-04  27.9%/27.3%/23.8%/20.9%
    11,776    23    -0.00506  -0.0015  0.0049  1.282→    0.0%  +0.578  2.82e-04  34.8%/23.0%/23.8%/18.4%
    12,288    24    -0.00518  -0.0000  0.0047  1.301→    0.0%  +0.478  2.81e-04  30.3%/26.0%/25.2%/18.6%
    12,800    25    -0.00514  -0.0004  0.0037  1.273↓    0.0%  +0.680  2.79e-04  35.4%/24.6%/21.3%/18.8%
    13,312    26    -0.00541  -0.0003  0.0051  1.305↓    0.0%  +0.620  2.77e-04  30.9%/26.0%/26.8%/16.4%
    13,824    27    -0.00537  +0.0003  0.0037  1.286↓    0.0%  +0.671  2.75e-04  36.5%/23.2%/24.8%/15.4%
    14,336    28    -0.00523  +0.0002  0.0033  1.285↓    0.0%  +0.350  2.74e-04  34.4%/22.7%/25.4%/17.6%
    14,848    29    -0.00539  -0.0014  0.0062  1.295↓    0.0%  +0.393  2.72e-04  29.9%/25.6%/25.8%/18.8%
  ✓ Kontrolpunkts: checkpoints_Realistic Mode, OP - 0.004 (Conservative)_SOL\ckpt_step0014848.pth  [20% apmācības]
    15,360    30    -0.00539  -0.0015  0.0048  1.291↓    0.0%  +0.751  2.70e-04  30.3%/23.8%/26.6%/19.3%
    15,872    31    -0.00539  -0.0013  0.0075  1.286↓    0.0%  +0.403  2.68e-04  35.4%/21.5%/26.6%/16.6%
    16,384    32    -0.00508  +0.0003  0.0044  1.258↓    0.0%  +0.714  2.66e-04  39.1%/18.6%/23.4%/18.9%
    16,896    33    -0.00491  +0.0005  0.0046  1.286↓    0.0%  +0.467  2.64e-04  34.4%/26.2%/21.7%/17.8%
    17,408    34    -0.00489  -0.0015  0.0082  1.287↓    0.0%  +0.622  2.62e-04  34.2%/26.0%/23.4%/16.4%
    17,920    35    -0.00487  -0.0019  0.0039  1.275↓    0.0%  +0.836  2.60e-04  33.8%/24.4%/24.0%/17.8%
    18,432    36    -0.00469  -0.0012  0.0033  1.261↓    0.0%  +0.572  2.57e-04  36.5%/20.1%/25.2%/18.2%
    18,944    37    -0.00466  -0.0011  0.0034  1.254↓    0.0%  +0.497  2.55e-04  36.1%/22.5%/22.1%/19.3%
    19,456    38    -0.00490  -0.0006  0.0053  1.255↓    0.0%  +0.340  2.53e-04  38.7%/23.4%/19.7%/18.2%
    19,968    39    -0.00473  -0.0012  0.0038  1.225↓    0.0%  +0.769  2.50e-04  43.8%/17.6%/22.7%/16.0%
    20,480    40    -0.00474  +0.0012  0.0054  1.243↓    0.0%  +0.579  2.48e-04  37.3%/21.9%/23.4%/17.4%
    20,992    41    -0.00470  -0.0000  0.0032  1.234↓    0.0%  +0.595  2.45e-04  40.2%/16.6%/25.4%/17.8%
    21,504    42    -0.00472  -0.0015  0.0048  1.255↓    0.0%  +0.289  2.43e-04  41.2%/19.9%/22.3%/16.6%
    22,016    43    -0.00470  -0.0017  0.0032  1.229↓    0.0%  +0.432  2.40e-04  43.0%/15.2%/25.0%/16.8%
    22,528    44    -0.00440  -0.0021  0.0036  1.245↓    0.0%  +0.386  2.38e-04  38.9%/20.7%/21.9%/18.6%
    23,040    45    -0.00414  -0.0040  0.0024  1.208↓    0.0%  +0.106  2.35e-04  41.0%/17.0%/25.8%/16.2%
    23,552    46    -0.00388  -0.0019  0.0022  1.229↓    0.2%  +0.484  2.33e-04  39.8%/14.8%/29.9%/15.4%
    24,064    47    -0.00367  -0.0017  0.0020  1.194↓    0.2%  +0.373  2.30e-04  45.9%/15.0%/24.4%/14.6%
    24,576    48    -0.00331  -0.0033  0.0027  1.146↓    0.0%  +0.486  2.27e-04  51.2%/12.3%/21.7%/14.8%
    25,088    49    -0.00309  +0.0013  0.0021  1.127↓    0.0%  +0.228  2.24e-04  51.6%/10.7%/23.4%/14.3%
    25,600    50    -0.00284  -0.0005  0.0022  1.143↓    0.0%  +0.585  2.22e-04  47.1%/11.9%/25.0%/16.0%
    26,112    51    -0.00269  -0.0022  0.0020  1.148↓    0.0%  -0.091  2.19e-04  53.3%/10.2%/22.9%/13.7%
    26,624    52    -0.00247  +0.0011  0.0023  1.164↓    0.2%  +0.162  2.16e-04  50.0%/14.5%/21.5%/14.1%
    27,136    53    -0.00236  -0.0025  0.0031  1.143↓    0.4%  +0.013  2.13e-04  52.5%/14.8%/19.7%/12.9%
    27,648    54    -0.00229  -0.0001  0.0018  1.133↓    0.0%  +0.060  2.10e-04  47.7%/14.1%/21.7%/16.6%
    28,160    55    -0.00222  -0.0018  0.0018  1.050↓    0.0%  +0.371  2.07e-04  59.4%/11.3%/17.2%/12.1%
    28,672    56    -0.00208  -0.0005  0.0027  1.107↓    0.0%  +0.047  2.04e-04  52.0%/12.5%/20.5%/15.0%
    29,184    57    -0.00210  +0.0018  0.0023  1.011↓    0.0%  +0.222  2.01e-04  60.0%/10.2%/16.6%/13.3%
    29,696    58    -0.00213  -0.0016  0.0020  1.076↓    0.3%  +0.397  1.98e-04  54.5%/12.1%/18.9%/14.5%
  ✓ Kontrolpunkts: checkpoints_Realistic Mode, OP - 0.004 (Conservative)_SOL\ckpt_step0029696.pth  [40% apmācības]
    30,208    59    -0.00215  -0.0016  0.0013  1.008↓    0.1%  +0.126  1.95e-04  59.2%/11.9%/15.8%/13.1%
    30,720    60    -0.00211  -0.0034  0.0015  0.966↓    0.2%  +0.069  1.92e-04  60.2%/ 9.4%/17.8%/12.7%
    31,232    61    -0.00204  +0.0003  0.0014  0.929↓    0.1%  -0.696  1.89e-04  64.6%/ 9.4%/14.5%/11.5%
    31,744    62    -0.00201  -0.0038  0.0013  0.917↓    0.6%  -0.495  1.86e-04  66.0%/ 8.8%/13.9%/11.3%
    32,256    63    -0.00203  -0.0020  0.0023  0.924↓    0.0%  +0.176  1.82e-04  66.0%/ 8.0%/14.3%/11.7%
    32,768    64    -0.00200  +0.0012  0.0016  0.876↓    0.2%  +0.388  1.79e-04  65.6%/10.0%/12.5%/11.9%
    33,280    65    -0.00194  -0.0004  0.0013  0.924↓    0.1%  +0.405  1.76e-04  67.2%/ 6.8%/15.6%/10.4%
    33,792    66    -0.00200  +0.0024  0.0017  0.887↓    0.0%  -0.233  1.73e-04  66.6%/ 8.4%/13.5%/11.5%
    34,304    67    -0.00194  -0.0012  0.0019  0.894↓    0.1%  +0.426  1.70e-04  64.3%/ 8.8%/14.8%/12.1%
    34,816    68    -0.00185  +0.0005  0.0014  0.880↓    0.3%  +0.229  1.67e-04  68.2%/ 7.4%/13.5%/10.9%
    35,328    69    -0.00180  +0.0001  0.0011  0.899↓    0.4%  -0.338  1.63e-04  69.5%/ 6.1%/14.3%/10.2%
    35,840    70    -0.00188  -0.0010  0.0021  0.945↓    0.7%  +0.330  1.60e-04  66.0%/ 7.2%/16.0%/10.7%
    36,352    71    -0.00189  -0.0017  0.0016  0.992↓    1.4%  +0.065  1.57e-04  64.8%/11.5%/13.5%/10.2%
    36,864    72    -0.00192  -0.0019  0.0014  0.913↓    1.0%  -0.071  1.54e-04  63.5%/10.2%/14.3%/12.1%
    37,376    73    -0.00187  -0.0035  0.0020  0.964↓    1.8%  -0.084  1.50e-04  65.0%/ 7.8%/15.2%/11.9%
    37,888    74    -0.00191  -0.0010  0.0025  0.837↓    0.2%  -0.163  1.47e-04  68.8%/ 7.4%/13.3%/10.5%
    38,400    75    -0.00188  -0.0003  0.0018  0.839↓    0.0%  -0.232  1.44e-04  70.5%/ 5.7%/14.3%/ 9.6%
    38,912    76    -0.00186  -0.0013  0.0022  0.921↓    0.6%  +0.347  1.41e-04  64.5%/ 8.4%/16.2%/10.9%
    39,424    77    -0.00187  +0.0011  0.0008  0.856↓    0.2%  -0.792  1.38e-04  67.2%/ 6.6%/15.2%/10.9%
    39,936    78    -0.00189  -0.0007  0.0027  0.879↓    0.0%  +0.204  1.34e-04  68.6%/ 5.3%/15.2%/10.9%
    40,448    79    -0.00189  +0.0010  0.0011  0.900↓    0.1%  -0.052  1.31e-04  65.0%/ 6.2%/16.0%/12.7%
    40,960    80    -0.00177  -0.0020  0.0015  0.954↓    0.4%  -0.321  1.28e-04  61.9%/ 8.6%/16.0%/13.5%
    41,472    81    -0.00167  -0.0013  0.0012  0.897↓    0.0%  -0.480  1.25e-04  66.6%/ 6.1%/15.8%/11.5%
    41,984    82    -0.00163  -0.0010  0.0014  0.913↓    0.7%  -0.158  1.22e-04  69.5%/ 5.9%/14.6%/10.0%
    42,496    83    -0.00163  -0.0008  0.0019  0.963↓    0.5%  -0.312  1.19e-04  61.1%/ 8.0%/17.4%/13.5%
    43,008    84    -0.00159  -0.0015  0.0013  0.985↓    1.0%  +0.564  1.15e-04  60.0%/10.4%/16.8%/12.9%
    43,520    85    -0.00170  -0.0004  0.0015  1.009↓    0.3%  +0.327  1.12e-04  61.7%/10.2%/15.6%/12.5%
    44,032    86    -0.00171  +0.0009  0.0010  0.953↓    0.2%  -0.820  1.09e-04  64.5%/ 9.0%/13.3%/13.3%
    44,544    87    -0.00177  -0.0006  0.0018  1.049↓    0.6%  +0.077  1.06e-04  52.9%/12.9%/19.3%/14.8%
  ✓ Kontrolpunkts: checkpoints_Realistic Mode, OP - 0.004 (Conservative)_SOL\ckpt_step0044544.pth  [59% apmācības]
    45,056    88    -0.00182  -0.0017  0.0017  0.992↓    0.3%  +0.615  1.03e-04  60.0%/ 8.8%/17.4%/13.9%
    45,568    89    -0.00185  -0.0050  0.0015  0.953↓    0.0%  +0.333  1.00e-04  65.4%/ 7.4%/14.5%/12.7%
    46,080    90    -0.00191  -0.0007  0.0009  0.930↓    0.0%  +0.116  9.70e-05  66.4%/ 6.2%/15.4%/11.9%
    46,592    91    -0.00202  -0.0016  0.0009  0.982↓    0.5%  -0.940  9.40e-05  62.3%/ 8.2%/16.2%/13.3%
    47,104    92    -0.00208  -0.0019  0.0013  0.957↓    0.2%  -0.055  9.11e-05  60.5%/ 8.6%/17.2%/13.7%
    47,616    93    -0.00207  +0.0003  0.0006  0.913↓    0.0%  +0.160  8.81e-05  61.7%/ 5.3%/19.7%/13.3%
    48,128    94    -0.00205  +0.0001  0.0010  0.980↓    0.0%  -0.239  8.52e-05  59.8%/ 7.8%/19.3%/13.1%
    48,640    95    -0.00205  -0.0031  0.0012  0.975↓    0.1%  +0.018  8.23e-05  65.4%/ 7.4%/15.0%/12.1%
    49,152    96    -0.00206  -0.0027  0.0010  0.997↓    0.0%  -0.012  7.95e-05  60.2%/ 9.0%/16.6%/14.3%
    49,664    97    -0.00202  +0.0000  0.0008  0.932↓    0.2%  +0.341  7.67e-05  65.0%/ 7.4%/15.6%/11.9%
    50,176    98    -0.00201  -0.0022  0.0012  1.005↓    0.7%  +0.381  7.39e-05  59.2%/10.7%/15.0%/15.0%
    50,688    99    -0.00199  -0.0011  0.0010  0.927↓    0.1%  -0.249  7.12e-05  61.7%/ 7.8%/17.0%/13.5%
    51,200   100    -0.00218  +0.0007  0.0117  0.973↓    0.1%  +0.065  6.84e-05  59.6%/ 8.2%/18.2%/14.1%
    51,712   101    -0.00218  -0.0000  0.0015  0.927↓    0.0%  -0.296  6.58e-05  66.6%/ 6.2%/15.4%/11.7%
    52,224   102    -0.00219  +0.0010  0.0019  0.956↓    0.2%  +0.540  6.31e-05  61.1%/ 8.6%/16.6%/13.7%
    52,736   103    -0.00222  -0.0015  0.0022  0.969↓    0.0%  +0.167  6.06e-05  64.3%/ 9.2%/16.0%/10.5%
    53,248   104    -0.00222  +0.0002  0.0012  0.911↓    0.0%  +0.358  5.80e-05  66.0%/ 7.2%/13.9%/12.9%
    53,760   105    -0.00226  -0.0010  0.0022  0.936↓    0.2%  +0.164  5.55e-05  64.5%/ 5.3%/19.3%/10.9%
    54,272   106    -0.00232  -0.0035  0.0013  0.920↓    0.3%  +0.363  5.30e-05  64.8%/ 6.6%/15.6%/12.9%
    54,784   107    -0.00238  -0.0001  0.0015  0.927↓    0.2%  +0.227  5.06e-05  64.8%/ 8.0%/15.2%/11.9%
    55,296   108    -0.00239  -0.0005  0.0009  0.896↓    0.0%  +0.319  4.83e-05  67.2%/ 5.5%/16.4%/10.9%
    55,808   109    -0.00240  +0.0006  0.0009  0.882↓    0.1%  -1.162  4.59e-05  66.8%/ 5.5%/15.2%/12.5%
    56,320   110    -0.00223  -0.0001  0.0013  0.907↓    0.1%  -0.362  4.37e-05  65.8%/ 5.9%/15.0%/13.3%
    56,832   111    -0.00219  -0.0000  0.0007  0.849↓    0.0%  -1.242  4.14e-05  69.7%/ 4.9%/13.3%/12.1%
    57,344   112    -0.00219  -0.0004  0.0012  0.935↓    0.1%  -0.127  3.93e-05  63.3%/ 6.1%/17.4%/13.3%
    57,856   113    -0.00212  +0.0007  0.0008  0.895↓    0.0%  -0.127  3.71e-05  66.2%/ 7.0%/14.5%/12.3%
    58,368   114    -0.00218  +0.0017  0.0012  0.976↓    0.4%  +0.066  3.51e-05  60.0%/10.0%/16.2%/13.9%
    58,880   115    -0.00206  +0.0009  0.0008  0.919↓    0.0%  +0.410  3.30e-05  66.2%/ 7.0%/14.8%/11.9%
    59,392   116    -0.00205  -0.0007  0.0011  0.955↓    0.1%  -0.664  3.11e-05  62.1%/ 7.8%/16.4%/13.7%
  ✓ Kontrolpunkts: checkpoints_Realistic Mode, OP - 0.004 (Conservative)_SOL\ckpt_step0059392.pth  [79% apmācības]
    59,904   117    -0.00201  -0.0001  0.0027  0.911↓    0.0%  -0.617  2.92e-05  62.9%/ 5.9%/18.6%/12.7%
    60,416   118    -0.00206  -0.0013  0.0013  0.929↓    0.3%  +0.449  2.73e-05  59.0%/ 9.0%/16.8%/15.2%
    60,928   119    -0.00206  -0.0032  0.0009  0.914↓    0.2%  +0.159  2.55e-05  63.1%/ 9.4%/14.8%/12.7%
    61,440   120    -0.00200  -0.0001  0.0011  0.873↓    0.0%  -0.093  2.38e-05  63.5%/ 6.1%/17.2%/13.3%
    61,952   121    -0.00201  -0.0001  0.0008  0.881↓    0.0%  -0.714  2.21e-05  68.0%/ 5.7%/14.1%/12.3%
    62,464   122    -0.00197  -0.0012  0.0011  0.926↓    0.2%  -0.852  2.05e-05  63.5%/ 7.4%/17.8%/11.3%
    62,976   123    -0.00204  +0.0009  0.0007  0.932↓    0.3%  -1.075  1.89e-05  60.5%/ 9.2%/15.0%/15.2%
    63,488   124    -0.00197  +0.0004  0.0011  0.877↓    0.1%  -0.887  1.74e-05  68.6%/ 5.3%/14.1%/12.1%
    64,000   125    -0.00192  +0.0036  0.0014  0.938↓    0.5%  -1.604  1.60e-05  61.1%/ 9.2%/15.6%/14.1%
    64,512   126    -0.00187  +0.0019  0.0008  0.893↓    0.2%  -1.502  1.46e-05  63.9%/ 9.2%/14.1%/12.9%
    65,024   127    -0.00184  +0.0012  0.0013  0.870↓    0.0%  -0.647  1.33e-05  66.2%/ 4.9%/15.8%/13.1%
    65,536   128    -0.00177  -0.0010  0.0008  0.903↓    0.2%  -0.455  1.21e-05  64.8%/ 7.0%/15.0%/13.1%
    66,048   129    -0.00183  +0.0004  0.0018  0.973↓    0.1%  -0.406  1.09e-05  61.9%/ 7.8%/16.8%/13.5%
    66,560   130    -0.00185  -0.0002  0.0012  0.903↓    0.3%  -0.450  9.77e-06  68.6%/ 6.1%/13.3%/12.1%
    67,072   131    -0.00183  -0.0009  0.0011  0.928↓    0.5%  -1.758  8.72e-06  64.5%/ 6.4%/16.0%/13.1%
    67,584   132    -0.00190  +0.0023  0.0012  0.947↓    0.3%  -0.112  7.73e-06  60.2%/ 9.8%/16.6%/13.5%
    68,096   133    -0.00183  +0.0006  0.0008  0.892↓    0.4%  -1.720  6.81e-06  60.0%/ 5.9%/19.3%/14.8%
    68,608   134    -0.00189  +0.0001  0.0009  0.941↓    0.1%  -1.207  5.96e-06  67.0%/ 7.0%/13.9%/12.1%
    69,120   135    -0.00199  +0.0007  0.0016  0.917↓    0.0%  -0.394  5.17e-06  64.3%/ 7.4%/15.8%/12.5%
    69,632   136    -0.00199  -0.0004  0.0007  0.936↓    0.8%  -0.386  4.45e-06  59.8%/ 9.8%/15.2%/15.2%
    70,144   137    -0.00209  +0.0009  0.0020  0.919↓    0.1%  +0.336  3.79e-06  64.6%/ 6.6%/16.0%/12.7%
    70,656   138    -0.00210  +0.0000  0.0013  0.925↓    0.9%  +0.484  3.21e-06  63.7%/ 7.8%/15.4%/13.1%
    71,168   139    -0.00205  +0.0028  0.0011  0.913↓    0.1%  +0.466  2.69e-06  62.7%/ 8.0%/15.0%/14.3%
    71,680   140    -0.00204  +0.0026  0.0013  0.930↓    0.5%  +0.055  2.24e-06  63.3%/ 7.2%/17.0%/12.5%
    72,192   141    -0.00206  -0.0033  0.0014  0.948↓    0.3%  +0.034  1.86e-06  62.3%/ 9.0%/13.9%/14.8%
    72,704   142    -0.00200  +0.0007  0.0012  0.937↓    0.5%  +0.270  1.55e-06  65.8%/ 7.0%/16.2%/10.9%
    73,216   143    -0.00213  -0.0015  0.0011  0.944↓    0.2%  +0.268  1.31e-06  65.0%/ 7.6%/14.5%/12.9%
    73,728   144    -0.00215  -0.0001  0.0013  0.915↓    0.0%  +0.337  1.14e-06  62.5%/ 5.1%/19.7%/12.7%
    74,240   145    -0.00213  -0.0012  0.0012  0.959↓    0.1%  -0.481  1.03e-06  62.7%/ 7.2%/17.6%/12.5%
  ✓ Kontrolpunkts: checkpoints_Realistic Mode, OP - 0.004 (Conservative)_SOL\ckpt_step0074240.pth  [99% apmācības]
    74,752   146    -0.00217  +0.0005  0.0009  0.896↓    0.4%  -0.204  1.00e-06  63.1%/ 9.2%/15.2%/12.5%
    75,264   147    -0.00211  -0.0012  0.0015  0.923↓    0.0%  +0.145  1.03e-06  66.6%/ 5.3%/16.4%/11.7%
  ✓ Kontrolpunkts: checkpoints_Realistic Mode, OP - 0.004 (Conservative)_SOL\ckpt_step0075264.pth  [100% apmācības]

────────────────────────────────────────────────────────────────────────────────
  Vidējais ātrums: 605 soļi/sek
  Vidējā atlīdzība (pēdējie 10 atjauninājumi): -0.00211
  Galīgā entropija: 0.923  (sākums: 1.299)
────────────────────────────────────────────────────────────────────────────────

✓ Galīgais modelis saglabāts: ppo_trader_Realistic Mode, OP - 0.004 (Conservative)_SOL.pth

============================================================
11. SOLIS: Bektests (4 varianti)
============================================================

────────────────────────────────────────────────────────────  1. Komisija + slipāža          
  Bilance: $495.79 | Ienesīgums: -50.42% | MaxDD: 53.23% | Sharpe: -4.137 | Calmar: -0.947 | PF: 0.284 | Darījumi: 159 | Win%: 17.6%

────────────────────────────────────────────────────────────  2. Tikai komisija              
  Bilance: $950.97 | Ienesīgums: -4.90% | MaxDD: 16.35% | Sharpe: 0.189 | Calmar: -0.300 | PF: 1.041 | Darījumi: 159 | Win%: 40.3%

────────────────────────────────────────────────────────────  3. Tikai slipāža              
  Bilance: $563.15 | Ienesīgums: -43.69% | MaxDD: 47.43% | Sharpe: -3.557 | Calmar: -0.921 | PF: 0.332 | Darījumi: 159 | Win%: 22.0%

────────────────────────────────────────────────────────────  4. Bez izmaksām               
  Bilance: $1,079.96 | Ienesīgums: +8.00% | MaxDD: 13.23% | Sharpe: 0.735 | Calmar: 0.604 | PF: 1.269 | Darījumi: 159 | Win%: 46.5%


======================================================================
12. SOLIS: Rezultāti
======================================================================

  Metrika                     1. Komisija + slipāža            2. Tikai komisija                3. Tikai slipāža                4. Bez izmaksām               
  ──────────────────────────────────────────────────────────────────────────────────────────────────────────────────────────────────────────────────────────────
  Galīgā bilance                                     $495.79                         $950.97                         $563.15                       $1,079.96
  Ienesīgums                                         -50.42%                          -4.90%                         -43.69%                          +8.00%
  Maks. kritums                                       53.23%                          16.35%                          47.43%                          13.23%
  Sharpe (pēc darījumiem)                             -4.137                           0.189                          -3.557                           0.735
  Calmar koeficients                                  -0.947                          -0.300                          -0.921                           0.604
  Peļņas faktors                                       0.284                           1.041                           0.332                           1.269
  Vid. PnL / solis ($)                             -0.004156                        0.000159                       -0.003793                        0.000993
  Darījumi                                               159                             159                             159                             159
  Uzvaru īpatsvars                                     17.6%                           40.3%                           22.0%                           46.5%
  Vid. darījuma P&L                                  -0.285%                         +0.014%                         -0.245%                         +0.054%
  Vid. ilgums (h)                                        3.9                             3.9                             3.9                             3.9
  Vid. slip (ieeja+izeja)                            0.2046%                               —                         0.2046%                               —
  Vid. komisija                                      0.0800%                         0.0800%                               —                               —

  Zudumi no komisijām        : +12.90%
  Zudumi no slipāžas        : +51.68%
  Kopējie zudumi             : +58.42%

  Signāli (variants 1):
    HOLD  :   79,731  (99.0%)
    LONG  :      629  (0.8%)
    SHORT :        0  (0.0%)
    CLOSE :      159  (0.2%)

  Darījumi: LONG=159  SHORT=0

  ──────────────────────────────────────────────────────────
  TOP 5 IENESĪGĀKIE
  1. LONG  | 2025-08-22 14:10 → 2025-08-29 09:15 | 163h 5m | P&L: +49.95$ (+8.164%) | slip: 0.887%/0.281%
  2. LONG  | 2025-05-15 08:40 → 2025-05-23 13:40 | 197h 0m | P&L: +26.39$ (+3.150%) | slip: 0.107%/0.187%
  3. LONG  | 2025-12-07 16:00 → 2025-12-10 10:10 | 66h 10m | P&L: +22.01$ (+4.403%) | slip: 0.394%/0.044%
  4. LONG  | 2025-10-28 12:45 → 2025-10-28 13:15 | 0h 30m | P&L: +5.10$ (+0.899%) | slip: 0.076%/0.052%
  5. LONG  | 2025-10-03 08:30 → 2025-10-03 09:10 | 0h 40m | P&L: +4.11$ (+0.680%) | slip: 0.027%/0.060%

  ──────────────────────────────────────────────────────────
  TOP 5 ZAUDĪGĀKIE
  1. LONG  | 2025-12-04 15:45 → 2025-12-05 10:20 | 18h 35m | P&L: -26.19$ (-4.957%) | slip: 0.227%/0.079%
  2. LONG  | 2025-08-22 13:45 → 2025-08-22 14:00 | 0h 15m | P&L: -14.51$ (-2.295%) | slip: 0.234%/0.987%
  3. LONG  | 2025-07-01 05:50 → 2025-07-01 07:25 | 1h 35m | P&L: -11.78$ (-1.507%) | slip: 0.035%/0.079%
  4. LONG  | 2025-06-01 08:35 → 2025-06-01 11:25 | 2h 50m | P&L: -11.53$ (-1.380%) | slip: 0.053%/0.062%
  5. LONG  | 2025-12-01 02:05 → 2025-12-01 05:15 | 3h 10m | P&L: -11.32$ (-2.092%) | slip: 0.193%/0.051%

  ✓ Darījumu žurnāls: backtest_Realistic Mode, OP - 0.004 (Conservative)_SOL_trades.csv

──────────────────────────────────────────────────────────────────────
  ✓ Rezultāts pievienots: experiments.csv

======================================================================
GATAVS - versija Realistic Mode, OP - 0.004 (Conservative)  |  simbols: SOL  |  eksperiments: OP - 0.004 (Conservative)
======================================================================
