Žurnāls: ppo_trader_Risk Control Mode_SOL.log

Ierīce: cpu  |  AMP: False
Eksperiments: Risk Control Mode

============================================================
1. SOLIS: Datu ielāde
============================================================
Visa datu kopa : 563,641 sveces  |  2020-08-15 11:00:00 → 2025-12-25 13:20:00
Izmantojam     : 241,561 sveces  |  2023-09-08 19:20:00 → 2025-12-25 13:20:00
Apmācība (~2g) : 0..161,040  (2023-09-08 19:20:00 → 2025-03-20 23:15:00)
Tests  (~1g)   : 161,040..241,561  (2025-03-20 23:20:00 → 2025-12-25 13:20:00)
Pazīmes (tirgus): 32
N_STATE_FEATURES=34

Slipāžas rindu priekšaprēķins...

============================================================
7. SOLIS: Modelis
============================================================
Parametri: 62,853  |  INPUT_DIM=34
Arhitektūra: D_MODEL=64, N_HEADS=2, N_LAYERS=1, SEQ_LEN=32

============================================================
10. SOLIS: Apmācība (PPO)
============================================================
Kopējie soļi: 75,000  |  N_ENVS: 4  |  ROLLOUT_STEPS: 128
Bufera izmērs vienam atjauninājumam: 512 pārejas
PPO epohi: 2  |  Mini-pakete: 128
Labvēlības periods: 12 sveces  |  Atvēršanas sods: 0.000898  |  Min darījums: 72 sveces  |  Īsa darījuma sods: 0.000898
Kontrolpunkti: checkpoints_Risk Control Mode_SOL/  (ik pēc 29 atjauninājumiem)

────────────────────────────────────────────────────────────────────────────────
     Solis   Upd  Rew(avg10)       pi       v    ent   clip%      ev        lr  Darbības(H/L/S/C)
────────────────────────────────────────────────────────────────────────────────
       512     1    -0.02928  -0.0012  0.1307  1.299?    0.0%  -0.597  3.00e-04  25.2%/28.5%/26.6%/19.7%
     1,024     2    -0.04800  +0.0000  0.6880  1.305?    0.0%  -0.041  3.00e-04  30.7%/25.0%/26.4%/18.0%
     1,536     3    -0.06394  -0.0003  1.5333  1.289?    0.0%  +0.333  3.00e-04  30.7%/24.2%/25.8%/19.3%
     2,048     4    -0.07839  -0.0000  2.1943  1.302?    0.0%  -0.062  2.99e-04  30.1%/29.9%/21.9%/18.2%
     2,560     5    -0.08897  -0.0004  1.9866  1.289?    0.0%  +0.349  2.99e-04  31.1%/24.0%/26.4%/18.6%
     3,072     6    -0.10007  -0.0002  2.6460  1.304→    0.0%  +0.317  2.99e-04  22.7%/26.8%/30.5%/20.1%
     3,584     7    -0.10869  -0.0002  2.5538  1.294→    0.0%  -0.214  2.98e-04  28.5%/26.2%/25.4%/19.9%
     4,096     8    -0.11666  -0.0002  2.7507  1.305→    0.0%  -0.180  2.98e-04  29.1%/23.2%/28.1%/19.5%
     4,608     9    -0.12330  +0.0000  2.8705  1.303→    0.0%  -0.127  2.97e-04  29.9%/25.2%/25.6%/19.3%
     5,120    10    -0.12861  -0.0004  2.7076  1.300→    0.0%  -0.056  2.97e-04  27.7%/26.8%/25.8%/19.7%
     5,632    11    -0.14405  -0.0004  2.8264  1.306→    0.0%  +0.060  2.96e-04  27.1%/27.3%/25.6%/19.9%
     6,144    12    -0.15530  -0.0010  2.5259  1.309↑    0.0%  +0.021  2.95e-04  30.9%/28.9%/24.0%/16.2%
     6,656    13    -0.16436  -0.0002  2.7657  1.306↑    0.0%  +0.099  2.94e-04  27.1%/25.4%/27.5%/19.9%
     7,168    14    -0.17029  -0.0006  2.3593  1.298↑    0.0%  -0.026  2.93e-04  28.7%/23.4%/28.1%/19.7%
     7,680    15    -0.17477  -0.0009  2.1845  1.287→    0.0%  -0.045  2.92e-04  30.7%/23.0%/26.6%/19.7%
     8,192    16    -0.17621  -0.0016  1.7927  1.277↓    0.0%  +0.003  2.91e-04  32.8%/22.9%/24.4%/19.9%
     8,704    17    -0.17764  -0.0024  1.9298  1.277↓    0.0%  +0.008  2.90e-04  33.0%/22.9%/24.0%/20.1%
     9,216    18    -0.17785  -0.0030  1.6799  1.274↓    0.0%  -0.014  2.89e-04  35.9%/23.8%/20.9%/19.3%
     9,728    19    -0.17808  -0.0017  1.8206  1.273↓    0.0%  -0.013  2.88e-04  31.1%/21.9%/27.5%/19.5%
    10,240    20    -0.17764  -0.0031  1.4923  1.251↓    0.0%  -0.025  2.86e-04  34.8%/21.1%/24.6%/19.5%
    10,752    21    -0.17549  -0.0062  1.1576  1.223↓    0.0%  +0.004  2.85e-04  37.9%/21.1%/22.1%/18.9%
    11,264    22    -0.17363  -0.0065  1.0428  1.184↓    0.0%  -0.012  2.84e-04  39.8%/20.1%/18.9%/21.1%
    11,776    23    -0.16974  -0.0140  0.7870  1.130↓    0.0%  +0.001  2.82e-04  47.7%/16.2%/17.8%/18.4%
    12,288    24    -0.16673  -0.0095  0.7960  1.065↓    0.1%  -0.019  2.81e-04  48.0%/17.6%/16.0%/18.4%
    12,800    25    -0.16184  -0.0142  0.3218  0.948↓    2.3%  +0.003  2.79e-04  57.4%/13.9%/12.3%/16.4%
    13,312    26    -0.15703  -0.0174  0.3069  0.829↓    5.9%  +0.006  2.77e-04  62.5%/11.5%/10.4%/15.6%
    13,824    27    -0.14847  -0.0179  0.2358  0.672↓    5.0%  -0.003  2.75e-04  72.1%/ 7.6%/ 8.6%/11.7%
    14,336    28    -0.13762  -0.0139  0.3488  0.550↓    0.2%  -0.009  2.74e-04  81.1%/ 5.5%/ 4.3%/ 9.2%
    14,848    29    -0.12484  -0.0075  0.5817  0.455↓    0.2%  -0.004  2.72e-04  81.6%/ 4.5%/ 4.9%/ 9.0%
  ✓ Kontrolpunkts: checkpoints_Risk Control Mode_SOL\ckpt_step0014848.pth  [20% apmācības]
    15,360    30    -0.11095  -0.0054  0.9995  0.371↓    0.0%  -0.035  2.70e-04  87.1%/ 2.9%/ 3.7%/ 6.2%
    15,872    31    -0.09857  -0.0033  0.8318  0.348↓    0.0%  -0.196  2.68e-04  86.3%/ 2.1%/ 4.7%/ 6.8%
    16,384    32    -0.08540  -0.0023  0.9648  0.311↓    0.0%  -0.013  2.66e-04  91.0%/ 2.3%/ 2.1%/ 4.5%
    16,896    33    -0.07396  -0.0027  0.7436  0.299↓    0.0%  +0.007  2.64e-04  87.9%/ 3.3%/ 2.7%/ 6.1%
    17,408    34    -0.06091  -0.0032  1.0867  0.258↓    0.0%  +0.031  2.62e-04  93.0%/ 1.2%/ 2.3%/ 3.5%
    17,920    35    -0.05090  -0.0023  0.8623  0.250↓    0.0%  -0.056  2.60e-04  90.2%/ 2.7%/ 2.1%/ 4.9%
    18,432    36    -0.04106  -0.0016  0.9022  0.233↓    0.0%  -0.015  2.57e-04  93.0%/ 1.8%/ 1.8%/ 3.5%
    18,944    37    -0.03444  -0.0020  0.7918  0.216↓    0.0%  -0.039  2.55e-04  91.4%/ 1.6%/ 2.7%/ 4.3%
    19,456    38    -0.02964  +0.0001  0.7827  0.201↓    0.1%  -0.065  2.53e-04  94.5%/ 1.6%/ 1.2%/ 2.7%
    19,968    39    -0.02665  -0.0010  0.6607  0.193↓    0.0%  -0.018  2.50e-04  93.9%/ 2.0%/ 1.2%/ 2.9%
    20,480    40    -0.02603  -0.0021  0.3340  0.195↓    0.0%  -0.057  2.48e-04  91.0%/ 2.7%/ 2.0%/ 4.3%
    20,992    41    -0.02384  -0.0035  0.3239  0.148↓    0.3%  -0.344  2.45e-04  94.5%/ 1.4%/ 1.4%/ 2.7%
    21,504    42    -0.02244  -0.0008  0.2613  0.135↓    0.0%  -0.558  2.43e-04  96.1%/ 1.0%/ 1.0%/ 2.0%
    22,016    43    -0.02051  -0.0003  0.2320  0.130↓    0.0%  -0.543  2.40e-04  96.9%/ 1.2%/ 0.4%/ 1.6%
    22,528    44    -0.01953  +0.0002  0.2100  0.121↓    0.0%  +0.299  2.38e-04  97.7%/ 1.2%/ 0.0%/ 1.2%
    23,040    45    -0.01821  +0.0000  0.2107  0.132↓    0.2%  -0.950  2.35e-04  96.9%/ 1.0%/ 0.6%/ 1.6%
    23,552    46    -0.01772  -0.0012  0.1384  0.131↓    0.2%  -0.616  2.33e-04  94.3%/ 1.4%/ 1.6%/ 2.7%
    24,064    47    -0.01676  -0.0023  0.1244  0.102↓    0.2%  -0.845  2.30e-04  96.7%/ 0.6%/ 1.0%/ 1.8%
    24,576    48    -0.01596  -0.0032  0.1060  0.079↓    0.2%  -1.457  2.27e-04  96.7%/ 0.6%/ 1.2%/ 1.6%
    25,088    49    -0.01448  -0.0005  0.1094  0.060↓    0.0%  -2.263  2.24e-04  98.2%/ 0.4%/ 0.4%/ 1.0%
    25,600    50    -0.01271  -0.0002  0.0708  0.061↓    0.0%  -1.173  2.22e-04  97.3%/ 0.6%/ 0.8%/ 1.4%
    26,112    51    -0.01169  -0.0018  0.0663  0.049↓    0.1%  -0.730  2.19e-04  98.4%/ 0.6%/ 0.2%/ 0.8%
    26,624    52    -0.01049  +0.0002  0.0590  0.039↓    0.0%  -1.168  2.16e-04  100.0%/ 0.0%/ 0.0%/ 0.0%
    27,136    53    -0.00990  -0.0016  0.0659  0.049↓    0.1%  -0.068  2.13e-04  98.4%/ 0.6%/ 0.2%/ 0.8%
    27,648    54    -0.00930  +0.0006  0.0528  0.036↓    0.0%  -1.041  2.10e-04  99.6%/ 0.0%/ 0.2%/ 0.2%
    28,160    55    -0.00836  +0.0000  0.0323  0.034↓    0.0%  -1.258  2.07e-04  99.2%/ 0.2%/ 0.2%/ 0.4%
    28,672    56    -0.00687  -0.0002  0.0314  0.029↓    0.0%  -0.649  2.04e-04  99.6%/ 0.2%/ 0.0%/ 0.2%
    29,184    57    -0.00591  -0.0003  0.0276  0.028↓    0.0%  -0.922  2.01e-04  99.6%/ 0.2%/ 0.0%/ 0.2%
    29,696    58    -0.00528  -0.0002  0.0251  0.026↓    0.0%  -0.259  1.98e-04  99.6%/ 0.0%/ 0.2%/ 0.2%
  ✓ Kontrolpunkts: checkpoints_Risk Control Mode_SOL\ckpt_step0029696.pth  [40% apmācības]
    30,208    59    -0.00502  +0.0002  0.0212  0.025↓    0.0%  -1.185  1.95e-04  99.6%/ 0.0%/ 0.2%/ 0.2%
    30,720    60    -0.00455  -0.0003  0.0189  0.024↓    0.0%  -1.469  1.92e-04  99.2%/ 0.2%/ 0.2%/ 0.4%
    31,232    61    -0.00422  +0.0000  0.0148  0.018↓    0.0%  -8.615  1.89e-04  100.0%/ 0.0%/ 0.0%/ 0.0%
    31,744    62    -0.00437  -0.0006  0.0154  0.018↓    0.0%  -1.238  1.86e-04  99.2%/ 0.2%/ 0.2%/ 0.4%
    32,256    63    -0.00395  -0.0004  0.0204  0.015↓    0.0%  +0.028  1.82e-04  99.6%/ 0.0%/ 0.2%/ 0.2%
    32,768    64    -0.00402  -0.0019  0.0162  0.015↓    0.1%  -1.661  1.79e-04  98.8%/ 0.2%/ 0.4%/ 0.6%
    33,280    65    -0.00387  +0.0000  0.0090  0.009↓    0.0%  -4.193  1.76e-04  100.0%/ 0.0%/ 0.0%/ 0.0%
    33,792    66    -0.00380  +0.0000  0.0092  0.008↓    0.0%  -1.882  1.73e-04  100.0%/ 0.0%/ 0.0%/ 0.0%
    34,304    67    -0.00372  +0.0000  0.0079  0.008↓    0.0%  -10.850  1.70e-04  100.0%/ 0.0%/ 0.0%/ 0.0%
    34,816    68    -0.00380  +0.0001  0.0146  0.011↓    0.0%  -0.058  1.67e-04  99.6%/ 0.2%/ 0.0%/ 0.2%
    35,328    69    -0.00396  -0.0002  0.0251  0.013↓    0.0%  -0.219  1.63e-04  99.6%/ 0.0%/ 0.2%/ 0.2%
    35,840    70    -0.00442  -0.0022  0.0880  0.022↓    0.0%  -0.109  1.60e-04  98.8%/ 0.4%/ 0.2%/ 0.6%
    36,352    71    -0.00442  +0.0000  0.0078  0.005↓    0.0%  -0.940  1.57e-04  100.0%/ 0.0%/ 0.0%/ 0.0%
    36,864    72    -0.00427  +0.0000  0.0069  0.005↓    0.0%  -1.350  1.54e-04  100.0%/ 0.0%/ 0.0%/ 0.0%
    37,376    73    -0.00420  +0.0000  0.0060  0.005↓    0.0%  -4.736  1.50e-04  100.0%/ 0.0%/ 0.0%/ 0.0%
    37,888    74    -0.00417  +0.0000  0.0156  0.010↓    0.0%  -0.195  1.47e-04  99.6%/ 0.2%/ 0.0%/ 0.2%
    38,400    75    -0.00417  +0.0000  0.0055  0.005↓    0.0%  -1.490  1.44e-04  100.0%/ 0.0%/ 0.0%/ 0.0%
    38,912    76    -0.00427  -0.0002  0.0097  0.007↓    0.0%  -0.707  1.41e-04  99.6%/ 0.0%/ 0.2%/ 0.2%
    39,424    77    -0.00427  +0.0000  0.0044  0.004↓    0.0%  -1.624  1.38e-04  100.0%/ 0.0%/ 0.0%/ 0.0%
    39,936    78    -0.00413  +0.0000  0.0041  0.004↓    0.0%  -4.237  1.34e-04  100.0%/ 0.0%/ 0.0%/ 0.0%
    40,448    79    -0.00390  +0.0000  0.0039  0.004↓    0.0%  -1.525  1.31e-04  100.0%/ 0.0%/ 0.0%/ 0.0%
    40,960    80    -0.00330  +0.0000  0.0046  0.004↓    0.0%  -2.314  1.28e-04  100.0%/ 0.0%/ 0.0%/ 0.0%
    41,472    81    -0.00330  +0.0000  0.0038  0.004↓    0.0%  -5.283  1.25e-04  100.0%/ 0.0%/ 0.0%/ 0.0%
    41,984    82    -0.00360  -0.0007  0.0353  0.013↓    0.0%  -0.094  1.22e-04  99.6%/ 0.0%/ 0.2%/ 0.2%
    42,496    83    -0.00360  +0.0000  0.0029  0.004↓    0.0%  -3.039  1.19e-04  100.0%/ 0.0%/ 0.0%/ 0.0%
    43,008    84    -0.00341  +0.0000  0.0039  0.004↓    0.0%  -0.817  1.15e-04  100.0%/ 0.0%/ 0.0%/ 0.0%
    43,520    85    -0.00341  +0.0000  0.0034  0.004↓    0.0%  -0.558  1.12e-04  100.0%/ 0.0%/ 0.0%/ 0.0%
    44,032    86    -0.00330  +0.0000  0.0034  0.004↓    0.0%  -3.438  1.09e-04  100.0%/ 0.0%/ 0.0%/ 0.0%
    44,544    87    -0.00330  +0.0000  0.0033  0.004↓    0.0%  -1.280  1.06e-04  100.0%/ 0.0%/ 0.0%/ 0.0%
  ✓ Kontrolpunkts: checkpoints_Risk Control Mode_SOL\ckpt_step0044544.pth  [59% apmācības]
    45,056    88    -0.00330  +0.0000  0.0031  0.004↓    0.0%  -5.594  1.03e-04  100.0%/ 0.0%/ 0.0%/ 0.0%
    45,568    89    -0.00330  +0.0000  0.0031  0.004↓    0.0%  -3.278  1.00e-04  100.0%/ 0.0%/ 0.0%/ 0.0%
    46,080    90    -0.00330  +0.0000  0.0024  0.004↓    0.0%  -3.638  9.70e-05  100.0%/ 0.0%/ 0.0%/ 0.0%
    46,592    91    -0.00353  +0.0002  0.0226  0.011↓    0.0%  -0.221  9.40e-05  99.6%/ 0.0%/ 0.2%/ 0.2%
    47,104    92    -0.00323  +0.0000  0.0023  0.004↓    0.0%  -13.153  9.11e-05  100.0%/ 0.0%/ 0.0%/ 0.0%
    47,616    93    -0.00323  +0.0000  0.0027  0.004↓    0.0%  -3.885  8.81e-05  100.0%/ 0.0%/ 0.0%/ 0.0%
    48,128    94    -0.00323  +0.0000  0.0024  0.004↓    0.0%  -5.289  8.52e-05  100.0%/ 0.0%/ 0.0%/ 0.0%
    48,640    95    -0.00323  +0.0000  0.0025  0.004↓    0.0%  -3.880  8.23e-05  100.0%/ 0.0%/ 0.0%/ 0.0%
    49,152    96    -0.00323  +0.0000  0.0023  0.004↓    0.0%  -3.543  7.95e-05  100.0%/ 0.0%/ 0.0%/ 0.0%
    49,664    97    -0.00323  +0.0000  0.0022  0.004↓    0.0%  -7.270  7.67e-05  100.0%/ 0.0%/ 0.0%/ 0.0%
    50,176    98    -0.00323  +0.0000  0.0023  0.004↓    0.0%  -6.340  7.39e-05  100.0%/ 0.0%/ 0.0%/ 0.0%
    50,688    99    -0.00338  +0.0005  0.0118  0.008↓    0.0%  -0.314  7.12e-05  99.6%/ 0.0%/ 0.2%/ 0.2%
    51,200   100    -0.00338  +0.0000  0.0026  0.004↓    0.0%  -1.596  6.84e-05  100.0%/ 0.0%/ 0.0%/ 0.0%
    51,712   101    -0.00315  +0.0000  0.0024  0.004↓    0.0%  -2.626  6.58e-05  100.0%/ 0.0%/ 0.0%/ 0.0%
    52,224   102    -0.00315  +0.0000  0.0023  0.004↓    0.0%  -4.003  6.31e-05  100.0%/ 0.0%/ 0.0%/ 0.0%
    52,736   103    -0.00315  +0.0000  0.0023  0.004↓    0.0%  -7.239  6.06e-05  100.0%/ 0.0%/ 0.0%/ 0.0%
    53,248   104    -0.00315  +0.0000  0.0021  0.004↓    0.0%  -8.833  5.80e-05  100.0%/ 0.0%/ 0.0%/ 0.0%
    53,760   105    -0.00322  -0.0003  0.0045  0.005↓    0.0%  -1.088  5.55e-05  99.6%/ 0.0%/ 0.2%/ 0.2%
    54,272   106    -0.00322  +0.0000  0.0025  0.003↓    0.0%  -4.440  5.30e-05  100.0%/ 0.0%/ 0.0%/ 0.0%
    54,784   107    -0.00322  +0.0000  0.0024  0.003↓    0.0%  -3.511  5.06e-05  100.0%/ 0.0%/ 0.0%/ 0.0%
    55,296   108    -0.00337  -0.0010  0.0064  0.006↓    0.0%  -0.512  4.83e-05  99.2%/ 0.2%/ 0.2%/ 0.4%
    55,808   109    -0.00322  +0.0000  0.0021  0.003↓    0.0%  -2.329  4.59e-05  100.0%/ 0.0%/ 0.0%/ 0.0%
    56,320   110    -0.00322  +0.0000  0.0017  0.003↓    0.0%  -11.345  4.37e-05  100.0%/ 0.0%/ 0.0%/ 0.0%
    56,832   111    -0.00322  +0.0000  0.0020  0.003↓    0.0%  -1.682  4.14e-05  100.0%/ 0.0%/ 0.0%/ 0.0%
    57,344   112    -0.00322  +0.0000  0.0019  0.003↓    0.0%  -4.125  3.93e-05  100.0%/ 0.0%/ 0.0%/ 0.0%
    57,856   113    -0.00322  +0.0000  0.0021  0.003↓    0.0%  -2.155  3.71e-05  100.0%/ 0.0%/ 0.0%/ 0.0%
    58,368   114    -0.00322  +0.0000  0.0017  0.003↓    0.0%  -5.332  3.51e-05  100.0%/ 0.0%/ 0.0%/ 0.0%
    58,880   115    -0.00315  +0.0000  0.0018  0.003↓    0.0%  -3.816  3.30e-05  100.0%/ 0.0%/ 0.0%/ 0.0%
    59,392   116    -0.00315  +0.0000  0.0015  0.003↓    0.0%  -3.853  3.11e-05  100.0%/ 0.0%/ 0.0%/ 0.0%
  ✓ Kontrolpunkts: checkpoints_Risk Control Mode_SOL\ckpt_step0059392.pth  [79% apmācības]
    59,904   117    -0.00315  +0.0000  0.0023  0.003↓    0.0%  -4.637  2.92e-05  100.0%/ 0.0%/ 0.0%/ 0.0%
    60,416   118    -0.00300  +0.0000  0.0023  0.003↓    0.0%  -0.914  2.73e-05  100.0%/ 0.0%/ 0.0%/ 0.0%
    60,928   119    -0.00300  +0.0000  0.0019  0.003↓    0.0%  -5.067  2.55e-05  100.0%/ 0.0%/ 0.0%/ 0.0%
    61,440   120    -0.00300  +0.0000  0.0017  0.003↓    0.0%  -8.725  2.38e-05  100.0%/ 0.0%/ 0.0%/ 0.0%
    61,952   121    -0.00311  +0.0002  0.0068  0.006↓    0.0%  -0.089  2.21e-05  99.6%/ 0.0%/ 0.2%/ 0.2%
    62,464   122    -0.00311  +0.0000  0.0016  0.003↓    0.0%  -3.366  2.05e-05  100.0%/ 0.0%/ 0.0%/ 0.0%
    62,976   123    -0.00311  +0.0000  0.0015  0.003↓    0.0%  -6.968  1.89e-05  100.0%/ 0.0%/ 0.0%/ 0.0%
    63,488   124    -0.00311  +0.0000  0.0017  0.003↓    0.0%  -4.549  1.74e-05  100.0%/ 0.0%/ 0.0%/ 0.0%
    64,000   125    -0.00322  +0.0004  0.0063  0.006↓    0.0%  -0.661  1.60e-05  99.6%/ 0.0%/ 0.2%/ 0.2%
    64,512   126    -0.00322  +0.0000  0.0017  0.003↓    0.0%  -10.433  1.46e-05  100.0%/ 0.0%/ 0.0%/ 0.0%
    65,024   127    -0.00322  +0.0000  0.0014  0.003↓    0.0%  -10.820  1.33e-05  100.0%/ 0.0%/ 0.0%/ 0.0%
    65,536   128    -0.00322  +0.0000  0.0017  0.003↓    0.0%  -5.577  1.21e-05  100.0%/ 0.0%/ 0.0%/ 0.0%
    66,048   129    -0.00322  +0.0000  0.0017  0.003↓    0.0%  -3.126  1.09e-05  100.0%/ 0.0%/ 0.0%/ 0.0%
    66,560   130    -0.00322  +0.0000  0.0019  0.003↓    0.0%  -3.311  9.77e-06  100.0%/ 0.0%/ 0.0%/ 0.0%
    67,072   131    -0.00311  +0.0000  0.0018  0.003↓    0.0%  -1.879  8.72e-06  100.0%/ 0.0%/ 0.0%/ 0.0%
    67,584   132    -0.00322  -0.0008  0.0071  0.006↓    0.0%  -0.260  7.73e-06  99.6%/ 0.2%/ 0.0%/ 0.2%
    68,096   133    -0.00322  +0.0000  0.0018  0.003↓    0.0%  -4.847  6.81e-06  100.0%/ 0.0%/ 0.0%/ 0.0%
    68,608   134    -0.00348  -0.0009  0.0284  0.011↓    0.0%  -0.067  5.96e-06  99.6%/ 0.2%/ 0.0%/ 0.2%
    69,120   135    -0.00345  +0.0000  0.0035  0.004↓    0.0%  -0.543  5.17e-06  99.6%/ 0.0%/ 0.2%/ 0.2%
    69,632   136    -0.00345  +0.0000  0.0023  0.003↓    0.0%  -0.608  4.45e-06  100.0%/ 0.0%/ 0.0%/ 0.0%
    70,144   137    -0.00345  -0.0000  0.0018  0.003↓    0.0%  -4.690  3.79e-06  100.0%/ 0.0%/ 0.0%/ 0.0%
    70,656   138    -0.00345  +0.0000  0.0020  0.003↓    0.0%  -2.520  3.21e-06  100.0%/ 0.0%/ 0.0%/ 0.0%
    71,168   139    -0.00345  +0.0000  0.0022  0.003↓    0.0%  -2.802  2.69e-06  100.0%/ 0.0%/ 0.0%/ 0.0%
    71,680   140    -0.00345  +0.0000  0.0018  0.003↓    0.0%  -8.183  2.24e-06  100.0%/ 0.0%/ 0.0%/ 0.0%
    72,192   141    -0.00345  +0.0000  0.0040  0.003↓    0.0%  -0.602  1.86e-06  100.0%/ 0.0%/ 0.0%/ 0.0%
    72,704   142    -0.00334  +0.0000  0.0017  0.003↓    0.0%  -6.659  1.55e-06  100.0%/ 0.0%/ 0.0%/ 0.0%
    73,216   143    -0.00334  +0.0000  0.0018  0.003↓    0.0%  -1.072  1.31e-06  100.0%/ 0.0%/ 0.0%/ 0.0%
    73,728   144    -0.00307  +0.0000  0.0016  0.003↓    0.0%  -6.250  1.14e-06  100.0%/ 0.0%/ 0.0%/ 0.0%
    74,240   145    -0.00300  +0.0000  0.0017  0.003↓    0.0%  -7.079  1.03e-06  100.0%/ 0.0%/ 0.0%/ 0.0%
  ✓ Kontrolpunkts: checkpoints_Risk Control Mode_SOL\ckpt_step0074240.pth  [99% apmācības]
    74,752   146    -0.00300  +0.0000  0.0017  0.003↓    0.0%  -8.411  1.00e-06  100.0%/ 0.0%/ 0.0%/ 0.0%
    75,264   147    -0.00300  +0.0000  0.0020  0.003↓    0.0%  -9.642  1.03e-06  100.0%/ 0.0%/ 0.0%/ 0.0%
  ✓ Kontrolpunkts: checkpoints_Risk Control Mode_SOL\ckpt_step0075264.pth  [100% apmācības]

────────────────────────────────────────────────────────────────────────────────
  Vidējais ātrums: 608 soļi/sek
  Vidējā atlīdzība (pēdējie 10 atjauninājumi): -0.00300
  Galīgā entropija: 0.003  (sākums: 1.299)
────────────────────────────────────────────────────────────────────────────────

✓ Galīgais modelis saglabāts: ppo_trader_Risk Control Mode_SOL.pth

============================================================
11. SOLIS: Bektests (4 varianti)
============================================================

────────────────────────────────────────────────────────────  1. Komisija + slipāža          
  Bilance: $1,000.00 | Ienesīgums: +0.00% | MaxDD: 0.00% | Sharpe: 0.000 | Calmar: 0.000 | PF: 0.000 | Darījumi: 0 | Win%: 0.0%

────────────────────────────────────────────────────────────  2. Tikai komisija              
  Bilance: $1,000.00 | Ienesīgums: +0.00% | MaxDD: 0.00% | Sharpe: 0.000 | Calmar: 0.000 | PF: 0.000 | Darījumi: 0 | Win%: 0.0%

────────────────────────────────────────────────────────────  3. Tikai slipāža              
  Bilance: $1,000.00 | Ienesīgums: +0.00% | MaxDD: 0.00% | Sharpe: 0.000 | Calmar: 0.000 | PF: 0.000 | Darījumi: 0 | Win%: 0.0%

────────────────────────────────────────────────────────────  4. Bez izmaksām               
  Bilance: $1,000.00 | Ienesīgums: +0.00% | MaxDD: 0.00% | Sharpe: 0.000 | Calmar: 0.000 | PF: 0.000 | Darījumi: 0 | Win%: 0.0%


======================================================================
12. SOLIS: Rezultāti
======================================================================

  Metrika                     1. Komisija + slipāža            2. Tikai komisija                3. Tikai slipāža                4. Bez izmaksām               
  ──────────────────────────────────────────────────────────────────────────────────────────────────────────────────────────────────────────────────────────────
  Galīgā bilance                                   $1,000.00                       $1,000.00                       $1,000.00                       $1,000.00
  Ienesīgums                                          +0.00%                          +0.00%                          +0.00%                          +0.00%
  Maks. kritums                                        0.00%                           0.00%                           0.00%                           0.00%
  Sharpe (pēc darījumiem)                              0.000                           0.000                           0.000                           0.000
  Calmar koeficients                                   0.000                           0.000                           0.000                           0.000
  Peļņas faktors                                       0.000                           0.000                           0.000                           0.000
  Vid. PnL / solis ($)                              0.000000                        0.000000                        0.000000                        0.000000
  Darījumi                                                 0                               0                               0                               0
  Uzvaru īpatsvars                                      0.0%                            0.0%                            0.0%                            0.0%
  Vid. darījuma P&L                                  +0.000%                         +0.000%                         +0.000%                         +0.000%
  Vid. ilgums (h)                                        0.0                             0.0                             0.0                             0.0
  Vid. slip (ieeja+izeja)                                  —                               —                               —                               —
  Vid. komisija                                            —                               —                               —                               —

  Zudumi no komisijām        : +0.00%
  Zudumi no slipāžas        : +0.00%
  Kopējie zudumi             : +0.00%

  Signāli (variants 1):
    HOLD  :   80,519  (100.0%)
    LONG  :        0  (0.0%)
    SHORT :        0  (0.0%)
    CLOSE :        0  (0.0%)

──────────────────────────────────────────────────────────────────────
  ✓ Rezultāts pievienots: experiments.csv

======================================================================
GATAVS - versija Risk Control Mode  |  simbols: SOL  |  eksperiments: Risk Control Mode
======================================================================
