Žurnāls: ppo_trader_Realistic Mode, OP - 0.004 (Conservative)_ETH.log

Ierīce: cpu  |  AMP: False
Eksperiments: OP - 0.004 (Conservative)

============================================================
1. SOLIS: Datu ielāde
============================================================
Visa datu kopa : 772,429 sveces  |  2019-01-05 05:00:00 → 2026-05-13 02:40:00
Izmantojam     : 331,041 sveces  |  2023-03-20 14:35:00 → 2026-05-13 02:40:00
Apmācība (~2g) : 0..220,694  (2023-03-20 14:35:00 → 2025-04-24 23:05:00)
Tests  (~1g)   : 220,694..331,041  (2025-04-24 23:10:00 → 2026-05-13 02:40:00)
Pazīmes (tirgus): 32
N_STATE_FEATURES=34

Slipāžas rindu priekšaprēķins...

============================================================
7. SOLIS: Modelis
============================================================
Parametri: 62,853  |  INPUT_DIM=34
Arhitektūra: D_MODEL=64, N_HEADS=2, N_LAYERS=1, SEQ_LEN=32

============================================================
10. SOLIS: Apmācība (PPO)
============================================================
Kopējie soļi: 75,000  |  N_ENVS: 4  |  ROLLOUT_STEPS: 128
Bufera izmērs vienam atjauninājumam: 512 pārejas
PPO epohi: 2  |  Mini-pakete: 128
Labvēlības periods: 12 sveces  |  Atvēršanas sods: 0.004  |  Min darījums: 72 sveces  |  Īsa darījuma sods: 0.004
Kontrolpunkti: checkpoints_Realistic Mode, OP - 0.004 (Conservative)_ETH/  (ik pēc 29 atjauninājumiem)

────────────────────────────────────────────────────────────────────────────────
     Solis   Upd  Rew(avg10)       pi       v    ent   clip%      ev        lr  Darbības(H/L/S/C)
────────────────────────────────────────────────────────────────────────────────
       512     1    -0.00350  -0.0005  0.0388  1.299?    0.0%  -1.181  3.00e-04  25.2%/28.5%/26.6%/19.7%
     1,024     2    -0.00322  -0.0000  0.0279  1.305?    0.0%  -0.441  3.00e-04  30.9%/25.4%/26.0%/17.8%
     1,536     3    -0.00327  +0.0001  0.0212  1.290?    0.0%  -0.527  3.00e-04  29.7%/25.4%/25.8%/19.1%
     2,048     4    -0.00327  -0.0000  0.0177  1.302?    0.0%  -1.506  2.99e-04  30.3%/29.5%/22.5%/17.8%
     2,560     5    -0.00323  -0.0008  0.0096  1.297?    0.0%  -0.350  2.99e-04  29.9%/25.8%/26.0%/18.4%
     3,072     6    -0.00326  -0.0005  0.0106  1.308→    0.0%  -0.629  2.99e-04  23.2%/26.2%/31.6%/18.9%
     3,584     7    -0.00327  -0.0003  0.0085  1.298→    0.0%  -0.039  2.98e-04  28.3%/26.2%/26.2%/19.3%
     4,096     8    -0.00328  -0.0006  0.0082  1.308→    0.0%  -0.060  2.98e-04  28.9%/23.2%/28.9%/18.9%
     4,608     9    -0.00328  -0.0004  0.0070  1.306↑    0.0%  -0.387  2.97e-04  29.5%/28.3%/24.0%/18.2%
     5,120    10    -0.00326  -0.0001  0.0064  1.302→    0.0%  -0.247  2.97e-04  27.9%/28.7%/25.0%/18.4%
     5,632    11    -0.00319  -0.0005  0.0050  1.311→    0.0%  -0.271  2.96e-04  26.6%/29.7%/25.8%/18.0%
     6,144    12    -0.00318  -0.0008  0.0051  1.312↑    0.0%  -1.311  2.95e-04  30.9%/30.5%/23.8%/14.8%
     6,656    13    -0.00315  -0.0001  0.0046  1.318↑    0.0%  -2.428  2.94e-04  26.4%/29.5%/27.5%/16.6%
     7,168    14    -0.00314  -0.0005  0.0034  1.312↑    0.0%  -3.567  2.93e-04  24.8%/27.9%/29.1%/18.2%
     7,680    15    -0.00319  -0.0006  0.0052  1.307↑    0.0%  -0.728  2.92e-04  30.3%/24.4%/28.3%/17.0%
     8,192    16    -0.00319  -0.0008  0.0047  1.293↑    0.0%  -0.303  2.91e-04  30.7%/26.8%/24.2%/18.4%
     8,704    17    -0.00319  -0.0002  0.0043  1.302→    0.0%  -1.856  2.90e-04  31.2%/25.2%/25.6%/18.0%
     9,216    18    -0.00315  -0.0008  0.0030  1.299→    0.0%  -0.886  2.89e-04  33.6%/28.9%/20.7%/16.8%
     9,728    19    -0.00316  -0.0002  0.0030  1.308→    0.0%  -1.393  2.88e-04  26.2%/26.0%/30.5%/17.4%
    10,240    20    -0.00317  -0.0010  0.0032  1.300→    0.0%  -1.327  2.86e-04  29.5%/26.2%/27.1%/17.2%
    10,752    21    -0.00319  -0.0005  0.0028  1.307→    0.0%  -0.444  2.85e-04  28.5%/27.0%/27.5%/17.0%
    11,264    22    -0.00324  -0.0003  0.0030  1.289→    0.0%  -1.072  2.84e-04  31.4%/25.6%/25.2%/17.8%
    11,776    23    -0.00321  -0.0013  0.0022  1.290→    0.0%  +0.017  2.82e-04  34.0%/26.2%/23.0%/16.8%
    12,288    24    -0.00322  -0.0010  0.0030  1.306→    0.0%  -1.548  2.81e-04  30.9%/26.8%/25.6%/16.8%
    12,800    25    -0.00320  -0.0010  0.0032  1.275↓    0.0%  -0.346  2.79e-04  35.4%/27.0%/19.9%/17.8%
    13,312    26    -0.00320  -0.0006  0.0034  1.310→    0.0%  -0.242  2.77e-04  30.7%/26.8%/28.5%/14.1%
    13,824    27    -0.00315  -0.0006  0.0023  1.286↓    0.0%  +0.036  2.75e-04  36.9%/26.2%/22.5%/14.5%
    14,336    28    -0.00315  +0.0002  0.0025  1.293↓    0.0%  -0.148  2.74e-04  33.0%/22.5%/27.5%/17.0%
    14,848    29    -0.00310  -0.0017  0.0020  1.291↓    0.0%  -0.091  2.72e-04  35.2%/25.8%/24.0%/15.0%
  ✓ Kontrolpunkts: checkpoints_Realistic Mode, OP - 0.004 (Conservative)_ETH\ckpt_step0014848.pth  [20% apmācības]
    15,360    30    -0.00312  -0.0010  0.0020  1.295↓    0.0%  -2.417  2.70e-04  29.3%/25.0%/27.5%/18.2%
    15,872    31    -0.00311  -0.0021  0.0019  1.284↓    0.0%  -1.411  2.68e-04  36.9%/21.5%/27.0%/14.6%
    16,384    32    -0.00313  -0.0003  0.0026  1.265↓    0.0%  -1.567  2.66e-04  37.9%/20.3%/23.6%/18.2%
    16,896    33    -0.00314  -0.0010  0.0021  1.272↓    0.0%  -1.770  2.64e-04  39.5%/25.4%/20.1%/15.0%
    17,408    34    -0.00316  -0.0005  0.0025  1.281↓    0.0%  -0.170  2.62e-04  37.3%/26.8%/21.7%/14.3%
    17,920    35    -0.00317  -0.0015  0.0036  1.286↓    0.0%  +0.123  2.60e-04  34.0%/25.2%/24.4%/16.4%
    18,432    36    -0.00317  -0.0019  0.0030  1.267↓    0.0%  -0.047  2.57e-04  37.5%/22.1%/23.8%/16.6%
    18,944    37    -0.00323  -0.0020  0.0029  1.285↓    0.0%  +0.371  2.55e-04  32.8%/24.2%/25.4%/17.6%
    19,456    38    -0.00322  -0.0002  0.0021  1.275↓    0.0%  -0.363  2.53e-04  39.6%/24.4%/20.5%/15.4%
    19,968    39    -0.00323  -0.0003  0.0024  1.275↓    0.0%  -0.034  2.50e-04  37.3%/21.1%/25.0%/16.6%
    20,480    40    -0.00320  -0.0017  0.0020  1.275↓    0.0%  -0.430  2.48e-04  33.2%/26.2%/24.8%/15.8%
    20,992    41    -0.00323  -0.0032  0.0019  1.272↓    0.0%  -0.279  2.45e-04  35.2%/23.4%/24.0%/17.4%
    21,504    42    -0.00315  -0.0009  0.0016  1.283↓    0.0%  +0.115  2.43e-04  40.6%/23.2%/22.7%/13.5%
    22,016    43    -0.00308  -0.0018  0.0017  1.233↓    0.0%  +0.070  2.40e-04  44.5%/18.2%/22.3%/15.0%
    22,528    44    -0.00299  -0.0008  0.0019  1.229↓    0.0%  +0.217  2.38e-04  43.9%/21.1%/19.7%/15.2%
    23,040    45    -0.00288  -0.0007  0.0014  1.193↓    0.0%  -1.466  2.35e-04  45.9%/18.6%/22.3%/13.3%
    23,552    46    -0.00274  -0.0012  0.0015  1.221↓    0.0%  -0.249  2.33e-04  44.7%/15.6%/27.7%/11.9%
    24,064    47    -0.00261  -0.0003  0.0014  1.176↓    0.0%  -2.012  2.30e-04  51.0%/17.0%/21.9%/10.2%
    24,576    48    -0.00257  -0.0034  0.0014  1.176↓    0.0%  -4.268  2.27e-04  51.6%/16.6%/19.3%/12.5%
    25,088    49    -0.00248  -0.0059  0.0014  1.169↓    0.4%  -0.638  2.24e-04  46.7%/16.2%/23.6%/13.5%
    25,600    50    -0.00244  -0.0042  0.0014  1.110↓    0.1%  -1.089  2.22e-04  52.1%/14.6%/20.1%/13.1%
    26,112    51    -0.00237  -0.0027  0.0016  1.103↓    1.4%  -0.860  2.19e-04  54.9%/14.5%/19.7%/10.9%
    26,624    52    -0.00232  -0.0051  0.0017  1.091↓    0.0%  +0.106  2.16e-04  56.4%/16.8%/17.0%/ 9.8%
    27,136    53    -0.00245  -0.0015  0.0031  1.179↓    0.0%  -0.671  2.13e-04  44.5%/21.7%/22.1%/11.7%
    27,648    54    -0.00247  -0.0029  0.0020  1.022↓    0.1%  -1.002  2.10e-04  58.2%/14.3%/17.0%/10.5%
    28,160    55    -0.00243  -0.0007  0.0017  1.003↓    0.1%  -0.093  2.07e-04  64.8%/13.1%/13.7%/ 8.4%
    28,672    56    -0.00236  -0.0017  0.0016  0.969↓    0.0%  -0.231  2.04e-04  66.2%/10.5%/14.6%/ 8.6%
    29,184    57    -0.00234  -0.0006  0.0011  0.972↓    0.8%  +0.081  2.01e-04  65.6%/11.5%/14.3%/ 8.6%
    29,696    58    -0.00227  +0.0006  0.0014  0.930↓    0.0%  -0.321  1.98e-04  67.8%/ 9.4%/14.1%/ 8.8%
  ✓ Kontrolpunkts: checkpoints_Realistic Mode, OP - 0.004 (Conservative)_ETH\ckpt_step0029696.pth  [40% apmācības]
    30,208    59    -0.00226  +0.0006  0.0020  0.936↓    0.0%  +0.474  1.95e-04  64.1%/12.9%/12.9%/10.2%
    30,720    60    -0.00220  +0.0018  0.0018  0.988↓    0.1%  +0.188  1.92e-04  60.7%/13.3%/16.6%/ 9.4%
    31,232    61    -0.00212  -0.0033  0.0016  0.902↓    0.9%  +0.052  1.89e-04  67.6%/11.1%/11.5%/ 9.8%
    31,744    62    -0.00207  -0.0018  0.0013  0.932↓    0.4%  +0.571  1.86e-04  64.1%/12.1%/13.7%/10.2%
    32,256    63    -0.00187  -0.0007  0.0012  0.821↓    0.0%  +0.116  1.82e-04  73.6%/ 9.8%/10.2%/ 6.4%
    32,768    64    -0.00182  -0.0027  0.0018  0.982↓    0.4%  +0.518  1.79e-04  61.7%/15.6%/12.1%/10.5%
    33,280    65    -0.00179  -0.0033  0.0012  0.895↓    0.3%  -0.650  1.76e-04  68.9%/11.1%/12.1%/ 7.8%
    33,792    66    -0.00186  -0.0017  0.0012  0.842↓    0.1%  -0.136  1.73e-04  70.9%/10.9%/10.4%/ 7.8%
    34,304    67    -0.00180  -0.0015  0.0009  0.803↓    0.1%  -2.139  1.70e-04  72.3%/10.9%/10.2%/ 6.6%
    34,816    68    -0.00185  +0.0000  0.0010  0.806↓    0.0%  -1.030  1.67e-04  72.7%/ 9.2%/10.9%/ 7.2%
    35,328    69    -0.00179  -0.0007  0.0010  0.823↓    0.2%  -0.959  1.63e-04  74.8%/ 8.4%/10.9%/ 5.9%
    35,840    70    -0.00186  +0.0015  0.0022  0.930↓    0.7%  +0.543  1.60e-04  66.2%/11.7%/12.9%/ 9.2%
    36,352    71    -0.00191  -0.0024  0.0015  0.964↓    1.6%  +0.682  1.57e-04  64.8%/16.6%/10.9%/ 7.6%
    36,864    72    -0.00191  +0.0020  0.0013  0.889↓    0.0%  +0.433  1.54e-04  69.1%/12.5%/10.7%/ 7.6%
    37,376    73    -0.00191  -0.0025  0.0011  0.954↓    0.4%  +0.525  1.50e-04  67.4%/13.5%/10.4%/ 8.8%
    37,888    74    -0.00185  -0.0024  0.0012  0.900↓    0.0%  -1.075  1.47e-04  68.2%/13.3%/10.2%/ 8.4%
    38,400    75    -0.00189  +0.0002  0.0017  0.891↓    0.1%  -0.033  1.44e-04  71.1%/11.7%/10.0%/ 7.2%
    38,912    76    -0.00180  -0.0022  0.0014  0.866↓    0.0%  -1.063  1.41e-04  71.5%/10.9%/11.1%/ 6.4%
    39,424    77    -0.00179  +0.0018  0.0009  0.880↓    0.0%  -0.326  1.38e-04  71.1%/14.3%/ 8.6%/ 6.1%
    39,936    78    -0.00170  -0.0008  0.0008  0.873↓    0.0%  -1.262  1.34e-04  72.9%/12.5%/ 9.0%/ 5.7%
    40,448    79    -0.00179  -0.0006  0.0015  0.914↓    0.3%  +0.411  1.31e-04  66.6%/14.1%/10.7%/ 8.6%
    40,960    80    -0.00167  +0.0017  0.0011  0.935↓    0.1%  -0.198  1.28e-04  63.9%/14.1%/11.7%/10.4%
    41,472    81    -0.00161  +0.0013  0.0011  0.877↓    0.0%  -0.604  1.25e-04  70.5%/12.7%/ 8.6%/ 8.2%
    41,984    82    -0.00155  +0.0017  0.0009  0.865↓    0.2%  -0.984  1.22e-04  75.0%/ 8.6%/10.0%/ 6.4%
    42,496    83    -0.00154  +0.0012  0.0009  0.827↓    0.0%  -0.609  1.19e-04  70.9%/11.5%/10.0%/ 7.6%
    43,008    84    -0.00159  -0.0009  0.0012  0.930↓    0.4%  -0.186  1.15e-04  67.6%/14.5%/10.5%/ 7.4%
    43,520    85    -0.00160  -0.0016  0.0012  0.932↓    0.6%  -0.269  1.12e-04  68.8%/15.2%/ 8.8%/ 7.2%
    44,032    86    -0.00162  -0.0025  0.0010  0.952↓    0.1%  +0.415  1.09e-04  66.4%/14.5%/10.5%/ 8.6%
    44,544    87    -0.00184  +0.0003  0.0046  0.986↓    0.3%  -0.316  1.06e-04  61.9%/16.6%/12.5%/ 9.0%
  ✓ Kontrolpunkts: checkpoints_Realistic Mode, OP - 0.004 (Conservative)_ETH\ckpt_step0044544.pth  [59% apmācības]
    45,056    88    -0.00191  -0.0015  0.0012  1.003↓    0.2%  +0.210  1.03e-04  61.9%/16.6%/12.1%/ 9.4%
    45,568    89    -0.00182  +0.0004  0.0011  0.937↓    0.0%  -0.454  1.00e-04  69.3%/13.5%/ 9.8%/ 7.4%
    46,080    90    -0.00179  -0.0005  0.0011  0.863↓    0.0%  -1.098  9.70e-05  76.4%/ 8.8%/ 8.2%/ 6.6%
    46,592    91    -0.00179  +0.0009  0.0008  0.875↓    0.0%  -0.775  9.40e-05  71.3%/11.1%/10.2%/ 7.4%
    47,104    92    -0.00186  -0.0008  0.0010  0.833↓    0.0%  -0.277  9.11e-05  72.1%/11.9%/ 9.4%/ 6.6%
    47,616    93    -0.00182  -0.0010  0.0009  0.867↓    0.0%  +0.428  8.81e-05  69.7%/10.2%/11.7%/ 8.4%
    48,128    94    -0.00171  +0.0012  0.0008  0.833↓    0.1%  -0.503  8.52e-05  71.3%/10.9%/11.3%/ 6.4%
    48,640    95    -0.00166  -0.0031  0.0010  0.885↓    0.4%  +0.439  8.23e-05  70.7%/12.7%/ 8.6%/ 8.0%
    49,152    96    -0.00178  -0.0018  0.0044  0.894↓    0.3%  +0.209  7.95e-05  68.9%/13.3%/10.7%/ 7.0%
    49,664    97    -0.00169  +0.0011  0.0023  0.911↓    0.3%  +0.152  7.67e-05  68.4%/12.7%/11.5%/ 7.4%
    50,176    98    -0.00172  -0.0014  0.0015  1.013↓    0.7%  -0.521  7.39e-05  63.3%/16.4%/11.7%/ 8.6%
    50,688    99    -0.00172  -0.0005  0.0011  0.900↓    0.1%  -0.261  7.12e-05  70.9%/11.7%/10.2%/ 7.2%
    51,200   100    -0.00171  -0.0016  0.0012  0.931↓    0.0%  -0.721  6.84e-05  67.6%/12.9%/12.3%/ 7.2%
    51,712   101    -0.00172  -0.0013  0.0022  0.842↓    0.0%  +0.375  6.58e-05  70.9%/10.4%/11.5%/ 7.2%
    52,224   102    -0.00180  +0.0002  0.0014  0.961↓    0.2%  +0.342  6.31e-05  59.0%/18.4%/12.9%/ 9.8%
    52,736   103    -0.00189  -0.0012  0.0015  0.943↓    0.2%  +0.805  6.06e-05  65.2%/17.4%/11.7%/ 5.7%
    53,248   104    -0.00205  -0.0037  0.0011  0.951↓    0.0%  +0.833  5.80e-05  62.1%/16.2%/12.1%/ 9.6%
    53,760   105    -0.00201  -0.0062  0.0012  0.910↓    0.2%  +0.727  5.55e-05  68.0%/11.7%/14.3%/ 6.1%
    54,272   106    -0.00192  +0.0015  0.0010  0.915↓    0.8%  +0.807  5.30e-05  67.2%/14.6%/11.5%/ 6.6%
    54,784   107    -0.00191  -0.0004  0.0015  0.871↓    0.1%  +0.449  5.06e-05  70.9%/12.1%/ 9.0%/ 8.0%
    55,296   108    -0.00192  -0.0006  0.0014  0.886↓    0.3%  +0.685  4.83e-05  64.5%/14.3%/12.7%/ 8.6%
    55,808   109    -0.00195  -0.0007  0.0011  0.922↓    0.2%  +0.505  4.59e-05  65.6%/14.3%/10.5%/ 9.6%
    56,320   110    -0.00198  +0.0011  0.0007  0.819↓    0.0%  +0.273  4.37e-05  76.2%/ 8.6%/ 8.6%/ 6.6%
    56,832   111    -0.00193  +0.0004  0.0013  0.848↓    0.0%  -0.431  4.14e-05  74.4%/10.7%/ 7.4%/ 7.4%
    57,344   112    -0.00179  -0.0012  0.0010  0.808↓    0.0%  -0.037  3.93e-05  74.6%/ 8.4%/11.3%/ 5.7%
    57,856   113    -0.00179  -0.0007  0.0009  0.841↓    0.2%  -0.009  3.71e-05  71.1%/12.9%/ 8.6%/ 7.4%
    58,368   114    -0.00166  +0.0000  0.0010  0.884↓    0.0%  -0.045  3.51e-05  69.3%/14.5%/10.4%/ 5.9%
    58,880   115    -0.00164  -0.0007  0.0006  0.818↓    0.0%  -0.345  3.30e-05  73.6%/12.5%/ 8.4%/ 5.5%
    59,392   116    -0.00159  +0.0014  0.0017  0.883↓    0.3%  -0.362  3.11e-05  74.0%/12.1%/ 9.4%/ 4.5%
  ✓ Kontrolpunkts: checkpoints_Realistic Mode, OP - 0.004 (Conservative)_ETH\ckpt_step0059392.pth  [79% apmācības]
    59,904   117    -0.00146  -0.0012  0.0008  0.816↓    0.4%  -0.130  2.92e-05  71.3%/10.4%/12.1%/ 6.2%
    60,416   118    -0.00135  -0.0022  0.0011  0.874↓    0.1%  -0.951  2.73e-05  66.8%/13.7%/10.9%/ 8.6%
    60,928   119    -0.00133  -0.0026  0.0006  0.818↓    0.0%  -0.288  2.55e-05  72.3%/14.8%/ 7.2%/ 5.7%
    61,440   120    -0.00131  -0.0003  0.0009  0.815↓    0.0%  +0.028  2.38e-05  73.8%/ 9.6%/11.5%/ 5.1%
    61,952   121    -0.00131  -0.0023  0.0010  0.827↓    0.0%  +0.221  2.21e-05  74.0%/10.9%/ 8.4%/ 6.6%
    62,464   122    -0.00126  -0.0034  0.0023  0.897↓    0.2%  +0.002  2.05e-05  66.6%/15.4%/13.3%/ 4.7%
    62,976   123    -0.00125  +0.0009  0.0010  0.835↓    0.1%  -0.211  1.89e-05  72.3%/11.5%/ 9.6%/ 6.6%
    63,488   124    -0.00129  +0.0001  0.0014  0.855↓    0.4%  -0.449  1.74e-05  72.7%/10.9%/10.9%/ 5.5%
    64,000   125    -0.00131  -0.0001  0.0008  0.831↓    0.0%  -0.048  1.60e-05  72.3%/12.3%/ 8.2%/ 7.2%
    64,512   126    -0.00140  -0.0021  0.0010  0.787↓    0.0%  +0.203  1.46e-05  76.0%/11.7%/ 7.0%/ 5.3%
    65,024   127    -0.00141  +0.0010  0.0009  0.827↓    0.0%  -0.651  1.33e-05  73.6%/11.3%/ 9.4%/ 5.7%
    65,536   128    -0.00146  +0.0014  0.0011  0.799↓    0.0%  +0.366  1.21e-05  75.4%/ 9.6%/ 9.2%/ 5.9%
    66,048   129    -0.00146  -0.0005  0.0013  0.877↓    0.4%  +0.517  1.09e-05  69.3%/11.7%/12.3%/ 6.6%
    66,560   130    -0.00150  -0.0002  0.0014  0.822↓    0.1%  +0.327  9.77e-06  77.9%/ 9.2%/ 7.8%/ 5.1%
    67,072   131    -0.00159  +0.0008  0.0016  0.880↓    0.2%  +0.085  8.72e-06  71.5%/11.7%/10.2%/ 6.6%
    67,584   132    -0.00166  +0.0001  0.0010  0.856↓    0.0%  +0.529  7.73e-06  68.4%/12.7%/12.3%/ 6.6%
    68,096   133    -0.00166  +0.0007  0.0014  0.949↓    1.0%  +0.386  6.81e-06  57.2%/15.4%/16.0%/11.3%
    68,608   134    -0.00165  +0.0002  0.0010  0.882↓    0.0%  +0.350  5.96e-06  72.5%/12.9%/ 7.6%/ 7.0%
    69,120   135    -0.00173  +0.0002  0.0013  0.815↓    0.1%  +0.424  5.17e-06  73.2%/11.3%/ 8.8%/ 6.6%
    69,632   136    -0.00174  +0.0004  0.0017  0.857↓    0.0%  +0.248  4.45e-06  69.3%/13.9%/ 9.6%/ 7.2%
    70,144   137    -0.00175  +0.0001  0.0009  0.818↓    0.1%  -0.569  3.79e-06  75.4%/10.9%/ 9.4%/ 4.3%
    70,656   138    -0.00162  +0.0005  0.0043  0.825↓    0.1%  -0.368  3.21e-06  77.7%/10.0%/ 7.4%/ 4.9%
    71,168   139    -0.00161  +0.0006  0.0007  0.831↓    0.2%  -1.381  2.69e-06  74.6%/11.5%/ 7.2%/ 6.6%
    71,680   140    -0.00153  +0.0001  0.0018  0.818↓    0.0%  -0.411  2.24e-06  73.8%/13.5%/ 8.0%/ 4.7%
    72,192   141    -0.00148  -0.0015  0.0010  0.862↓    0.1%  +0.348  1.86e-06  70.3%/14.6%/ 9.2%/ 5.9%
    72,704   142    -0.00151  +0.0027  0.0012  0.817↓    0.1%  +0.177  1.55e-06  73.8%/10.7%/10.4%/ 5.1%
    73,216   143    -0.00146  +0.0014  0.0008  0.786↓    0.0%  -1.112  1.31e-06  76.4%/ 9.2%/ 7.6%/ 6.8%
    73,728   144    -0.00149  -0.0004  0.0010  0.792↓    0.0%  -0.015  1.14e-06  72.7%/10.2%/11.1%/ 6.1%
    74,240   145    -0.00134  -0.0001  0.0010  0.884↓    0.0%  -0.717  1.03e-06  73.2%/12.5%/ 9.4%/ 4.9%
  ✓ Kontrolpunkts: checkpoints_Realistic Mode, OP - 0.004 (Conservative)_ETH\ckpt_step0074240.pth  [99% apmācības]
    74,752   146    -0.00121  +0.0004  0.0017  0.870↓    0.1%  -1.272  1.00e-06  71.5%/12.9%/10.5%/ 5.1%
    75,264   147    -0.00116  -0.0001  0.0012  0.883↓    0.0%  -0.925  1.03e-06  72.1%/10.7%/11.5%/ 5.7%
  ✓ Kontrolpunkts: checkpoints_Realistic Mode, OP - 0.004 (Conservative)_ETH\ckpt_step0075264.pth  [100% apmācības]

────────────────────────────────────────────────────────────────────────────────
  Vidējais ātrums: 602 soļi/sek
  Vidējā atlīdzība (pēdējie 10 atjauninājumi): -0.00116
  Galīgā entropija: 0.883  (sākums: 1.299)
────────────────────────────────────────────────────────────────────────────────

✓ Galīgais modelis saglabāts: ppo_trader_Realistic Mode, OP - 0.004 (Conservative)_ETH.pth

============================================================
11. SOLIS: Bektests (4 varianti)
============================================================

────────────────────────────────────────────────────────────  1. Komisija + slipāža          
  Bilance: $149.47 | Ienesīgums: -85.05% | MaxDD: 95.63% | Sharpe: -1.009 | Calmar: -0.889 | PF: 0.763 | Darījumi: 254 | Win%: 9.1%

────────────────────────────────────────────────────────────  2. Tikai komisija              
  Bilance: $1,060.54 | Ienesīgums: +6.05% | MaxDD: 69.68% | Sharpe: 0.513 | Calmar: 0.087 | PF: 1.115 | Darījumi: 254 | Win%: 41.3%

────────────────────────────────────────────────────────────  3. Tikai slipāža              
  Bilance: $183.28 | Ienesīgums: -81.67% | MaxDD: 94.66% | Sharpe: -0.903 | Calmar: -0.863 | PF: 0.757 | Darījumi: 254 | Win%: 9.4%

────────────────────────────────────────────────────────────  4. Bez izmaksām               
  Bilance: $1,299.55 | Ienesīgums: +29.96% | MaxDD: 64.38% | Sharpe: 0.619 | Calmar: 0.465 | PF: 1.163 | Darījumi: 254 | Win%: 46.1%


======================================================================
12. SOLIS: Rezultāti
======================================================================

  Metrika                     1. Komisija + slipāža            2. Tikai komisija                3. Tikai slipāža                4. Bez izmaksām               
  ──────────────────────────────────────────────────────────────────────────────────────────────────────────────────────────────────────────────────────────────
  Galīgā bilance                                     $149.47                       $1,060.54                         $183.28                       $1,299.55
  Ienesīgums                                         -85.05%                          +6.05%                         -81.67%                         +29.96%
  Maks. kritums                                       95.63%                          69.68%                          94.66%                          64.38%
  Sharpe (pēc darījumiem)                             -1.009                           0.513                          -0.903                           0.619
  Calmar koeficients                                  -0.889                           0.087                          -0.863                           0.465
  Peļņas faktors                                       0.763                           1.115                           0.757                           1.163
  Vid. PnL / solis ($)                             -0.003873                        0.001858                       -0.004054                        0.002715
  Darījumi                                               254                             254                             254                             254
  Uzvaru īpatsvars                                      9.1%                           41.3%                            9.4%                           46.1%
  Vid. darījuma P&L                                  -0.380%                         +0.194%                         -0.340%                         +0.234%
  Vid. ilgums (h)                                       36.0                            36.0                            36.0                            36.0
  Vid. slip (ieeja+izeja)                            0.3847%                               —                         0.3847%                               —
  Vid. komisija                                      0.0800%                         0.0800%                               —                               —

  Zudumi no komisijām        : +23.90%
  Zudumi no slipāžas        : +111.63%
  Kopējie zudumi             : +115.01%

  Signāli (variants 1):
    HOLD  :  104,541  (94.7%)
    LONG  :    5,513  (5.0%)
    SHORT :       40  (0.0%)
    CLOSE :      251  (0.2%)

  Darījumi: LONG=218  SHORT=36

  ──────────────────────────────────────────────────────────
  TOP 5 IENESĪGĀKIE
  1. LONG  | 2025-06-23 01:15 → 2025-10-10 22:10 | 2636h 55m | P&L: +889.68$ (+72.950%) | slip: 0.087%/0.404%
  2. LONG  | 2025-04-26 01:15 → 2025-05-22 01:25 | 624h 10m | P&L: +437.08$ (+43.757%) | slip: 0.071%/0.133%
  3. LONG  | 2026-02-06 11:05 → 2026-05-13 02:30 | 2295h 25m | P&L: +23.71$ (+18.854%) | slip: 0.165%/0.044%
  4. LONG  | 2025-10-11 11:15 → 2025-10-11 11:50 | 0h 35m | P&L: +3.16$ (+0.264%) | slip: 0.066%/0.070%
  5. LONG  | 2025-11-15 02:25 → 2025-11-15 03:15 | 0h 50m | P&L: +2.96$ (+0.365%) | slip: 0.055%/0.037%

  ──────────────────────────────────────────────────────────
  TOP 5 ZAUDĪGĀKIE
  1. LONG  | 2025-05-22 01:55 → 2025-06-23 01:10 | 767h 15m | P&L: -188.29$ (-13.360%) | slip: 0.157%/0.068%
  2. LONG  | 2025-10-11 12:35 → 2025-11-05 02:15 | 589h 40m | P&L: -184.36$ (-15.574%) | slip: 0.076%/0.397%
  3. LONG  | 2025-12-19 05:10 → 2026-02-01 00:20 | 1051h 10m | P&L: -115.68$ (-15.853%) | slip: 0.099%/0.315%
  4. LONG  | 2025-10-10 22:15 → 2025-10-10 22:20 | 0h 5m | P&L: -58.35$ (-2.786%) | slip: 0.651%/0.838%
  5. LONG  | 2025-11-05 07:15 → 2025-11-15 01:30 | 234h 15m | P&L: -49.85$ (-5.771%) | slip: 0.080%/0.158%

  ✓ Darījumu žurnāls: backtest_Realistic Mode, OP - 0.004 (Conservative)_ETH_trades.csv

──────────────────────────────────────────────────────────────────────
  ✓ Rezultāts pievienots: experiments.csv

======================================================================
GATAVS - versija Realistic Mode, OP - 0.004 (Conservative)  |  simbols: ETH  |  eksperiments: OP - 0.004 (Conservative)
======================================================================
