Žurnāls: ppo_trader_Realistic Mode, OP - 0.0008 (Active)_BTC.log

Ierīce: cpu  |  AMP: False
Eksperiments: OP - 0.0008 (Active)

============================================================
1. SOLIS: Datu ielāde
============================================================
Visa datu kopa : 771,726 sveces  |  2019-01-05 05:00:00 → 2026-05-10 16:05:00
Izmantojam     : 330,740 sveces  |  2023-03-19 05:05:00 → 2026-05-10 16:05:00
Apmācība (~2g) : 0..220,493  (2023-03-19 05:05:00 → 2025-04-22 20:50:00)
Tests  (~1g)   : 220,493..330,740  (2025-04-22 20:55:00 → 2026-05-10 16:05:00)
Pazīmes (tirgus): 32
N_STATE_FEATURES=34

Slipāžas rindu priekšaprēķins...

============================================================
7. SOLIS: Modelis
============================================================
Parametri: 62,853  |  INPUT_DIM=34
Arhitektūra: D_MODEL=64, N_HEADS=2, N_LAYERS=1, SEQ_LEN=32

============================================================
10. SOLIS: Apmācība (PPO)
============================================================
Kopējie soļi: 75,000  |  N_ENVS: 4  |  ROLLOUT_STEPS: 128
Bufera izmērs vienam atjauninājumam: 512 pārejas
PPO epohi: 2  |  Mini-pakete: 128
Labvēlības periods: 12 sveces  |  Atvēršanas sods: 0.0008  |  Min darījums: 72 sveces  |  Īsa darījuma sods: 0.0008
Kontrolpunkti: checkpoints_Realistic Mode, OP - 0.0008 (Active)_BTC/  (ik pēc 29 atjauninājumiem)

────────────────────────────────────────────────────────────────────────────────
     Solis   Upd  Rew(avg10)       pi       v    ent   clip%      ev        lr  Darbības(H/L/S/C)
────────────────────────────────────────────────────────────────────────────────
       512     1    -0.00156  -0.0009  0.0359  1.300?    0.0%  -0.901  3.00e-04  25.0%/28.5%/26.8%/19.7%
     1,024     2    -0.00136  -0.0007  0.0231  1.307?    0.0%  -0.095  3.00e-04  30.1%/25.8%/26.2%/18.0%
     1,536     3    -0.00132  -0.0001  0.0176  1.291?    0.0%  +0.218  3.00e-04  29.7%/26.2%/25.0%/19.1%
     2,048     4    -0.00128  -0.0003  0.0121  1.302?    0.0%  -0.073  2.99e-04  29.7%/30.3%/21.9%/18.2%
     2,560     5    -0.00130  -0.0002  0.0118  1.296?    0.0%  -0.520  2.99e-04  29.3%/27.3%/25.0%/18.4%
     3,072     6    -0.00134  -0.0004  0.0108  1.307→    0.0%  +0.085  2.99e-04  23.0%/27.0%/30.7%/19.3%
     3,584     7    -0.00135  -0.0002  0.0101  1.296→    0.0%  -0.183  2.98e-04  27.7%/27.1%/25.4%/19.7%
     4,096     8    -0.00134  -0.0003  0.0074  1.310→    0.0%  -0.190  2.98e-04  29.1%/23.8%/28.5%/18.6%
     4,608     9    -0.00135  -0.0005  0.0074  1.307↑    0.0%  +0.560  2.97e-04  27.7%/28.1%/24.8%/19.3%
     5,120    10    -0.00135  -0.0007  0.0072  1.307→    0.0%  -0.420  2.97e-04  27.7%/29.1%/25.6%/17.6%
     5,632    11    -0.00135  -0.0002  0.0084  1.307→    0.0%  +0.174  2.96e-04  24.8%/29.3%/26.0%/19.9%
     6,144    12    -0.00135  -0.0003  0.0051  1.314↑    0.0%  -0.556  2.95e-04  30.3%/30.1%/24.2%/15.4%
     6,656    13    -0.00136  -0.0006  0.0041  1.313↑    0.0%  -1.514  2.94e-04  24.0%/29.3%/27.7%/18.9%
     7,168    14    -0.00138  -0.0001  0.0044  1.311↑    0.0%  -0.466  2.93e-04  25.6%/26.8%/29.1%/18.6%
     7,680    15    -0.00139  -0.0003  0.0036  1.300↑    0.0%  -1.223  2.92e-04  27.0%/25.6%/28.3%/19.1%
     8,192    16    -0.00136  +0.0006  0.0038  1.294→    0.0%  -0.227  2.91e-04  28.5%/27.9%/24.2%/19.3%
     8,704    17    -0.00135  -0.0003  0.0030  1.308→    0.0%  +0.047  2.90e-04  27.7%/27.7%/25.6%/18.9%
     9,216    18    -0.00137  -0.0004  0.0035  1.303→    0.0%  -0.386  2.89e-04  29.5%/29.1%/23.2%/18.2%
     9,728    19    -0.00142  -0.0005  0.0040  1.315→    0.0%  -0.536  2.88e-04  23.8%/27.5%/31.4%/17.2%
    10,240    20    -0.00143  +0.0002  0.0024  1.307↑    0.0%  -0.515  2.86e-04  24.8%/27.9%/29.1%/18.2%
    10,752    21    -0.00142  -0.0004  0.0029  1.310↑    0.0%  -1.998  2.85e-04  25.8%/28.1%/28.3%/17.8%
    11,264    22    -0.00150  -0.0001  0.0025  1.299↑    0.0%  -0.040  2.84e-04  24.2%/29.7%/25.4%/20.7%
    11,776    23    -0.00150  -0.0001  0.0027  1.299↑    0.0%  -0.768  2.82e-04  27.9%/26.8%/26.4%/18.9%
    12,288    24    -0.00155  +0.0002  0.0025  1.315↑    0.0%  -1.292  2.81e-04  28.1%/28.9%/25.6%/17.4%
    12,800    25    -0.00159  -0.0004  0.0029  1.301→    0.0%  +0.389  2.79e-04  26.4%/28.9%/24.2%/20.5%
    13,312    26    -0.00164  -0.0004  0.0023  1.323↑    0.0%  +0.224  2.77e-04  23.2%/29.7%/30.3%/16.8%
    13,824    27    -0.00169  -0.0004  0.0025  1.312↑    0.0%  +0.436  2.75e-04  27.0%/29.7%/26.8%/16.6%
    14,336    28    -0.00170  -0.0001  0.0018  1.315↑    0.0%  -1.140  2.74e-04  27.1%/27.1%/29.1%/16.6%
    14,848    29    -0.00165  -0.0005  0.0022  1.307↑    0.0%  -0.590  2.72e-04  24.0%/29.3%/26.8%/19.9%
  ✓ Kontrolpunkts: checkpoints_Realistic Mode, OP - 0.0008 (Active)_BTC\ckpt_step0014848.pth  [20% apmācības]
    15,360    30    -0.00167  -0.0008  0.0021  1.309↑    0.0%  -0.700  2.70e-04  25.0%/25.8%/30.1%/19.1%
    15,872    31    -0.00168  -0.0001  0.0016  1.299↑    0.0%  -2.101  2.68e-04  29.1%/24.0%/29.5%/17.4%
    16,384    32    -0.00162  -0.0003  0.0017  1.293↑    0.0%  -1.856  2.66e-04  29.5%/24.2%/25.4%/20.9%
    16,896    33    -0.00164  -0.0005  0.0016  1.310↑    0.0%  -2.342  2.64e-04  27.7%/30.1%/24.2%/18.0%
    17,408    34    -0.00161  -0.0003  0.0019  1.312↑    0.0%  -1.716  2.62e-04  24.8%/31.6%/25.6%/18.0%
    17,920    35    -0.00169  -0.0001  0.0029  1.307↑    0.0%  -0.737  2.60e-04  26.8%/29.1%/26.0%/18.2%
    18,432    36    -0.00172  -0.0002  0.0024  1.305→    0.0%  -1.122  2.57e-04  26.4%/26.8%/27.3%/19.5%
    18,944    37    -0.00176  -0.0002  0.0023  1.298→    0.0%  +0.244  2.55e-04  27.5%/27.9%/25.8%/18.8%
    19,456    38    -0.00178  -0.0004  0.0025  1.308→    0.0%  +0.028  2.53e-04  27.1%/29.3%/23.8%/19.7%
    19,968    39    -0.00184  -0.0003  0.0018  1.301→    0.0%  +0.085  2.50e-04  30.5%/25.4%/26.4%/17.8%
    20,480    40    -0.00183  -0.0001  0.0017  1.305→    0.0%  -0.193  2.48e-04  24.2%/29.1%/28.3%/18.4%
    20,992    41    -0.00185  -0.0009  0.0018  1.302→    0.0%  +0.158  2.45e-04  27.1%/26.2%/26.6%/20.1%
    21,504    42    -0.00188  -0.0005  0.0017  1.313→    0.0%  -0.076  2.43e-04  28.9%/28.5%/25.6%/17.0%
    22,016    43    -0.00191  +0.0004  0.0015  1.302→    0.0%  +0.125  2.40e-04  28.9%/26.0%/26.2%/18.9%
    22,528    44    -0.00191  -0.0003  0.0014  1.310→    0.0%  +0.175  2.38e-04  27.7%/30.1%/23.6%/18.6%
    23,040    45    -0.00181  +0.0002  0.0016  1.301→    0.0%  -0.082  2.35e-04  27.0%/27.3%/26.8%/18.9%
    23,552    46    -0.00175  -0.0005  0.0011  1.313→    0.0%  +0.181  2.33e-04  26.0%/25.2%/32.4%/16.4%
    24,064    47    -0.00167  -0.0003  0.0013  1.302→    0.0%  -0.159  2.30e-04  26.0%/27.7%/27.7%/18.6%
    24,576    48    -0.00162  -0.0007  0.0013  1.302→    0.0%  -1.296  2.27e-04  27.7%/27.9%/26.4%/18.0%
    25,088    49    -0.00155  -0.0008  0.0012  1.304→    0.0%  -0.582  2.24e-04  26.2%/25.8%/30.1%/18.0%
    25,600    50    -0.00154  -0.0006  0.0010  1.297→    0.0%  +0.366  2.22e-04  26.6%/24.2%/29.5%/19.7%
    26,112    51    -0.00149  -0.0007  0.0009  1.311→    0.0%  -3.284  2.19e-04  28.1%/25.2%/30.1%/16.6%
    26,624    52    -0.00143  -0.0003  0.0011  1.304→    0.0%  -0.775  2.16e-04  30.5%/28.9%/23.4%/17.2%
    27,136    53    -0.00141  -0.0003  0.0009  1.314→    0.0%  -2.902  2.13e-04  28.7%/25.2%/29.7%/16.4%
    27,648    54    -0.00137  -0.0003  0.0012  1.300→    0.0%  -2.441  2.10e-04  24.2%/26.6%/29.3%/19.9%
    28,160    55    -0.00139  +0.0012  0.0012  1.304→    0.0%  -0.772  2.07e-04  26.8%/27.5%/28.3%/17.4%
    28,672    56    -0.00151  -0.0004  0.0029  1.307→    0.0%  -0.007  2.04e-04  24.8%/27.7%/28.1%/19.3%
    29,184    57    -0.00157  -0.0010  0.0015  1.304→    0.0%  -0.110  2.01e-04  27.7%/31.1%/24.4%/16.8%
    29,696    58    -0.00165  -0.0001  0.0013  1.305→    0.0%  -0.545  1.98e-04  24.4%/24.4%/30.9%/20.3%
  ✓ Kontrolpunkts: checkpoints_Realistic Mode, OP - 0.0008 (Active)_BTC\ckpt_step0029696.pth  [40% apmācības]
    30,208    59    -0.00169  -0.0004  0.0012  1.307→    0.0%  -0.241  1.95e-04  24.2%/31.1%/26.2%/18.6%
    30,720    60    -0.00172  -0.0009  0.0008  1.300→    0.0%  -1.738  1.92e-04  24.6%/26.4%/30.5%/18.6%
    31,232    61    -0.00173  -0.0009  0.0009  1.301→    0.0%  -2.439  1.89e-04  31.1%/23.2%/27.3%/18.4%
    31,744    62    -0.00177  +0.0006  0.0008  1.303→    0.0%  -3.601  1.86e-04  30.3%/22.7%/29.9%/17.2%
    32,256    63    -0.00174  -0.0012  0.0008  1.299→    0.0%  -2.685  1.82e-04  30.7%/26.0%/26.2%/17.2%
    32,768    64    -0.00172  -0.0012  0.0009  1.288→    0.0%  -0.344  1.79e-04  30.5%/24.8%/25.8%/18.9%
    33,280    65    -0.00167  -0.0002  0.0010  1.296→    0.0%  -1.282  1.76e-04  32.0%/24.4%/27.0%/16.6%
    33,792    66    -0.00152  +0.0005  0.0008  1.291→    0.0%  -1.746  1.73e-04  31.4%/25.8%/25.4%/17.4%
    34,304    67    -0.00149  -0.0007  0.0009  1.293→    0.0%  -1.669  1.70e-04  30.5%/23.2%/27.1%/19.1%
    34,816    68    -0.00141  -0.0019  0.0008  1.304→    0.0%  -4.613  1.67e-04  28.7%/27.9%/26.6%/16.8%
    35,328    69    -0.00139  -0.0004  0.0009  1.301→    0.0%  -1.319  1.63e-04  33.0%/21.3%/28.9%/16.8%
    35,840    70    -0.00135  +0.0008  0.0008  1.298→    0.0%  -0.089  1.60e-04  29.7%/26.2%/26.8%/17.4%
    36,352    71    -0.00137  -0.0006  0.0008  1.310→    0.0%  -0.664  1.57e-04  32.6%/28.3%/24.2%/14.8%
    36,864    72    -0.00135  -0.0017  0.0008  1.293→    0.0%  -1.922  1.54e-04  26.4%/29.7%/24.0%/19.9%
    37,376    73    -0.00143  -0.0008  0.0011  1.289→    0.0%  -0.012  1.50e-04  30.1%/24.8%/28.7%/16.4%
    37,888    74    -0.00147  -0.0004  0.0008  1.292↓    0.0%  -0.888  1.47e-04  31.1%/25.6%/25.6%/17.8%
    38,400    75    -0.00149  +0.0006  0.0009  1.285↓    0.0%  +0.476  1.44e-04  32.4%/22.5%/27.7%/17.4%
    38,912    76    -0.00148  -0.0016  0.0007  1.289↓    0.0%  +0.128  1.41e-04  30.1%/22.9%/29.9%/17.2%
    39,424    77    -0.00144  -0.0007  0.0006  1.294↓    0.0%  +0.155  1.38e-04  31.1%/24.4%/27.7%/16.8%
    39,936    78    -0.00148  -0.0009  0.0008  1.292↓    0.0%  -3.117  1.34e-04  29.5%/22.7%/31.1%/16.8%
    40,448    79    -0.00145  -0.0001  0.0007  1.292↓    0.0%  -0.877  1.31e-04  29.7%/24.4%/27.7%/18.2%
    40,960    80    -0.00145  -0.0016  0.0007  1.291↓    0.0%  -1.592  1.28e-04  34.6%/18.9%/29.5%/17.0%
    41,472    81    -0.00146  +0.0001  0.0006  1.292↓    0.0%  -2.912  1.25e-04  31.4%/24.6%/25.6%/18.4%
    41,984    82    -0.00147  +0.0001  0.0011  1.273↓    0.0%  -0.070  1.22e-04  38.3%/19.9%/25.6%/16.2%
    42,496    83    -0.00140  -0.0020  0.0008  1.290↓    0.0%  -0.890  1.19e-04  30.7%/23.8%/27.3%/18.2%
    43,008    84    -0.00145  +0.0017  0.0012  1.279↓    0.0%  -0.645  1.15e-04  32.6%/26.8%/25.0%/15.6%
    43,520    85    -0.00146  +0.0013  0.0007  1.288↓    0.0%  -1.480  1.12e-04  33.0%/24.4%/25.2%/17.4%
    44,032    86    -0.00146  -0.0015  0.0007  1.274↓    0.0%  -0.667  1.09e-04  35.4%/24.2%/22.1%/18.4%
    44,544    87    -0.00154  -0.0013  0.0009  1.291↓    0.0%  +0.301  1.06e-04  31.6%/24.0%/28.5%/15.8%
  ✓ Kontrolpunkts: checkpoints_Realistic Mode, OP - 0.0008 (Active)_BTC\ckpt_step0044544.pth  [59% apmācības]
    45,056    88    -0.00155  -0.0012  0.0011  1.290↓    0.0%  +0.509  1.03e-04  33.0%/25.2%/24.6%/17.2%
    45,568    89    -0.00157  -0.0005  0.0009  1.264↓    0.0%  +0.009  1.00e-04  37.1%/20.3%/25.6%/17.0%
    46,080    90    -0.00160  +0.0006  0.0016  1.280↓    0.0%  -0.975  9.70e-05  33.8%/20.9%/27.5%/17.8%
    46,592    91    -0.00158  +0.0013  0.0011  1.273↓    0.0%  -0.238  9.40e-05  43.0%/18.8%/23.6%/14.6%
    47,104    92    -0.00156  +0.0001  0.0008  1.273↓    0.0%  -0.397  9.11e-05  33.0%/21.7%/28.1%/17.2%
    47,616    93    -0.00156  -0.0007  0.0007  1.254↓    0.0%  -1.210  8.81e-05  36.1%/18.6%/28.7%/16.6%
    48,128    94    -0.00149  -0.0005  0.0008  1.273↓    0.0%  -0.581  8.52e-05  34.6%/19.7%/28.3%/17.4%
    48,640    95    -0.00146  +0.0001  0.0006  1.265↓    0.0%  -0.809  8.23e-05  37.5%/21.7%/24.2%/16.6%
    49,152    96    -0.00149  -0.0001  0.0007  1.268↓    0.0%  -1.662  7.95e-05  38.5%/21.3%/24.0%/16.2%
    49,664    97    -0.00138  +0.0003  0.0007  1.265↓    0.0%  -0.740  7.67e-05  40.0%/18.8%/25.2%/16.0%
    50,176    98    -0.00133  -0.0010  0.0007  1.243↓    0.0%  -0.343  7.39e-05  41.0%/20.1%/21.7%/17.2%
    50,688    99    -0.00128  -0.0008  0.0011  1.274↓    0.0%  -2.142  7.12e-05  32.8%/20.9%/29.7%/16.6%
    51,200   100    -0.00131  -0.0002  0.0015  1.266↓    0.0%  -0.112  6.84e-05  39.6%/19.9%/25.0%/15.4%
    51,712   101    -0.00135  -0.0008  0.0012  1.273↓    0.0%  +0.259  6.58e-05  33.0%/18.8%/30.3%/18.0%
    52,224   102    -0.00132  +0.0001  0.0011  1.285↓    0.0%  -2.135  6.31e-05  32.6%/27.7%/24.2%/15.4%
    52,736   103    -0.00129  -0.0009  0.0009  1.283↓    0.0%  -0.599  6.06e-05  34.8%/25.8%/24.2%/15.2%
    53,248   104    -0.00126  +0.0020  0.0018  1.258↓    0.0%  -0.464  5.80e-05  38.5%/21.5%/23.2%/16.8%
    53,760   105    -0.00124  +0.0014  0.0008  1.269↓    0.0%  -1.524  5.55e-05  36.7%/21.3%/27.1%/14.8%
    54,272   106    -0.00117  -0.0014  0.0009  1.296↓    0.0%  -0.105  5.30e-05  36.9%/22.9%/25.0%/15.2%
    54,784   107    -0.00117  -0.0007  0.0008  1.259↓    0.0%  -1.090  5.06e-05  38.9%/19.5%/25.0%/16.6%
    55,296   108    -0.00114  -0.0021  0.0008  1.279↓    0.0%  +0.024  4.83e-05  32.4%/21.5%/29.1%/17.0%
    55,808   109    -0.00112  +0.0003  0.0006  1.258↓    0.0%  -4.111  4.59e-05  41.4%/18.4%/25.0%/15.2%
    56,320   110    -0.00099  -0.0002  0.0008  1.258↓    0.0%  -0.255  4.37e-05  36.3%/17.6%/27.3%/18.8%
    56,832   111    -0.00090  +0.0002  0.0007  1.248↓    0.0%  -0.915  4.14e-05  43.9%/17.0%/23.4%/15.6%
    57,344   112    -0.00088  +0.0004  0.0009  1.265↓    0.0%  -1.016  3.93e-05  37.5%/19.1%/27.5%/15.8%
    57,856   113    -0.00085  -0.0011  0.0006  1.265↓    0.0%  +0.549  3.71e-05  36.5%/24.6%/23.0%/15.8%
    58,368   114    -0.00083  -0.0016  0.0008  1.270↓    0.0%  -0.140  3.51e-05  38.9%/20.9%/25.6%/14.6%
    58,880   115    -0.00083  +0.0003  0.0007  1.271↓    0.0%  -1.009  3.30e-05  37.5%/23.8%/23.0%/15.6%
    59,392   116    -0.00084  -0.0009  0.0007  1.263↓    0.0%  -0.918  3.11e-05  39.1%/21.7%/24.0%/15.2%
  ✓ Kontrolpunkts: checkpoints_Realistic Mode, OP - 0.0008 (Active)_BTC\ckpt_step0059392.pth  [79% apmācības]
    59,904   117    -0.00083  +0.0003  0.0006  1.288↓    0.0%  -1.569  2.92e-05  31.2%/22.1%/29.3%/17.4%
    60,416   118    -0.00082  -0.0003  0.0007  1.253↓    0.0%  -2.415  2.73e-05  36.3%/22.1%/24.0%/17.6%
    60,928   119    -0.00083  +0.0002  0.0006  1.271↓    0.0%  -2.803  2.55e-05  35.4%/21.9%/25.8%/17.0%
    61,440   120    -0.00088  -0.0001  0.0007  1.265↓    0.0%  -0.728  2.38e-05  35.0%/21.3%/27.9%/15.8%
    61,952   121    -0.00088  +0.0014  0.0008  1.276↓    0.0%  -1.555  2.21e-05  35.0%/20.9%/26.8%/17.4%
    62,464   122    -0.00085  -0.0007  0.0007  1.284↓    0.0%  -0.922  2.05e-05  32.8%/25.8%/27.1%/14.3%
    62,976   123    -0.00085  -0.0001  0.0005  1.251↓    0.0%  -1.969  1.89e-05  39.5%/18.8%/24.2%/17.6%
    63,488   124    -0.00084  +0.0000  0.0007  1.267↓    0.0%  -1.390  1.74e-05  38.3%/19.9%/24.8%/17.0%
    64,000   125    -0.00085  +0.0006  0.0007  1.242↓    0.0%  -1.082  1.60e-05  39.3%/19.9%/24.2%/16.6%
    64,512   126    -0.00083  -0.0011  0.0007  1.268↓    0.0%  -3.145  1.46e-05  35.2%/23.2%/23.6%/18.0%
    65,024   127    -0.00084  +0.0006  0.0006  1.272↓    0.0%  -1.749  1.33e-05  37.3%/22.5%/24.6%/15.6%
    65,536   128    -0.00084  +0.0014  0.0006  1.272↓    0.0%  -1.911  1.21e-05  35.4%/22.1%/24.8%/17.8%
    66,048   129    -0.00084  -0.0008  0.0007  1.273↓    0.0%  -1.152  1.09e-05  37.1%/21.5%/25.2%/16.2%
    66,560   130    -0.00080  -0.0013  0.0007  1.255↓    0.0%  -0.530  9.77e-06  40.2%/20.5%/23.6%/15.6%
    67,072   131    -0.00080  +0.0009  0.0006  1.268↓    0.0%  -0.352  8.72e-06  41.4%/18.4%/25.0%/15.2%
    67,584   132    -0.00085  -0.0007  0.0008  1.271↓    0.0%  -1.475  7.73e-06  35.2%/23.0%/26.4%/15.4%
    68,096   133    -0.00086  +0.0012  0.0009  1.258↓    0.0%  -1.821  6.81e-06  34.8%/19.1%/29.1%/17.0%
    68,608   134    -0.00088  +0.0007  0.0006  1.251↓    0.0%  -2.302  5.96e-06  42.0%/20.3%/22.7%/15.0%
    69,120   135    -0.00089  +0.0009  0.0009  1.265↓    0.0%  -1.314  5.17e-06  37.1%/21.5%/25.4%/16.0%
    69,632   136    -0.00088  +0.0010  0.0006  1.246↓    0.0%  -2.874  4.45e-06  39.3%/23.0%/21.7%/16.0%
    70,144   137    -0.00088  +0.0005  0.0007  1.263↓    0.0%  -2.392  3.79e-06  39.1%/18.0%/25.8%/17.2%
    70,656   138    -0.00087  -0.0007  0.0006  1.267↓    0.0%  -2.683  3.21e-06  38.3%/20.9%/25.0%/15.8%
    71,168   139    -0.00084  +0.0009  0.0006  1.261↓    0.0%  -2.541  2.69e-06  36.1%/21.5%/24.0%/18.4%
    71,680   140    -0.00085  -0.0012  0.0005  1.261↓    0.0%  -2.050  2.24e-06  37.5%/21.5%/25.0%/16.0%
    72,192   141    -0.00087  +0.0002  0.0008  1.264↓    0.0%  -1.562  1.86e-06  36.9%/24.2%/23.2%/15.6%
    72,704   142    -0.00083  +0.0013  0.0007  1.275↓    0.0%  -1.240  1.55e-06  35.0%/22.9%/26.6%/15.6%
    73,216   143    -0.00084  -0.0013  0.0009  1.258↓    0.0%  -0.370  1.31e-06  39.5%/21.7%/23.0%/15.8%
    73,728   144    -0.00081  +0.0014  0.0009  1.278↓    0.0%  -1.196  1.14e-06  34.4%/19.3%/29.1%/17.2%
    74,240   145    -0.00078  +0.0007  0.0007  1.267↓    0.0%  -0.577  1.03e-06  41.2%/18.4%/26.4%/14.1%
  ✓ Kontrolpunkts: checkpoints_Realistic Mode, OP - 0.0008 (Active)_BTC\ckpt_step0074240.pth  [99% apmācības]
    74,752   146    -0.00078  -0.0008  0.0007  1.273↓    0.0%  -3.789  1.00e-06  34.6%/25.0%/25.4%/15.0%
    75,264   147    -0.00073  -0.0004  0.0006  1.270↓    0.0%  -3.026  1.03e-06  42.0%/19.3%/25.2%/13.5%
  ✓ Kontrolpunkts: checkpoints_Realistic Mode, OP - 0.0008 (Active)_BTC\ckpt_step0075264.pth  [100% apmācības]

────────────────────────────────────────────────────────────────────────────────
  Vidējais ātrums: 544 soļi/sek
  Vidējā atlīdzība (pēdējie 10 atjauninājumi): -0.00073
  Galīgā entropija: 1.270  (sākums: 1.300)
────────────────────────────────────────────────────────────────────────────────

✓ Galīgais modelis saglabāts: ppo_trader_Realistic Mode, OP - 0.0008 (Active)_BTC.pth

============================================================
11. SOLIS: Bektests (4 varianti)
============================================================

────────────────────────────────────────────────────────────  1. Komisija + slipāža          
  Bilance: $188.30 | Ienesīgums: -81.17% | MaxDD: 81.31% | Sharpe: -2.226 | Calmar: -0.998 | PF: 0.782 | Darījumi: 636 | Win%: 25.8%

────────────────────────────────────────────────────────────  2. Tikai komisija              
  Bilance: $1,101.77 | Ienesīgums: +10.18% | MaxDD: 33.05% | Sharpe: 1.050 | Calmar: 0.308 | PF: 1.128 | Darījumi: 636 | Win%: 37.1%

────────────────────────────────────────────────────────────  3. Tikai slipāža              
  Bilance: $313.29 | Ienesīgums: -68.67% | MaxDD: 72.38% | Sharpe: -1.592 | Calmar: -0.949 | PF: 0.830 | Darījumi: 636 | Win%: 27.2%

────────────────────────────────────────────────────────────  4. Bez izmaksām               
  Bilance: $1,832.36 | Ienesīgums: +83.24% | MaxDD: 24.81% | Sharpe: 1.669 | Calmar: 3.355 | PF: 1.219 | Darījumi: 636 | Win%: 41.7%


======================================================================
12. SOLIS: Rezultāti
======================================================================

  Metrika                     1. Komisija + slipāža            2. Tikai komisija                3. Tikai slipāža                4. Bez izmaksām               
  ──────────────────────────────────────────────────────────────────────────────────────────────────────────────────────────────────────────────────────────────
  Galīgā bilance                                     $188.30                       $1,101.77                         $313.29                       $1,832.36
  Ienesīgums                                         -81.17%                         +10.18%                         -68.67%                         +83.24%
  Maks. kritums                                       81.31%                          33.05%                          72.38%                          24.81%
  Sharpe (pēc darījumiem)                             -2.226                           1.050                          -1.592                           1.669
  Calmar koeficients                                  -0.998                           0.308                          -0.949                           3.355
  Peļņas faktors                                       0.782                           1.128                           0.830                           1.219
  Vid. PnL / solis ($)                             -0.003837                        0.003576                       -0.003498                        0.007550
  Darījumi                                               636                             636                             636                             636
  Uzvaru īpatsvars                                     25.8%                           37.1%                           27.2%                           41.7%
  Vid. darījuma P&L                                  -0.140%                         +0.068%                         -0.100%                         +0.108%
  Vid. ilgums (h)                                       13.8                            13.8                            13.8                            13.8
  Vid. slip (ieeja+izeja)                            0.1392%                               —                         0.1393%                               —
  Vid. komisija                                      0.0800%                         0.0800%                               —                               —

  Zudumi no komisijām        : +73.06%
  Zudumi no slipāžas        : +151.91%
  Kopējie zudumi             : +164.41%

  Signāli (variants 1):
    HOLD  :   98,593  (89.4%)
    LONG  :    6,943  (6.3%)
    SHORT :    4,342  (3.9%)
    CLOSE :      367  (0.3%)

  Darījumi: LONG=377  SHORT=259

  ──────────────────────────────────────────────────────────
  TOP 5 IENESĪGĀKIE
  1. SHORT | 2025-10-10 05:30 → 2025-10-10 21:30 | 16h 0m | P&L: +62.93$ (+7.403%) | slip: 0.049%/1.676%
  2. SHORT | 2025-11-02 08:05 → 2025-11-05 02:10 | 66h 5m | P&L: +62.21$ (+8.478%) | slip: 0.020%/0.096%
  3. SHORT | 2025-11-20 05:35 → 2025-11-21 07:45 | 26h 10m | P&L: +54.88$ (+8.169%) | slip: 0.028%/0.360%
  4. SHORT | 2025-08-14 01:35 → 2025-08-22 14:10 | 204h 35m | P&L: +54.78$ (+6.646%) | slip: 0.052%/0.241%
  5. LONG  | 2025-07-10 07:15 → 2025-07-12 03:25 | 44h 10m | P&L: +50.56$ (+5.664%) | slip: 0.031%/0.016%

  ──────────────────────────────────────────────────────────
  TOP 5 ZAUDĪGĀKIE
  1. LONG  | 2026-02-05 09:10 → 2026-02-06 01:20 | 16h 10m | P&L: -46.24$ (-11.294%) | slip: 0.058%/0.309%
  2. LONG  | 2025-11-30 09:20 → 2025-12-01 07:55 | 22h 35m | P&L: -35.96$ (-5.603%) | slip: 0.038%/0.025%
  3. LONG  | 2025-07-14 05:20 → 2025-07-15 05:10 | 23h 50m | P&L: -29.51$ (-3.254%) | slip: 0.074%/0.039%
  4. LONG  | 2025-11-13 06:00 → 2025-11-14 02:10 | 20h 10m | P&L: -27.64$ (-3.841%) | slip: 0.051%/0.095%
  5. LONG  | 2025-10-16 09:50 → 2025-10-17 01:55 | 16h 5m | P&L: -27.63$ (-3.143%) | slip: 0.212%/0.052%

  ✓ Darījumu žurnāls: backtest_Realistic Mode, OP - 0.0008 (Active)_BTC_trades.csv

──────────────────────────────────────────────────────────────────────
  ✓ Rezultāts pievienots: experiments.csv

======================================================================
GATAVS - versija Realistic Mode, OP - 0.0008 (Active)  |  simbols: BTC  |  eksperiments: OP - 0.0008 (Active)
======================================================================
