Žurnāls: ppo_trader_Realistic Mode, OP - 0.004 (Conservative)_LTC.log

Ierīce: cpu  |  AMP: False
Eksperiments: OP - 0.004 (Conservative)

============================================================
1. SOLIS: Datu ielāde
============================================================
Visa datu kopa : 772,457 sveces  |  2019-01-05 05:00:00 → 2026-05-13 05:00:00
Izmantojam     : 331,053 sveces  |  2023-03-20 15:55:00 → 2026-05-13 05:00:00
Apmācība (~2g) : 0..220,702  (2023-03-20 15:55:00 → 2025-04-25 01:05:00)
Tests  (~1g)   : 220,702..331,053  (2025-04-25 01:10:00 → 2026-05-13 05:00:00)
Pazīmes (tirgus): 32
N_STATE_FEATURES=34

Slipāžas rindu priekšaprēķins...

============================================================
7. SOLIS: Modelis
============================================================
Parametri: 62,853  |  INPUT_DIM=34
Arhitektūra: D_MODEL=64, N_HEADS=2, N_LAYERS=1, SEQ_LEN=32

============================================================
10. SOLIS: Apmācība (PPO)
============================================================
Kopējie soļi: 75,000  |  N_ENVS: 4  |  ROLLOUT_STEPS: 128
Bufera izmērs vienam atjauninājumam: 512 pārejas
PPO epohi: 2  |  Mini-pakete: 128
Labvēlības periods: 12 sveces  |  Atvēršanas sods: 0.004  |  Min darījums: 72 sveces  |  Īsa darījuma sods: 0.004
Kontrolpunkti: checkpoints_Realistic Mode, OP - 0.004 (Conservative)_LTC/  (ik pēc 29 atjauninājumiem)

────────────────────────────────────────────────────────────────────────────────
     Solis   Upd  Rew(avg10)       pi       v    ent   clip%      ev        lr  Darbības(H/L/S/C)
────────────────────────────────────────────────────────────────────────────────
       512     1    -0.00332  -0.0006  0.0428  1.299?    0.0%  -0.125  3.00e-04  25.2%/28.5%/26.6%/19.7%
     1,024     2    -0.00332  -0.0004  0.0325  1.306?    0.0%  -0.077  3.00e-04  30.1%/25.6%/26.6%/17.8%
     1,536     3    -0.00352  -0.0000  0.0248  1.289?    0.0%  -1.319  3.00e-04  30.1%/24.8%/25.8%/19.3%
     2,048     4    -0.00354  -0.0005  0.0218  1.304?    0.0%  +0.012  2.99e-04  30.1%/29.1%/23.0%/17.8%
     2,560     5    -0.00350  -0.0003  0.0127  1.293?    0.0%  -2.280  2.99e-04  30.1%/25.2%/26.2%/18.6%
     3,072     6    -0.00352  -0.0007  0.0125  1.309→    0.0%  +0.333  2.99e-04  24.0%/26.2%/31.1%/18.8%
     3,584     7    -0.00354  -0.0002  0.0118  1.300↑    0.0%  -0.667  2.98e-04  27.5%/27.1%/26.2%/19.1%
     4,096     8    -0.00351  -0.0004  0.0089  1.304→    0.0%  -0.110  2.98e-04  30.3%/22.9%/28.1%/18.8%
     4,608     9    -0.00355  -0.0005  0.0089  1.307→    0.0%  -1.325  2.97e-04  27.9%/27.9%/25.6%/18.6%
     5,120    10    -0.00352  +0.0000  0.0065  1.296→    0.0%  +0.240  2.97e-04  29.9%/26.0%/26.2%/18.0%
     5,632    11    -0.00354  -0.0004  0.0060  1.312→    0.0%  +0.069  2.96e-04  25.6%/28.7%/27.0%/18.8%
     6,144    12    -0.00355  -0.0001  0.0050  1.311↑    0.0%  -1.314  2.95e-04  32.0%/27.9%/25.0%/15.0%
     6,656    13    -0.00352  -0.0004  0.0046  1.314↑    0.0%  -0.805  2.94e-04  25.8%/27.0%/28.5%/18.8%
     7,168    14    -0.00349  -0.0006  0.0044  1.307↑    0.0%  -0.806  2.93e-04  26.8%/25.4%/29.5%/18.4%
     7,680    15    -0.00357  -0.0005  0.0065  1.300↑    0.0%  -0.833  2.92e-04  28.7%/24.6%/28.7%/18.0%
     8,192    16    -0.00364  -0.0006  0.0043  1.294→    0.0%  -0.869  2.91e-04  30.9%/26.0%/24.8%/18.4%
     8,704    17    -0.00363  -0.0004  0.0038  1.298→    0.0%  -0.191  2.90e-04  30.3%/25.6%/26.0%/18.2%
     9,216    18    -0.00367  -0.0014  0.0037  1.300→    0.0%  -0.654  2.89e-04  30.3%/31.4%/20.3%/18.0%
     9,728    19    -0.00367  -0.0002  0.0035  1.308→    0.0%  -3.435  2.88e-04  26.8%/26.6%/29.3%/17.4%
    10,240    20    -0.00368  -0.0006  0.0032  1.305→    0.0%  -0.329  2.86e-04  26.2%/29.9%/27.0%/17.0%
    10,752    21    -0.00368  -0.0003  0.0041  1.304→    0.0%  -0.337  2.85e-04  27.7%/28.5%/26.6%/17.2%
    11,264    22    -0.00370  -0.0005  0.0034  1.298→    0.0%  -0.184  2.84e-04  26.2%/31.1%/23.2%/19.5%
    11,776    23    -0.00369  -0.0004  0.0028  1.290→    0.0%  -0.139  2.82e-04  31.2%/28.5%/21.9%/18.4%
    12,288    24    -0.00370  -0.0016  0.0034  1.311→    0.0%  -1.111  2.81e-04  29.9%/30.5%/23.8%/15.8%
    12,800    25    -0.00371  +0.0004  0.0041  1.284→    0.0%  -0.101  2.79e-04  30.5%/31.4%/19.1%/18.9%
    13,312    26    -0.00367  +0.0005  0.0039  1.309→    0.0%  +0.020  2.77e-04  29.7%/29.5%/25.8%/15.0%
    13,824    27    -0.00366  +0.0002  0.0026  1.292→    0.0%  -0.209  2.75e-04  32.6%/30.9%/21.3%/15.2%
    14,336    28    -0.00362  -0.0001  0.0028  1.289→    0.0%  -0.331  2.74e-04  32.8%/24.2%/26.6%/16.4%
    14,848    29    -0.00363  -0.0011  0.0032  1.282↓    0.0%  -1.396  2.72e-04  33.0%/29.7%/20.5%/16.8%
  ✓ Kontrolpunkts: checkpoints_Realistic Mode, OP - 0.004 (Conservative)_LTC\ckpt_step0014848.pth  [20% apmācības]
    15,360    30    -0.00364  -0.0056  0.0042  1.283↓    0.0%  -0.268  2.70e-04  31.6%/27.3%/24.0%/17.0%
    15,872    31    -0.00358  -0.0024  0.0039  1.264↓    0.0%  -1.165  2.68e-04  39.1%/26.4%/19.9%/14.6%
    16,384    32    -0.00360  -0.0009  0.0027  1.251↓    0.0%  -0.466  2.66e-04  40.0%/26.0%/16.8%/17.2%
    16,896    33    -0.00365  -0.0012  0.0041  1.273↓    0.0%  +0.005  2.64e-04  38.3%/33.4%/14.8%/13.5%
    17,408    34    -0.00369  -0.0005  0.0032  1.271↓    0.0%  +0.226  2.62e-04  34.8%/33.6%/17.2%/14.5%
    17,920    35    -0.00368  -0.0012  0.0042  1.269↓    0.0%  -0.183  2.60e-04  33.8%/33.2%/17.6%/15.4%
    18,432    36    -0.00372  -0.0004  0.0029  1.263↓    0.0%  +0.537  2.57e-04  35.4%/31.4%/17.2%/16.0%
    18,944    37    -0.00375  -0.0013  0.0023  1.259↓    0.1%  -0.162  2.55e-04  34.8%/31.6%/17.6%/16.0%
    19,456    38    -0.00380  -0.0004  0.0027  1.272↓    0.0%  +0.183  2.53e-04  34.6%/34.0%/15.6%/15.8%
    19,968    39    -0.00375  -0.0027  0.0024  1.243↓    0.0%  -0.262  2.50e-04  38.7%/29.5%/16.8%/15.0%
    20,480    40    -0.00375  -0.0013  0.0025  1.248↓    0.0%  +0.052  2.48e-04  33.0%/35.0%/17.6%/14.5%
    20,992    41    -0.00380  -0.0002  0.0027  1.252↓    0.0%  -4.160  2.45e-04  30.5%/29.5%/23.2%/16.8%
    21,504    42    -0.00375  -0.0040  0.0025  1.245↓    0.2%  -0.912  2.43e-04  38.7%/32.4%/15.4%/13.5%
    22,016    43    -0.00364  -0.0029  0.0015  1.240↓    0.3%  -0.068  2.40e-04  36.7%/29.7%/18.4%/15.2%
    22,528    44    -0.00352  +0.0003  0.0016  1.234↓    0.0%  -1.458  2.38e-04  38.5%/38.5%/10.0%/13.1%
    23,040    45    -0.00339  +0.0001  0.0012  1.221↓    0.0%  -2.393  2.35e-04  38.1%/34.2%/12.9%/14.8%
    23,552    46    -0.00322  -0.0005  0.0015  1.229↓    0.0%  -0.423  2.33e-04  37.7%/32.8%/17.2%/12.3%
    24,064    47    -0.00307  +0.0003  0.0012  1.238↓    0.0%  -1.064  2.30e-04  38.1%/36.5%/13.1%/12.3%
    24,576    48    -0.00297  -0.0014  0.0013  1.226↓    0.0%  -1.121  2.27e-04  39.8%/35.4%/11.1%/13.7%
    25,088    49    -0.00293  -0.0022  0.0016  1.244↓    0.0%  -0.135  2.24e-04  39.1%/34.0%/14.6%/12.3%
    25,600    50    -0.00296  -0.0038  0.0020  1.229↓    0.0%  -0.471  2.22e-04  34.6%/35.2%/14.1%/16.2%
    26,112    51    -0.00295  -0.0014  0.0022  1.225↓    0.0%  +0.325  2.19e-04  38.3%/35.5%/12.5%/13.7%
    26,624    52    -0.00320  +0.0007  0.0205  1.211↓    0.0%  -0.068  2.16e-04  37.9%/38.9%/10.4%/12.9%
    27,136    53    -0.00323  -0.0025  0.0061  1.233↓    0.0%  +0.430  2.13e-04  35.5%/36.9%/13.7%/13.9%
    27,648    54    -0.00331  -0.0011  0.0023  1.190↓    0.0%  -0.297  2.10e-04  34.4%/42.4%/ 9.6%/13.7%
    28,160    55    -0.00326  -0.0018  0.0018  1.173↓    0.1%  -0.530  2.07e-04  41.0%/37.3%/ 9.4%/12.3%
    28,672    56    -0.00329  -0.0007  0.0019  1.162↓    0.0%  -1.237  2.04e-04  40.0%/39.5%/ 7.6%/12.9%
    29,184    57    -0.00326  -0.0014  0.0011  1.146↓    0.0%  -0.232  2.01e-04  37.1%/42.4%/ 7.6%/12.9%
    29,696    58    -0.00318  -0.0016  0.0010  1.154↓    0.0%  -1.056  1.98e-04  37.9%/40.6%/10.5%/10.9%
  ✓ Kontrolpunkts: checkpoints_Realistic Mode, OP - 0.004 (Conservative)_LTC\ckpt_step0029696.pth  [40% apmācības]
    30,208    59    -0.00307  -0.0015  0.0016  1.148↓    0.0%  -0.464  1.95e-04  38.5%/43.4%/ 8.0%/10.2%
    30,720    60    -0.00293  -0.0016  0.0018  1.143↓    0.1%  -1.141  1.92e-04  39.6%/40.0%/ 9.8%/10.5%
    31,232    61    -0.00281  -0.0015  0.0012  1.107↓    0.1%  -0.392  1.89e-04  46.1%/36.1%/ 7.0%/10.7%
    31,744    62    -0.00239  -0.0017  0.0015  1.084↓    0.0%  -1.124  1.86e-04  44.5%/40.2%/ 6.6%/ 8.6%
    32,256    63    -0.00240  +0.0007  0.0023  1.079↓    0.0%  -0.115  1.82e-04  49.4%/35.7%/ 5.7%/ 9.2%
    32,768    64    -0.00230  -0.0005  0.0020  1.067↓    0.0%  -0.997  1.79e-04  45.3%/38.5%/ 7.4%/ 8.8%
    33,280    65    -0.00229  -0.0012  0.0027  1.066↓    0.3%  -0.161  1.76e-04  47.5%/37.3%/ 7.2%/ 8.0%
    33,792    66    -0.00219  -0.0014  0.0016  1.067↓    0.0%  -0.233  1.73e-04  42.8%/44.7%/ 5.7%/ 6.8%
    34,304    67    -0.00218  -0.0007  0.0013  1.064↓    0.5%  -0.486  1.70e-04  43.6%/41.4%/ 5.7%/ 9.4%
    34,816    68    -0.00218  -0.0008  0.0014  1.060↓    0.2%  -0.574  1.67e-04  40.6%/45.3%/ 6.6%/ 7.4%
    35,328    69    -0.00222  +0.0007  0.0017  1.052↓    0.1%  +0.302  1.63e-04  48.6%/37.7%/ 6.4%/ 7.2%
    35,840    70    -0.00223  +0.0004  0.0015  1.051↓    0.2%  -0.393  1.60e-04  41.6%/43.2%/ 5.9%/ 9.4%
    36,352    71    -0.00221  -0.0006  0.0022  1.057↓    0.0%  +0.071  1.57e-04  41.2%/48.6%/ 5.1%/ 5.1%
    36,864    72    -0.00226  -0.0008  0.0015  1.044↓    0.2%  -0.313  1.54e-04  41.4%/45.7%/ 5.5%/ 7.4%
    37,376    73    -0.00202  -0.0014  0.0022  1.034↓    0.0%  +0.494  1.50e-04  46.7%/42.6%/ 3.5%/ 7.2%
    37,888    74    -0.00185  -0.0016  0.0027  1.052↓    0.6%  +0.000  1.47e-04  46.1%/41.2%/ 5.1%/ 7.6%
    38,400    75    -0.00179  -0.0005  0.0025  1.046↓    0.6%  +0.270  1.44e-04  47.9%/38.9%/ 5.5%/ 7.8%
    38,912    76    -0.00177  -0.0014  0.0020  1.026↓    0.5%  -1.502  1.41e-04  47.1%/40.2%/ 5.5%/ 7.2%
    39,424    77    -0.00180  +0.0011  0.0024  1.020↓    0.1%  -0.165  1.38e-04  51.6%/38.5%/ 4.1%/ 5.9%
    39,936    78    -0.00179  -0.0011  0.0014  1.001↓    0.1%  -0.391  1.34e-04  51.8%/40.2%/ 3.7%/ 4.3%
    40,448    79    -0.00168  -0.0037  0.0030  1.022↓    0.4%  -0.319  1.31e-04  47.9%/38.9%/ 6.1%/ 7.2%
    40,960    80    -0.00153  -0.0006  0.0013  0.979↓    0.0%  -0.999  1.28e-04  51.6%/36.9%/ 4.7%/ 6.8%
    41,472    81    -0.00159  -0.0014  0.0029  0.989↓    0.4%  +0.089  1.25e-04  54.5%/33.8%/ 4.1%/ 7.6%
    41,984    82    -0.00151  +0.0003  0.0010  0.944↓    0.1%  +0.125  1.22e-04  58.8%/32.2%/ 2.7%/ 6.2%
    42,496    83    -0.00150  -0.0004  0.0017  0.970↓    0.5%  -0.298  1.19e-04  55.1%/34.0%/ 3.3%/ 7.6%
    43,008    84    -0.00165  -0.0006  0.0019  0.979↓    0.1%  +0.085  1.15e-04  50.4%/41.4%/ 2.3%/ 5.9%
    43,520    85    -0.00173  +0.0001  0.0018  0.966↓    0.0%  +0.472  1.12e-04  52.5%/37.5%/ 2.5%/ 7.4%
    44,032    86    -0.00170  -0.0020  0.0026  0.972↓    0.1%  +0.194  1.09e-04  54.5%/37.1%/ 2.0%/ 6.4%
    44,544    87    -0.00160  +0.0008  0.0090  1.000↓    0.1%  +0.293  1.06e-04  52.1%/37.9%/ 4.7%/ 5.3%
  ✓ Kontrolpunkts: checkpoints_Realistic Mode, OP - 0.004 (Conservative)_LTC\ckpt_step0044544.pth  [59% apmācības]
    45,056    88    -0.00157  +0.0001  0.0023  0.981↓    0.2%  -0.185  1.03e-04  51.4%/38.3%/ 3.7%/ 6.6%
    45,568    89    -0.00155  -0.0002  0.0023  0.954↓    0.0%  -0.208  1.00e-04  53.1%/37.3%/ 2.9%/ 6.6%
    46,080    90    -0.00140  +0.0001  0.0086  0.968↓    0.0%  -0.524  9.70e-05  52.7%/38.3%/ 2.9%/ 6.1%
    46,592    91    -0.00128  -0.0005  0.0024  0.961↓    0.2%  +0.139  9.40e-05  53.9%/35.5%/ 3.3%/ 7.2%
    47,104    92    -0.00132  +0.0005  0.0031  0.966↓    0.2%  +0.184  9.11e-05  52.7%/39.1%/ 2.3%/ 5.9%
    47,616    93    -0.00140  +0.0000  0.0016  0.953↓    0.0%  -0.399  8.81e-05  52.0%/37.9%/ 3.5%/ 6.6%
    48,128    94    -0.00131  -0.0013  0.0014  0.958↓    0.0%  +0.058  8.52e-05  51.6%/39.3%/ 3.5%/ 5.7%
    48,640    95    -0.00112  -0.0007  0.0012  0.949↓    0.0%  -0.822  8.23e-05  56.1%/36.1%/ 1.8%/ 6.1%
    49,152    96    -0.00174  -0.0003  0.0520  0.953↓    0.1%  +0.054  7.95e-05  52.9%/39.1%/ 3.3%/ 4.7%
    49,664    97    -0.00197  +0.0000  0.0047  0.984↓    0.4%  -0.073  7.67e-05  52.1%/36.7%/ 5.5%/ 5.7%
    50,176    98    -0.00188  -0.0007  0.0019  0.948↓    0.0%  +0.044  7.39e-05  57.2%/34.4%/ 2.7%/ 5.7%
    50,688    99    -0.00177  -0.0001  0.0023  0.961↓    0.1%  +0.484  7.12e-05  53.5%/37.1%/ 2.7%/ 6.6%
    51,200   100    -0.00193  +0.0007  0.0041  0.973↓    0.3%  +0.138  6.84e-05  52.7%/37.5%/ 3.5%/ 6.2%
    51,712   101    -0.00197  +0.0004  0.0020  0.956↓    0.3%  -0.115  6.58e-05  53.1%/37.3%/ 3.5%/ 6.1%
    52,224   102    -0.00191  +0.0005  0.0013  0.969↓    0.0%  +0.318  6.31e-05  48.6%/43.9%/ 2.3%/ 5.1%
    52,736   103    -0.00179  -0.0003  0.0026  0.976↓    0.5%  +0.293  6.06e-05  49.8%/41.6%/ 3.7%/ 4.9%
    53,248   104    -0.00173  +0.0002  0.0046  0.989↓    0.3%  +0.030  5.80e-05  53.3%/36.9%/ 4.1%/ 5.7%
    53,760   105    -0.00186  -0.0007  0.0037  0.976↓    0.3%  +0.413  5.55e-05  52.7%/39.1%/ 3.3%/ 4.9%
    54,272   106    -0.00113  +0.0007  0.0037  0.977↓    0.4%  +0.148  5.30e-05  54.9%/36.3%/ 4.1%/ 4.7%
    54,784   107    -0.00093  -0.0017  0.0047  0.967↓    0.0%  +0.479  5.06e-05  51.0%/37.3%/ 3.9%/ 7.8%
    55,296   108    -0.00123  -0.0013  0.0048  0.978↓    0.3%  +0.583  4.83e-05  50.0%/37.5%/ 4.5%/ 8.0%
    55,808   109    -0.00131  -0.0000  0.0032  0.945↓    0.1%  -0.448  4.59e-05  56.4%/35.4%/ 1.8%/ 6.4%
    56,320   110    -0.00135  -0.0003  0.0018  0.953↓    0.3%  +0.094  4.37e-05  52.5%/39.8%/ 2.0%/ 5.7%
    56,832   111    -0.00137  +0.0004  0.0018  0.944↓    0.6%  +0.181  4.14e-05  55.5%/34.6%/ 3.5%/ 6.4%
    57,344   112    -0.00152  -0.0022  0.0041  0.962↓    0.5%  -0.138  3.93e-05  50.4%/39.1%/ 4.1%/ 6.4%
    57,856   113    -0.00147  -0.0014  0.0025  0.956↓    0.7%  -0.854  3.71e-05  49.4%/39.5%/ 4.7%/ 6.4%
    58,368   114    -0.00162  +0.0003  0.0024  0.949↓    0.0%  -0.031  3.51e-05  55.5%/38.1%/ 2.3%/ 4.1%
    58,880   115    -0.00160  -0.0014  0.0014  0.964↓    0.1%  +0.020  3.30e-05  54.7%/38.1%/ 3.9%/ 3.3%
    59,392   116    -0.00170  -0.0001  0.0020  0.953↓    0.0%  +0.061  3.11e-05  54.9%/38.7%/ 3.1%/ 3.3%
  ✓ Kontrolpunkts: checkpoints_Realistic Mode, OP - 0.004 (Conservative)_LTC\ckpt_step0059392.pth  [79% apmācības]
    59,904   117    -0.00166  +0.0021  0.0015  0.958↓    0.3%  +0.064  2.92e-05  52.9%/37.7%/ 3.1%/ 6.2%
    60,416   118    -0.00132  -0.0012  0.0016  0.962↓    0.3%  -0.082  2.73e-05  50.0%/39.3%/ 3.3%/ 7.4%
    60,928   119    -0.00132  -0.0005  0.0012  0.953↓    0.5%  +0.133  2.55e-05  51.6%/40.0%/ 2.9%/ 5.5%
    61,440   120    -0.00119  -0.0022  0.0018  0.956↓    0.1%  -0.280  2.38e-05  51.6%/38.5%/ 4.3%/ 5.7%
    61,952   121    -0.00103  -0.0018  0.0014  0.960↓    0.3%  -0.016  2.21e-05  53.1%/36.5%/ 5.1%/ 5.3%
    62,464   122    -0.00082  -0.0012  0.0020  0.971↓    0.0%  -0.596  2.05e-05  50.2%/42.6%/ 3.9%/ 3.3%
    62,976   123    -0.00089  -0.0019  0.0021  0.970↓    0.2%  +0.427  1.89e-05  54.7%/35.2%/ 5.1%/ 5.1%
    63,488   124    -0.00080  +0.0034  0.0026  0.959↓    0.3%  +0.178  1.74e-05  53.9%/38.1%/ 2.9%/ 5.1%
    64,000   125    -0.00074  +0.0010  0.0016  0.956↓    0.0%  +0.406  1.60e-05  53.9%/38.5%/ 2.3%/ 5.3%
    64,512   126    -0.00077  +0.0008  0.0015  0.948↓    0.1%  +0.128  1.46e-05  50.6%/41.4%/ 1.8%/ 6.2%
    65,024   127    -0.00081  +0.0013  0.0016  0.955↓    0.5%  -0.270  1.33e-05  52.9%/36.7%/ 4.1%/ 6.2%
    65,536   128    -0.00090  -0.0005  0.0026  0.965↓    0.3%  +0.183  1.21e-05  52.7%/37.5%/ 3.5%/ 6.2%
    66,048   129    -0.00104  +0.0012  0.0023  0.977↓    0.0%  +0.037  1.09e-05  53.5%/36.7%/ 4.9%/ 4.9%
    66,560   130    -0.00129  -0.0000  0.0039  0.960↓    0.0%  +0.003  9.77e-06  53.9%/40.0%/ 2.5%/ 3.5%
    67,072   131    -0.00136  -0.0006  0.0029  0.970↓    0.4%  +0.032  8.72e-06  52.5%/35.5%/ 5.5%/ 6.4%
    67,584   132    -0.00150  +0.0009  0.0026  0.953↓    0.0%  +0.099  7.73e-06  49.4%/39.8%/ 4.3%/ 6.4%
    68,096   133    -0.00155  -0.0000  0.0013  0.960↓    0.6%  +0.351  6.81e-06  50.6%/39.3%/ 3.3%/ 6.8%
    68,608   134    -0.00137  +0.0007  0.0039  0.949↓    0.0%  -0.339  5.96e-06  57.0%/36.3%/ 2.9%/ 3.7%
    69,120   135    -0.00135  +0.0008  0.0032  0.962↓    0.3%  +0.179  5.17e-06  50.4%/40.0%/ 3.7%/ 5.9%
    69,632   136    -0.00131  +0.0015  0.0024  0.952↓    0.3%  +0.147  4.45e-06  51.4%/39.3%/ 2.9%/ 6.4%
    70,144   137    -0.00130  +0.0005  0.0014  0.949↓    0.0%  -0.318  3.79e-06  53.7%/39.8%/ 1.8%/ 4.7%
    70,656   138    -0.00140  -0.0001  0.0047  0.956↓    0.2%  +0.074  3.21e-06  51.0%/40.6%/ 2.1%/ 6.2%
    71,168   139    -0.00139  -0.0007  0.0014  0.952↓    0.3%  +0.283  2.69e-06  52.9%/39.1%/ 2.3%/ 5.7%
    71,680   140    -0.00133  -0.0008  0.0031  0.961↓    0.8%  +0.081  2.24e-06  49.8%/39.8%/ 3.9%/ 6.4%
    72,192   141    -0.00133  -0.0004  0.0020  0.947↓    0.0%  -0.122  1.86e-06  48.6%/43.6%/ 2.7%/ 5.1%
    72,704   142    -0.00129  -0.0027  0.0027  0.961↓    0.3%  +0.001  1.55e-06  53.3%/39.1%/ 3.1%/ 4.5%
    73,216   143    -0.00130  -0.0006  0.0010  0.940↓    0.2%  -0.630  1.31e-06  54.3%/36.9%/ 2.3%/ 6.4%
    73,728   144    -0.00154  +0.0018  0.0034  0.966↓    0.3%  +0.058  1.14e-06  50.8%/40.2%/ 4.3%/ 4.7%
    74,240   145    -0.00161  +0.0002  0.0012  0.952↓    0.0%  -0.067  1.03e-06  54.9%/37.3%/ 3.1%/ 4.7%
  ✓ Kontrolpunkts: checkpoints_Realistic Mode, OP - 0.004 (Conservative)_LTC\ckpt_step0074240.pth  [99% apmācības]
    74,752   146    -0.00149  +0.0005  0.0025  0.959↓    0.0%  +0.128  1.00e-06  49.6%/44.7%/ 2.7%/ 2.9%
    75,264   147    -0.00147  -0.0014  0.0009  0.972↓    0.5%  -0.852  1.03e-06  55.7%/35.5%/ 4.7%/ 4.1%
  ✓ Kontrolpunkts: checkpoints_Realistic Mode, OP - 0.004 (Conservative)_LTC\ckpt_step0075264.pth  [100% apmācības]

────────────────────────────────────────────────────────────────────────────────
  Vidējais ātrums: 593 soļi/sek
  Vidējā atlīdzība (pēdējie 10 atjauninājumi): -0.00147
  Galīgā entropija: 0.972  (sākums: 1.299)
────────────────────────────────────────────────────────────────────────────────

✓ Galīgais modelis saglabāts: ppo_trader_Realistic Mode, OP - 0.004 (Conservative)_LTC.pth

============================================================
11. SOLIS: Bektests (4 varianti)
============================================================

────────────────────────────────────────────────────────────  1. Komisija + slipāža          
  Bilance: $348.67 | Ienesīgums: -65.13% | MaxDD: 78.94% | Sharpe: -0.685 | Calmar: -0.825 | PF: 0.826 | Darījumi: 79 | Win%: 39.2%

────────────────────────────────────────────────────────────  2. Tikai komisija              
  Bilance: $1,364.84 | Ienesīgums: +36.48% | MaxDD: 53.76% | Sharpe: 0.807 | Calmar: 0.679 | PF: 1.162 | Darījumi: 79 | Win%: 48.1%

────────────────────────────────────────────────────────────  3. Tikai slipāža              
  Bilance: $371.57 | Ienesīgums: -62.84% | MaxDD: 78.07% | Sharpe: -0.638 | Calmar: -0.805 | PF: 0.833 | Darījumi: 79 | Win%: 39.2%

────────────────────────────────────────────────────────────  4. Bez izmaksām               
  Bilance: $1,453.81 | Ienesīgums: +45.38% | MaxDD: 52.58% | Sharpe: 0.852 | Calmar: 0.863 | PF: 1.173 | Darījumi: 79 | Win%: 48.1%


======================================================================
12. SOLIS: Rezultāti
======================================================================

  Metrika                     1. Komisija + slipāža            2. Tikai komisija                3. Tikai slipāža                4. Bez izmaksām               
  ──────────────────────────────────────────────────────────────────────────────────────────────────────────────────────────────────────────────────────────────
  Galīgā bilance                                     $348.67                       $1,364.84                         $371.57                       $1,453.81
  Ienesīgums                                         -65.13%                         +36.48%                         -62.84%                         +45.38%
  Maks. kritums                                       78.94%                          53.76%                          78.07%                          52.58%
  Sharpe (pēc darījumiem)                             -0.685                           0.807                          -0.638                           0.852
  Calmar koeficients                                  -0.825                           0.679                          -0.805                           0.863
  Peļņas faktors                                       0.826                           1.162                           0.833                           1.173
  Vid. PnL / solis ($)                             -0.002808                        0.003765                       -0.002761                        0.004112
  Darījumi                                                79                              79                              79                              79
  Uzvaru īpatsvars                                     39.2%                           48.1%                           39.2%                           48.1%
  Vid. darījuma P&L                                  -0.584%                         +0.713%                         -0.544%                         +0.753%
  Vid. ilgums (h)                                      113.6                           113.6                           113.6                           113.6
  Vid. slip (ieeja+izeja)                            0.8682%                               —                         0.8682%                               —
  Vid. komisija                                      0.0800%                         0.0800%                               —                               —

  Zudumi no komisijām        : +8.90%
  Zudumi no slipāžas        : +108.22%
  Kopējie zudumi             : +110.51%

  Signāli (variants 1):
    HOLD  :  108,804  (98.6%)
    LONG  :      447  (0.4%)
    SHORT :    1,082  (1.0%)
    CLOSE :       16  (0.0%)

  Darījumi: LONG=37  SHORT=42

  ──────────────────────────────────────────────────────────
  TOP 5 IENESĪGĀKIE
  1. SHORT | 2025-10-10 21:05 → 2025-10-10 21:35 | 0h 30m | P&L: +234.30$ (+22.648%) | slip: 0.894%/3.566%
  2. LONG  | 2025-05-05 21:55 → 2025-05-18 18:10 | 308h 15m | P&L: +178.90$ (+18.207%) | slip: 0.186%/0.134%
  3. LONG  | 2025-06-10 15:10 → 2025-07-19 21:20 | 942h 10m | P&L: +163.20$ (+19.254%) | slip: 0.116%/0.383%
  4. LONG  | 2025-09-25 17:10 → 2025-10-03 20:10 | 195h 0m | P&L: +161.08$ (+17.918%) | slip: 0.066%/0.123%
  5. LONG  | 2025-11-04 20:35 → 2025-11-07 19:00 | 70h 25m | P&L: +160.03$ (+22.029%) | slip: 0.900%/0.289%

  ──────────────────────────────────────────────────────────
  TOP 5 ZAUDĪGĀKIE
  1. LONG  | 2025-05-23 13:00 → 2025-06-05 21:20 | 320h 20m | P&L: -189.99$ (-16.501%) | slip: 0.287%/0.304%
  2. LONG  | 2025-10-30 13:45 → 2025-11-04 20:25 | 126h 40m | P&L: -136.73$ (-15.204%) | slip: 0.291%/0.838%
  3. SHORT | 2025-06-05 21:20 → 2025-06-10 15:10 | 113h 50m | P&L: -109.26$ (-11.403%) | slip: 0.293%/0.070%
  4. LONG  | 2026-01-29 10:20 → 2026-01-31 17:20 | 55h 0m | P&L: -97.52$ (-14.593%) | slip: 0.038%/0.436%
  5. LONG  | 2025-07-20 12:10 → 2025-07-30 19:15 | 247h 5m | P&L: -84.44$ (-9.049%) | slip: 0.223%/0.317%

  ✓ Darījumu žurnāls: backtest_Realistic Mode, OP - 0.004 (Conservative)_LTC_trades.csv

──────────────────────────────────────────────────────────────────────
  ✓ Rezultāts pievienots: experiments.csv

======================================================================
GATAVS - versija Realistic Mode, OP - 0.004 (Conservative)  |  simbols: LTC  |  eksperiments: OP - 0.004 (Conservative)
======================================================================
