Žurnāls: ppo_trader_Realistic Mode, OP - 0.0008 (Active)_XRP.log

Ierīce: cpu  |  AMP: False
Eksperiments: OP - 0.0008 (Active)

============================================================
1. SOLIS: Datu ielāde
============================================================
Visa datu kopa : 772,455 sveces  |  2019-01-05 05:00:00 → 2026-05-13 04:50:00
Izmantojam     : 331,053 sveces  |  2023-03-20 15:45:00 → 2026-05-13 04:50:00
Apmācība (~2g) : 0..220,702  (2023-03-20 15:45:00 → 2025-04-25 00:55:00)
Tests  (~1g)   : 220,702..331,053  (2025-04-25 01:00:00 → 2026-05-13 04:50:00)
Pazīmes (tirgus): 32
N_STATE_FEATURES=34

Slipāžas rindu priekšaprēķins...

============================================================
7. SOLIS: Modelis
============================================================
Parametri: 62,853  |  INPUT_DIM=34
Arhitektūra: D_MODEL=64, N_HEADS=2, N_LAYERS=1, SEQ_LEN=32

============================================================
10. SOLIS: Apmācība (PPO)
============================================================
Kopējie soļi: 75,000  |  N_ENVS: 4  |  ROLLOUT_STEPS: 128
Bufera izmērs vienam atjauninājumam: 512 pārejas
PPO epohi: 2  |  Mini-pakete: 128
Labvēlības periods: 12 sveces  |  Atvēršanas sods: 0.0008  |  Min darījums: 72 sveces  |  Īsa darījuma sods: 0.0008
Kontrolpunkti: checkpoints_Realistic Mode, OP - 0.0008 (Active)_XRP/  (ik pēc 29 atjauninājumiem)

────────────────────────────────────────────────────────────────────────────────
     Solis   Upd  Rew(avg10)       pi       v    ent   clip%      ev        lr  Darbības(H/L/S/C)
────────────────────────────────────────────────────────────────────────────────
       512     1    -0.00187  -0.0010  0.0368  1.299?    0.0%  -0.400  3.00e-04  25.2%/28.5%/26.6%/19.7%
     1,024     2    -0.00201  -0.0000  0.0262  1.305?    0.0%  +0.456  3.00e-04  30.9%/25.0%/26.2%/18.0%
     1,536     3    -0.00222  +0.0001  0.0220  1.290?    0.0%  +0.598  3.00e-04  29.9%/25.0%/25.8%/19.3%
     2,048     4    -0.00213  -0.0005  0.0173  1.301?    0.0%  +0.649  2.99e-04  30.7%/29.5%/21.9%/18.0%
     2,560     5    -0.00218  -0.0001  0.0114  1.289?    0.0%  -0.123  2.99e-04  30.3%/24.8%/26.0%/18.9%
     3,072     6    -0.00212  -0.0005  0.0128  1.305→    0.0%  +0.711  2.99e-04  23.6%/26.4%/30.3%/19.7%
     3,584     7    -0.00206  -0.0003  0.0103  1.300→    0.0%  -0.112  2.98e-04  27.9%/26.4%/26.6%/19.1%
     4,096     8    -0.00197  -0.0002  0.0087  1.309→    0.0%  +0.041  2.98e-04  29.9%/22.3%/28.9%/18.9%
     4,608     9    -0.00199  -0.0008  0.0078  1.306↑    0.0%  -0.274  2.97e-04  28.3%/27.7%/25.2%/18.8%
     5,120    10    -0.00192  +0.0005  0.0065  1.300→    0.0%  +0.072  2.97e-04  27.3%/28.1%/25.6%/18.9%
     5,632    11    -0.00189  -0.0007  0.0049  1.313→    0.0%  -0.220  2.96e-04  26.4%/29.7%/25.6%/18.4%
     6,144    12    -0.00183  +0.0002  0.0049  1.313↑    0.0%  -0.812  2.95e-04  29.9%/29.1%/25.2%/15.8%
     6,656    13    -0.00171  -0.0003  0.0044  1.318↑    0.0%  -0.247  2.94e-04  24.4%/29.3%/27.9%/18.4%
     7,168    14    -0.00172  -0.0009  0.0051  1.311↑    0.0%  -2.746  2.93e-04  25.2%/25.8%/30.3%/18.8%
     7,680    15    -0.00169  -0.0001  0.0043  1.300↑    0.0%  -0.558  2.92e-04  28.5%/25.6%/27.7%/18.2%
     8,192    16    -0.00174  -0.0001  0.0043  1.295↑    0.0%  -1.488  2.91e-04  28.9%/26.2%/25.6%/19.3%
     8,704    17    -0.00178  -0.0002  0.0037  1.298→    0.0%  +0.358  2.90e-04  30.5%/24.6%/26.4%/18.6%
     9,216    18    -0.00185  -0.0002  0.0033  1.303→    0.0%  +0.612  2.89e-04  29.9%/29.5%/22.7%/18.0%
     9,728    19    -0.00189  -0.0002  0.0041  1.309→    0.0%  +0.425  2.88e-04  25.4%/26.2%/31.1%/17.4%
    10,240    20    -0.00197  -0.0002  0.0034  1.307↑    0.0%  +0.188  2.86e-04  25.8%/27.7%/29.1%/17.4%
    10,752    21    -0.00199  -0.0013  0.0035  1.302↑    0.0%  -0.746  2.85e-04  27.5%/26.0%/27.9%/18.6%
    11,264    22    -0.00205  -0.0004  0.0031  1.297↑    0.0%  -0.418  2.84e-04  26.0%/29.7%/24.8%/19.5%
    11,776    23    -0.00222  -0.0006  0.0047  1.296↑    0.0%  -0.922  2.82e-04  30.5%/25.0%/26.4%/18.2%
    12,288    24    -0.00221  -0.0004  0.0033  1.311↑    0.0%  -0.377  2.81e-04  28.7%/29.9%/24.0%/17.4%
    12,800    25    -0.00227  -0.0014  0.0042  1.294→    0.0%  -0.477  2.79e-04  29.9%/26.8%/24.0%/19.3%
    13,312    26    -0.00228  -0.0005  0.0033  1.315↑    0.0%  +0.111  2.77e-04  27.1%/29.7%/26.8%/16.4%
    13,824    27    -0.00226  -0.0001  0.0023  1.309↑    0.0%  -0.191  2.75e-04  29.3%/27.9%/26.8%/16.0%
    14,336    28    -0.00224  -0.0010  0.0026  1.303↑    0.0%  -0.350  2.74e-04  30.9%/25.0%/26.4%/17.8%
    14,848    29    -0.00219  -0.0003  0.0023  1.303↑    0.0%  +0.211  2.72e-04  25.8%/27.7%/26.4%/20.1%
  ✓ Kontrolpunkts: checkpoints_Realistic Mode, OP - 0.0008 (Active)_XRP\ckpt_step0014848.pth  [20% apmācības]
    15,360    30    -0.00221  -0.0018  0.0022  1.296↑    0.0%  -0.523  2.70e-04  28.7%/24.4%/27.7%/19.1%
    15,872    31    -0.00223  -0.0013  0.0027  1.295→    0.0%  -0.057  2.68e-04  29.1%/24.8%/28.5%/17.6%
    16,384    32    -0.00225  +0.0011  0.0022  1.273→    0.0%  +0.298  2.66e-04  34.8%/21.3%/23.8%/20.1%
    16,896    33    -0.00213  -0.0006  0.0030  1.301→    0.0%  +0.493  2.64e-04  30.5%/28.3%/23.8%/17.4%
    17,408    34    -0.00228  -0.0009  0.0039  1.298→    0.0%  -0.669  2.62e-04  29.5%/29.1%/24.4%/17.0%
    17,920    35    -0.00218  -0.0009  0.0032  1.296→    0.0%  -0.423  2.60e-04  27.1%/31.6%/22.9%/18.4%
    18,432    36    -0.00218  -0.0020  0.0027  1.289↓    0.0%  +0.039  2.57e-04  30.7%/25.6%/25.2%/18.6%
    18,944    37    -0.00220  -0.0021  0.0019  1.284↓    0.0%  +0.324  2.55e-04  28.7%/30.1%/22.9%/18.4%
    19,456    38    -0.00221  -0.0018  0.0017  1.292↓    0.0%  -1.664  2.53e-04  29.3%/27.3%/24.8%/18.6%
    19,968    39    -0.00219  +0.0010  0.0017  1.274↓    0.0%  -2.215  2.50e-04  33.2%/28.5%/20.7%/17.6%
    20,480    40    -0.00214  -0.0001  0.0013  1.291↓    0.0%  -1.765  2.48e-04  24.0%/30.3%/27.9%/17.8%
    20,992    41    -0.00212  -0.0021  0.0013  1.285↓    0.0%  -0.560  2.45e-04  28.5%/29.5%/23.6%/18.4%
    21,504    42    -0.00206  -0.0025  0.0017  1.285↓    0.0%  -2.236  2.43e-04  29.1%/30.7%/23.8%/16.4%
    22,016    43    -0.00205  -0.0016  0.0017  1.281↓    0.0%  -0.620  2.40e-04  33.4%/24.6%/24.2%/17.8%
    22,528    44    -0.00186  -0.0018  0.0016  1.290↓    0.0%  -0.499  2.38e-04  28.1%/32.6%/21.3%/18.0%
    23,040    45    -0.00188  -0.0009  0.0013  1.270↓    0.0%  -1.172  2.35e-04  31.2%/24.6%/25.8%/18.4%
    23,552    46    -0.00177  -0.0003  0.0012  1.290↓    0.0%  -1.739  2.33e-04  31.1%/25.8%/27.5%/15.6%
    24,064    47    -0.00177  -0.0002  0.0014  1.288↓    0.0%  -0.062  2.30e-04  31.6%/24.0%/27.7%/16.6%
    24,576    48    -0.00175  -0.0002  0.0015  1.282↓    0.0%  -1.261  2.27e-04  35.7%/26.8%/20.9%/16.6%
    25,088    49    -0.00176  -0.0013  0.0016  1.294↓    0.0%  +0.130  2.24e-04  29.1%/26.8%/26.8%/17.4%
    25,600    50    -0.00179  -0.0004  0.0018  1.283↓    0.0%  -1.055  2.22e-04  31.2%/23.2%/27.1%/18.4%
    26,112    51    -0.00187  +0.0002  0.0020  1.296↓    0.0%  +0.122  2.19e-04  31.8%/26.4%/25.8%/16.0%
    26,624    52    -0.00180  -0.0002  0.0026  1.293↓    0.0%  -0.109  2.16e-04  34.8%/27.7%/22.1%/15.4%
    27,136    53    -0.00189  +0.0001  0.0027  1.302↓    0.0%  -0.153  2.13e-04  28.7%/27.1%/28.3%/15.8%
    27,648    54    -0.00197  -0.0016  0.0017  1.281↓    0.0%  -1.439  2.10e-04  30.9%/27.0%/23.8%/18.4%
    28,160    55    -0.00197  -0.0014  0.0016  1.272↓    0.0%  +0.254  2.07e-04  34.4%/24.0%/24.6%/17.0%
    28,672    56    -0.00203  -0.0012  0.0015  1.287↓    0.0%  +0.075  2.04e-04  29.7%/22.1%/29.5%/18.8%
    29,184    57    -0.00198  +0.0002  0.0011  1.271↓    0.0%  -0.659  2.01e-04  34.6%/26.8%/21.7%/17.0%
    29,696    58    -0.00203  +0.0003  0.0017  1.275↓    0.0%  -0.499  1.98e-04  29.7%/22.3%/29.5%/18.6%
  ✓ Kontrolpunkts: checkpoints_Realistic Mode, OP - 0.0008 (Active)_XRP\ckpt_step0029696.pth  [40% apmācības]
    30,208    59    -0.00203  -0.0010  0.0013  1.273↓    0.0%  +0.162  1.95e-04  32.2%/28.7%/21.7%/17.4%
    30,720    60    -0.00207  -0.0007  0.0019  1.287↓    0.0%  +0.310  1.92e-04  29.7%/25.6%/28.1%/16.6%
    31,232    61    -0.00204  -0.0004  0.0016  1.276↓    0.0%  -0.178  1.89e-04  37.1%/24.6%/21.9%/16.4%
    31,744    62    -0.00210  +0.0004  0.0014  1.276↓    0.0%  +0.712  1.86e-04  36.9%/25.0%/22.3%/15.8%
    32,256    63    -0.00204  +0.0002  0.0017  1.275↓    0.0%  +0.324  1.82e-04  35.7%/24.2%/23.8%/16.2%
    32,768    64    -0.00201  -0.0010  0.0016  1.279↓    0.0%  -0.327  1.79e-04  34.4%/28.9%/20.5%/16.2%
    33,280    65    -0.00202  -0.0008  0.0014  1.276↓    0.0%  +0.280  1.76e-04  37.7%/23.8%/23.4%/15.0%
    33,792    66    -0.00196  -0.0004  0.0014  1.270↓    0.0%  -0.129  1.73e-04  35.2%/32.0%/17.0%/15.8%
    34,304    67    -0.00198  -0.0014  0.0013  1.279↓    0.0%  -0.145  1.70e-04  36.3%/21.7%/25.6%/16.4%
    34,816    68    -0.00193  +0.0002  0.0012  1.280↓    0.0%  -0.563  1.67e-04  34.0%/28.3%/22.7%/15.0%
    35,328    69    -0.00199  +0.0001  0.0026  1.289↓    0.0%  -0.110  1.63e-04  36.9%/21.9%/26.0%/15.2%
    35,840    70    -0.00196  -0.0009  0.0015  1.255↓    0.0%  +0.253  1.60e-04  36.5%/24.6%/22.1%/16.8%
    36,352    71    -0.00188  -0.0016  0.0013  1.285↓    0.0%  +0.029  1.57e-04  38.1%/29.7%/18.6%/13.7%
    36,864    72    -0.00186  -0.0006  0.0009  1.264↓    0.0%  -0.231  1.54e-04  34.6%/24.4%/22.9%/18.2%
    37,376    73    -0.00178  -0.0018  0.0018  1.256↓    0.0%  +0.468  1.50e-04  39.1%/24.2%/21.1%/15.6%
    37,888    74    -0.00169  +0.0002  0.0012  1.257↓    0.0%  -0.519  1.47e-04  39.3%/23.2%/22.9%/14.6%
    38,400    75    -0.00158  -0.0020  0.0012  1.245↓    0.0%  -2.434  1.44e-04  41.2%/23.2%/20.7%/14.8%
    38,912    76    -0.00158  -0.0003  0.0011  1.268↓    0.0%  -1.554  1.41e-04  34.4%/21.7%/28.1%/15.8%
    39,424    77    -0.00146  -0.0002  0.0011  1.240↓    0.0%  -4.243  1.38e-04  40.8%/25.4%/18.8%/15.0%
    39,936    78    -0.00137  -0.0040  0.0010  1.263↓    0.0%  -2.507  1.34e-04  35.7%/23.4%/26.6%/14.3%
    40,448    79    -0.00136  -0.0014  0.0036  1.245↓    0.1%  +0.190  1.31e-04  38.5%/24.2%/21.1%/16.2%
    40,960    80    -0.00120  -0.0032  0.0016  1.247↓    0.0%  -1.107  1.28e-04  40.0%/24.4%/20.3%/15.2%
    41,472    81    -0.00107  -0.0027  0.0032  1.240↓    0.0%  -0.544  1.25e-04  42.4%/23.6%/18.0%/16.0%
    41,984    82    -0.00103  -0.0007  0.0009  1.203↓    0.0%  -1.708  1.22e-04  47.1%/22.9%/15.8%/14.3%
    42,496    83    -0.00098  -0.0016  0.0011  1.217↓    0.1%  -1.335  1.19e-04  43.9%/21.5%/18.4%/16.2%
    43,008    84    -0.00101  -0.0005  0.0010  1.211↓    0.0%  -1.734  1.15e-04  42.2%/26.4%/16.0%/15.4%
    43,520    85    -0.00102  +0.0011  0.0011  1.230↓    0.0%  -1.055  1.12e-04  42.2%/22.3%/20.1%/15.4%
    44,032    86    -0.00098  -0.0002  0.0012  1.196↓    0.0%  -0.926  1.09e-04  46.9%/24.0%/13.5%/15.6%
    44,544    87    -0.00117  -0.0017  0.0104  1.227↓    0.0%  -0.099  1.06e-04  42.8%/21.7%/21.9%/13.7%
  ✓ Kontrolpunkts: checkpoints_Realistic Mode, OP - 0.0008 (Active)_XRP\ckpt_step0044544.pth  [59% apmācības]
    45,056    88    -0.00114  +0.0013  0.0015  1.213↓    0.0%  -0.096  1.03e-04  44.5%/24.6%/15.8%/15.0%
    45,568    89    -0.00094  -0.0003  0.0012  1.231↓    0.0%  +0.010  1.00e-04  45.3%/22.7%/17.6%/14.5%
    46,080    90    -0.00095  -0.0006  0.0011  1.202↓    0.0%  -0.054  9.70e-05  47.7%/21.1%/16.4%/14.8%
    46,592    91    -0.00098  +0.0007  0.0010  1.221↓    0.0%  -0.069  9.40e-05  48.0%/20.3%/17.4%/14.3%
    47,104    92    -0.00099  -0.0009  0.0013  1.219↓    0.0%  +0.378  9.11e-05  42.0%/23.2%/20.1%/14.6%
    47,616    93    -0.00098  +0.0007  0.0008  1.214↓    0.0%  -0.020  8.81e-05  40.8%/21.7%/21.3%/16.2%
    48,128    94    -0.00093  -0.0013  0.0010  1.235↓    0.0%  -0.403  8.52e-05  43.6%/22.5%/19.7%/14.3%
    48,640    95    -0.00089  -0.0018  0.0009  1.225↓    0.0%  -2.868  8.23e-05  43.0%/25.6%/16.0%/15.4%
    49,152    96    -0.00090  -0.0022  0.0012  1.236↓    0.0%  -1.412  7.95e-05  43.8%/22.7%/19.1%/14.5%
    49,664    97    -0.00076  -0.0010  0.0016  1.227↓    0.1%  +0.127  7.67e-05  43.6%/24.2%/17.0%/15.2%
    50,176    98    -0.00079  -0.0009  0.0008  1.218↓    0.1%  -0.812  7.39e-05  43.6%/24.4%/16.4%/15.6%
    50,688    99    -0.00083  -0.0009  0.0008  1.212↓    0.0%  -0.251  7.12e-05  42.4%/22.3%/20.7%/14.6%
    51,200   100    -0.00083  +0.0006  0.0011  1.229↓    0.0%  -1.687  6.84e-05  42.8%/19.3%/23.4%/14.5%
    51,712   101    -0.00086  -0.0013  0.0012  1.222↓    0.0%  -0.596  6.58e-05  41.6%/22.3%/20.9%/15.2%
    52,224   102    -0.00080  -0.0005  0.0007  1.239↓    0.0%  -1.967  6.31e-05  38.3%/28.9%/18.9%/13.9%
    52,736   103    -0.00078  -0.0029  0.0009  1.239↓    0.1%  -2.485  6.06e-05  42.0%/25.8%/19.9%/12.3%
    53,248   104    -0.00076  +0.0030  0.0007  1.212↓    0.0%  -0.598  5.80e-05  41.8%/24.0%/17.6%/16.6%
    53,760   105    -0.00079  +0.0007  0.0009  1.243↓    0.0%  -0.503  5.55e-05  43.8%/20.5%/24.0%/11.7%
    54,272   106    -0.00077  +0.0012  0.0009  1.248↓    0.0%  -0.864  5.30e-05  42.0%/26.4%/18.6%/13.1%
    54,784   107    -0.00071  -0.0012  0.0011  1.210↓    0.0%  -0.954  5.06e-05  45.5%/19.9%/19.7%/14.8%
    55,296   108    -0.00071  +0.0009  0.0010  1.244↓    0.1%  -0.923  4.83e-05  35.7%/28.5%/20.3%/15.4%
    55,808   109    -0.00071  +0.0014  0.0009  1.227↓    0.0%  -1.173  4.59e-05  43.8%/22.7%/18.6%/15.0%
    56,320   110    -0.00072  +0.0009  0.0009  1.233↓    0.0%  -2.594  4.37e-05  39.5%/23.8%/20.1%/16.6%
    56,832   111    -0.00070  +0.0017  0.0007  1.222↓    0.0%  -2.002  4.14e-05  43.0%/23.6%/17.8%/15.6%
    57,344   112    -0.00073  -0.0001  0.0009  1.237↓    0.0%  -3.756  3.93e-05  42.8%/21.7%/20.7%/14.8%
    57,856   113    -0.00070  -0.0015  0.0007  1.236↓    0.0%  -2.695  3.71e-05  39.5%/27.7%/17.0%/15.8%
    58,368   114    -0.00069  -0.0003  0.0008  1.238↓    0.0%  -1.967  3.51e-05  43.2%/21.7%/21.9%/13.3%
    58,880   115    -0.00066  -0.0003  0.0006  1.244↓    0.0%  -1.760  3.30e-05  40.6%/28.1%/16.8%/14.5%
    59,392   116    -0.00066  -0.0016  0.0008  1.221↓    0.0%  -1.058  3.11e-05  42.0%/22.5%/21.3%/14.3%
  ✓ Kontrolpunkts: checkpoints_Realistic Mode, OP - 0.0008 (Active)_XRP\ckpt_step0059392.pth  [79% apmācības]
    59,904   117    -0.00066  -0.0011  0.0008  1.233↓    0.0%  -0.625  2.92e-05  44.3%/22.1%/19.1%/14.5%
    60,416   118    -0.00064  +0.0004  0.0006  1.213↓    0.0%  -2.169  2.73e-05  41.0%/21.1%/21.3%/16.6%
    60,928   119    -0.00061  -0.0001  0.0007  1.238↓    0.0%  -1.166  2.55e-05  42.0%/26.2%/17.4%/14.5%
    61,440   120    -0.00061  +0.0009  0.0005  1.219↓    0.0%  -2.647  2.38e-05  40.6%/22.1%/21.7%/15.6%
    61,952   121    -0.00062  -0.0020  0.0007  1.238↓    0.0%  -2.542  2.21e-05  42.0%/20.3%/22.3%/15.4%
    62,464   122    -0.00061  -0.0012  0.0006  1.251↓    0.0%  -2.390  2.05e-05  35.2%/31.2%/20.1%/13.5%
    62,976   123    -0.00062  -0.0011  0.0007  1.231↓    0.0%  -1.801  1.89e-05  41.8%/21.1%/20.7%/16.4%
    63,488   124    -0.00063  +0.0005  0.0005  1.220↓    0.0%  -2.566  1.74e-05  40.4%/27.3%/14.8%/17.4%
    64,000   125    -0.00061  -0.0014  0.0008  1.211↓    0.0%  -1.087  1.60e-05  41.6%/21.7%/19.9%/16.8%
    64,512   126    -0.00059  -0.0002  0.0007  1.234↓    0.2%  -2.408  1.46e-05  35.9%/31.2%/15.2%/17.6%
    65,024   127    -0.00058  +0.0002  0.0007  1.230↓    0.0%  -1.424  1.33e-05  42.6%/21.1%/21.1%/15.2%
    65,536   128    -0.00058  +0.0003  0.0008  1.235↓    0.0%  -1.680  1.21e-05  41.4%/23.6%/18.4%/16.6%
    66,048   129    -0.00061  -0.0019  0.0006  1.237↓    0.0%  -1.730  1.09e-05  40.2%/21.5%/22.5%/15.8%
    66,560   130    -0.00061  +0.0008  0.0008  1.234↓    0.0%  -2.529  9.77e-06  41.2%/26.4%/17.2%/15.2%
    67,072   131    -0.00061  +0.0007  0.0011  1.242↓    0.0%  -0.215  8.72e-06  43.2%/26.0%/16.4%/14.5%
    67,584   132    -0.00067  +0.0025  0.0010  1.247↓    0.0%  -0.084  7.73e-06  38.1%/26.2%/20.7%/15.0%
    68,096   133    -0.00069  +0.0006  0.0006  1.231↓    0.0%  -2.855  6.81e-06  37.5%/25.6%/20.7%/16.2%
    68,608   134    -0.00069  -0.0001  0.0007  1.235↓    0.0%  -2.824  5.96e-06  45.5%/21.1%/19.3%/14.1%
    69,120   135    -0.00072  -0.0008  0.0008  1.240↓    0.0%  -1.322  5.17e-06  40.2%/26.8%/17.4%/15.6%
    69,632   136    -0.00073  -0.0003  0.0007  1.223↓    0.0%  -0.721  4.45e-06  42.2%/24.0%/17.8%/16.0%
    70,144   137    -0.00074  -0.0014  0.0007  1.239↓    0.0%  -1.299  3.79e-06  44.7%/22.7%/17.0%/15.6%
    70,656   138    -0.00078  +0.0004  0.0009  1.243↓    0.0%  -4.095  3.21e-06  38.3%/26.8%/19.1%/15.8%
    71,168   139    -0.00074  -0.0018  0.0008  1.232↓    0.0%  -6.039  2.69e-06  39.5%/25.6%/17.6%/17.4%
    71,680   140    -0.00076  +0.0003  0.0007  1.234↓    0.0%  -2.120  2.24e-06  41.8%/24.2%/19.1%/14.8%
    72,192   141    -0.00075  +0.0004  0.0008  1.250↓    0.0%  -1.261  1.86e-06  36.5%/29.9%/18.6%/15.0%
    72,704   142    -0.00071  +0.0020  0.0006  1.244↓    0.0%  -1.725  1.55e-06  41.4%/25.8%/19.3%/13.5%
    73,216   143    -0.00070  +0.0009  0.0009  1.226↓    0.0%  -0.826  1.31e-06  43.0%/21.7%/20.5%/14.8%
    73,728   144    -0.00070  +0.0006  0.0007  1.242↓    0.1%  -2.861  1.14e-06  37.7%/26.4%/19.9%/16.0%
    74,240   145    -0.00068  +0.0003  0.0007  1.239↓    0.0%  -1.959  1.03e-06  42.0%/21.3%/22.3%/14.5%
  ✓ Kontrolpunkts: checkpoints_Realistic Mode, OP - 0.0008 (Active)_XRP\ckpt_step0074240.pth  [99% apmācības]
    74,752   146    -0.00064  +0.0012  0.0007  1.245↓    0.1%  -4.185  1.00e-06  36.7%/29.9%/19.3%/14.1%
    75,264   147    -0.00064  -0.0020  0.0005  1.234↓    0.0%  -2.535  1.03e-06  46.3%/19.3%/20.3%/14.1%
  ✓ Kontrolpunkts: checkpoints_Realistic Mode, OP - 0.0008 (Active)_XRP\ckpt_step0075264.pth  [100% apmācības]

────────────────────────────────────────────────────────────────────────────────
  Vidējais ātrums: 612 soļi/sek
  Vidējā atlīdzība (pēdējie 10 atjauninājumi): -0.00064
  Galīgā entropija: 1.234  (sākums: 1.299)
────────────────────────────────────────────────────────────────────────────────

✓ Galīgais modelis saglabāts: ppo_trader_Realistic Mode, OP - 0.0008 (Active)_XRP.pth

============================================================
11. SOLIS: Bektests (4 varianti)
============================================================

────────────────────────────────────────────────────────────  1. Komisija + slipāža          
  Bilance: $631.54 | Ienesīgums: -36.85% | MaxDD: 70.43% | Sharpe: -1.854 | Calmar: -0.523 | PF: 0.000 | Darījumi: 7 | Win%: 0.0%

────────────────────────────────────────────────────────────  2. Tikai komisija              
  Bilance: $643.01 | Ienesīgums: -35.70% | MaxDD: 69.97% | Sharpe: -1.789 | Calmar: -0.510 | PF: 0.013 | Darījumi: 7 | Win%: 28.6%

────────────────────────────────────────────────────────────  3. Tikai slipāža              
  Bilance: $635.21 | Ienesīgums: -36.48% | MaxDD: 70.28% | Sharpe: -1.842 | Calmar: -0.519 | PF: 0.001 | Darījumi: 7 | Win%: 14.3%

────────────────────────────────────────────────────────────  4. Bez izmaksām               
  Bilance: $646.75 | Ienesīgums: -35.32% | MaxDD: 69.82% | Sharpe: -1.776 | Calmar: -0.506 | PF: 0.015 | Darījumi: 7 | Win%: 28.6%


======================================================================
12. SOLIS: Rezultāti
======================================================================

  Metrika                     1. Komisija + slipāža            2. Tikai komisija                3. Tikai slipāža                4. Bez izmaksām               
  ──────────────────────────────────────────────────────────────────────────────────────────────────────────────────────────────────────────────────────────────
  Galīgā bilance                                     $631.54                         $643.01                         $635.21                         $646.75
  Ienesīgums                                         -36.85%                         -35.70%                         -36.48%                         -35.32%
  Maks. kritums                                       70.43%                          69.97%                          70.28%                          69.82%
  Sharpe (pēc darījumiem)                             -1.854                          -1.789                          -1.842                          -1.776
  Calmar koeficients                                  -0.523                          -0.510                          -0.519                          -0.506
  Peļņas faktors                                       0.000                           0.013                           0.001                           0.015
  Vid. PnL / solis ($)                             -0.003277                       -0.003211                       -0.003267                       -0.003201
  Darījumi                                                 7                               7                               7                               7
  Uzvaru īpatsvars                                      0.0%                           28.6%                           14.3%                           28.6%
  Vid. darījuma P&L                                  -5.866%                         -5.682%                         -5.826%                         -5.642%
  Vid. ilgums (h)                                     1312.0                          1312.0                          1312.0                          1312.0
  Vid. slip (ieeja+izeja)                            0.1269%                               —                         0.1269%                               —
  Vid. komisija                                      0.0800%                         0.0800%                               —                               —

  Zudumi no komisijām        : +0.37%
  Zudumi no slipāžas        : +1.15%
  Kopējie zudumi             : +1.52%

  Signāli (variants 1):
    HOLD  :   87,867  (79.6%)
    LONG  :   22,478  (20.4%)
    SHORT :        4  (0.0%)
    CLOSE :        0  (0.0%)

  Darījumi: LONG=4  SHORT=3

  ──────────────────────────────────────────────────────────
  TOP 5 IENESĪGĀKIE
  1. LONG  | 2025-04-25 12:20 → 2025-11-25 08:25 | 5132h 5m | P&L: -0.01$ (-0.001%) | slip: 0.082%/0.055%
  2. SHORT | 2025-11-25 08:25 → 2025-11-25 12:20 | 3h 55m | P&L: -0.48$ (-0.049%) | slip: 0.095%/0.117%
  3. SHORT | 2026-01-28 09:15 → 2026-01-28 18:00 | 8h 45m | P&L: -7.81$ (-0.926%) | slip: 0.043%/0.107%
  4. SHORT | 2025-12-10 09:10 → 2025-12-10 10:10 | 1h 0m | P&L: -8.04$ (-0.860%) | slip: 0.032%/0.063%
  5. LONG  | 2025-11-25 12:20 → 2025-12-10 09:10 | 356h 50m | P&L: -60.82$ (-6.105%) | slip: 0.040%/0.022%

  ──────────────────────────────────────────────────────────
  TOP 5 ZAUDĪGĀKIE
  1. LONG  | 2026-01-28 18:00 → 2026-05-13 04:40 | 2506h 40m | P&L: -203.47$ (-24.368%) | slip: 0.089%/0.045%
  2. LONG  | 2025-12-10 10:10 → 2026-01-28 09:15 | 1175h 5m | P&L: -81.00$ (-8.751%) | slip: 0.069%/0.029%
  3. LONG  | 2025-11-25 12:20 → 2025-12-10 09:10 | 356h 50m | P&L: -60.82$ (-6.105%) | slip: 0.040%/0.022%
  4. SHORT | 2025-12-10 09:10 → 2025-12-10 10:10 | 1h 0m | P&L: -8.04$ (-0.860%) | slip: 0.032%/0.063%
  5. SHORT | 2026-01-28 09:15 → 2026-01-28 18:00 | 8h 45m | P&L: -7.81$ (-0.926%) | slip: 0.043%/0.107%

  ✓ Darījumu žurnāls: backtest_Realistic Mode, OP - 0.0008 (Active)_XRP_trades.csv

──────────────────────────────────────────────────────────────────────
  ✓ Rezultāts pievienots: experiments.csv

======================================================================
GATAVS - versija Realistic Mode, OP - 0.0008 (Active)  |  simbols: XRP  |  eksperiments: OP - 0.0008 (Active)
======================================================================
