Žurnāls: ppo_trader_Realistic Mode, OP - 0.0008 (Active)_DOGE.log

Ierīce: cpu  |  AMP: False
Eksperiments: OP - 0.0008 (Active)

============================================================
1. SOLIS: Datu ielāde
============================================================
Visa datu kopa : 719,235 sveces  |  2019-07-09 17:00:00 → 2026-05-13 04:55:00
Izmantojam     : 308,244 sveces  |  2023-06-07 22:00:00 → 2026-05-13 04:55:00
Apmācība (~2g) : 0..205,496  (2023-06-07 22:00:00 → 2025-05-21 10:35:00)
Tests  (~1g)   : 205,496..308,244  (2025-05-21 10:40:00 → 2026-05-13 04:55:00)
Pazīmes (tirgus): 32
N_STATE_FEATURES=34

Slipāžas rindu priekšaprēķins...

============================================================
7. SOLIS: Modelis
============================================================
Parametri: 62,853  |  INPUT_DIM=34
Arhitektūra: D_MODEL=64, N_HEADS=2, N_LAYERS=1, SEQ_LEN=32

============================================================
10. SOLIS: Apmācība (PPO)
============================================================
Kopējie soļi: 75,000  |  N_ENVS: 4  |  ROLLOUT_STEPS: 128
Bufera izmērs vienam atjauninājumam: 512 pārejas
PPO epohi: 2  |  Mini-pakete: 128
Labvēlības periods: 12 sveces  |  Atvēršanas sods: 0.0008  |  Min darījums: 72 sveces  |  Īsa darījuma sods: 0.0008
Kontrolpunkti: checkpoints_Realistic Mode, OP - 0.0008 (Active)_DOGE/  (ik pēc 29 atjauninājumiem)

────────────────────────────────────────────────────────────────────────────────
     Solis   Upd  Rew(avg10)       pi       v    ent   clip%      ev        lr  Darbības(H/L/S/C)
────────────────────────────────────────────────────────────────────────────────
       512     1    -0.00181  -0.0004  0.0438  1.300?    0.0%  -0.848  3.00e-04  25.0%/28.5%/26.8%/19.7%
     1,024     2    -0.00176  -0.0003  0.0215  1.305?    0.0%  -0.382  3.00e-04  30.7%/24.8%/26.6%/18.0%
     1,536     3    -0.00168  -0.0005  0.0153  1.291?    0.0%  -0.148  3.00e-04  30.5%/25.0%/25.4%/19.1%
     2,048     4    -0.00169  -0.0008  0.0141  1.304?    0.0%  +0.561  2.99e-04  30.1%/29.3%/22.9%/17.8%
     2,560     5    -0.00173  -0.0009  0.0133  1.297?    0.0%  +0.236  2.99e-04  30.9%/25.4%/26.0%/17.8%
     3,072     6    -0.00174  -0.0005  0.0106  1.309→    0.0%  +0.170  2.99e-04  23.8%/26.2%/31.1%/18.9%
     3,584     7    -0.00174  +0.0000  0.0092  1.300→    0.0%  +0.373  2.98e-04  28.5%/26.2%/26.6%/18.8%
     4,096     8    -0.00175  +0.0000  0.0093  1.310→    0.0%  -0.069  2.98e-04  29.7%/22.7%/29.7%/18.0%
     4,608     9    -0.00176  -0.0008  0.0062  1.306↑    0.0%  +0.359  2.97e-04  29.1%/27.3%/24.8%/18.8%
     5,120    10    -0.00184  -0.0004  0.0067  1.304→    0.0%  +0.428  2.97e-04  29.5%/27.1%/26.4%/17.0%
     5,632    11    -0.00192  -0.0005  0.0060  1.311→    0.0%  +0.528  2.96e-04  26.0%/28.5%/26.6%/18.9%
     6,144    12    -0.00193  -0.0012  0.0058  1.311↑    0.0%  -0.073  2.95e-04  31.8%/29.1%/24.2%/14.8%
     6,656    13    -0.00197  -0.0002  0.0064  1.314↑    0.0%  -0.353  2.94e-04  24.6%/27.5%/29.3%/18.6%
     7,168    14    -0.00201  -0.0005  0.0044  1.308↑    0.0%  -0.361  2.93e-04  28.3%/25.0%/28.9%/17.8%
     7,680    15    -0.00225  -0.0006  0.0087  1.303↑    0.0%  -0.150  2.92e-04  28.1%/25.4%/28.3%/18.2%
     8,192    16    -0.00231  -0.0007  0.0048  1.296↑    0.0%  +0.330  2.91e-04  30.5%/25.8%/24.6%/19.1%
     8,704    17    -0.00240  -0.0002  0.0049  1.300→    0.0%  -0.381  2.90e-04  29.5%/26.6%/24.8%/19.1%
     9,216    18    -0.00244  -0.0006  0.0034  1.300→    0.0%  -0.960  2.89e-04  28.7%/29.5%/23.0%/18.8%
     9,728    19    -0.00245  -0.0005  0.0033  1.311→    0.0%  -0.890  2.88e-04  26.6%/26.6%/29.9%/17.0%
    10,240    20    -0.00237  -0.0003  0.0023  1.305→    0.0%  -0.887  2.86e-04  26.6%/27.0%/28.9%/17.6%
    10,752    21    -0.00231  -0.0008  0.0026  1.308↑    0.0%  -2.164  2.85e-04  27.3%/26.2%/28.9%/17.6%
    11,264    22    -0.00233  -0.0005  0.0023  1.299→    0.0%  -0.936  2.84e-04  24.4%/29.3%/25.4%/20.9%
    11,776    23    -0.00232  -0.0004  0.0025  1.297→    0.0%  -2.262  2.82e-04  29.7%/24.8%/27.0%/18.6%
    12,288    24    -0.00237  -0.0005  0.0024  1.314→    0.0%  -1.374  2.81e-04  28.7%/28.9%/24.8%/17.6%
    12,800    25    -0.00223  -0.0005  0.0032  1.298→    0.0%  -0.306  2.79e-04  27.9%/27.5%/24.4%/20.1%
    13,312    26    -0.00225  -0.0006  0.0027  1.317→    0.0%  +0.152  2.77e-04  23.8%/28.9%/30.5%/16.8%
    13,824    27    -0.00230  -0.0005  0.0034  1.309↑    0.0%  -0.938  2.75e-04  27.0%/27.7%/27.9%/17.4%
    14,336    28    -0.00229  +0.0001  0.0026  1.306↑    0.0%  -1.587  2.74e-04  31.4%/23.6%/27.7%/17.2%
    14,848    29    -0.00250  -0.0004  0.0055  1.301↑    0.0%  +0.005  2.72e-04  26.4%/27.0%/26.6%/20.1%
  ✓ Kontrolpunkts: checkpoints_Realistic Mode, OP - 0.0008 (Active)_DOGE\ckpt_step0014848.pth  [20% apmācības]
    15,360    30    -0.00259  +0.0001  0.0029  1.304↑    0.0%  -0.640  2.70e-04  26.2%/23.6%/31.1%/19.1%
    15,872    31    -0.00275  -0.0012  0.0034  1.291→    0.0%  +0.045  2.68e-04  30.3%/22.1%/29.1%/18.6%
    16,384    32    -0.00288  -0.0001  0.0028  1.291→    0.0%  +0.413  2.66e-04  29.1%/22.9%/26.8%/21.3%
    16,896    33    -0.00299  -0.0006  0.0029  1.292→    0.0%  +0.655  2.64e-04  31.1%/26.4%/24.8%/17.8%
    17,408    34    -0.00306  +0.0005  0.0032  1.305→    0.0%  +0.640  2.62e-04  26.6%/29.7%/25.8%/18.0%
    17,920    35    -0.00346  -0.0009  0.0294  1.306→    0.0%  +0.412  2.60e-04  28.3%/26.8%/27.7%/17.2%
    18,432    36    -0.00365  -0.0005  0.0110  1.295→    0.0%  +0.791  2.57e-04  28.1%/25.6%/27.3%/18.9%
    18,944    37    -0.00373  -0.0011  0.0062  1.298→    0.0%  +0.889  2.55e-04  28.1%/26.8%/26.8%/18.4%
    19,456    38    -0.00378  -0.0005  0.0039  1.293→    0.0%  +0.772  2.53e-04  27.7%/29.9%/22.1%/20.3%
    19,968    39    -0.00364  -0.0006  0.0058  1.302→    0.0%  +0.562  2.50e-04  31.4%/26.4%/27.1%/15.0%
    20,480    40    -0.00390  -0.0002  0.0067  1.290↓    0.0%  +0.808  2.48e-04  26.8%/28.7%/25.0%/19.5%
    20,992    41    -0.00379  +0.0005  0.0041  1.301↓    0.0%  +0.763  2.45e-04  27.0%/25.8%/28.7%/18.6%
    21,504    42    -0.00363  -0.0006  0.0045  1.305→    0.0%  +0.757  2.43e-04  31.8%/27.5%/24.2%/16.4%
    22,016    43    -0.00359  -0.0006  0.0039  1.290→    0.0%  +0.211  2.40e-04  31.4%/25.0%/25.6%/18.0%
    22,528    44    -0.00351  -0.0002  0.0032  1.302→    0.0%  +0.665  2.38e-04  31.2%/29.1%/22.7%/17.0%
    23,040    45    -0.00305  -0.0010  0.0032  1.287↓    0.0%  +0.367  2.35e-04  27.7%/27.1%/25.2%/19.9%
    23,552    46    -0.00288  -0.0014  0.0026  1.307↓    0.0%  +0.818  2.33e-04  27.1%/24.2%/32.4%/16.2%
    24,064    47    -0.00272  -0.0007  0.0020  1.287↓    0.0%  +0.635  2.30e-04  28.5%/27.7%/23.8%/19.9%
    24,576    48    -0.00276  -0.0006  0.0039  1.297↓    0.0%  +0.709  2.27e-04  28.7%/28.3%/25.0%/18.0%
    25,088    49    -0.00287  -0.0014  0.0052  1.282↓    0.0%  +0.532  2.24e-04  32.0%/24.0%/25.8%/18.2%
    25,600    50    -0.00257  -0.0007  0.0025  1.297↓    0.0%  +0.882  2.22e-04  26.0%/24.8%/29.3%/19.9%
    26,112    51    -0.00256  -0.0010  0.0029  1.292↓    0.0%  +0.700  2.19e-04  31.8%/25.8%/26.4%/16.0%
    26,624    52    -0.00254  -0.0014  0.0025  1.303↓    0.0%  +0.753  2.16e-04  28.7%/30.7%/24.2%/16.4%
    27,136    53    -0.00244  -0.0011  0.0030  1.294↓    0.0%  -0.239  2.13e-04  30.5%/24.4%/28.3%/16.8%
    27,648    54    -0.00252  -0.0004  0.0041  1.286↓    0.0%  +0.536  2.10e-04  25.4%/27.3%/28.1%/19.1%
    28,160    55    -0.00256  -0.0032  0.0033  1.291↓    0.0%  +0.463  2.07e-04  26.8%/26.6%/27.7%/18.9%
    28,672    56    -0.00251  -0.0002  0.0030  1.286↓    0.0%  +0.538  2.04e-04  27.1%/25.2%/27.5%/20.1%
    29,184    57    -0.00249  -0.0014  0.0025  1.294↓    0.0%  +0.408  2.01e-04  28.1%/29.3%/25.2%/17.4%
    29,696    58    -0.00249  -0.0006  0.0024  1.275↓    0.0%  +0.342  1.98e-04  27.5%/23.0%/28.3%/21.1%
  ✓ Kontrolpunkts: checkpoints_Realistic Mode, OP - 0.0008 (Active)_DOGE\ckpt_step0029696.pth  [40% apmācības]
    30,208    59    -0.00232  -0.0006  0.0016  1.302↓    0.0%  -0.055  1.95e-04  24.4%/31.2%/26.0%/18.4%
    30,720    60    -0.00229  -0.0005  0.0014  1.282↓    0.0%  -0.826  1.92e-04  28.5%/23.6%/29.1%/18.8%
    31,232    61    -0.00220  -0.0008  0.0017  1.300↓    0.0%  -0.383  1.89e-04  30.3%/22.9%/28.1%/18.8%
    31,744    62    -0.00216  -0.0003  0.0014  1.281↓    0.0%  -0.636  1.86e-04  32.2%/20.7%/29.7%/17.4%
    32,256    63    -0.00219  +0.0004  0.0019  1.302↓    0.0%  +0.225  1.82e-04  30.1%/25.0%/27.3%/17.6%
    32,768    64    -0.00207  -0.0009  0.0015  1.289↓    0.0%  +0.554  1.79e-04  31.6%/24.4%/26.2%/17.8%
    33,280    65    -0.00203  -0.0009  0.0023  1.290↓    0.0%  -0.148  1.76e-04  34.0%/23.2%/26.8%/16.0%
    33,792    66    -0.00205  -0.0007  0.0038  1.289↓    0.0%  +0.317  1.73e-04  28.1%/25.4%/27.5%/18.9%
    34,304    67    -0.00202  -0.0002  0.0023  1.283↓    0.0%  +0.294  1.70e-04  31.6%/21.1%/27.3%/19.9%
    34,816    68    -0.00196  -0.0009  0.0022  1.305↓    0.0%  +0.517  1.67e-04  27.7%/26.8%/28.1%/17.4%
    35,328    69    -0.00192  +0.0000  0.0015  1.287↓    0.0%  +0.429  1.63e-04  35.0%/20.1%/27.5%/17.4%
    35,840    70    -0.00183  +0.0003  0.0022  1.291↓    0.0%  -0.317  1.60e-04  27.9%/24.6%/28.7%/18.8%
    36,352    71    -0.00181  -0.0007  0.0015  1.305↓    0.0%  +0.223  1.57e-04  30.9%/31.8%/22.3%/15.0%
    36,864    72    -0.00186  -0.0015  0.0015  1.296↓    0.0%  -0.581  1.54e-04  25.6%/27.9%/27.5%/18.9%
    37,376    73    -0.00185  +0.0002  0.0019  1.290↓    0.0%  +0.290  1.50e-04  29.3%/26.0%/28.5%/16.2%
    37,888    74    -0.00182  -0.0004  0.0014  1.293↓    0.0%  -0.394  1.47e-04  31.6%/25.2%/25.6%/17.6%
    38,400    75    -0.00177  -0.0010  0.0015  1.298↓    0.0%  +0.116  1.44e-04  29.7%/25.2%/28.9%/16.2%
    38,912    76    -0.00164  -0.0008  0.0014  1.287↓    0.0%  -2.561  1.41e-04  28.5%/24.8%/27.7%/18.9%
    39,424    77    -0.00167  -0.0016  0.0017  1.300↓    0.0%  -0.007  1.38e-04  26.6%/28.9%/27.1%/17.4%
    39,936    78    -0.00159  +0.0005  0.0021  1.290↓    0.0%  -0.079  1.34e-04  28.3%/25.4%/28.3%/18.0%
    40,448    79    -0.00159  -0.0019  0.0016  1.305↓    0.0%  +0.149  1.31e-04  26.8%/28.1%/28.1%/17.0%
    40,960    80    -0.00162  +0.0001  0.0020  1.295↓    0.0%  +0.021  1.28e-04  29.7%/24.6%/27.9%/17.8%
    41,472    81    -0.00166  -0.0007  0.0015  1.287↓    0.0%  +0.396  1.25e-04  28.1%/27.5%/25.2%/19.1%
    41,984    82    -0.00161  +0.0009  0.0014  1.275↓    0.0%  +0.610  1.22e-04  33.0%/22.9%/26.4%/17.8%
    42,496    83    -0.00155  -0.0005  0.0011  1.284↓    0.0%  +0.633  1.19e-04  30.1%/25.6%/25.6%/18.8%
    43,008    84    -0.00152  -0.0014  0.0013  1.295↓    0.0%  +0.530  1.15e-04  26.8%/29.9%/26.0%/17.4%
    43,520    85    -0.00150  -0.0006  0.0011  1.297↓    0.0%  +0.484  1.12e-04  31.2%/29.3%/22.5%/17.0%
    44,032    86    -0.00151  +0.0002  0.0013  1.283↓    0.0%  +0.515  1.09e-04  30.3%/28.9%/21.1%/19.7%
    44,544    87    -0.00142  -0.0007  0.0010  1.291↓    0.0%  +0.530  1.06e-04  30.7%/24.6%/27.9%/16.8%
  ✓ Kontrolpunkts: checkpoints_Realistic Mode, OP - 0.0008 (Active)_DOGE\ckpt_step0044544.pth  [59% apmācības]
    45,056    88    -0.00139  +0.0006  0.0011  1.295↓    0.0%  +0.531  1.03e-04  28.7%/27.0%/25.6%/18.8%
    45,568    89    -0.00132  -0.0008  0.0012  1.279↓    0.0%  +0.584  1.00e-04  31.6%/25.0%/24.6%/18.8%
    46,080    90    -0.00131  +0.0004  0.0012  1.287↓    0.0%  +0.556  9.70e-05  31.1%/25.2%/24.6%/19.1%
    46,592    91    -0.00126  +0.0002  0.0008  1.286↓    0.0%  +0.635  9.40e-05  35.4%/22.5%/25.8%/16.4%
    47,104    92    -0.00125  -0.0007  0.0008  1.287↓    0.0%  +0.573  9.11e-05  30.3%/25.4%/27.0%/17.4%
    47,616    93    -0.00121  -0.0009  0.0009  1.289↓    0.0%  +0.713  8.81e-05  26.8%/23.2%/31.6%/18.4%
    48,128    94    -0.00114  -0.0008  0.0010  1.292↓    0.0%  +0.680  8.52e-05  31.4%/24.6%/26.2%/17.8%
    48,640    95    -0.00109  +0.0002  0.0010  1.285↓    0.0%  +0.791  8.23e-05  29.1%/26.0%/25.4%/19.5%
    49,152    96    -0.00110  -0.0000  0.0009  1.287↓    0.0%  +0.733  7.95e-05  32.4%/26.4%/23.4%/17.8%
    49,664    97    -0.00112  -0.0013  0.0015  1.295↓    0.0%  +0.763  7.67e-05  30.5%/25.4%/26.0%/18.2%
    50,176    98    -0.00123  -0.0003  0.0020  1.279↓    0.0%  +0.737  7.39e-05  32.0%/25.6%/23.2%/19.1%
    50,688    99    -0.00135  -0.0007  0.0012  1.301↓    0.0%  +0.896  7.12e-05  25.4%/27.1%/30.3%/17.2%
    51,200   100    -0.00144  +0.0004  0.0018  1.302↓    0.0%  +0.860  6.84e-05  27.1%/25.2%/29.9%/17.8%
    51,712   101    -0.00150  -0.0004  0.0014  1.288↓    0.0%  +0.847  6.58e-05  31.2%/22.9%/27.7%/18.2%
    52,224   102    -0.00157  +0.0003  0.0022  1.304↓    0.0%  +0.689  6.31e-05  26.2%/30.5%/25.8%/17.6%
    52,736   103    -0.00174  +0.0013  0.0017  1.307↓    0.0%  +0.804  6.06e-05  28.9%/30.9%/24.0%/16.2%
    53,248   104    -0.00174  +0.0002  0.0018  1.289↓    0.0%  +0.580  5.80e-05  29.9%/25.6%/26.4%/18.2%
    53,760   105    -0.00181  -0.0001  0.0020  1.297↓    0.0%  +0.737  5.55e-05  30.9%/24.6%/28.5%/16.0%
    54,272   106    -0.00180  -0.0003  0.0013  1.319↓    0.0%  +0.837  5.30e-05  28.9%/28.1%/27.9%/15.0%
    54,784   107    -0.00185  -0.0002  0.0012  1.278↓    0.0%  +0.883  5.06e-05  32.4%/23.4%/24.6%/19.5%
    55,296   108    -0.00181  -0.0006  0.0020  1.298↓    0.0%  +0.844  4.83e-05  24.8%/25.4%/31.1%/18.8%
    55,808   109    -0.00187  +0.0009  0.0034  1.290↓    0.0%  +0.832  4.59e-05  31.1%/21.9%/28.5%/18.6%
    56,320   110    -0.00187  +0.0002  0.0020  1.288↓    0.0%  +0.858  4.37e-05  26.4%/24.6%/27.5%/21.5%
    56,832   111    -0.00193  +0.0003  0.0020  1.287↓    0.0%  +0.838  4.14e-05  32.4%/24.4%/24.2%/18.9%
    57,344   112    -0.00198  +0.0001  0.0016  1.288↓    0.0%  +0.908  3.93e-05  28.9%/25.2%/27.1%/18.8%
    57,856   113    -0.00183  -0.0003  0.0011  1.291↓    0.0%  +0.903  3.71e-05  29.5%/27.3%/25.4%/17.8%
    58,368   114    -0.00198  +0.0002  0.0012  1.294↓    0.0%  +0.865  3.51e-05  30.7%/26.2%/26.2%/17.0%
    58,880   115    -0.00192  +0.0005  0.0015  1.304↓    0.0%  +0.623  3.30e-05  29.7%/28.9%/25.4%/16.0%
    59,392   116    -0.00196  +0.0001  0.0015  1.290↓    0.0%  +0.830  3.11e-05  31.1%/25.0%/26.6%/17.4%
  ✓ Kontrolpunkts: checkpoints_Realistic Mode, OP - 0.0008 (Active)_DOGE\ckpt_step0059392.pth  [79% apmācības]
    59,904   117    -0.00193  -0.0001  0.0013  1.300↓    0.0%  +0.867  2.92e-05  30.1%/24.4%/28.9%/16.6%
    60,416   118    -0.00190  +0.0006  0.0012  1.292↓    0.0%  +0.788  2.73e-05  27.1%/26.0%/27.7%/19.1%
    60,928   119    -0.00176  +0.0012  0.0013  1.300↓    0.0%  +0.736  2.55e-05  27.9%/29.1%/24.8%/18.2%
    61,440   120    -0.00167  +0.0000  0.0008  1.301↓    0.0%  +0.713  2.38e-05  24.0%/23.0%/34.0%/18.9%
    61,952   121    -0.00167  +0.0000  0.0019  1.302↓    0.0%  +0.435  2.21e-05  28.9%/26.4%/25.6%/19.1%
    62,464   122    -0.00164  +0.0002  0.0020  1.311↓    0.0%  -0.119  2.05e-05  24.0%/27.7%/32.6%/15.6%
    62,976   123    -0.00167  +0.0003  0.0027  1.285↓    0.0%  +0.253  1.89e-05  30.3%/22.5%/26.8%/20.5%
    63,488   124    -0.00159  +0.0007  0.0013  1.293↓    0.0%  +0.547  1.74e-05  28.7%/25.6%/27.1%/18.6%
    64,000   125    -0.00156  -0.0023  0.0012  1.290↓    0.0%  -0.352  1.60e-05  29.7%/25.6%/26.6%/18.2%
    64,512   126    -0.00152  +0.0011  0.0013  1.294↓    0.0%  +0.337  1.46e-05  27.7%/29.9%/22.9%/19.5%
    65,024   127    -0.00147  -0.0008  0.0008  1.299↓    0.0%  -0.150  1.33e-05  32.6%/24.0%/26.4%/17.0%
    65,536   128    -0.00144  +0.0002  0.0013  1.289↓    0.0%  +0.145  1.21e-05  33.2%/25.2%/22.9%/18.8%
    66,048   129    -0.00147  +0.0005  0.0034  1.298↓    0.0%  +0.493  1.09e-05  30.5%/22.9%/29.3%/17.4%
    66,560   130    -0.00147  +0.0013  0.0019  1.284↓    0.0%  +0.363  9.77e-06  33.8%/25.2%/23.0%/18.0%
    67,072   131    -0.00139  +0.0003  0.0018  1.303↓    0.0%  +0.566  8.72e-06  31.6%/22.9%/29.3%/16.2%
    67,584   132    -0.00135  +0.0002  0.0013  1.297↓    0.0%  +0.574  7.73e-06  29.5%/27.9%/25.4%/17.2%
    68,096   133    -0.00132  -0.0003  0.0013  1.292↓    0.0%  +0.364  6.81e-06  30.5%/21.7%/29.5%/18.4%
    68,608   134    -0.00136  +0.0001  0.0021  1.291↓    0.0%  +0.574  5.96e-06  31.4%/23.6%/26.2%/18.8%
    69,120   135    -0.00140  +0.0001  0.0016  1.294↓    0.0%  +0.640  5.17e-06  28.9%/27.5%/25.2%/18.4%
    69,632   136    -0.00144  -0.0001  0.0013  1.294↓    0.0%  +0.653  4.45e-06  29.5%/25.4%/27.0%/18.2%
    70,144   137    -0.00165  +0.0004  0.0026  1.290↓    0.0%  +0.636  3.79e-06  30.3%/25.8%/25.6%/18.4%
    70,656   138    -0.00169  -0.0005  0.0018  1.301↓    0.0%  -0.069  3.21e-06  27.0%/25.2%/29.9%/18.0%
    71,168   139    -0.00164  -0.0006  0.0034  1.285↓    0.0%  +0.099  2.69e-06  28.1%/27.7%/24.0%/20.1%
    71,680   140    -0.00165  +0.0013  0.0011  1.308↓    0.0%  +0.046  2.24e-06  27.0%/25.6%/30.5%/17.0%
    72,192   141    -0.00196  -0.0004  0.0065  1.303↓    0.0%  +0.496  1.86e-06  24.6%/33.8%/23.8%/17.8%
    72,704   142    -0.00213  -0.0003  0.0027  1.297↓    0.0%  +0.570  1.55e-06  25.2%/28.5%/27.7%/18.6%
    73,216   143    -0.00227  +0.0001  0.0020  1.290↓    0.0%  +0.742  1.31e-06  29.5%/28.1%/23.8%/18.6%
    73,728   144    -0.00238  -0.0017  0.0032  1.294↓    0.0%  +0.595  1.14e-06  26.6%/27.0%/27.5%/18.9%
    74,240   145    -0.00240  +0.0002  0.0012  1.298↓    0.0%  +0.739  1.03e-06  30.5%/22.9%/29.7%/17.0%
  ✓ Kontrolpunkts: checkpoints_Realistic Mode, OP - 0.0008 (Active)_DOGE\ckpt_step0074240.pth  [99% apmācības]
    74,752   146    -0.00238  -0.0005  0.0020  1.299↓    0.0%  +0.713  1.00e-06  27.1%/31.8%/23.2%/17.8%
    75,264   147    -0.00236  -0.0009  0.0021  1.299↓    0.0%  +0.627  1.03e-06  29.1%/24.0%/28.9%/18.0%
  ✓ Kontrolpunkts: checkpoints_Realistic Mode, OP - 0.0008 (Active)_DOGE\ckpt_step0075264.pth  [100% apmācības]

────────────────────────────────────────────────────────────────────────────────
  Vidējais ātrums: 620 soļi/sek
  Vidējā atlīdzība (pēdējie 10 atjauninājumi): -0.00236
  Galīgā entropija: 1.299  (sākums: 1.300)
────────────────────────────────────────────────────────────────────────────────

✓ Galīgais modelis saglabāts: ppo_trader_Realistic Mode, OP - 0.0008 (Active)_DOGE.pth

============================================================
11. SOLIS: Bektests (4 varianti)
============================================================

────────────────────────────────────────────────────────────  1. Komisija + slipāža          
  Bilance: $0.01 | Ienesīgums: -100.00% | MaxDD: 100.00% | Sharpe: -15.259 | Calmar: -1.000 | PF: 0.323 | Darījumi: 3374 | Win%: 18.6%

────────────────────────────────────────────────────────────  2. Tikai komisija              
  Bilance: $27.39 | Ienesīgums: -97.26% | MaxDD: 97.66% | Sharpe: -2.325 | Calmar: -0.996 | PF: 0.854 | Darījumi: 3374 | Win%: 40.4%

────────────────────────────────────────────────────────────  3. Tikai slipāža              
  Bilance: $0.01 | Ienesīgums: -100.00% | MaxDD: 100.00% | Sharpe: -14.168 | Calmar: -1.000 | PF: 0.350 | Darījumi: 3374 | Win%: 20.0%

────────────────────────────────────────────────────────────  4. Bez izmaksām               
  Bilance: $407.60 | Ienesīgums: -59.24% | MaxDD: 77.27% | Sharpe: -0.641 | Calmar: -0.767 | PF: 0.929 | Darījumi: 3374 | Win%: 43.6%


======================================================================
12. SOLIS: Rezultāti
======================================================================

  Metrika                     1. Komisija + slipāža            2. Tikai komisija                3. Tikai slipāža                4. Bez izmaksām               
  ──────────────────────────────────────────────────────────────────────────────────────────────────────────────────────────────────────────────────────────────
  Galīgā bilance                                       $0.01                          $27.39                           $0.01                         $407.60
  Ienesīgums                                        -100.00%                         -97.26%                        -100.00%                         -59.24%
  Maks. kritums                                      100.00%                          97.66%                         100.00%                          77.27%
  Sharpe (pēc darījumiem)                            -15.259                          -2.325                         -14.168                          -0.641
  Calmar koeficients                                  -1.000                          -0.996                          -1.000                          -0.767
  Peļņas faktors                                       0.323                           0.854                           0.350                           0.929
  Vid. PnL / solis ($)                             -0.006865                       -0.005453                       -0.007146                       -0.005766
  Darījumi                                              3374                            3374                            3374                            3374
  Uzvaru īpatsvars                                     18.6%                           40.4%                           20.0%                           43.6%
  Vid. darījuma P&L                                  -0.559%                         -0.055%                         -0.519%                         -0.015%
  Vid. ilgums (h)                                        2.1                             2.1                             2.1                             2.1
  Vid. slip (ieeja+izeja)                            0.3344%                               —                         0.3344%                               —
  Vid. komisija                                      0.0800%                         0.0800%                               —                               —

  Zudumi no komisijām        : +38.02%
  Zudumi no slipāžas        : +40.76%
  Kopējie zudumi             : +40.76%

  Signāli (variants 1):
    HOLD  :   55,487  (54.0%)
    LONG  :   21,340  (20.8%)
    SHORT :   23,221  (22.6%)
    CLOSE :    2,698  (2.6%)

  Darījumi: LONG=2493  SHORT=881

  ──────────────────────────────────────────────────────────
  TOP 5 IENESĪGĀKIE
  1. SHORT | 2025-05-23 07:25 → 2025-05-23 12:10 | 4h 45m | P&L: +28.05$ (+3.337%) | slip: 0.114%/0.707%
  2. LONG  | 2025-05-21 22:05 → 2025-05-22 00:15 | 2h 10m | P&L: +21.73$ (+2.345%) | slip: 0.123%/0.205%
  3. SHORT | 2025-05-30 00:25 → 2025-05-30 01:10 | 0h 45m | P&L: +21.71$ (+3.548%) | slip: 0.060%/0.316%
  4. SHORT | 2025-05-28 00:20 → 2025-05-28 19:10 | 18h 50m | P&L: +14.39$ (+2.257%) | slip: 0.023%/0.073%
  5. LONG  | 2025-05-22 21:40 → 2025-05-23 00:10 | 2h 30m | P&L: +14.39$ (+1.698%) | slip: 0.096%/0.243%

  ──────────────────────────────────────────────────────────
  TOP 5 ZAUDĪGĀKIE
  1. SHORT | 2025-05-22 06:15 → 2025-05-22 08:25 | 2h 10m | P&L: -22.80$ (-2.498%) | slip: 0.247%/0.201%
  2. SHORT | 2025-05-22 00:15 → 2025-05-22 01:10 | 0h 55m | P&L: -19.08$ (-2.017%) | slip: 0.187%/0.305%
  3. SHORT | 2025-05-23 00:10 → 2025-05-23 05:15 | 5h 5m | P&L: -18.95$ (-2.206%) | slip: 0.259%/0.117%
  4. LONG  | 2025-05-30 23:40 → 2025-05-31 00:20 | 0h 40m | P&L: -18.93$ (-3.551%) | slip: 0.153%/0.753%
  5. LONG  | 2025-05-29 18:00 → 2025-05-29 19:15 | 1h 15m | P&L: -17.26$ (-2.725%) | slip: 0.100%/0.288%

  ✓ Darījumu žurnāls: backtest_Realistic Mode, OP - 0.0008 (Active)_DOGE_trades.csv

──────────────────────────────────────────────────────────────────────
  ✓ Rezultāts pievienots: experiments.csv

======================================================================
GATAVS - versija Realistic Mode, OP - 0.0008 (Active)  |  simbols: DOGE  |  eksperiments: OP - 0.0008 (Active)
======================================================================
