Žurnāls: ppo_trader_Clean Baseline_DOGE.log

Ierīce: cpu  |  AMP: False
Eksperiments: Clean Baseline

============================================================
1. SOLIS: Datu ielāde
============================================================
Visa datu kopa : 719,235 sveces  |  2019-07-09 17:00:00 → 2026-05-13 04:55:00
Izmantojam     : 308,244 sveces  |  2023-06-07 22:00:00 → 2026-05-13 04:55:00
Apmācība (~2g) : 0..205,496  (2023-06-07 22:00:00 → 2025-05-21 10:35:00)
Tests  (~1g)   : 205,496..308,244  (2025-05-21 10:40:00 → 2026-05-13 04:55:00)
Pazīmes (tirgus): 32
N_STATE_FEATURES=34

Slipāžas rindu priekšaprēķins...

============================================================
7. SOLIS: Modelis
============================================================
Parametri: 62,853  |  INPUT_DIM=34
Arhitektūra: D_MODEL=64, N_HEADS=2, N_LAYERS=1, SEQ_LEN=32

============================================================
10. SOLIS: Apmācība (PPO)
============================================================
Kopējie soļi: 75,000  |  N_ENVS: 4  |  ROLLOUT_STEPS: 128
Bufera izmērs vienam atjauninājumam: 512 pārejas
PPO epohi: 2  |  Mini-pakete: 128
Režīms: Clean Baseline  —  visi reward shaping sodi atslēgti
Apmācība: tīrs PnL signāls (log-atgriešanās), bez OPEN_PENALTY, SHORT_TRADE_PEN, HOLD_PENALTY
Kontrolpunkti: checkpoints_Clean Baseline_DOGE/  (ik pēc 29 atjauninājumiem)

────────────────────────────────────────────────────────────────────────────────
     Solis   Upd  Rew(avg10)       pi       v    ent   clip%      ev        lr  Darbības(H/L/S/C)
────────────────────────────────────────────────────────────────────────────────
       512     1    -0.00134  -0.0004  0.0436  1.300?    0.0%  -0.868  3.00e-04  25.0%/28.5%/26.8%/19.7%
     1,024     2    -0.00132  -0.0003  0.0210  1.305?    0.0%  -0.396  3.00e-04  30.7%/24.8%/26.6%/18.0%
     1,536     3    -0.00125  -0.0005  0.0148  1.291?    0.0%  -0.135  3.00e-04  30.5%/25.0%/25.4%/19.1%
     2,048     4    -0.00127  -0.0007  0.0138  1.304?    0.0%  +0.537  2.99e-04  30.1%/29.3%/22.9%/17.8%
     2,560     5    -0.00131  -0.0008  0.0130  1.294?    0.0%  +0.202  2.99e-04  31.1%/24.8%/26.2%/18.0%
     3,072     6    -0.00131  -0.0005  0.0103  1.309→    0.0%  +0.171  2.99e-04  23.8%/26.0%/31.2%/18.9%
     3,584     7    -0.00131  -0.0000  0.0089  1.299→    0.0%  +0.387  2.98e-04  28.5%/26.2%/26.2%/19.1%
     4,096     8    -0.00131  +0.0000  0.0089  1.310→    0.0%  -0.046  2.98e-04  29.7%/22.7%/29.7%/18.0%
     4,608     9    -0.00133  -0.0007  0.0061  1.306↑    0.0%  +0.379  2.97e-04  29.1%/27.1%/24.8%/18.9%
     5,120    10    -0.00141  -0.0004  0.0065  1.304→    0.0%  +0.458  2.97e-04  29.5%/27.1%/26.4%/17.0%
     5,632    11    -0.00149  -0.0005  0.0058  1.312→    0.0%  +0.533  2.96e-04  26.0%/28.3%/26.8%/18.9%
     6,144    12    -0.00151  -0.0011  0.0057  1.311↑    0.0%  -0.107  2.95e-04  31.6%/29.1%/24.2%/15.0%
     6,656    13    -0.00154  -0.0001  0.0062  1.314↑    0.0%  -0.338  2.94e-04  24.8%/27.3%/29.1%/18.8%
     7,168    14    -0.00158  -0.0005  0.0043  1.308↑    0.0%  -0.457  2.93e-04  28.3%/25.0%/28.7%/18.0%
     7,680    15    -0.00182  -0.0006  0.0085  1.302↑    0.0%  -0.129  2.92e-04  27.5%/25.8%/28.5%/18.2%
     8,192    16    -0.00188  -0.0007  0.0046  1.295↑    0.0%  +0.425  2.91e-04  30.1%/26.0%/24.8%/19.1%
     8,704    17    -0.00196  -0.0002  0.0048  1.300→    0.0%  -0.407  2.90e-04  29.3%/26.8%/24.8%/19.1%
     9,216    18    -0.00200  -0.0005  0.0033  1.301→    0.0%  -0.827  2.89e-04  28.5%/29.3%/23.2%/18.9%
     9,728    19    -0.00201  -0.0005  0.0032  1.312→    0.0%  -0.817  2.88e-04  26.4%/26.6%/30.1%/17.0%
    10,240    20    -0.00193  -0.0002  0.0023  1.304→    0.0%  -0.932  2.86e-04  26.4%/27.0%/28.9%/17.8%
    10,752    21    -0.00188  -0.0008  0.0025  1.309↑    0.0%  -2.015  2.85e-04  27.3%/26.4%/28.9%/17.4%
    11,264    22    -0.00189  -0.0006  0.0022  1.299↑    0.0%  -1.021  2.84e-04  24.0%/29.9%/25.2%/20.9%
    11,776    23    -0.00188  -0.0003  0.0024  1.298↑    0.0%  -2.470  2.82e-04  29.1%/25.4%/26.8%/18.8%
    12,288    24    -0.00193  -0.0005  0.0023  1.314↑    0.0%  -0.646  2.81e-04  27.5%/29.3%/25.0%/18.2%
    12,800    25    -0.00179  -0.0005  0.0031  1.298→    0.0%  -0.194  2.79e-04  27.3%/27.7%/24.6%/20.3%
    13,312    26    -0.00182  -0.0003  0.0026  1.318↑    0.0%  +0.274  2.77e-04  23.4%/28.7%/30.9%/17.0%
    13,824    27    -0.00187  -0.0004  0.0033  1.309↑    0.0%  -0.718  2.75e-04  26.2%/28.5%/28.1%/17.2%
    14,336    28    -0.00187  +0.0003  0.0026  1.305↑    0.0%  -1.598  2.74e-04  30.1%/23.8%/28.3%/17.8%
    14,848    29    -0.00206  -0.0009  0.0050  1.300↑    0.0%  +0.045  2.72e-04  25.6%/27.7%/26.4%/20.3%
  ✓ Kontrolpunkts: checkpoints_Clean Baseline_DOGE\ckpt_step0014848.pth  [20% apmācības]
    15,360    30    -0.00216  -0.0005  0.0026  1.303↑    0.0%  -0.506  2.70e-04  25.6%/23.8%/31.1%/19.5%
    15,872    31    -0.00232  -0.0007  0.0033  1.291→    0.0%  +0.180  2.68e-04  29.1%/22.9%/29.5%/18.6%
    16,384    32    -0.00246  -0.0001  0.0028  1.290→    0.0%  +0.508  2.66e-04  27.9%/22.9%/27.0%/22.3%
    16,896    33    -0.00258  -0.0006  0.0028  1.290→    0.0%  +0.708  2.64e-04  30.3%/26.4%/25.0%/18.4%
    17,408    34    -0.00264  +0.0006  0.0033  1.306→    0.0%  +0.698  2.62e-04  26.0%/30.3%/25.8%/18.0%
    17,920    35    -0.00305  -0.0009  0.0307  1.305→    0.0%  +0.442  2.60e-04  28.1%/26.4%/27.9%/17.6%
    18,432    36    -0.00323  -0.0004  0.0110  1.295→    0.0%  +0.826  2.57e-04  27.7%/25.6%/27.3%/19.3%
    18,944    37    -0.00331  -0.0009  0.0060  1.298→    0.0%  +0.896  2.55e-04  27.5%/27.1%/26.8%/18.6%
    19,456    38    -0.00335  -0.0001  0.0038  1.293→    0.0%  +0.813  2.53e-04  27.1%/30.5%/22.1%/20.3%
    19,968    39    -0.00325  -0.0008  0.0062  1.302→    0.0%  +0.578  2.50e-04  31.1%/26.4%/27.1%/15.4%
    20,480    40    -0.00347  -0.0002  0.0067  1.291↓    0.0%  +0.816  2.48e-04  25.4%/28.9%/25.6%/20.1%
    20,992    41    -0.00334  +0.0006  0.0040  1.302→    0.0%  +0.773  2.45e-04  26.4%/26.6%/28.5%/18.6%
    21,504    42    -0.00320  -0.0004  0.0043  1.299→    0.0%  +0.802  2.43e-04  30.9%/27.9%/23.4%/17.8%
    22,016    43    -0.00317  -0.0005  0.0038  1.290→    0.0%  +0.328  2.40e-04  30.9%/25.0%/25.8%/18.4%
    22,528    44    -0.00307  -0.0000  0.0031  1.297↓    0.0%  +0.735  2.38e-04  30.9%/29.1%/22.1%/18.0%
    23,040    45    -0.00260  -0.0010  0.0033  1.289↓    0.0%  +0.358  2.35e-04  27.0%/28.3%/25.0%/19.7%
    23,552    46    -0.00244  -0.0012  0.0024  1.303↓    0.0%  +0.835  2.33e-04  26.4%/24.6%/32.2%/16.8%
    24,064    47    -0.00229  -0.0013  0.0019  1.288↓    0.0%  +0.655  2.30e-04  27.1%/29.1%/23.2%/20.5%
    24,576    48    -0.00232  -0.0006  0.0036  1.298↓    0.0%  +0.727  2.27e-04  27.3%/29.1%/25.4%/18.2%
    25,088    49    -0.00245  -0.0013  0.0055  1.278↓    0.0%  +0.529  2.24e-04  32.2%/24.6%/24.8%/18.4%
    25,600    50    -0.00218  -0.0006  0.0025  1.297↓    0.0%  +0.884  2.22e-04  25.6%/25.8%/28.9%/19.7%
    26,112    51    -0.00215  -0.0008  0.0027  1.281↓    0.0%  +0.707  2.19e-04  32.6%/25.6%/25.0%/16.8%
    26,624    52    -0.00212  -0.0011  0.0025  1.304↓    0.0%  +0.748  2.16e-04  27.5%/30.9%/25.0%/16.6%
    27,136    53    -0.00201  -0.0010  0.0030  1.290↓    0.0%  -0.137  2.13e-04  30.3%/24.2%/28.3%/17.2%
    27,648    54    -0.00210  -0.0005  0.0040  1.288↓    0.0%  +0.518  2.10e-04  24.0%/28.3%/27.7%/19.9%
    28,160    55    -0.00215  -0.0030  0.0030  1.291↓    0.0%  +0.471  2.07e-04  27.0%/26.0%/28.3%/18.8%
    28,672    56    -0.00214  -0.0004  0.0031  1.286↓    0.0%  +0.600  2.04e-04  25.2%/26.6%/27.3%/20.9%
    29,184    57    -0.00211  -0.0019  0.0025  1.292↓    0.0%  +0.435  2.01e-04  28.1%/28.3%/25.4%/18.2%
    29,696    58    -0.00212  +0.0003  0.0023  1.267↓    0.0%  +0.414  1.98e-04  26.6%/24.4%/26.8%/22.3%
  ✓ Kontrolpunkts: checkpoints_Clean Baseline_DOGE\ckpt_step0029696.pth  [40% apmācības]
    30,208    59    -0.00193  -0.0008  0.0017  1.297↓    0.0%  +0.023  1.95e-04  24.0%/30.5%/26.2%/19.3%
    30,720    60    -0.00187  -0.0000  0.0013  1.273↓    0.0%  -0.899  1.92e-04  27.0%/24.4%/28.3%/20.3%
    31,232    61    -0.00181  -0.0006  0.0016  1.300↓    0.0%  -0.111  1.89e-04  28.9%/24.4%/27.9%/18.8%
    31,744    62    -0.00177  -0.0009  0.0014  1.276↓    0.0%  -1.317  1.86e-04  31.6%/21.7%/28.5%/18.2%
    32,256    63    -0.00178  +0.0001  0.0021  1.296↓    0.0%  +0.125  1.82e-04  27.9%/25.4%/28.1%/18.6%
    32,768    64    -0.00165  -0.0019  0.0015  1.285↓    0.0%  +0.560  1.79e-04  30.1%/24.8%/26.4%/18.8%
    33,280    65    -0.00162  -0.0009  0.0024  1.291↓    0.0%  -0.186  1.76e-04  31.1%/25.4%/26.8%/16.8%
    33,792    66    -0.00156  -0.0013  0.0030  1.283↓    0.0%  +0.222  1.73e-04  28.1%/25.0%/27.5%/19.3%
    34,304    67    -0.00150  -0.0004  0.0016  1.271↓    0.0%  +0.257  1.70e-04  29.7%/22.9%/25.8%/21.7%
    34,816    68    -0.00143  -0.0002  0.0019  1.298↓    0.0%  +0.427  1.67e-04  26.8%/25.4%/29.3%/18.6%
    35,328    69    -0.00140  -0.0000  0.0012  1.286↓    0.0%  +0.538  1.63e-04  33.4%/21.5%/27.3%/17.8%
    35,840    70    -0.00135  +0.0005  0.0021  1.289↓    0.0%  -0.118  1.60e-04  25.4%/25.2%/29.5%/19.9%
    36,352    71    -0.00130  +0.0003  0.0014  1.303↓    0.0%  +0.344  1.57e-04  31.2%/30.1%/23.0%/15.6%
    36,864    72    -0.00134  -0.0028  0.0015  1.294↓    0.0%  -0.502  1.54e-04  24.6%/28.5%/28.3%/18.6%
    37,376    73    -0.00134  -0.0006  0.0018  1.278↓    0.0%  +0.374  1.50e-04  28.5%/23.0%/30.1%/18.4%
    37,888    74    -0.00132  +0.0002  0.0017  1.285↓    0.0%  -0.051  1.47e-04  30.1%/26.8%/24.4%/18.8%
    38,400    75    -0.00120  -0.0006  0.0014  1.286↓    0.0%  -0.238  1.44e-04  29.1%/22.1%/30.9%/18.0%
    38,912    76    -0.00110  -0.0004  0.0014  1.273↓    0.0%  -1.316  1.41e-04  29.5%/24.8%/25.0%/20.7%
    39,424    77    -0.00116  -0.0019  0.0017  1.290↓    0.0%  -0.284  1.38e-04  26.6%/25.0%/29.3%/19.1%
    39,936    78    -0.00109  -0.0003  0.0018  1.282↓    0.0%  -0.409  1.34e-04  27.9%/26.2%/27.1%/18.8%
    40,448    79    -0.00105  -0.0016  0.0014  1.303↓    0.0%  -0.127  1.31e-04  24.8%/28.5%/28.1%/18.6%
    40,960    80    -0.00113  -0.0001  0.0018  1.287↓    0.0%  +0.203  1.28e-04  28.9%/23.4%/28.1%/19.5%
    41,472    81    -0.00119  -0.0009  0.0013  1.291↓    0.0%  +0.229  1.25e-04  27.5%/27.7%/25.8%/18.9%
    41,984    82    -0.00115  -0.0005  0.0015  1.271↓    0.0%  +0.528  1.22e-04  33.8%/18.8%/28.5%/18.9%
    42,496    83    -0.00110  -0.0004  0.0012  1.274↓    0.0%  +0.684  1.19e-04  28.9%/25.6%/24.4%/21.1%
    43,008    84    -0.00105  -0.0002  0.0013  1.289↓    0.0%  +0.598  1.15e-04  27.7%/26.6%/26.8%/18.9%
    43,520    85    -0.00108  -0.0015  0.0010  1.283↓    0.0%  +0.583  1.12e-04  31.2%/28.9%/21.9%/18.0%
    44,032    86    -0.00111  -0.0004  0.0012  1.272↓    0.0%  +0.672  1.09e-04  32.4%/23.6%/23.2%/20.7%
    44,544    87    -0.00102  -0.0007  0.0010  1.269↓    0.0%  +0.390  1.06e-04  30.9%/23.8%/26.2%/19.1%
  ✓ Kontrolpunkts: checkpoints_Clean Baseline_DOGE\ckpt_step0044544.pth  [59% apmācības]
    45,056    88    -0.00098  +0.0001  0.0011  1.285↓    0.0%  +0.622  1.03e-04  28.9%/26.0%/25.6%/19.5%
    45,568    89    -0.00094  -0.0006  0.0013  1.259↓    0.0%  +0.478  1.00e-04  33.2%/21.9%/24.2%/20.7%
    46,080    90    -0.00088  +0.0011  0.0009  1.279↓    0.0%  +0.656  9.70e-05  30.3%/25.4%/24.6%/19.7%
    46,592    91    -0.00081  +0.0009  0.0008  1.264↓    0.0%  +0.522  9.40e-05  35.0%/20.7%/25.0%/19.3%
    47,104    92    -0.00080  -0.0004  0.0007  1.269↓    0.0%  +0.623  9.11e-05  30.9%/23.8%/25.6%/19.7%
    47,616    93    -0.00075  +0.0004  0.0009  1.259↓    0.0%  +0.767  8.81e-05  29.1%/19.5%/30.1%/21.3%
    48,128    94    -0.00070  -0.0003  0.0010  1.260↓    0.0%  +0.676  8.52e-05  30.9%/23.2%/25.2%/20.7%
    48,640    95    -0.00066  +0.0001  0.0009  1.270↓    0.0%  +0.758  8.23e-05  28.3%/25.2%/25.4%/21.1%
    49,152    96    -0.00065  +0.0008  0.0009  1.263↓    0.0%  +0.733  7.95e-05  32.2%/26.4%/21.7%/19.7%
    49,664    97    -0.00068  -0.0004  0.0015  1.284↓    0.0%  +0.740  7.67e-05  30.3%/24.2%/25.8%/19.7%
    50,176    98    -0.00079  -0.0008  0.0021  1.257↓    0.0%  +0.731  7.39e-05  31.6%/27.0%/21.3%/20.1%
    50,688    99    -0.00093  -0.0001  0.0014  1.296↓    0.0%  +0.876  7.12e-05  23.4%/27.1%/30.3%/19.1%
    51,200   100    -0.00104  +0.0004  0.0018  1.283↓    0.0%  +0.869  6.84e-05  28.1%/25.0%/27.7%/19.1%
    51,712   101    -0.00108  -0.0014  0.0013  1.272↓    0.0%  +0.854  6.58e-05  30.9%/22.7%/26.6%/19.9%
    52,224   102    -0.00114  -0.0004  0.0020  1.290↓    0.0%  +0.735  6.31e-05  26.2%/28.3%/26.4%/19.1%
    52,736   103    -0.00134  -0.0000  0.0016  1.292↓    0.0%  +0.820  6.06e-05  29.5%/29.3%/23.0%/18.2%
    53,248   104    -0.00135  -0.0007  0.0014  1.290↓    0.0%  +0.672  5.80e-05  28.5%/25.6%/27.1%/18.8%
    53,760   105    -0.00143  +0.0006  0.0019  1.285↓    0.0%  +0.732  5.55e-05  31.8%/24.0%/27.1%/17.0%
    54,272   106    -0.00144  -0.0008  0.0012  1.295↓    0.0%  +0.852  5.30e-05  28.5%/25.8%/27.0%/18.8%
    54,784   107    -0.00148  -0.0004  0.0011  1.258↓    0.0%  +0.882  5.06e-05  32.4%/21.3%/23.8%/22.5%
    55,296   108    -0.00146  -0.0001  0.0023  1.299↓    0.0%  +0.830  4.83e-05  24.4%/26.4%/30.5%/18.8%
    55,808   109    -0.00142  +0.0007  0.0024  1.273↓    0.0%  +0.871  4.59e-05  32.2%/20.9%/27.5%/19.3%
    56,320   110    -0.00143  -0.0005  0.0017  1.280↓    0.0%  +0.877  4.37e-05  26.4%/26.0%/26.0%/21.7%
    56,832   111    -0.00150  -0.0002  0.0018  1.275↓    0.0%  +0.844  4.14e-05  32.2%/23.2%/24.4%/20.1%
    57,344   112    -0.00154  -0.0003  0.0016  1.279↓    0.0%  +0.903  3.93e-05  27.9%/25.6%/27.0%/19.5%
    57,856   113    -0.00140  -0.0010  0.0011  1.284↓    0.0%  +0.895  3.71e-05  29.5%/26.4%/25.8%/18.4%
    58,368   114    -0.00150  -0.0003  0.0012  1.275↓    0.0%  +0.850  3.51e-05  29.5%/26.2%/25.0%/19.3%
    58,880   115    -0.00143  +0.0003  0.0015  1.296↓    0.0%  +0.610  3.30e-05  28.9%/28.7%/25.6%/16.8%
    59,392   116    -0.00144  +0.0009  0.0013  1.267↓    0.0%  +0.819  3.11e-05  32.2%/23.8%/24.8%/19.1%
  ✓ Kontrolpunkts: checkpoints_Clean Baseline_DOGE\ckpt_step0059392.pth  [79% apmācības]
    59,904   117    -0.00139  -0.0004  0.0012  1.294↓    0.0%  +0.851  2.92e-05  29.5%/24.4%/28.5%/17.6%
    60,416   118    -0.00134  -0.0000  0.0012  1.277↓    0.0%  +0.760  2.73e-05  26.4%/24.4%/27.5%/21.7%
    60,928   119    -0.00128  +0.0000  0.0014  1.283↓    0.0%  +0.687  2.55e-05  27.9%/27.5%/24.2%/20.3%
    61,440   120    -0.00119  -0.0007  0.0007  1.280↓    0.0%  +0.655  2.38e-05  25.0%/20.7%/33.0%/21.3%
    61,952   121    -0.00120  +0.0001  0.0019  1.286↓    0.0%  +0.444  2.21e-05  30.3%/25.0%/24.2%/20.5%
    62,464   122    -0.00117  -0.0000  0.0018  1.293↓    0.0%  -0.066  2.05e-05  24.0%/27.3%/30.7%/18.0%
    62,976   123    -0.00125  -0.0002  0.0016  1.270↓    0.0%  +0.649  1.89e-05  29.5%/22.9%/25.6%/22.1%
    63,488   124    -0.00118  +0.0012  0.0012  1.284↓    0.0%  +0.619  1.74e-05  27.7%/27.1%/25.8%/19.3%
    64,000   125    -0.00117  -0.0008  0.0011  1.280↓    0.0%  +0.058  1.60e-05  29.9%/23.8%/26.2%/20.1%
    64,512   126    -0.00113  +0.0016  0.0013  1.288↓    0.0%  +0.380  1.46e-05  27.9%/30.1%/21.9%/20.1%
    65,024   127    -0.00109  -0.0008  0.0009  1.274↓    0.0%  -0.798  1.33e-05  32.0%/21.9%/26.6%/19.5%
    65,536   128    -0.00105  -0.0001  0.0012  1.278↓    0.0%  +0.064  1.21e-05  33.0%/25.2%/22.7%/19.1%
    66,048   129    -0.00102  +0.0003  0.0014  1.276↓    0.0%  +0.699  1.09e-05  30.5%/21.1%/27.9%/20.5%
    66,560   130    -0.00104  +0.0004  0.0012  1.263↓    0.0%  +0.679  9.77e-06  34.0%/24.6%/21.3%/20.1%
    67,072   131    -0.00096  +0.0009  0.0014  1.298↓    0.0%  +0.668  8.72e-06  30.1%/23.2%/28.9%/17.8%
    67,584   132    -0.00091  -0.0002  0.0014  1.283↓    0.0%  +0.493  7.73e-06  29.3%/27.7%/24.0%/18.9%
    68,096   133    -0.00084  -0.0001  0.0018  1.281↓    0.0%  +0.397  6.81e-06  29.9%/21.9%/28.3%/19.9%
    68,608   134    -0.00089  +0.0009  0.0018  1.273↓    0.0%  +0.594  5.96e-06  31.6%/23.4%/25.2%/19.7%
    69,120   135    -0.00093  +0.0001  0.0016  1.289↓    0.0%  +0.625  5.17e-06  27.3%/29.3%/24.8%/18.6%
    69,632   136    -0.00098  +0.0001  0.0014  1.282↓    0.0%  +0.624  4.45e-06  30.3%/24.2%/26.2%/19.3%
    70,144   137    -0.00127  +0.0004  0.0042  1.278↓    0.0%  +0.503  3.79e-06  30.3%/26.0%/25.2%/18.6%
    70,656   138    -0.00131  -0.0005  0.0015  1.291↓    0.0%  +0.208  3.21e-06  27.3%/23.8%/29.5%/19.3%
    71,168   139    -0.00134  -0.0012  0.0031  1.279↓    0.0%  +0.296  2.69e-06  28.5%/28.5%/22.3%/20.7%
    71,680   140    -0.00131  +0.0020  0.0011  1.295↓    0.0%  +0.391  2.24e-06  26.8%/26.0%/29.1%/18.2%
    72,192   141    -0.00161  -0.0001  0.0060  1.290↓    0.0%  +0.514  1.86e-06  25.2%/33.4%/21.9%/19.5%
    72,704   142    -0.00174  -0.0002  0.0020  1.292↓    0.0%  +0.706  1.55e-06  25.2%/27.5%/28.1%/19.1%
    73,216   143    -0.00187  +0.0005  0.0017  1.277↓    0.0%  +0.835  1.31e-06  29.3%/26.6%/23.8%/20.3%
    73,728   144    -0.00198  -0.0012  0.0033  1.295↓    0.0%  +0.666  1.14e-06  25.4%/27.3%/28.3%/18.9%
    74,240   145    -0.00200  +0.0000  0.0012  1.285↓    0.0%  +0.787  1.03e-06  30.1%/21.5%/29.9%/18.6%
  ✓ Kontrolpunkts: checkpoints_Clean Baseline_DOGE\ckpt_step0074240.pth  [99% apmācības]
    74,752   146    -0.00201  +0.0002  0.0018  1.284↓    0.0%  +0.769  1.00e-06  27.7%/30.7%/22.3%/19.3%
    75,264   147    -0.00193  -0.0005  0.0022  1.291↓    0.0%  +0.645  1.03e-06  30.1%/23.0%/28.5%/18.4%
  ✓ Kontrolpunkts: checkpoints_Clean Baseline_DOGE\ckpt_step0075264.pth  [100% apmācības]

────────────────────────────────────────────────────────────────────────────────
  Vidējais ātrums: 599 soļi/sek
  Vidējā atlīdzība (pēdējie 10 atjauninājumi): -0.00193
  Galīgā entropija: 1.291  (sākums: 1.300)
────────────────────────────────────────────────────────────────────────────────

✓ Galīgais modelis saglabāts: ppo_trader_Clean Baseline_DOGE.pth

============================================================
11. SOLIS: Bektests (4 varianti)
============================================================

────────────────────────────────────────────────────────────  1. Komisija + slipāža          
  Bilance: $0.01 | Ienesīgums: -100.00% | MaxDD: 100.00% | Sharpe: -29.209 | Calmar: -1.000 | PF: 0.151 | Darījumi: 8126 | Win%: 12.3%

────────────────────────────────────────────────────────────  2. Tikai komisija              
  Bilance: $0.62 | Ienesīgums: -99.94% | MaxDD: 99.94% | Sharpe: -5.806 | Calmar: -1.000 | PF: 0.720 | Darījumi: 8124 | Win%: 40.9%

────────────────────────────────────────────────────────────  3. Tikai slipāža              
  Bilance: $0.01 | Ienesīgums: -100.00% | MaxDD: 100.00% | Sharpe: -26.138 | Calmar: -1.000 | PF: 0.172 | Darījumi: 8126 | Win%: 15.4%

────────────────────────────────────────────────────────────  4. Bez izmaksām               
  Bilance: $414.57 | Ienesīgums: -58.54% | MaxDD: 70.67% | Sharpe: -0.904 | Calmar: -0.828 | PF: 0.918 | Darījumi: 8124 | Win%: 48.3%


======================================================================
12. SOLIS: Rezultāti
======================================================================

  Metrika                     1. Komisija + slipāža            2. Tikai komisija                3. Tikai slipāža                4. Bez izmaksām               
  ──────────────────────────────────────────────────────────────────────────────────────────────────────────────────────────────────────────────────────────────
  Galīgā bilance                                       $0.01                           $0.62                           $0.01                         $414.57
  Ienesīgums                                        -100.00%                         -99.94%                        -100.00%                         -58.54%
  Maks. kritums                                      100.00%                          99.94%                         100.00%                          70.67%
  Sharpe (pēc darījumiem)                            -29.209                          -5.806                         -26.138                          -0.904
  Calmar koeficients                                  -1.000                          -1.000                          -1.000                          -0.828
  Peļņas faktors                                       0.151                           0.720                           0.172                           0.918
  Vid. PnL / solis ($)                             -0.007047                       -0.005468                       -0.007397                       -0.005698
  Darījumi                                              8126                            8124                            8126                            8124
  Uzvaru īpatsvars                                     12.3%                           40.9%                           15.4%                           48.3%
  Vid. darījuma P&L                                  -0.380%                         -0.047%                         -0.340%                         -0.007%
  Vid. ilgums (h)                                        0.4                             0.4                             0.4                             0.4
  Vid. slip (ieeja+izeja)                            0.2205%                               —                         0.2205%                               —
  Vid. komisija                                      0.0800%                         0.0800%                               —                               —

  Zudumi no komisijām        : +41.39%
  Zudumi no slipāžas        : +41.46%
  Kopējie zudumi             : +41.46%

  Signāli (variants 1):
    HOLD  :   59,302  (57.7%)
    LONG  :   20,042  (19.5%)
    SHORT :   15,892  (15.5%)
    CLOSE :    7,510  (7.3%)

  Darījumi: LONG=1782  SHORT=6344

  ──────────────────────────────────────────────────────────
  TOP 5 IENESĪGĀKIE
  1. LONG  | 2025-05-21 22:05 → 2025-05-22 00:15 | 2h 10m | P&L: +24.40$ (+2.469%) | slip: 0.091%/0.160%
  2. LONG  | 2025-05-22 21:40 → 2025-05-23 00:10 | 2h 30m | P&L: +13.33$ (+1.949%) | slip: 0.067%/0.134%
  3. SHORT | 2025-05-30 00:25 → 2025-05-30 01:05 | 0h 40m | P&L: +13.07$ (+3.570%) | slip: 0.045%/0.613%
  4. LONG  | 2025-05-25 17:10 → 2025-05-26 00:10 | 7h 0m | P&L: +12.60$ (+2.539%) | slip: 0.069%/0.045%
  5. LONG  | 2025-05-21 19:20 → 2025-05-21 21:35 | 2h 15m | P&L: +10.23$ (+1.038%) | slip: 0.144%/0.047%

  ──────────────────────────────────────────────────────────
  TOP 5 ZAUDĪGĀKIE
  1. LONG  | 2025-05-23 17:05 → 2025-05-23 23:25 | 6h 20m | P&L: -24.72$ (-3.975%) | slip: 0.100%/0.131%
  2. LONG  | 2025-05-24 17:10 → 2025-05-25 00:45 | 7h 35m | P&L: -18.86$ (-3.528%) | slip: 0.054%/0.278%
  3. SHORT | 2025-05-22 01:15 → 2025-05-22 02:10 | 0h 55m | P&L: -13.60$ (-1.430%) | slip: 0.277%/0.300%
  4. SHORT | 2025-05-22 00:30 → 2025-05-22 00:35 | 0h 5m | P&L: -12.96$ (-1.300%) | slip: 0.205%/0.364%
  5. SHORT | 2025-05-22 03:45 → 2025-05-22 03:50 | 0h 5m | P&L: -12.43$ (-1.441%) | slip: 0.281%/0.328%

  ✓ Darījumu žurnāls: backtest_Clean Baseline_DOGE_trades.csv

──────────────────────────────────────────────────────────────────────
  ✓ Rezultāts pievienots: experiments.csv

======================================================================
GATAVS - versija Clean Baseline  |  simbols: DOGE  |  eksperiments: Clean Baseline
======================================================================
