Žurnāls: ppo_trader_Risk Control Mode_ETH.log

Ierīce: cpu  |  AMP: False
Eksperiments: Risk Control Mode

============================================================
1. SOLIS: Datu ielāde
============================================================
Visa datu kopa : 772,429 sveces  |  2019-01-05 05:00:00 → 2026-05-13 02:40:00
Izmantojam     : 331,041 sveces  |  2023-03-20 14:35:00 → 2026-05-13 02:40:00
Apmācība (~2g) : 0..220,694  (2023-03-20 14:35:00 → 2025-04-24 23:05:00)
Tests  (~1g)   : 220,694..331,041  (2025-04-24 23:10:00 → 2026-05-13 02:40:00)
Pazīmes (tirgus): 32
N_STATE_FEATURES=34

Slipāžas rindu priekšaprēķins...

============================================================
7. SOLIS: Modelis
============================================================
Parametri: 62,853  |  INPUT_DIM=34
Arhitektūra: D_MODEL=64, N_HEADS=2, N_LAYERS=1, SEQ_LEN=32

============================================================
10. SOLIS: Apmācība (PPO)
============================================================
Kopējie soļi: 75,000  |  N_ENVS: 4  |  ROLLOUT_STEPS: 128
Bufera izmērs vienam atjauninājumam: 512 pārejas
PPO epohi: 2  |  Mini-pakete: 128
Labvēlības periods: 12 sveces  |  Atvēršanas sods: 0.000898  |  Min darījums: 72 sveces  |  Īsa darījuma sods: 0.000898
Kontrolpunkti: checkpoints_Risk Control Mode_ETH/  (ik pēc 29 atjauninājumiem)

────────────────────────────────────────────────────────────────────────────────
     Solis   Upd  Rew(avg10)       pi       v    ent   clip%      ev        lr  Darbības(H/L/S/C)
────────────────────────────────────────────────────────────────────────────────
       512     1    -0.01130  -0.0005  0.0442  1.299?    0.0%  -0.838  3.00e-04  25.2%/28.5%/26.6%/19.7%
     1,024     2    -0.01940  +0.0000  0.1533  1.306?    0.0%  +0.144  3.00e-04  31.1%/25.2%/26.2%/17.6%
     1,536     3    -0.02681  -0.0000  0.2405  1.289?    0.0%  -0.716  3.00e-04  29.7%/25.2%/25.8%/19.3%
     2,048     4    -0.03417  -0.0001  0.3596  1.302?    0.0%  +0.019  2.99e-04  30.7%/29.3%/22.5%/17.6%
     2,560     5    -0.04086  -0.0000  0.3411  1.298?    0.0%  -0.621  2.99e-04  29.3%/25.8%/26.4%/18.6%
     3,072     6    -0.04757  -0.0003  0.4192  1.307→    0.0%  +0.022  2.99e-04  23.4%/26.4%/30.9%/19.3%
     3,584     7    -0.05371  -0.0006  0.5528  1.298→    0.0%  +0.024  2.98e-04  28.7%/25.8%/26.2%/19.3%
     4,096     8    -0.05982  -0.0002  0.5865  1.309→    0.0%  -0.549  2.98e-04  29.7%/23.8%/27.5%/18.9%
     4,608     9    -0.06522  -0.0005  0.6309  1.306→    0.0%  -0.042  2.97e-04  29.7%/26.4%/25.4%/18.6%
     5,120    10    -0.07010  -0.0005  0.6581  1.300→    0.0%  -0.044  2.97e-04  27.7%/27.5%/25.0%/19.7%
     5,632    11    -0.08129  -0.0002  0.7295  1.307→    0.0%  -0.086  2.96e-04  28.1%/27.5%/24.8%/19.5%
     6,144    12    -0.09089  -0.0005  0.7143  1.309↑    0.0%  -0.211  2.95e-04  31.2%/29.9%/23.2%/15.6%
     6,656    13    -0.10011  -0.0003  0.9333  1.308↑    0.0%  -0.079  2.94e-04  28.1%/25.4%/27.5%/18.9%
     7,168    14    -0.10791  -0.0004  0.7821  1.301↑    0.0%  -0.076  2.93e-04  28.7%/24.0%/27.9%/19.3%
     7,680    15    -0.11480  -0.0012  0.8759  1.293→    0.0%  +0.083  2.92e-04  31.2%/23.8%/26.2%/18.8%
     8,192    16    -0.12030  -0.0007  0.8042  1.280→    0.0%  -0.293  2.91e-04  33.0%/23.0%/24.4%/19.5%
     8,704    17    -0.12556  -0.0011  0.9150  1.284↓    0.0%  -0.015  2.90e-04  32.8%/23.2%/24.2%/19.7%
     9,216    18    -0.12980  -0.0028  0.8189  1.283↓    0.0%  -0.041  2.89e-04  36.1%/24.4%/21.1%/18.4%
     9,728    19    -0.13415  -0.0012  0.9388  1.287↓    0.0%  -0.016  2.88e-04  31.1%/22.5%/28.1%/18.4%
    10,240    20    -0.13806  -0.0012  0.9537  1.276↓    0.0%  -0.051  2.86e-04  32.8%/21.9%/26.4%/18.9%
    10,752    21    -0.14072  -0.0018  0.8264  1.263↓    0.0%  -0.049  2.85e-04  34.4%/22.1%/24.6%/18.9%
    11,264    22    -0.14286  -0.0024  0.6556  1.239↓    0.0%  -0.062  2.84e-04  37.1%/20.7%/21.7%/20.5%
    11,776    23    -0.14417  -0.0043  0.6892  1.234↓    0.0%  +0.027  2.82e-04  39.8%/18.8%/22.7%/18.8%
    12,288    24    -0.14600  -0.0031  0.7333  1.223↓    0.0%  -0.044  2.81e-04  37.7%/21.7%/20.9%/19.7%
    12,800    25    -0.14650  -0.0037  0.4702  1.187↓    0.0%  -0.086  2.79e-04  42.8%/20.1%/18.2%/18.9%
    13,312    26    -0.14775  -0.0043  0.5890  1.180↓    0.0%  -0.146  2.77e-04  43.9%/18.0%/20.7%/17.4%
    13,824    27    -0.14755  -0.0059  0.4182  1.141↓    0.0%  -0.065  2.75e-04  49.2%/15.8%/17.4%/17.6%
    14,336    28    -0.14596  -0.0122  0.3035  1.085↓    0.0%  -0.017  2.74e-04  53.7%/13.5%/17.2%/15.6%
    14,848    29    -0.14341  -0.0143  0.2588  1.005↓    2.2%  -0.760  2.72e-04  53.7%/14.3%/13.5%/18.6%
  ✓ Kontrolpunkts: checkpoints_Risk Control Mode_ETH\ckpt_step0014848.pth  [20% apmācības]
    15,360    30    -0.13856  -0.0222  0.2876  0.854↓   10.0%  -0.005  2.70e-04  60.2%/ 9.2%/14.5%/16.2%
    15,872    31    -0.13189  -0.0145  0.3132  0.706↓    1.0%  +0.009  2.68e-04  69.5%/ 6.8%/10.0%/13.7%
    16,384    32    -0.12323  -0.0086  0.5932  0.603↓    0.0%  -0.013  2.66e-04  78.3%/ 5.1%/ 6.6%/10.0%
    16,896    33    -0.11448  -0.0055  0.4979  0.559↓    0.0%  -0.009  2.64e-04  75.8%/ 5.7%/ 7.0%/11.5%
    17,408    34    -0.10515  -0.0069  0.5806  0.538↓    0.2%  -0.564  2.62e-04  79.5%/ 3.7%/ 7.4%/ 9.4%
    17,920    35    -0.09656  -0.0039  0.4994  0.495↓    0.0%  -0.069  2.60e-04  79.3%/ 5.7%/ 4.9%/10.2%
    18,432    36    -0.08630  -0.0033  0.6327  0.452↓    0.0%  -0.048  2.57e-04  83.4%/ 3.7%/ 4.9%/ 8.0%
    18,944    37    -0.07665  -0.0031  0.5945  0.430↓    0.0%  -0.188  2.55e-04  82.8%/ 4.7%/ 4.1%/ 8.4%
    19,456    38    -0.06794  -0.0020  0.6766  0.415↓    0.4%  -0.197  2.53e-04  84.6%/ 3.9%/ 4.1%/ 7.4%
    19,968    39    -0.05926  -0.0014  0.5662  0.389↓    0.0%  +0.059  2.50e-04  86.3%/ 2.7%/ 4.3%/ 6.6%
    20,480    40    -0.05248  -0.0021  0.5286  0.371↓    0.0%  +0.075  2.48e-04  86.3%/ 4.5%/ 2.7%/ 6.4%
    20,992    41    -0.04737  +0.0104  0.5466  0.359↓    0.9%  -0.396  2.45e-04  87.7%/ 2.9%/ 3.3%/ 6.1%
    21,504    42    -0.04561  +0.0030  0.3017  0.376↓    0.2%  -0.601  2.43e-04  86.7%/ 3.3%/ 3.5%/ 6.4%
    22,016    43    -0.04376  -0.0005  0.2344  0.378↓    0.0%  +0.181  2.40e-04  87.1%/ 2.3%/ 4.1%/ 6.4%
    22,528    44    -0.04104  -0.0024  0.3329  0.313↓    0.0%  -0.526  2.38e-04  89.5%/ 2.9%/ 2.3%/ 5.3%
    23,040    45    -0.03843  -0.0062  0.2874  0.286↓    0.7%  -0.544  2.35e-04  90.6%/ 2.0%/ 3.1%/ 4.3%
    23,552    46    -0.03701  -0.0047  0.2134  0.252↓    0.2%  -0.335  2.33e-04  89.3%/ 2.5%/ 3.1%/ 5.1%
    24,064    47    -0.03465  -0.0016  0.2701  0.205↓    0.0%  -0.609  2.30e-04  94.1%/ 1.0%/ 1.8%/ 3.1%
    24,576    48    -0.03258  -0.0024  0.2486  0.191↓    0.0%  -0.573  2.27e-04  94.1%/ 1.6%/ 1.6%/ 2.7%
    25,088    49    -0.02972  -0.0003  0.2017  0.154↓    0.0%  -0.623  2.24e-04  96.3%/ 0.4%/ 1.4%/ 2.0%
    25,600    50    -0.02738  -0.0004  0.1104  0.152↓    0.0%  -1.264  2.22e-04  94.9%/ 1.0%/ 1.6%/ 2.5%
    26,112    51    -0.02643  -0.0029  0.1612  0.168↓    0.0%  -0.378  2.19e-04  94.1%/ 1.4%/ 1.6%/ 2.9%
    26,624    52    -0.02296  -0.0007  0.1219  0.114↓    0.0%  -0.956  2.16e-04  98.8%/ 0.0%/ 0.6%/ 0.6%
    27,136    53    -0.02013  -0.0023  0.1208  0.128↓    0.6%  +0.681  2.13e-04  96.1%/ 1.4%/ 0.6%/ 2.0%
    27,648    54    -0.01782  -0.0001  0.0989  0.108↓    0.0%  +0.437  2.10e-04  97.7%/ 0.4%/ 0.8%/ 1.2%
    28,160    55    -0.01558  +0.0001  0.0737  0.103↓    0.0%  -1.669  2.07e-04  98.0%/ 0.4%/ 0.6%/ 1.0%
    28,672    56    -0.01324  +0.0004  0.0829  0.105↓    0.0%  -0.408  2.04e-04  97.9%/ 1.0%/ 0.2%/ 1.0%
    29,184    57    -0.01210  +0.0006  0.0616  0.110↓    0.1%  -1.220  2.01e-04  97.5%/ 1.0%/ 0.2%/ 1.4%
    29,696    58    -0.01124  -0.0031  0.0677  0.104↓    0.2%  -0.678  1.98e-04  95.5%/ 0.8%/ 1.6%/ 2.1%
  ✓ Kontrolpunkts: checkpoints_Risk Control Mode_ETH\ckpt_step0029696.pth  [40% apmācības]
    30,208    59    -0.01095  -0.0022  0.0492  0.078↓    0.1%  -0.496  1.95e-04  97.7%/ 0.4%/ 0.8%/ 1.2%
    30,720    60    -0.01012  -0.0012  0.0426  0.059↓    0.0%  -1.111  1.92e-04  98.8%/ 0.4%/ 0.2%/ 0.6%
    31,232    61    -0.00874  -0.0009  0.0459  0.061↓    0.0%  -1.581  1.89e-04  98.0%/ 0.8%/ 0.2%/ 1.0%
    31,744    62    -0.00856  -0.0007  0.0266  0.042↓    0.0%  -1.939  1.86e-04  99.2%/ 0.2%/ 0.2%/ 0.4%
    32,256    63    -0.00775  -0.0000  0.0231  0.037↓    0.0%  -2.003  1.82e-04  99.2%/ 0.0%/ 0.4%/ 0.4%
    32,768    64    -0.00746  -0.0015  0.0256  0.037↓    0.0%  -0.742  1.79e-04  98.4%/ 0.2%/ 0.6%/ 0.8%
    33,280    65    -0.00726  -0.0008  0.0223  0.031↓    0.0%  -1.030  1.76e-04  99.2%/ 0.0%/ 0.4%/ 0.4%
    33,792    66    -0.00687  -0.0001  0.0226  0.026↓    0.0%  -0.739  1.73e-04  99.6%/ 0.2%/ 0.0%/ 0.2%
    34,304    67    -0.00635  -0.0012  0.0194  0.024↓    0.0%  -1.051  1.70e-04  99.6%/ 0.0%/ 0.2%/ 0.2%
    34,816    68    -0.00569  -0.0008  0.0304  0.027↓    0.0%  -0.171  1.67e-04  99.2%/ 0.2%/ 0.2%/ 0.4%
    35,328    69    -0.00546  -0.0011  0.0236  0.022↓    0.0%  -0.331  1.63e-04  99.2%/ 0.0%/ 0.4%/ 0.4%
    35,840    70    -0.00563  -0.0016  0.0280  0.023↓    0.1%  -0.039  1.60e-04  98.4%/ 0.6%/ 0.2%/ 0.8%
    36,352    71    -0.00508  +0.0000  0.0137  0.012↓    0.0%  -0.172  1.57e-04  100.0%/ 0.0%/ 0.0%/ 0.0%
    36,864    72    -0.00502  -0.0003  0.0120  0.012↓    0.0%  -0.325  1.54e-04  99.8%/ 0.0%/ 0.2%/ 0.0%
    37,376    73    -0.00498  +0.0000  0.0114  0.014↓    0.0%  -0.261  1.50e-04  99.8%/ 0.0%/ 0.0%/ 0.2%
    37,888    74    -0.00475  -0.0000  0.0097  0.012↓    0.0%  -0.273  1.47e-04  99.6%/ 0.2%/ 0.0%/ 0.2%
    38,400    75    -0.00453  +0.0000  0.0070  0.010↓    0.0%  -1.854  1.44e-04  100.0%/ 0.0%/ 0.0%/ 0.0%
    38,912    76    -0.00454  -0.0003  0.0120  0.013↓    0.0%  +0.005  1.41e-04  99.2%/ 0.2%/ 0.2%/ 0.4%
    39,424    77    -0.00447  -0.0002  0.0077  0.010↓    0.0%  -0.133  1.38e-04  99.6%/ 0.0%/ 0.2%/ 0.2%
    39,936    78    -0.00413  +0.0000  0.0054  0.008↓    0.0%  -1.139  1.34e-04  100.0%/ 0.0%/ 0.0%/ 0.0%
    40,448    79    -0.00388  +0.0000  0.0069  0.008↓    0.0%  -1.023  1.31e-04  100.0%/ 0.0%/ 0.0%/ 0.0%
    40,960    80    -0.00359  -0.0004  0.0098  0.010↓    0.0%  -0.297  1.28e-04  99.6%/ 0.2%/ 0.0%/ 0.2%
    41,472    81    -0.00359  +0.0000  0.0047  0.007↓    0.0%  -0.598  1.25e-04  100.0%/ 0.0%/ 0.0%/ 0.0%
    41,984    82    -0.00379  -0.0002  0.0305  0.016↓    0.0%  +0.071  1.22e-04  99.6%/ 0.0%/ 0.2%/ 0.2%
    42,496    83    -0.00368  +0.0000  0.0043  0.007↓    0.0%  -8.358  1.19e-04  100.0%/ 0.0%/ 0.0%/ 0.0%
    43,008    84    -0.00361  +0.0000  0.0044  0.007↓    0.0%  -0.923  1.15e-04  100.0%/ 0.0%/ 0.0%/ 0.0%
    43,520    85    -0.00361  +0.0000  0.0039  0.007↓    0.0%  -2.321  1.12e-04  100.0%/ 0.0%/ 0.0%/ 0.0%
    44,032    86    -0.00345  +0.0000  0.0039  0.007↓    0.0%  -3.019  1.09e-04  100.0%/ 0.0%/ 0.0%/ 0.0%
    44,544    87    -0.00338  +0.0000  0.0056  0.007↓    0.0%  +0.785  1.06e-04  100.0%/ 0.0%/ 0.0%/ 0.0%
  ✓ Kontrolpunkts: checkpoints_Risk Control Mode_ETH\ckpt_step0044544.pth  [59% apmācības]
    45,056    88    -0.00338  -0.0000  0.0050  0.007↓    0.0%  -0.152  1.03e-04  100.0%/ 0.0%/ 0.0%/ 0.0%
    45,568    89    -0.00338  +0.0000  0.0032  0.007↓    0.0%  -1.200  1.00e-04  100.0%/ 0.0%/ 0.0%/ 0.0%
    46,080    90    -0.00335  -0.0001  0.0056  0.009↓    0.0%  -1.363  9.70e-05  99.6%/ 0.2%/ 0.0%/ 0.2%
    46,592    91    -0.00357  -0.0003  0.0225  0.014↓    0.0%  +0.016  9.40e-05  99.6%/ 0.0%/ 0.2%/ 0.2%
    47,104    92    -0.00329  +0.0000  0.0030  0.007↓    0.0%  -2.105  9.11e-05  100.0%/ 0.0%/ 0.0%/ 0.0%
    47,616    93    -0.00340  +0.0000  0.0079  0.009↓    0.0%  -0.414  8.81e-05  99.6%/ 0.0%/ 0.2%/ 0.2%
    48,128    94    -0.00340  +0.0000  0.0030  0.006↓    0.0%  -1.276  8.52e-05  100.0%/ 0.0%/ 0.0%/ 0.0%
    48,640    95    -0.00340  +0.0000  0.0026  0.006↓    0.0%  -0.429  8.23e-05  100.0%/ 0.0%/ 0.0%/ 0.0%
    49,152    96    -0.00346  -0.0002  0.0050  0.008↓    0.0%  -0.664  7.95e-05  99.6%/ 0.0%/ 0.2%/ 0.2%
    49,664    97    -0.00346  +0.0000  0.0030  0.006↓    0.0%  -1.235  7.67e-05  100.0%/ 0.0%/ 0.0%/ 0.0%
    50,176    98    -0.00346  +0.0000  0.0026  0.006↓    0.0%  -1.018  7.39e-05  100.0%/ 0.0%/ 0.0%/ 0.0%
    50,688    99    -0.00361  -0.0005  0.0120  0.010↓    0.0%  -0.804  7.12e-05  99.6%/ 0.0%/ 0.2%/ 0.2%
    51,200   100    -0.00354  +0.0000  0.0023  0.006↓    0.0%  -2.121  6.84e-05  100.0%/ 0.0%/ 0.0%/ 0.0%
    51,712   101    -0.00332  +0.0000  0.0028  0.006↓    0.0%  -1.507  6.58e-05  100.0%/ 0.0%/ 0.0%/ 0.0%
    52,224   102    -0.00332  +0.0000  0.0026  0.006↓    0.0%  -2.785  6.31e-05  100.0%/ 0.0%/ 0.0%/ 0.0%
    52,736   103    -0.00321  +0.0000  0.0027  0.006↓    0.0%  -4.562  6.06e-05  100.0%/ 0.0%/ 0.0%/ 0.0%
    53,248   104    -0.00332  -0.0002  0.0080  0.008↓    0.0%  -0.642  5.80e-05  99.6%/ 0.2%/ 0.0%/ 0.2%
    53,760   105    -0.00338  -0.0003  0.0040  0.007↓    0.0%  -0.847  5.55e-05  99.6%/ 0.0%/ 0.2%/ 0.2%
    54,272   106    -0.00332  +0.0000  0.0018  0.005↓    0.0%  -1.492  5.30e-05  100.0%/ 0.0%/ 0.0%/ 0.0%
    54,784   107    -0.00332  +0.0000  0.0022  0.005↓    0.0%  -7.884  5.06e-05  100.0%/ 0.0%/ 0.0%/ 0.0%
    55,296   108    -0.00350  -0.0001  0.0101  0.009↓    0.0%  +0.061  4.83e-05  99.2%/ 0.2%/ 0.2%/ 0.4%
    55,808   109    -0.00335  +0.0000  0.0034  0.005↓    0.0%  -1.226  4.59e-05  100.0%/ 0.0%/ 0.0%/ 0.0%
    56,320   110    -0.00335  +0.0000  0.0022  0.005↓    0.0%  -5.186  4.37e-05  100.0%/ 0.0%/ 0.0%/ 0.0%
    56,832   111    -0.00335  +0.0000  0.0019  0.005↓    0.0%  -3.249  4.14e-05  100.0%/ 0.0%/ 0.0%/ 0.0%
    57,344   112    -0.00335  -0.0000  0.0020  0.005↓    0.0%  -4.700  3.93e-05  100.0%/ 0.0%/ 0.0%/ 0.0%
    57,856   113    -0.00335  +0.0000  0.0017  0.005↓    0.0%  -0.331  3.71e-05  100.0%/ 0.0%/ 0.0%/ 0.0%
    58,368   114    -0.00324  +0.0000  0.0019  0.005↓    0.0%  -2.669  3.51e-05  100.0%/ 0.0%/ 0.0%/ 0.0%
    58,880   115    -0.00318  -0.0000  0.0021  0.005↓    0.0%  -2.036  3.30e-05  100.0%/ 0.0%/ 0.0%/ 0.0%
    59,392   116    -0.00318  +0.0000  0.0021  0.005↓    0.0%  -3.746  3.11e-05  100.0%/ 0.0%/ 0.0%/ 0.0%
  ✓ Kontrolpunkts: checkpoints_Risk Control Mode_ETH\ckpt_step0059392.pth  [79% apmācības]
    59,904   117    -0.00318  +0.0000  0.0019  0.005↓    0.0%  -2.261  2.92e-05  100.0%/ 0.0%/ 0.0%/ 0.0%
    60,416   118    -0.00300  +0.0000  0.0017  0.005↓    0.0%  -7.040  2.73e-05  100.0%/ 0.0%/ 0.0%/ 0.0%
    60,928   119    -0.00300  -0.0000  0.0018  0.005↓    0.0%  -1.649  2.55e-05  100.0%/ 0.0%/ 0.0%/ 0.0%
    61,440   120    -0.00337  -0.0004  0.0327  0.016↓    0.0%  +0.019  2.38e-05  99.2%/ 0.4%/ 0.0%/ 0.4%
    61,952   121    -0.00347  +0.0005  0.0071  0.008↓    0.0%  -0.291  2.21e-05  99.6%/ 0.0%/ 0.2%/ 0.2%
    62,464   122    -0.00347  -0.0000  0.0022  0.005↓    0.0%  -1.980  2.05e-05  100.0%/ 0.0%/ 0.0%/ 0.0%
    62,976   123    -0.00347  +0.0000  0.0019  0.005↓    0.0%  -6.144  1.89e-05  100.0%/ 0.0%/ 0.0%/ 0.0%
    63,488   124    -0.00347  -0.0000  0.0019  0.005↓    0.0%  -1.835  1.74e-05  100.0%/ 0.0%/ 0.0%/ 0.0%
    64,000   125    -0.00357  +0.0005  0.0059  0.007↓    0.0%  -0.104  1.60e-05  99.6%/ 0.0%/ 0.2%/ 0.2%
    64,512   126    -0.00357  +0.0000  0.0017  0.005↓    0.0%  -2.399  1.46e-05  100.0%/ 0.0%/ 0.0%/ 0.0%
    65,024   127    -0.00357  +0.0000  0.0018  0.005↓    0.0%  -1.807  1.33e-05  100.0%/ 0.0%/ 0.0%/ 0.0%
    65,536   128    -0.00386  -0.0008  0.0215  0.013↓    0.0%  -0.194  1.21e-05  99.2%/ 0.2%/ 0.2%/ 0.4%
    66,048   129    -0.00386  -0.0000  0.0023  0.005↓    0.0%  -2.593  1.09e-05  100.0%/ 0.0%/ 0.0%/ 0.0%
    66,560   130    -0.00350  +0.0000  0.0019  0.005↓    0.0%  -1.904  9.77e-06  100.0%/ 0.0%/ 0.0%/ 0.0%
    67,072   131    -0.00339  -0.0000  0.0017  0.005↓    0.0%  -6.222  8.72e-06  100.0%/ 0.0%/ 0.0%/ 0.0%
    67,584   132    -0.00349  +0.0001  0.0063  0.007↓    0.0%  -0.534  7.73e-06  99.6%/ 0.2%/ 0.0%/ 0.2%
    68,096   133    -0.00349  +0.0000  0.0017  0.005↓    0.0%  -3.210  6.81e-06  100.0%/ 0.0%/ 0.0%/ 0.0%
    68,608   134    -0.00375  -0.0017  0.0281  0.013↓    0.0%  -0.241  5.96e-06  99.6%/ 0.2%/ 0.0%/ 0.2%
    69,120   135    -0.00372  -0.0000  0.0049  0.006↓    0.0%  -0.403  5.17e-06  99.6%/ 0.0%/ 0.2%/ 0.2%
    69,632   136    -0.00372  +0.0000  0.0017  0.005↓    0.0%  -2.513  4.45e-06  100.0%/ 0.0%/ 0.0%/ 0.0%
    70,144   137    -0.00372  +0.0000  0.0016  0.005↓    0.0%  -2.818  3.79e-06  100.0%/ 0.0%/ 0.0%/ 0.0%
    70,656   138    -0.00343  +0.0000  0.0018  0.005↓    0.0%  -3.536  3.21e-06  100.0%/ 0.0%/ 0.0%/ 0.0%
    71,168   139    -0.00350  +0.0002  0.0038  0.006↓    0.0%  -0.699  2.69e-06  99.6%/ 0.2%/ 0.0%/ 0.2%
    71,680   140    -0.00350  +0.0000  0.0019  0.005↓    0.0%  -2.357  2.24e-06  100.0%/ 0.0%/ 0.0%/ 0.0%
    72,192   141    -0.00350  +0.0000  0.0021  0.005↓    0.0%  -1.566  1.86e-06  100.0%/ 0.0%/ 0.0%/ 0.0%
    72,704   142    -0.00340  +0.0000  0.0017  0.005↓    0.0%  -1.255  1.55e-06  100.0%/ 0.0%/ 0.0%/ 0.0%
    73,216   143    -0.00351  +0.0002  0.0069  0.007↓    0.0%  -0.171  1.31e-06  99.6%/ 0.0%/ 0.2%/ 0.2%
    73,728   144    -0.00325  -0.0000  0.0018  0.005↓    0.0%  -0.633  1.14e-06  100.0%/ 0.0%/ 0.0%/ 0.0%
    74,240   145    -0.00318  +0.0000  0.0021  0.005↓    0.0%  -0.652  1.03e-06  100.0%/ 0.0%/ 0.0%/ 0.0%
  ✓ Kontrolpunkts: checkpoints_Risk Control Mode_ETH\ckpt_step0074240.pth  [99% apmācības]
    74,752   146    -0.00318  +0.0000  0.0018  0.005↓    0.0%  -3.385  1.00e-06  100.0%/ 0.0%/ 0.0%/ 0.0%
    75,264   147    -0.00318  -0.0000  0.0018  0.005↓    0.0%  -2.624  1.03e-06  100.0%/ 0.0%/ 0.0%/ 0.0%
  ✓ Kontrolpunkts: checkpoints_Risk Control Mode_ETH\ckpt_step0075264.pth  [100% apmācības]

────────────────────────────────────────────────────────────────────────────────
  Vidējais ātrums: 596 soļi/sek
  Vidējā atlīdzība (pēdējie 10 atjauninājumi): -0.00318
  Galīgā entropija: 0.005  (sākums: 1.299)
────────────────────────────────────────────────────────────────────────────────

✓ Galīgais modelis saglabāts: ppo_trader_Risk Control Mode_ETH.pth

============================================================
11. SOLIS: Bektests (4 varianti)
============================================================

────────────────────────────────────────────────────────────  1. Komisija + slipāža          
  Bilance: $1,000.00 | Ienesīgums: +0.00% | MaxDD: 0.00% | Sharpe: 0.000 | Calmar: 0.000 | PF: 0.000 | Darījumi: 0 | Win%: 0.0%

────────────────────────────────────────────────────────────  2. Tikai komisija              
  Bilance: $1,000.00 | Ienesīgums: +0.00% | MaxDD: 0.00% | Sharpe: 0.000 | Calmar: 0.000 | PF: 0.000 | Darījumi: 0 | Win%: 0.0%

────────────────────────────────────────────────────────────  3. Tikai slipāža              
  Bilance: $1,000.00 | Ienesīgums: +0.00% | MaxDD: 0.00% | Sharpe: 0.000 | Calmar: 0.000 | PF: 0.000 | Darījumi: 0 | Win%: 0.0%

────────────────────────────────────────────────────────────  4. Bez izmaksām               
  Bilance: $1,000.00 | Ienesīgums: +0.00% | MaxDD: 0.00% | Sharpe: 0.000 | Calmar: 0.000 | PF: 0.000 | Darījumi: 0 | Win%: 0.0%


======================================================================
12. SOLIS: Rezultāti
======================================================================

  Metrika                     1. Komisija + slipāža            2. Tikai komisija                3. Tikai slipāža                4. Bez izmaksām               
  ──────────────────────────────────────────────────────────────────────────────────────────────────────────────────────────────────────────────────────────────
  Galīgā bilance                                   $1,000.00                       $1,000.00                       $1,000.00                       $1,000.00
  Ienesīgums                                          +0.00%                          +0.00%                          +0.00%                          +0.00%
  Maks. kritums                                        0.00%                           0.00%                           0.00%                           0.00%
  Sharpe (pēc darījumiem)                              0.000                           0.000                           0.000                           0.000
  Calmar koeficients                                   0.000                           0.000                           0.000                           0.000
  Peļņas faktors                                       0.000                           0.000                           0.000                           0.000
  Vid. PnL / solis ($)                              0.000000                        0.000000                        0.000000                        0.000000
  Darījumi                                                 0                               0                               0                               0
  Uzvaru īpatsvars                                      0.0%                            0.0%                            0.0%                            0.0%
  Vid. darījuma P&L                                  +0.000%                         +0.000%                         +0.000%                         +0.000%
  Vid. ilgums (h)                                        0.0                             0.0                             0.0                             0.0
  Vid. slip (ieeja+izeja)                                  —                               —                               —                               —
  Vid. komisija                                            —                               —                               —                               —

  Zudumi no komisijām        : +0.00%
  Zudumi no slipāžas        : +0.00%
  Kopējie zudumi             : +0.00%

  Signāli (variants 1):
    HOLD  :  110,345  (100.0%)
    LONG  :        0  (0.0%)
    SHORT :        0  (0.0%)
    CLOSE :        0  (0.0%)

──────────────────────────────────────────────────────────────────────
  ✓ Rezultāts pievienots: experiments.csv

======================================================================
GATAVS - versija Risk Control Mode  |  simbols: ETH  |  eksperiments: Risk Control Mode
======================================================================
