Žurnāls: ppo_trader_Risk Control Mode_LTC.log

Ierīce: cpu  |  AMP: False
Eksperiments: Risk Control Mode

============================================================
1. SOLIS: Datu ielāde
============================================================
Visa datu kopa : 772,457 sveces  |  2019-01-05 05:00:00 → 2026-05-13 05:00:00
Izmantojam     : 331,053 sveces  |  2023-03-20 15:55:00 → 2026-05-13 05:00:00
Apmācība (~2g) : 0..220,702  (2023-03-20 15:55:00 → 2025-04-25 01:05:00)
Tests  (~1g)   : 220,702..331,053  (2025-04-25 01:10:00 → 2026-05-13 05:00:00)
Pazīmes (tirgus): 32
N_STATE_FEATURES=34

Slipāžas rindu priekšaprēķins...

============================================================
7. SOLIS: Modelis
============================================================
Parametri: 62,853  |  INPUT_DIM=34
Arhitektūra: D_MODEL=64, N_HEADS=2, N_LAYERS=1, SEQ_LEN=32

============================================================
10. SOLIS: Apmācība (PPO)
============================================================
Kopējie soļi: 75,000  |  N_ENVS: 4  |  ROLLOUT_STEPS: 128
Bufera izmērs vienam atjauninājumam: 512 pārejas
PPO epohi: 2  |  Mini-pakete: 128
Labvēlības periods: 12 sveces  |  Atvēršanas sods: 0.000898  |  Min darījums: 72 sveces  |  Īsa darījuma sods: 0.000898
Kontrolpunkti: checkpoints_Risk Control Mode_LTC/  (ik pēc 29 atjauninājumiem)

────────────────────────────────────────────────────────────────────────────────
     Solis   Upd  Rew(avg10)       pi       v    ent   clip%      ev        lr  Darbības(H/L/S/C)
────────────────────────────────────────────────────────────────────────────────
       512     1    -0.01086  -0.0006  0.0450  1.299?    0.0%  -0.139  3.00e-04  25.2%/28.5%/26.6%/19.7%
     1,024     2    -0.01980  -0.0001  0.1454  1.306?    0.0%  +0.107  3.00e-04  30.1%/25.6%/26.6%/17.8%
     1,536     3    -0.02883  -0.0000  0.3024  1.289?    0.0%  -0.791  3.00e-04  30.3%/24.6%/25.8%/19.3%
     2,048     4    -0.03800  +0.0000  0.4818  1.303?    0.0%  -0.152  2.99e-04  30.1%/29.5%/22.7%/17.8%
     2,560     5    -0.04559  -0.0001  0.5158  1.291?    0.0%  -0.108  2.99e-04  30.5%/24.8%/26.4%/18.4%
     3,072     6    -0.05366  -0.0005  0.7191  1.310→    0.0%  -0.389  2.99e-04  23.8%/26.2%/31.1%/18.9%
     3,584     7    -0.06071  +0.0001  0.6539  1.300↑    0.0%  +0.028  2.98e-04  28.1%/26.6%/26.2%/19.1%
     4,096     8    -0.06749  +0.0001  0.8082  1.307→    0.0%  -0.161  2.98e-04  29.7%/23.6%/27.5%/19.1%
     4,608     9    -0.07354  -0.0004  0.8967  1.306→    0.0%  -0.383  2.97e-04  28.9%/27.1%/25.0%/18.9%
     5,120    10    -0.07890  -0.0006  0.9865  1.300→    0.0%  -0.087  2.97e-04  27.9%/27.7%/24.6%/19.7%
     5,632    11    -0.09158  -0.0002  1.0833  1.306→    0.0%  -0.222  2.96e-04  27.3%/27.7%/24.8%/20.1%
     6,144    12    -0.10254  -0.0010  1.0922  1.307↑    0.0%  -0.003  2.95e-04  31.2%/29.7%/22.9%/16.2%
     6,656    13    -0.11281  -0.0005  1.3974  1.307↑    0.0%  -0.109  2.94e-04  27.5%/25.8%/27.0%/19.7%
     7,168    14    -0.12102  -0.0003  1.1368  1.299↑    0.0%  -0.053  2.93e-04  28.7%/23.6%/28.1%/19.5%
     7,680    15    -0.12810  -0.0009  1.1346  1.288→    0.0%  +0.024  2.92e-04  30.9%/24.0%/25.8%/19.3%
     8,192    16    -0.13342  -0.0012  1.0839  1.277↓    0.0%  -0.051  2.91e-04  33.2%/23.0%/24.0%/19.7%
     8,704    17    -0.13847  -0.0017  1.2075  1.279↓    0.0%  -0.022  2.90e-04  32.6%/24.0%/23.2%/20.1%
     9,216    18    -0.14256  -0.0016  1.0923  1.279↓    0.0%  -0.190  2.89e-04  35.9%/24.0%/20.7%/19.3%
     9,728    19    -0.14663  -0.0007  1.2706  1.282↓    0.0%  +0.014  2.88e-04  30.3%/22.5%/27.9%/19.3%
    10,240    20    -0.15019  -0.0008  1.2196  1.274↓    0.0%  -0.038  2.86e-04  32.8%/22.5%/25.4%/19.3%
    10,752    21    -0.15222  -0.0014  1.0252  1.257↓    0.0%  +0.044  2.85e-04  34.2%/22.9%/23.4%/19.5%
    11,264    22    -0.15352  -0.0029  0.8146  1.230↓    0.0%  -0.013  2.84e-04  37.3%/21.3%/20.5%/20.9%
    11,776    23    -0.15359  -0.0070  0.7779  1.218↓    0.0%  +0.001  2.82e-04  41.2%/19.3%/20.9%/18.6%
    12,288    24    -0.15431  -0.0047  0.8040  1.197↓    0.0%  -0.027  2.81e-04  40.6%/20.9%/18.9%/19.5%
    12,800    25    -0.15428  -0.0067  0.6241  1.151↓    0.0%  -0.748  2.79e-04  43.9%/19.1%/17.2%/19.7%
    13,312    26    -0.15398  -0.0072  0.5075  1.120↓    0.1%  -0.138  2.77e-04  48.6%/16.4%/18.0%/17.0%
    13,824    27    -0.15236  -0.0078  0.3586  1.059↓    0.0%  -0.032  2.75e-04  54.3%/14.6%/14.1%/17.0%
    14,336    28    -0.14912  -0.0164  0.2747  0.972↓    0.8%  +0.010  2.74e-04  59.8%/13.1%/12.1%/15.0%
    14,848    29    -0.14417  -0.0197  0.1702  0.837↓    7.8%  -0.019  2.72e-04  61.9%/12.3%/ 9.2%/16.6%
  ✓ Kontrolpunkts: checkpoints_Risk Control Mode_LTC\ckpt_step0014848.pth  [20% apmācības]
    15,360    30    -0.13541  -0.0112  0.4750  0.676↓    0.3%  -0.012  2.70e-04  71.9%/ 6.2%/ 9.2%/12.7%
    15,872    31    -0.12676  -0.0090  0.4089  0.612↓    0.0%  +0.003  2.68e-04  73.0%/ 5.7%/ 8.4%/12.9%
    16,384    32    -0.11643  -0.0065  0.7593  0.535↓    0.0%  -0.028  2.66e-04  82.8%/ 4.7%/ 4.5%/ 8.0%
    16,896    33    -0.10644  -0.0044  0.6292  0.501↓    0.0%  -0.002  2.64e-04  79.7%/ 5.3%/ 5.1%/10.0%
    17,408    34    -0.09573  -0.0050  0.6883  0.471↓    0.0%  -0.042  2.62e-04  82.6%/ 3.9%/ 5.3%/ 8.2%
    17,920    35    -0.08604  -0.0045  0.6050  0.440↓    0.0%  +0.006  2.60e-04  80.9%/ 5.7%/ 4.1%/ 9.4%
    18,432    36    -0.07530  -0.0032  0.8084  0.393↓    0.0%  -0.006  2.57e-04  86.1%/ 3.7%/ 3.3%/ 6.8%
    18,944    37    -0.06529  -0.0029  0.7193  0.370↓    0.0%  -0.018  2.55e-04  84.6%/ 4.5%/ 3.3%/ 7.6%
    19,456    38    -0.05672  -0.0021  0.6636  0.357↓    0.0%  -0.004  2.53e-04  86.3%/ 3.9%/ 3.1%/ 6.6%
    19,968    39    -0.04907  -0.0019  0.6152  0.337↓    0.0%  +0.031  2.50e-04  87.1%/ 2.9%/ 3.7%/ 6.2%
    20,480    40    -0.04493  -0.0024  0.5965  0.315↓    0.0%  +0.009  2.48e-04  87.9%/ 4.1%/ 2.1%/ 5.9%
    20,992    41    -0.04035  -0.0018  0.5495  0.286↓    0.0%  -0.255  2.45e-04  90.0%/ 2.9%/ 2.1%/ 4.9%
    21,504    42    -0.03868  -0.0010  0.3187  0.290↓    0.0%  -0.313  2.43e-04  89.5%/ 3.5%/ 2.0%/ 5.1%
    22,016    43    -0.03590  -0.0019  0.3133  0.258↓    0.0%  -0.266  2.40e-04  93.0%/ 2.0%/ 1.6%/ 3.5%
    22,528    44    -0.03333  -0.0007  0.2821  0.237↓    0.0%  -0.594  2.38e-04  93.0%/ 2.5%/ 1.0%/ 3.5%
    23,040    45    -0.03046  -0.0023  0.2860  0.218↓    0.0%  -0.650  2.35e-04  93.6%/ 1.8%/ 1.6%/ 3.1%
    23,552    46    -0.02940  -0.0028  0.1733  0.205↓    0.1%  -0.030  2.33e-04  91.0%/ 2.1%/ 2.5%/ 4.3%
    24,064    47    -0.02739  -0.0023  0.2034  0.163↓    0.0%  -0.275  2.30e-04  94.7%/ 1.0%/ 1.6%/ 2.7%
    24,576    48    -0.02539  -0.0022  0.1946  0.149↓    0.0%  -0.177  2.27e-04  94.7%/ 1.6%/ 1.2%/ 2.5%
    25,088    49    -0.02233  +0.0000  0.1472  0.109↓    0.0%  -0.075  2.24e-04  98.2%/ 0.4%/ 0.4%/ 1.0%
    25,600    50    -0.02008  -0.0013  0.0841  0.112↓    0.0%  -0.880  2.22e-04  96.1%/ 1.0%/ 1.0%/ 2.0%
    26,112    51    -0.01881  -0.0022  0.0818  0.102↓    0.1%  -0.897  2.19e-04  96.1%/ 1.4%/ 0.6%/ 2.0%
    26,624    52    -0.01605  -0.0013  0.1328  0.078↓    0.2%  +0.090  2.16e-04  99.6%/ 0.2%/ 0.0%/ 0.2%
    27,136    53    -0.01485  +0.0011  0.0861  0.094↓    0.5%  -1.426  2.13e-04  97.3%/ 1.4%/ 0.0%/ 1.4%
    27,648    54    -0.01327  -0.0001  0.0515  0.068↓    0.0%  -0.315  2.10e-04  98.8%/ 0.2%/ 0.4%/ 0.6%
    28,160    55    -0.01186  -0.0007  0.0380  0.063↓    0.0%  -1.113  2.07e-04  98.4%/ 0.4%/ 0.4%/ 0.8%
    28,672    56    -0.00985  -0.0007  0.0446  0.056↓    0.1%  -0.817  2.04e-04  98.8%/ 0.6%/ 0.0%/ 0.6%
    29,184    57    -0.00851  -0.0001  0.0296  0.043↓    0.0%  -1.491  2.01e-04  99.6%/ 0.2%/ 0.0%/ 0.2%
    29,696    58    -0.00752  -0.0014  0.0360  0.049↓    0.0%  -0.434  1.98e-04  98.4%/ 0.4%/ 0.4%/ 0.8%
  ✓ Kontrolpunkts: checkpoints_Risk Control Mode_LTC\ckpt_step0029696.pth  [40% apmācības]
    30,208    59    -0.00747  -0.0002  0.0297  0.038↓    0.0%  -0.334  1.95e-04  99.2%/ 0.2%/ 0.2%/ 0.4%
    30,720    60    -0.00681  -0.0003  0.0227  0.030↓    0.0%  -0.830  1.92e-04  99.2%/ 0.2%/ 0.2%/ 0.4%
    31,232    61    -0.00594  -0.0008  0.0209  0.025↓    0.0%  -1.482  1.89e-04  99.6%/ 0.2%/ 0.0%/ 0.2%
    31,744    62    -0.00600  -0.0015  0.0178  0.022↓    0.0%  -1.744  1.86e-04  99.2%/ 0.2%/ 0.2%/ 0.4%
    32,256    63    -0.00531  -0.0014  0.0147  0.018↓    0.1%  -1.176  1.82e-04  99.6%/ 0.0%/ 0.2%/ 0.2%
    32,768    64    -0.00550  -0.0016  0.0398  0.027↓    0.0%  -0.317  1.79e-04  98.4%/ 0.2%/ 0.6%/ 0.8%
    33,280    65    -0.00514  +0.0000  0.0103  0.013↓    0.0%  -2.177  1.76e-04  100.0%/ 0.0%/ 0.0%/ 0.0%
    33,792    66    -0.00481  +0.0000  0.0120  0.012↓    0.0%  -1.538  1.73e-04  100.0%/ 0.0%/ 0.0%/ 0.0%
    34,304    67    -0.00474  +0.0000  0.0076  0.012↓    0.0%  -4.696  1.70e-04  100.0%/ 0.0%/ 0.0%/ 0.0%
    34,816    68    -0.00442  -0.0001  0.0142  0.015↓    0.0%  -0.500  1.67e-04  99.6%/ 0.2%/ 0.0%/ 0.2%
    35,328    69    -0.00439  -0.0003  0.0273  0.017↓    0.0%  -0.303  1.63e-04  99.6%/ 0.0%/ 0.2%/ 0.2%
    35,840    70    -0.00468  -0.0018  0.0316  0.021↓    0.1%  +0.137  1.60e-04  98.4%/ 0.6%/ 0.2%/ 0.8%
    36,352    71    -0.00457  +0.0000  0.0091  0.008↓    0.0%  -0.939  1.57e-04  100.0%/ 0.0%/ 0.0%/ 0.0%
    36,864    72    -0.00443  +0.0000  0.0074  0.008↓    0.0%  -0.712  1.54e-04  100.0%/ 0.0%/ 0.0%/ 0.0%
    37,376    73    -0.00436  +0.0000  0.0050  0.008↓    0.0%  -1.188  1.50e-04  100.0%/ 0.0%/ 0.0%/ 0.0%
    37,888    74    -0.00404  +0.0001  0.0172  0.012↓    0.0%  -0.235  1.47e-04  99.6%/ 0.2%/ 0.0%/ 0.2%
    38,400    75    -0.00404  +0.0000  0.0052  0.007↓    0.0%  -1.060  1.44e-04  100.0%/ 0.0%/ 0.0%/ 0.0%
    38,912    76    -0.00414  -0.0001  0.0092  0.009↓    0.0%  -0.399  1.41e-04  99.6%/ 0.0%/ 0.2%/ 0.2%
    39,424    77    -0.00414  +0.0000  0.0036  0.007↓    0.0%  -2.204  1.38e-04  100.0%/ 0.0%/ 0.0%/ 0.0%
    39,936    78    -0.00400  +0.0000  0.0036  0.007↓    0.0%  -0.568  1.34e-04  100.0%/ 0.0%/ 0.0%/ 0.0%
    40,448    79    -0.00377  -0.0000  0.0097  0.007↓    0.0%  +0.285  1.31e-04  100.0%/ 0.0%/ 0.0%/ 0.0%
    40,960    80    -0.00340  -0.0001  0.0081  0.009↓    0.0%  -0.340  1.28e-04  99.6%/ 0.2%/ 0.0%/ 0.2%
    41,472    81    -0.00340  +0.0000  0.0033  0.006↓    0.0%  -4.827  1.25e-04  100.0%/ 0.0%/ 0.0%/ 0.0%
    41,984    82    -0.00370  +0.0002  0.0365  0.015↓    0.0%  -0.088  1.22e-04  99.6%/ 0.0%/ 0.2%/ 0.2%
    42,496    83    -0.00370  +0.0000  0.0030  0.006↓    0.0%  -2.036  1.19e-04  100.0%/ 0.0%/ 0.0%/ 0.0%
    43,008    84    -0.00351  +0.0000  0.0032  0.006↓    0.0%  -4.326  1.15e-04  100.0%/ 0.0%/ 0.0%/ 0.0%
    43,520    85    -0.00351  +0.0000  0.0028  0.006↓    0.0%  -2.708  1.12e-04  100.0%/ 0.0%/ 0.0%/ 0.0%
    44,032    86    -0.00341  +0.0000  0.0026  0.006↓    0.0%  -2.304  1.09e-04  100.0%/ 0.0%/ 0.0%/ 0.0%
    44,544    87    -0.00341  +0.0000  0.0043  0.006↓    0.0%  -0.889  1.06e-04  100.0%/ 0.0%/ 0.0%/ 0.0%
  ✓ Kontrolpunkts: checkpoints_Risk Control Mode_LTC\ckpt_step0044544.pth  [59% apmācības]
    45,056    88    -0.00341  +0.0000  0.0023  0.006↓    0.0%  -2.735  1.03e-04  100.0%/ 0.0%/ 0.0%/ 0.0%
    45,568    89    -0.00341  +0.0000  0.0024  0.006↓    0.0%  -2.411  1.00e-04  100.0%/ 0.0%/ 0.0%/ 0.0%
    46,080    90    -0.00337  -0.0004  0.0045  0.007↓    0.0%  -1.250  9.70e-05  99.6%/ 0.2%/ 0.0%/ 0.2%
    46,592    91    -0.00359  -0.0001  0.0209  0.012↓    0.0%  +0.008  9.40e-05  99.6%/ 0.0%/ 0.2%/ 0.2%
    47,104    92    -0.00330  +0.0000  0.0023  0.005↓    0.0%  -2.262  9.11e-05  100.0%/ 0.0%/ 0.0%/ 0.0%
    47,616    93    -0.00330  -0.0000  0.0027  0.005↓    0.0%  -1.125  8.81e-05  100.0%/ 0.0%/ 0.0%/ 0.0%
    48,128    94    -0.00330  +0.0000  0.0022  0.005↓    0.0%  -0.917  8.52e-05  100.0%/ 0.0%/ 0.0%/ 0.0%
    48,640    95    -0.00330  +0.0000  0.0025  0.005↓    0.0%  -2.180  8.23e-05  100.0%/ 0.0%/ 0.0%/ 0.0%
    49,152    96    -0.00337  -0.0005  0.0045  0.007↓    0.0%  -0.537  7.95e-05  99.6%/ 0.0%/ 0.2%/ 0.2%
    49,664    97    -0.00337  +0.0000  0.0022  0.005↓    0.0%  -0.615  7.67e-05  100.0%/ 0.0%/ 0.0%/ 0.0%
    50,176    98    -0.00337  +0.0000  0.0023  0.005↓    0.0%  -1.706  7.39e-05  100.0%/ 0.0%/ 0.0%/ 0.0%
    50,688    99    -0.00352  -0.0003  0.0109  0.009↓    0.0%  -0.569  7.12e-05  99.6%/ 0.0%/ 0.2%/ 0.2%
    51,200   100    -0.00344  +0.0000  0.0020  0.005↓    0.0%  -1.228  6.84e-05  100.0%/ 0.0%/ 0.0%/ 0.0%
    51,712   101    -0.00322  +0.0000  0.0021  0.005↓    0.0%  -1.906  6.58e-05  100.0%/ 0.0%/ 0.0%/ 0.0%
    52,224   102    -0.00322  +0.0000  0.0021  0.005↓    0.0%  -1.932  6.31e-05  100.0%/ 0.0%/ 0.0%/ 0.0%
    52,736   103    -0.00322  +0.0000  0.0022  0.005↓    0.0%  -3.425  6.06e-05  100.0%/ 0.0%/ 0.0%/ 0.0%
    53,248   104    -0.00333  -0.0006  0.0068  0.007↓    0.0%  -0.094  5.80e-05  99.6%/ 0.2%/ 0.0%/ 0.2%
    53,760   105    -0.00340  -0.0002  0.0043  0.006↓    0.0%  -0.837  5.55e-05  99.6%/ 0.0%/ 0.2%/ 0.2%
    54,272   106    -0.00333  +0.0000  0.0020  0.004↓    0.0%  -2.219  5.30e-05  100.0%/ 0.0%/ 0.0%/ 0.0%
    54,784   107    -0.00333  +0.0000  0.0018  0.004↓    0.0%  -5.817  5.06e-05  100.0%/ 0.0%/ 0.0%/ 0.0%
    55,296   108    -0.00381  +0.0002  0.0637  0.018↓    0.0%  -0.009  4.83e-05  99.2%/ 0.2%/ 0.2%/ 0.4%
    55,808   109    -0.00366  +0.0000  0.0027  0.004↓    0.0%  -2.651  4.59e-05  100.0%/ 0.0%/ 0.0%/ 0.0%
    56,320   110    -0.00366  +0.0000  0.0017  0.004↓    0.0%  -3.398  4.37e-05  100.0%/ 0.0%/ 0.0%/ 0.0%
    56,832   111    -0.00366  +0.0000  0.0016  0.004↓    0.0%  -1.200  4.14e-05  100.0%/ 0.0%/ 0.0%/ 0.0%
    57,344   112    -0.00366  +0.0000  0.0020  0.004↓    0.0%  -5.536  3.93e-05  100.0%/ 0.0%/ 0.0%/ 0.0%
    57,856   113    -0.00366  +0.0000  0.0016  0.004↓    0.0%  -0.600  3.71e-05  100.0%/ 0.0%/ 0.0%/ 0.0%
    58,368   114    -0.00355  +0.0000  0.0016  0.004↓    0.0%  -3.384  3.51e-05  100.0%/ 0.0%/ 0.0%/ 0.0%
    58,880   115    -0.00348  -0.0000  0.0014  0.004↓    0.0%  -0.634  3.30e-05  100.0%/ 0.0%/ 0.0%/ 0.0%
    59,392   116    -0.00348  +0.0000  0.0017  0.004↓    0.0%  -3.570  3.11e-05  100.0%/ 0.0%/ 0.0%/ 0.0%
  ✓ Kontrolpunkts: checkpoints_Risk Control Mode_LTC\ckpt_step0059392.pth  [79% apmācības]
    59,904   117    -0.00348  +0.0000  0.0015  0.004↓    0.0%  -4.138  2.92e-05  100.0%/ 0.0%/ 0.0%/ 0.0%
    60,416   118    -0.00300  +0.0000  0.0016  0.004↓    0.0%  -3.902  2.73e-05  100.0%/ 0.0%/ 0.0%/ 0.0%
    60,928   119    -0.00300  +0.0000  0.0016  0.004↓    0.0%  -5.432  2.55e-05  100.0%/ 0.0%/ 0.0%/ 0.0%
    61,440   120    -0.00307  -0.0015  0.0041  0.006↓    0.0%  -0.622  2.38e-05  99.6%/ 0.2%/ 0.0%/ 0.2%
    61,952   121    -0.00318  +0.0006  0.0067  0.007↓    0.0%  -0.152  2.21e-05  99.6%/ 0.0%/ 0.2%/ 0.2%
    62,464   122    -0.00318  +0.0000  0.0015  0.004↓    0.0%  -1.255  2.05e-05  100.0%/ 0.0%/ 0.0%/ 0.0%
    62,976   123    -0.00318  -0.0000  0.0018  0.004↓    0.0%  -4.191  1.89e-05  100.0%/ 0.0%/ 0.0%/ 0.0%
    63,488   124    -0.00318  +0.0000  0.0017  0.004↓    0.0%  -1.052  1.74e-05  100.0%/ 0.0%/ 0.0%/ 0.0%
    64,000   125    -0.00329  +0.0005  0.0070  0.007↓    0.0%  -0.347  1.60e-05  99.6%/ 0.0%/ 0.2%/ 0.2%
    64,512   126    -0.00329  +0.0000  0.0015  0.004↓    0.0%  -7.472  1.46e-05  100.0%/ 0.0%/ 0.0%/ 0.0%
    65,024   127    -0.00329  +0.0000  0.0015  0.004↓    0.0%  -8.135  1.33e-05  100.0%/ 0.0%/ 0.0%/ 0.0%
    65,536   128    -0.00329  +0.0000  0.0014  0.004↓    0.0%  -3.894  1.21e-05  100.0%/ 0.0%/ 0.0%/ 0.0%
    66,048   129    -0.00329  +0.0000  0.0017  0.004↓    0.0%  -1.583  1.09e-05  100.0%/ 0.0%/ 0.0%/ 0.0%
    66,560   130    -0.00322  +0.0000  0.0014  0.004↓    0.0%  -2.696  9.77e-06  100.0%/ 0.0%/ 0.0%/ 0.0%
    67,072   131    -0.00311  +0.0000  0.0014  0.004↓    0.0%  -3.570  8.72e-06  100.0%/ 0.0%/ 0.0%/ 0.0%
    67,584   132    -0.00322  +0.0007  0.0066  0.007↓    0.0%  -0.292  7.73e-06  99.6%/ 0.2%/ 0.0%/ 0.2%
    68,096   133    -0.00322  -0.0000  0.0014  0.004↓    0.0%  -2.350  6.81e-06  100.0%/ 0.0%/ 0.0%/ 0.0%
    68,608   134    -0.00347  -0.0017  0.0274  0.012↓    0.0%  -0.147  5.96e-06  99.6%/ 0.2%/ 0.0%/ 0.2%
    69,120   135    -0.00344  +0.0005  0.0030  0.005↓    0.0%  +0.078  5.17e-06  99.6%/ 0.0%/ 0.2%/ 0.2%
    69,632   136    -0.00344  +0.0000  0.0015  0.004↓    0.0%  -2.035  4.45e-06  100.0%/ 0.0%/ 0.0%/ 0.0%
    70,144   137    -0.00344  +0.0000  0.0015  0.004↓    0.0%  -5.263  3.79e-06  100.0%/ 0.0%/ 0.0%/ 0.0%
    70,656   138    -0.00344  +0.0000  0.0016  0.004↓    0.0%  -1.655  3.21e-06  100.0%/ 0.0%/ 0.0%/ 0.0%
    71,168   139    -0.00344  +0.0000  0.0016  0.004↓    0.0%  -2.172  2.69e-06  100.0%/ 0.0%/ 0.0%/ 0.0%
    71,680   140    -0.00344  -0.0000  0.0017  0.004↓    0.0%  -5.443  2.24e-06  100.0%/ 0.0%/ 0.0%/ 0.0%
    72,192   141    -0.00344  +0.0000  0.0015  0.004↓    0.0%  -1.576  1.86e-06  100.0%/ 0.0%/ 0.0%/ 0.0%
    72,704   142    -0.00333  -0.0000  0.0014  0.004↓    0.0%  -1.850  1.55e-06  100.0%/ 0.0%/ 0.0%/ 0.0%
    73,216   143    -0.00333  -0.0000  0.0015  0.004↓    0.0%  -2.177  1.31e-06  100.0%/ 0.0%/ 0.0%/ 0.0%
    73,728   144    -0.00307  +0.0000  0.0014  0.004↓    0.0%  -2.193  1.14e-06  100.0%/ 0.0%/ 0.0%/ 0.0%
    74,240   145    -0.00300  +0.0000  0.0015  0.004↓    0.0%  -0.769  1.03e-06  100.0%/ 0.0%/ 0.0%/ 0.0%
  ✓ Kontrolpunkts: checkpoints_Risk Control Mode_LTC\ckpt_step0074240.pth  [99% apmācības]
    74,752   146    -0.00300  +0.0000  0.0014  0.004↓    0.0%  -4.299  1.00e-06  100.0%/ 0.0%/ 0.0%/ 0.0%
    75,264   147    -0.00300  +0.0000  0.0016  0.004↓    0.0%  -5.765  1.03e-06  100.0%/ 0.0%/ 0.0%/ 0.0%
  ✓ Kontrolpunkts: checkpoints_Risk Control Mode_LTC\ckpt_step0075264.pth  [100% apmācības]

────────────────────────────────────────────────────────────────────────────────
  Vidējais ātrums: 580 soļi/sek
  Vidējā atlīdzība (pēdējie 10 atjauninājumi): -0.00300
  Galīgā entropija: 0.004  (sākums: 1.299)
────────────────────────────────────────────────────────────────────────────────

✓ Galīgais modelis saglabāts: ppo_trader_Risk Control Mode_LTC.pth

============================================================
11. SOLIS: Bektests (4 varianti)
============================================================

────────────────────────────────────────────────────────────  1. Komisija + slipāža          
  Bilance: $570.53 | Ienesīgums: -42.95% | MaxDD: 43.20% | Sharpe: -7.491 | Calmar: -0.994 | PF: 0.020 | Darījumi: 12 | Win%: 41.7%

────────────────────────────────────────────────────────────  2. Tikai komisija              
  Bilance: $925.81 | Ienesīgums: -7.42% | MaxDD: 14.82% | Sharpe: -1.964 | Calmar: -0.501 | PF: 0.592 | Darījumi: 12 | Win%: 75.0%

────────────────────────────────────────────────────────────  3. Tikai slipāža              
  Bilance: $576.17 | Ienesīgums: -42.38% | MaxDD: 42.89% | Sharpe: -7.399 | Calmar: -0.988 | PF: 0.024 | Darījumi: 12 | Win%: 41.7%

────────────────────────────────────────────────────────────  4. Bez izmaksām               
  Bilance: $934.77 | Ienesīgums: -6.52% | MaxDD: 14.68% | Sharpe: -1.810 | Calmar: -0.444 | PF: 0.617 | Darījumi: 12 | Win%: 75.0%


======================================================================
12. SOLIS: Rezultāti
======================================================================

  Metrika                     1. Komisija + slipāža            2. Tikai komisija                3. Tikai slipāža                4. Bez izmaksām               
  ──────────────────────────────────────────────────────────────────────────────────────────────────────────────────────────────────────────────────────────────
  Galīgā bilance                                     $570.53                         $925.81                         $576.17                         $934.77
  Ienesīgums                                         -42.95%                          -7.42%                         -42.38%                          -6.52%
  Maks. kritums                                       43.20%                          14.82%                          42.89%                          14.68%
  Sharpe (pēc darījumiem)                             -7.491                          -1.964                          -7.399                          -1.810
  Calmar koeficients                                  -0.994                          -0.501                          -0.988                          -0.444
  Peļņas faktors                                       0.020                           0.592                           0.024                           0.617
  Vid. PnL / solis ($)                             -0.002986                       -0.000632                       -0.002962                       -0.000591
  Darījumi                                                12                              12                              12                              12
  Uzvaru īpatsvars                                     41.7%                           75.0%                           41.7%                           75.0%
  Vid. darījuma P&L                                  -3.223%                         -0.510%                         -3.183%                         -0.470%
  Vid. ilgums (h)                                        1.0                             1.0                             1.0                             1.0
  Vid. slip (ieeja+izeja)                            1.8445%                               —                         1.8445%                               —
  Vid. komisija                                      0.0800%                         0.0800%                               —                               —

  Zudumi no komisijām        : +0.90%
  Zudumi no slipāžas        : +35.86%
  Kopējie zudumi             : +36.42%

  Signāli (variants 1):
    HOLD  :  110,207  (99.9%)
    LONG  :        3  (0.0%)
    SHORT :      131  (0.1%)
    CLOSE :        8  (0.0%)

  Darījumi: LONG=2  SHORT=10

  ──────────────────────────────────────────────────────────
  TOP 5 IENESĪGĀKIE
  1. SHORT | 2025-10-11 09:10 → 2025-10-11 09:20 | 0h 10m | P&L: +3.06$ (+0.529%) | slip: 0.397%/0.232%
  2. SHORT | 2025-10-11 07:10 → 2025-10-11 08:10 | 1h 0m | P&L: +1.85$ (+0.320%) | slip: 0.196%/0.153%
  3. SHORT | 2025-10-10 21:55 → 2025-10-10 22:40 | 0h 45m | P&L: +1.03$ (+0.158%) | slip: 1.449%/1.174%
  4. SHORT | 2025-10-11 06:50 → 2025-10-11 07:05 | 0h 15m | P&L: +0.68$ (+0.118%) | slip: 0.146%/0.151%
  5. SHORT | 2025-10-11 00:30 → 2025-10-11 01:50 | 1h 20m | P&L: +0.09$ (+0.015%) | slip: 0.565%/0.575%

  ──────────────────────────────────────────────────────────
  TOP 5 ZAUDĪGĀKIE
  1. SHORT | 2025-10-10 21:35 → 2025-10-10 21:50 | 0h 15m | P&L: -238.56$ (-24.748%) | slip: 3.566%/3.632%
  2. LONG  | 2025-10-10 21:50 → 2025-10-10 21:55 | 0h 5m | P&L: -41.19$ (-5.894%) | slip: 3.632%/1.449%
  3. SHORT | 2025-10-11 01:55 → 2025-10-11 06:45 | 4h 50m | P&L: -34.04$ (-5.542%) | slip: 0.535%/0.256%
  4. SHORT | 2025-10-10 23:15 → 2025-10-11 00:25 | 1h 10m | P&L: -14.73$ (-2.315%) | slip: 0.520%/0.774%
  5. SHORT | 2025-10-11 09:25 → 2025-10-11 10:30 | 1h 5m | P&L: -3.71$ (-0.640%) | slip: 0.279%/0.266%

  ✓ Darījumu žurnāls: backtest_Risk Control Mode_LTC_trades.csv

──────────────────────────────────────────────────────────────────────
  ✓ Rezultāts pievienots: experiments.csv

======================================================================
GATAVS - versija Risk Control Mode  |  simbols: LTC  |  eksperiments: Risk Control Mode
======================================================================
