Žurnāls: ppo_trader_Risk Control Mode_XRP.log

Ierīce: cpu  |  AMP: False
Eksperiments: Risk Control Mode

============================================================
1. SOLIS: Datu ielāde
============================================================
Visa datu kopa : 772,455 sveces  |  2019-01-05 05:00:00 → 2026-05-13 04:50:00
Izmantojam     : 331,053 sveces  |  2023-03-20 15:45:00 → 2026-05-13 04:50:00
Apmācība (~2g) : 0..220,702  (2023-03-20 15:45:00 → 2025-04-25 00:55:00)
Tests  (~1g)   : 220,702..331,053  (2025-04-25 01:00:00 → 2026-05-13 04:50:00)
Pazīmes (tirgus): 32
N_STATE_FEATURES=34

Slipāžas rindu priekšaprēķins...

============================================================
7. SOLIS: Modelis
============================================================
Parametri: 62,853  |  INPUT_DIM=34
Arhitektūra: D_MODEL=64, N_HEADS=2, N_LAYERS=1, SEQ_LEN=32

============================================================
10. SOLIS: Apmācība (PPO)
============================================================
Kopējie soļi: 75,000  |  N_ENVS: 4  |  ROLLOUT_STEPS: 128
Bufera izmērs vienam atjauninājumam: 512 pārejas
PPO epohi: 2  |  Mini-pakete: 128
Labvēlības periods: 12 sveces  |  Atvēršanas sods: 0.000898  |  Min darījums: 72 sveces  |  Īsa darījuma sods: 0.000898
Kontrolpunkti: checkpoints_Risk Control Mode_XRP/  (ik pēc 29 atjauninājumiem)

────────────────────────────────────────────────────────────────────────────────
     Solis   Upd  Rew(avg10)       pi       v    ent   clip%      ev        lr  Darbības(H/L/S/C)
────────────────────────────────────────────────────────────────────────────────
       512     1    -0.01245  -0.0008  0.0480  1.299?    0.0%  -0.382  3.00e-04  25.2%/28.5%/26.6%/19.7%
     1,024     2    -0.02349  +0.0001  0.2022  1.305?    0.0%  +0.432  3.00e-04  30.9%/25.0%/26.2%/18.0%
     1,536     3    -0.03506  +0.0001  0.4998  1.289?    0.0%  +0.117  3.00e-04  29.7%/25.2%/25.8%/19.3%
     2,048     4    -0.04523  -0.0000  0.7035  1.303?    0.0%  -0.502  2.99e-04  30.7%/29.9%/21.5%/18.0%
     2,560     5    -0.05428  -0.0003  0.9236  1.294?    0.0%  -0.662  2.99e-04  29.9%/25.6%/25.8%/18.8%
     3,072     6    -0.06296  -0.0003  0.9359  1.307→    0.0%  -0.118  2.99e-04  23.6%/26.8%/30.1%/19.5%
     3,584     7    -0.07014  -0.0003  0.8053  1.298→    0.0%  +0.012  2.98e-04  28.7%/25.8%/25.8%/19.7%
     4,096     8    -0.07682  +0.0000  0.9684  1.307→    0.0%  -0.421  2.98e-04  29.9%/23.4%/27.7%/18.9%
     4,608     9    -0.08271  +0.0001  1.0768  1.306→    0.0%  -0.443  2.97e-04  29.3%/27.0%/25.0%/18.8%
     5,120    10    -0.08782  -0.0006  1.1180  1.300→    0.0%  -0.242  2.97e-04  27.7%/27.5%/25.0%/19.7%
     5,632    11    -0.10091  +0.0001  1.2832  1.307→    0.0%  -0.573  2.96e-04  27.9%/27.1%/25.2%/19.7%
     6,144    12    -0.11172  -0.0010  1.2188  1.307↑    0.0%  -0.218  2.95e-04  31.2%/29.7%/23.0%/16.0%
     6,656    13    -0.12106  -0.0004  1.4100  1.308↑    0.0%  -0.057  2.94e-04  27.9%/25.2%/27.7%/19.1%
     7,168    14    -0.12860  -0.0006  1.2451  1.300↑    0.0%  -0.132  2.93e-04  28.5%/23.6%/28.3%/19.5%
     7,680    15    -0.13459  -0.0007  1.2536  1.291→    0.0%  -0.242  2.92e-04  31.1%/23.2%/26.8%/18.9%
     8,192    16    -0.13881  -0.0010  1.1058  1.277↓    0.0%  -0.135  2.91e-04  33.2%/22.9%/24.2%/19.7%
     8,704    17    -0.14308  -0.0010  1.2775  1.281↓    0.0%  -0.084  2.90e-04  33.2%/22.5%/24.8%/19.5%
     9,216    18    -0.14642  -0.0022  1.1017  1.279↓    0.0%  -0.042  2.89e-04  36.1%/24.0%/21.1%/18.8%
     9,728    19    -0.14980  -0.0008  1.2845  1.282↓    0.0%  -0.063  2.88e-04  31.1%/22.1%/28.1%/18.8%
    10,240    20    -0.15277  -0.0016  1.2615  1.271↓    0.0%  -0.206  2.86e-04  33.0%/22.1%/25.6%/19.3%
    10,752    21    -0.15427  -0.0028  1.0351  1.256↓    0.0%  -0.063  2.85e-04  34.6%/22.1%/24.4%/18.9%
    11,264    22    -0.15520  -0.0029  0.8231  1.225↓    0.0%  -0.041  2.84e-04  37.9%/20.7%/20.7%/20.7%
    11,776    23    -0.15515  -0.0079  0.8379  1.211↓    0.0%  -0.003  2.82e-04  42.4%/18.2%/21.3%/18.2%
    12,288    24    -0.15570  -0.0041  0.8394  1.188↓    0.0%  -0.094  2.81e-04  40.8%/20.9%/18.8%/19.5%
    12,800    25    -0.15526  -0.0073  0.5659  1.137↓    0.0%  -0.250  2.79e-04  45.7%/18.4%/16.8%/19.1%
    13,312    26    -0.15480  -0.0079  0.5183  1.096↓    0.0%  -0.049  2.77e-04  50.0%/15.4%/17.8%/16.8%
    13,824    27    -0.15254  -0.0093  0.3293  1.024↓    0.0%  -0.005  2.75e-04  57.6%/13.5%/13.5%/15.4%
    14,336    28    -0.14878  -0.0174  0.2630  0.926↓    3.0%  -0.002  2.74e-04  62.9%/10.9%/12.3%/13.9%
    14,848    29    -0.14298  -0.0186  0.2024  0.762↓    9.4%  -0.021  2.72e-04  65.0%/11.1%/ 8.4%/15.4%
  ✓ Kontrolpunkts: checkpoints_Risk Control Mode_XRP\ckpt_step0014848.pth  [20% apmācības]
    15,360    30    -0.13276  -0.0089  0.6764  0.595↓    0.0%  +0.004  2.70e-04  78.5%/ 5.5%/ 6.4%/ 9.6%
    15,872    31    -0.12331  -0.0067  0.4918  0.557↓    0.0%  +0.006  2.68e-04  78.1%/ 4.7%/ 6.6%/10.5%
    16,384    32    -0.11256  -0.0050  0.8096  0.489↓    0.0%  -0.015  2.66e-04  84.8%/ 3.9%/ 4.3%/ 7.0%
    16,896    33    -0.10233  -0.0036  0.6387  0.469↓    0.0%  -0.061  2.64e-04  81.4%/ 4.7%/ 4.7%/ 9.2%
    17,408    34    -0.09072  -0.0043  0.8121  0.434↓    0.0%  -0.027  2.62e-04  86.3%/ 2.9%/ 4.3%/ 6.4%
    17,920    35    -0.08113  -0.0013  0.6354  0.435↓    0.0%  -0.275  2.60e-04  82.0%/ 5.1%/ 4.1%/ 8.8%
    18,432    36    -0.07031  -0.0015  0.8065  0.383↓    0.0%  -0.008  2.57e-04  88.1%/ 3.1%/ 2.9%/ 5.9%
    18,944    37    -0.06094  -0.0018  0.6530  0.374↓    0.0%  -0.008  2.55e-04  85.5%/ 4.1%/ 3.3%/ 7.0%
    19,456    38    -0.05250  -0.0021  0.7004  0.349↓    0.0%  -0.007  2.53e-04  87.1%/ 3.5%/ 3.1%/ 6.2%
    19,968    39    -0.04566  -0.0015  0.5778  0.342↓    0.0%  +0.006  2.50e-04  87.5%/ 2.7%/ 3.7%/ 6.1%
    20,480    40    -0.04290  -0.0023  0.5731  0.319↓    0.0%  -0.010  2.48e-04  88.7%/ 3.7%/ 2.1%/ 5.5%
    20,992    41    -0.03913  -0.0019  0.4867  0.288↓    0.0%  -0.096  2.45e-04  90.0%/ 2.9%/ 2.1%/ 4.9%
    21,504    42    -0.03817  -0.0010  0.2876  0.302↓    0.0%  -0.133  2.43e-04  89.1%/ 3.5%/ 2.1%/ 5.3%
    22,016    43    -0.03606  -0.0014  0.2973  0.276↓    0.0%  -0.188  2.40e-04  92.6%/ 2.0%/ 1.8%/ 3.7%
    22,528    44    -0.03421  -0.0008  0.2531  0.237↓    0.0%  -0.241  2.38e-04  93.0%/ 2.5%/ 1.0%/ 3.5%
    23,040    45    -0.03128  -0.0013  0.2500  0.222↓    0.0%  -0.691  2.35e-04  93.6%/ 1.8%/ 1.6%/ 3.1%
    23,552    46    -0.03053  -0.0039  0.1534  0.207↓    0.6%  +0.004  2.33e-04  91.2%/ 2.3%/ 2.3%/ 4.1%
    24,064    47    -0.02844  -0.0024  0.2432  0.162↓    0.1%  -0.348  2.30e-04  95.7%/ 0.6%/ 1.4%/ 2.3%
    24,576    48    -0.02689  -0.0031  0.2299  0.148↓    0.0%  -0.130  2.27e-04  94.9%/ 1.6%/ 1.2%/ 2.3%
    25,088    49    -0.02391  +0.0002  0.1739  0.105↓    0.0%  +0.260  2.24e-04  98.2%/ 0.4%/ 0.4%/ 1.0%
    25,600    50    -0.02160  -0.0004  0.1003  0.108↓    0.0%  -1.057  2.22e-04  96.5%/ 0.8%/ 1.0%/ 1.8%
    26,112    51    -0.02036  -0.0031  0.1019  0.108↓    0.1%  -0.732  2.19e-04  95.7%/ 1.4%/ 0.8%/ 2.1%
    26,624    52    -0.01717  +0.0003  0.0948  0.084↓    0.0%  -1.959  2.16e-04  100.0%/ 0.0%/ 0.0%/ 0.0%
    27,136    53    -0.01551  +0.0002  0.0985  0.098↓    0.1%  +0.315  2.13e-04  97.3%/ 1.2%/ 0.2%/ 1.4%
    27,648    54    -0.01394  -0.0006  0.0619  0.078↓    0.0%  -0.835  2.10e-04  98.8%/ 0.2%/ 0.4%/ 0.6%
    28,160    55    -0.01243  +0.0003  0.0484  0.073↓    0.0%  -2.959  2.07e-04  98.4%/ 0.4%/ 0.4%/ 0.8%
    28,672    56    -0.01034  +0.0002  0.0472  0.071↓    0.0%  -0.754  2.04e-04  98.2%/ 0.8%/ 0.2%/ 0.8%
    29,184    57    -0.00909  +0.0004  0.0409  0.064↓    0.0%  -1.605  2.01e-04  99.0%/ 0.2%/ 0.2%/ 0.6%
    29,696    58    -0.00812  -0.0014  0.0456  0.065↓    0.0%  -0.451  1.98e-04  97.7%/ 0.4%/ 0.8%/ 1.2%
  ✓ Kontrolpunkts: checkpoints_Risk Control Mode_XRP\ckpt_step0029696.pth  [40% apmācības]
    30,208    59    -0.00817  -0.0013  0.0566  0.053↓    0.0%  -0.144  1.95e-04  98.8%/ 0.4%/ 0.2%/ 0.6%
    30,720    60    -0.00762  -0.0021  0.0258  0.038↓    0.0%  -0.915  1.92e-04  98.8%/ 0.4%/ 0.2%/ 0.6%
    31,232    61    -0.00666  -0.0004  0.0297  0.030↓    0.0%  -1.792  1.89e-04  99.6%/ 0.2%/ 0.0%/ 0.2%
    31,744    62    -0.00680  -0.0012  0.0204  0.027↓    0.0%  -1.982  1.86e-04  99.2%/ 0.2%/ 0.2%/ 0.4%
    32,256    63    -0.00606  -0.0014  0.0159  0.022↓    0.1%  -2.509  1.82e-04  99.6%/ 0.0%/ 0.2%/ 0.2%
    32,768    64    -0.00606  -0.0017  0.0236  0.025↓    0.0%  -0.512  1.79e-04  98.4%/ 0.2%/ 0.6%/ 0.8%
    33,280    65    -0.00578  +0.0000  0.0115  0.015↓    0.0%  -2.963  1.76e-04  100.0%/ 0.0%/ 0.0%/ 0.0%
    33,792    66    -0.00534  +0.0000  0.0098  0.014↓    0.0%  -5.554  1.73e-04  100.0%/ 0.0%/ 0.0%/ 0.0%
    34,304    67    -0.00517  -0.0003  0.0144  0.017↓    0.0%  -0.573  1.70e-04  99.6%/ 0.0%/ 0.2%/ 0.2%
    34,816    68    -0.00482  -0.0008  0.0268  0.021↓    0.0%  -0.582  1.67e-04  99.2%/ 0.2%/ 0.2%/ 0.4%
    35,328    69    -0.00442  -0.0003  0.0102  0.012↓    0.0%  -1.515  1.63e-04  99.6%/ 0.0%/ 0.2%/ 0.2%
    35,840    70    -0.00459  -0.0013  0.0253  0.019↓    0.0%  -0.017  1.60e-04  98.4%/ 0.6%/ 0.2%/ 0.8%
    36,352    71    -0.00448  +0.0000  0.0081  0.008↓    0.0%  -3.078  1.57e-04  100.0%/ 0.0%/ 0.0%/ 0.0%
    36,864    72    -0.00434  +0.0000  0.0067  0.007↓    0.0%  -4.393  1.54e-04  100.0%/ 0.0%/ 0.0%/ 0.0%
    37,376    73    -0.00427  +0.0000  0.0059  0.007↓    0.0%  -2.593  1.50e-04  100.0%/ 0.0%/ 0.0%/ 0.0%
    37,888    74    -0.00405  +0.0003  0.0094  0.010↓    0.0%  -0.226  1.47e-04  99.6%/ 0.2%/ 0.0%/ 0.2%
    38,400    75    -0.00405  +0.0000  0.0048  0.007↓    0.0%  -4.917  1.44e-04  100.0%/ 0.0%/ 0.0%/ 0.0%
    38,912    76    -0.00416  -0.0001  0.0101  0.009↓    0.0%  -0.457  1.41e-04  99.6%/ 0.0%/ 0.2%/ 0.2%
    39,424    77    -0.00401  +0.0000  0.0046  0.006↓    0.0%  -5.148  1.38e-04  100.0%/ 0.0%/ 0.0%/ 0.0%
    39,936    78    -0.00369  +0.0000  0.0044  0.006↓    0.0%  -2.156  1.34e-04  100.0%/ 0.0%/ 0.0%/ 0.0%
    40,448    79    -0.00361  -0.0000  0.0109  0.006↓    0.0%  -0.872  1.31e-04  100.0%/ 0.0%/ 0.0%/ 0.0%
    40,960    80    -0.00333  -0.0001  0.0082  0.008↓    0.0%  -0.288  1.28e-04  99.6%/ 0.2%/ 0.0%/ 0.2%
    41,472    81    -0.00333  +0.0000  0.0038  0.006↓    0.0%  -4.945  1.25e-04  100.0%/ 0.0%/ 0.0%/ 0.0%
    41,984    82    -0.00363  -0.0004  0.0350  0.014↓    0.0%  -0.089  1.22e-04  99.6%/ 0.0%/ 0.2%/ 0.2%
    42,496    83    -0.00363  +0.0000  0.0032  0.005↓    0.0%  -2.296  1.19e-04  100.0%/ 0.0%/ 0.0%/ 0.0%
    43,008    84    -0.00352  +0.0000  0.0032  0.005↓    0.0%  -4.647  1.15e-04  100.0%/ 0.0%/ 0.0%/ 0.0%
    43,520    85    -0.00352  +0.0000  0.0026  0.005↓    0.0%  -2.545  1.12e-04  100.0%/ 0.0%/ 0.0%/ 0.0%
    44,032    86    -0.00341  +0.0000  0.0032  0.005↓    0.0%  -4.649  1.09e-04  100.0%/ 0.0%/ 0.0%/ 0.0%
    44,544    87    -0.00341  +0.0000  0.0043  0.005↓    0.0%  -1.892  1.06e-04  100.0%/ 0.0%/ 0.0%/ 0.0%
  ✓ Kontrolpunkts: checkpoints_Risk Control Mode_XRP\ckpt_step0044544.pth  [59% apmācības]
    45,056    88    -0.00341  +0.0000  0.0029  0.005↓    0.0%  -5.719  1.03e-04  100.0%/ 0.0%/ 0.0%/ 0.0%
    45,568    89    -0.00341  +0.0000  0.0026  0.005↓    0.0%  -2.195  1.00e-04  100.0%/ 0.0%/ 0.0%/ 0.0%
    46,080    90    -0.00330  +0.0000  0.0023  0.005↓    0.0%  -7.008  9.70e-05  100.0%/ 0.0%/ 0.0%/ 0.0%
    46,592    91    -0.00352  -0.0000  0.0203  0.012↓    0.0%  -0.037  9.40e-05  99.6%/ 0.0%/ 0.2%/ 0.2%
    47,104    92    -0.00323  +0.0000  0.0027  0.005↓    0.0%  -7.020  9.11e-05  100.0%/ 0.0%/ 0.0%/ 0.0%
    47,616    93    -0.00323  +0.0000  0.0025  0.005↓    0.0%  -2.235  8.81e-05  100.0%/ 0.0%/ 0.0%/ 0.0%
    48,128    94    -0.00323  +0.0000  0.0024  0.005↓    0.0%  -1.416  8.52e-05  100.0%/ 0.0%/ 0.0%/ 0.0%
    48,640    95    -0.00323  +0.0000  0.0023  0.005↓    0.0%  -4.393  8.23e-05  100.0%/ 0.0%/ 0.0%/ 0.0%
    49,152    96    -0.00323  +0.0000  0.0027  0.005↓    0.0%  -1.664  7.95e-05  100.0%/ 0.0%/ 0.0%/ 0.0%
    49,664    97    -0.00323  +0.0000  0.0026  0.005↓    0.0%  -2.797  7.67e-05  100.0%/ 0.0%/ 0.0%/ 0.0%
    50,176    98    -0.00323  +0.0000  0.0026  0.005↓    0.0%  -1.924  7.39e-05  100.0%/ 0.0%/ 0.0%/ 0.0%
    50,688    99    -0.00338  -0.0001  0.0114  0.009↓    0.0%  -0.517  7.12e-05  99.6%/ 0.0%/ 0.2%/ 0.2%
    51,200   100    -0.00338  +0.0000  0.0019  0.005↓    0.0%  -15.349  6.84e-05  100.0%/ 0.0%/ 0.0%/ 0.0%
    51,712   101    -0.00315  +0.0000  0.0020  0.005↓    0.0%  -1.981  6.58e-05  100.0%/ 0.0%/ 0.0%/ 0.0%
    52,224   102    -0.00315  +0.0000  0.0018  0.005↓    0.0%  -4.483  6.31e-05  100.0%/ 0.0%/ 0.0%/ 0.0%
    52,736   103    -0.00315  +0.0000  0.0019  0.005↓    0.0%  -6.055  6.06e-05  100.0%/ 0.0%/ 0.0%/ 0.0%
    53,248   104    -0.00326  -0.0002  0.0067  0.008↓    0.0%  -0.123  5.80e-05  99.6%/ 0.2%/ 0.0%/ 0.2%
    53,760   105    -0.00333  -0.0004  0.0039  0.006↓    0.0%  -0.645  5.55e-05  99.6%/ 0.0%/ 0.2%/ 0.2%
    54,272   106    -0.00333  +0.0000  0.0018  0.005↓    0.0%  -9.218  5.30e-05  100.0%/ 0.0%/ 0.0%/ 0.0%
    54,784   107    -0.00333  +0.0000  0.0019  0.005↓    0.0%  -4.252  5.06e-05  100.0%/ 0.0%/ 0.0%/ 0.0%
    55,296   108    -0.00351  -0.0003  0.0082  0.009↓    0.0%  -0.112  4.83e-05  99.2%/ 0.2%/ 0.2%/ 0.4%
    55,808   109    -0.00336  +0.0000  0.0018  0.004↓    0.0%  -3.034  4.59e-05  100.0%/ 0.0%/ 0.0%/ 0.0%
    56,320   110    -0.00336  +0.0000  0.0018  0.004↓    0.0%  -5.580  4.37e-05  100.0%/ 0.0%/ 0.0%/ 0.0%
    56,832   111    -0.00336  +0.0000  0.0015  0.004↓    0.0%  -1.288  4.14e-05  100.0%/ 0.0%/ 0.0%/ 0.0%
    57,344   112    -0.00336  +0.0000  0.0016  0.004↓    0.0%  -7.861  3.93e-05  100.0%/ 0.0%/ 0.0%/ 0.0%
    57,856   113    -0.00336  +0.0000  0.0017  0.004↓    0.0%  -3.281  3.71e-05  100.0%/ 0.0%/ 0.0%/ 0.0%
    58,368   114    -0.00325  +0.0000  0.0017  0.004↓    0.0%  -5.424  3.51e-05  100.0%/ 0.0%/ 0.0%/ 0.0%
    58,880   115    -0.00318  +0.0000  0.0016  0.004↓    0.0%  -10.231  3.30e-05  100.0%/ 0.0%/ 0.0%/ 0.0%
    59,392   116    -0.00318  +0.0000  0.0018  0.004↓    0.0%  -2.024  3.11e-05  100.0%/ 0.0%/ 0.0%/ 0.0%
  ✓ Kontrolpunkts: checkpoints_Risk Control Mode_XRP\ckpt_step0059392.pth  [79% apmācības]
    59,904   117    -0.00318  +0.0000  0.0017  0.004↓    0.0%  -3.786  2.92e-05  100.0%/ 0.0%/ 0.0%/ 0.0%
    60,416   118    -0.00300  +0.0000  0.0015  0.004↓    0.0%  -4.601  2.73e-05  100.0%/ 0.0%/ 0.0%/ 0.0%
    60,928   119    -0.00300  +0.0000  0.0015  0.004↓    0.0%  -4.350  2.55e-05  100.0%/ 0.0%/ 0.0%/ 0.0%
    61,440   120    -0.00307  +0.0002  0.0038  0.006↓    0.0%  -0.724  2.38e-05  99.6%/ 0.2%/ 0.0%/ 0.2%
    61,952   121    -0.00318  +0.0004  0.0065  0.007↓    0.0%  -0.300  2.21e-05  99.6%/ 0.0%/ 0.2%/ 0.2%
    62,464   122    -0.00318  +0.0000  0.0016  0.004↓    0.0%  -3.349  2.05e-05  100.0%/ 0.0%/ 0.0%/ 0.0%
    62,976   123    -0.00318  +0.0000  0.0016  0.004↓    0.0%  -9.380  1.89e-05  100.0%/ 0.0%/ 0.0%/ 0.0%
    63,488   124    -0.00318  +0.0000  0.0015  0.004↓    0.0%  -1.678  1.74e-05  100.0%/ 0.0%/ 0.0%/ 0.0%
    64,000   125    -0.00329  +0.0004  0.0066  0.007↓    0.0%  -0.212  1.60e-05  99.6%/ 0.0%/ 0.2%/ 0.2%
    64,512   126    -0.00329  +0.0000  0.0015  0.004↓    0.0%  -6.176  1.46e-05  100.0%/ 0.0%/ 0.0%/ 0.0%
    65,024   127    -0.00329  +0.0000  0.0016  0.004↓    0.0%  -5.432  1.33e-05  100.0%/ 0.0%/ 0.0%/ 0.0%
    65,536   128    -0.00329  +0.0000  0.0017  0.004↓    0.0%  -2.810  1.21e-05  100.0%/ 0.0%/ 0.0%/ 0.0%
    66,048   129    -0.00329  +0.0000  0.0014  0.004↓    0.0%  -6.167  1.09e-05  100.0%/ 0.0%/ 0.0%/ 0.0%
    66,560   130    -0.00322  +0.0000  0.0014  0.004↓    0.0%  -8.835  9.77e-06  100.0%/ 0.0%/ 0.0%/ 0.0%
    67,072   131    -0.00311  +0.0000  0.0016  0.004↓    0.0%  -6.202  8.72e-06  100.0%/ 0.0%/ 0.0%/ 0.0%
    67,584   132    -0.00322  -0.0003  0.0064  0.007↓    0.0%  -0.324  7.73e-06  99.6%/ 0.2%/ 0.0%/ 0.2%
    68,096   133    -0.00322  +0.0000  0.0015  0.004↓    0.0%  -7.129  6.81e-06  100.0%/ 0.0%/ 0.0%/ 0.0%
    68,608   134    -0.00348  -0.0002  0.0272  0.012↓    0.0%  -0.103  5.96e-06  99.6%/ 0.2%/ 0.0%/ 0.2%
    69,120   135    -0.00344  +0.0000  0.0032  0.005↓    0.0%  -0.368  5.17e-06  99.6%/ 0.0%/ 0.2%/ 0.2%
    69,632   136    -0.00344  +0.0000  0.0016  0.004↓    0.0%  -5.612  4.45e-06  100.0%/ 0.0%/ 0.0%/ 0.0%
    70,144   137    -0.00344  +0.0000  0.0015  0.004↓    0.0%  -2.895  3.79e-06  100.0%/ 0.0%/ 0.0%/ 0.0%
    70,656   138    -0.00344  +0.0000  0.0018  0.004↓    0.0%  -1.813  3.21e-06  100.0%/ 0.0%/ 0.0%/ 0.0%
    71,168   139    -0.00351  +0.0006  0.0040  0.005↓    0.0%  -0.613  2.69e-06  99.6%/ 0.2%/ 0.0%/ 0.2%
    71,680   140    -0.00351  +0.0000  0.0016  0.004↓    0.0%  -2.643  2.24e-06  100.0%/ 0.0%/ 0.0%/ 0.0%
    72,192   141    -0.00351  +0.0000  0.0016  0.004↓    0.0%  -1.433  1.86e-06  100.0%/ 0.0%/ 0.0%/ 0.0%
    72,704   142    -0.00340  +0.0000  0.0015  0.004↓    0.0%  -1.833  1.55e-06  100.0%/ 0.0%/ 0.0%/ 0.0%
    73,216   143    -0.00340  +0.0000  0.0015  0.004↓    0.0%  -1.874  1.31e-06  100.0%/ 0.0%/ 0.0%/ 0.0%
    73,728   144    -0.00314  +0.0000  0.0015  0.004↓    0.0%  -2.932  1.14e-06  100.0%/ 0.0%/ 0.0%/ 0.0%
    74,240   145    -0.00307  +0.0000  0.0013  0.004↓    0.0%  -3.118  1.03e-06  100.0%/ 0.0%/ 0.0%/ 0.0%
  ✓ Kontrolpunkts: checkpoints_Risk Control Mode_XRP\ckpt_step0074240.pth  [99% apmācības]
    74,752   146    -0.00307  +0.0000  0.0014  0.004↓    0.0%  -7.698  1.00e-06  100.0%/ 0.0%/ 0.0%/ 0.0%
    75,264   147    -0.00307  +0.0000  0.0015  0.004↓    0.0%  -5.730  1.03e-06  100.0%/ 0.0%/ 0.0%/ 0.0%
  ✓ Kontrolpunkts: checkpoints_Risk Control Mode_XRP\ckpt_step0075264.pth  [100% apmācības]

────────────────────────────────────────────────────────────────────────────────
  Vidējais ātrums: 598 soļi/sek
  Vidējā atlīdzība (pēdējie 10 atjauninājumi): -0.00307
  Galīgā entropija: 0.004  (sākums: 1.299)
────────────────────────────────────────────────────────────────────────────────

✓ Galīgais modelis saglabāts: ppo_trader_Risk Control Mode_XRP.pth

============================================================
11. SOLIS: Bektests (4 varianti)
============================================================

────────────────────────────────────────────────────────────  1. Komisija + slipāža          
  Bilance: $1,000.00 | Ienesīgums: +0.00% | MaxDD: 0.00% | Sharpe: 0.000 | Calmar: 0.000 | PF: 0.000 | Darījumi: 0 | Win%: 0.0%

────────────────────────────────────────────────────────────  2. Tikai komisija              
  Bilance: $1,000.00 | Ienesīgums: +0.00% | MaxDD: 0.00% | Sharpe: 0.000 | Calmar: 0.000 | PF: 0.000 | Darījumi: 0 | Win%: 0.0%

────────────────────────────────────────────────────────────  3. Tikai slipāža              
  Bilance: $1,000.00 | Ienesīgums: +0.00% | MaxDD: 0.00% | Sharpe: 0.000 | Calmar: 0.000 | PF: 0.000 | Darījumi: 0 | Win%: 0.0%

────────────────────────────────────────────────────────────  4. Bez izmaksām               
  Bilance: $1,000.00 | Ienesīgums: +0.00% | MaxDD: 0.00% | Sharpe: 0.000 | Calmar: 0.000 | PF: 0.000 | Darījumi: 0 | Win%: 0.0%


======================================================================
12. SOLIS: Rezultāti
======================================================================

  Metrika                     1. Komisija + slipāža            2. Tikai komisija                3. Tikai slipāža                4. Bez izmaksām               
  ──────────────────────────────────────────────────────────────────────────────────────────────────────────────────────────────────────────────────────────────
  Galīgā bilance                                   $1,000.00                       $1,000.00                       $1,000.00                       $1,000.00
  Ienesīgums                                          +0.00%                          +0.00%                          +0.00%                          +0.00%
  Maks. kritums                                        0.00%                           0.00%                           0.00%                           0.00%
  Sharpe (pēc darījumiem)                              0.000                           0.000                           0.000                           0.000
  Calmar koeficients                                   0.000                           0.000                           0.000                           0.000
  Peļņas faktors                                       0.000                           0.000                           0.000                           0.000
  Vid. PnL / solis ($)                              0.000000                        0.000000                        0.000000                        0.000000
  Darījumi                                                 0                               0                               0                               0
  Uzvaru īpatsvars                                      0.0%                            0.0%                            0.0%                            0.0%
  Vid. darījuma P&L                                  +0.000%                         +0.000%                         +0.000%                         +0.000%
  Vid. ilgums (h)                                        0.0                             0.0                             0.0                             0.0
  Vid. slip (ieeja+izeja)                                  —                               —                               —                               —
  Vid. komisija                                            —                               —                               —                               —

  Zudumi no komisijām        : +0.00%
  Zudumi no slipāžas        : +0.00%
  Kopējie zudumi             : +0.00%

  Signāli (variants 1):
    HOLD  :  110,349  (100.0%)
    LONG  :        0  (0.0%)
    SHORT :        0  (0.0%)
    CLOSE :        0  (0.0%)

──────────────────────────────────────────────────────────────────────
  ✓ Rezultāts pievienots: experiments.csv

======================================================================
GATAVS - versija Risk Control Mode  |  simbols: XRP  |  eksperiments: Risk Control Mode
======================================================================
