Žurnāls: ppo_trader_Realistic Mode, OP - 0.000898 (Main)_SOL.log

Ierīce: cpu  |  AMP: False
Eksperiments: OP - 0.000898 (Main)

============================================================
1. SOLIS: Datu ielāde
============================================================
Visa datu kopa : 563,641 sveces  |  2020-08-15 11:00:00 → 2025-12-25 13:20:00
Izmantojam     : 241,561 sveces  |  2023-09-08 19:20:00 → 2025-12-25 13:20:00
Apmācība (~2g) : 0..161,040  (2023-09-08 19:20:00 → 2025-03-20 23:15:00)
Tests  (~1g)   : 161,040..241,561  (2025-03-20 23:20:00 → 2025-12-25 13:20:00)
Pazīmes (tirgus): 32
N_STATE_FEATURES=34

Slipāžas rindu priekšaprēķins...

============================================================
7. SOLIS: Modelis
============================================================
Parametri: 62,853  |  INPUT_DIM=34
Arhitektūra: D_MODEL=64, N_HEADS=2, N_LAYERS=1, SEQ_LEN=32

============================================================
10. SOLIS: Apmācība (PPO)
============================================================
Kopējie soļi: 75,000  |  N_ENVS: 4  |  ROLLOUT_STEPS: 128
Bufera izmērs vienam atjauninājumam: 512 pārejas
PPO epohi: 2  |  Mini-pakete: 128
Labvēlības periods: 12 sveces  |  Atvēršanas sods: 0.000898  |  Min darījums: 72 sveces  |  Īsa darījuma sods: 0.000898
Kontrolpunkti: checkpoints_Realistic Mode, OP - 0.000898 (Main)_SOL/  (ik pēc 29 atjauninājumiem)

────────────────────────────────────────────────────────────────────────────────
     Solis   Upd  Rew(avg10)       pi       v    ent   clip%      ev        lr  Darbības(H/L/S/C)
────────────────────────────────────────────────────────────────────────────────
       512     1    -0.00405  -0.0013  0.0372  1.299?    0.0%  -0.135  3.00e-04  25.2%/28.5%/26.6%/19.7%
     1,024     2    -0.00363  -0.0003  0.0271  1.305?    0.0%  -0.641  3.00e-04  30.7%/25.0%/26.4%/18.0%
     1,536     3    -0.00381  -0.0005  0.0180  1.289?    0.0%  -1.184  3.00e-04  30.7%/24.2%/25.8%/19.3%
     2,048     4    -0.00421  +0.0000  0.0198  1.301?    0.0%  -0.394  2.99e-04  30.5%/29.9%/21.7%/18.0%
     2,560     5    -0.00434  -0.0006  0.0142  1.291?    0.0%  +0.372  2.99e-04  30.9%/24.2%/26.4%/18.6%
     3,072     6    -0.00457  -0.0003  0.0168  1.305→    0.0%  +0.541  2.99e-04  24.0%/26.4%/29.7%/19.9%
     3,584     7    -0.00488  -0.0000  0.0132  1.298→    0.0%  -0.242  2.98e-04  27.5%/27.0%/25.8%/19.7%
     4,096     8    -0.00501  -0.0004  0.0150  1.306→    0.0%  +0.725  2.98e-04  29.3%/23.4%/27.9%/19.3%
     4,608     9    -0.00515  -0.0004  0.0123  1.306→    0.0%  -0.587  2.97e-04  28.9%/26.6%/25.6%/18.9%
     5,120    10    -0.00511  -0.0004  0.0105  1.301→    0.0%  +0.057  2.97e-04  27.0%/27.5%/25.8%/19.7%
     5,632    11    -0.00510  +0.0001  0.0082  1.311→    0.0%  +0.061  2.96e-04  25.6%/27.9%/27.0%/19.5%
     6,144    12    -0.00512  -0.0001  0.0075  1.315↑    0.0%  +0.163  2.95e-04  29.7%/29.7%/24.6%/16.0%
     6,656    13    -0.00505  +0.0000  0.0071  1.315↑    0.0%  -0.264  2.94e-04  25.4%/27.3%/28.7%/18.6%
     7,168    14    -0.00487  -0.0010  0.0063  1.304↑    0.0%  +0.274  2.93e-04  27.0%/24.6%/28.9%/19.5%
     7,680    15    -0.00484  -0.0000  0.0060  1.295↑    0.0%  -0.055  2.92e-04  27.5%/25.2%/28.1%/19.1%
     8,192    16    -0.00455  -0.0003  0.0054  1.287→    0.0%  +0.328  2.91e-04  31.8%/24.2%/24.8%/19.1%
     8,704    17    -0.00420  -0.0010  0.0047  1.298→    0.0%  -0.263  2.90e-04  28.3%/25.8%/26.0%/19.9%
     9,216    18    -0.00391  -0.0010  0.0036  1.298→    0.0%  +0.125  2.89e-04  32.0%/28.1%/22.1%/17.8%
     9,728    19    -0.00354  -0.0006  0.0044  1.308→    0.0%  -0.056  2.88e-04  26.4%/24.8%/31.2%/17.6%
    10,240    20    -0.00339  -0.0019  0.0051  1.302→    0.0%  -0.123  2.86e-04  27.1%/25.8%/29.3%/17.8%
    10,752    21    -0.00329  -0.0006  0.0044  1.292→    0.0%  +0.009  2.85e-04  27.9%/25.0%/27.5%/19.5%
    11,264    22    -0.00349  +0.0003  0.0050  1.290→    0.0%  +0.248  2.84e-04  26.4%/27.7%/24.2%/21.7%
    11,776    23    -0.00352  -0.0012  0.0039  1.286→    0.0%  +0.644  2.82e-04  33.2%/23.0%/24.8%/18.9%
    12,288    24    -0.00367  +0.0000  0.0043  1.305→    0.0%  +0.523  2.81e-04  28.9%/26.6%/25.6%/18.9%
    12,800    25    -0.00358  -0.0008  0.0032  1.289→    0.0%  +0.622  2.79e-04  30.3%/27.0%/23.2%/19.5%
    13,312    26    -0.00383  -0.0010  0.0047  1.310→    0.0%  +0.618  2.77e-04  27.7%/27.0%/28.1%/17.2%
    13,824    27    -0.00382  -0.0000  0.0036  1.294→    0.0%  +0.606  2.75e-04  34.0%/24.0%/25.4%/16.6%
    14,336    28    -0.00369  +0.0001  0.0030  1.289→    0.0%  +0.131  2.74e-04  32.8%/21.9%/26.8%/18.6%
    14,848    29    -0.00386  -0.0014  0.0060  1.298→    0.0%  +0.277  2.72e-04  27.7%/26.2%/26.6%/19.5%
  ✓ Kontrolpunkts: checkpoints_Realistic Mode, OP - 0.000898 (Main)_SOL\ckpt_step0014848.pth  [20% apmācības]
    15,360    30    -0.00382  -0.0005  0.0041  1.296→    0.0%  +0.733  2.70e-04  29.3%/23.2%/28.7%/18.8%
    15,872    31    -0.00381  -0.0013  0.0065  1.287→    0.0%  +0.454  2.68e-04  31.4%/22.5%/27.1%/18.9%
    16,384    32    -0.00354  +0.0004  0.0043  1.264↓    0.0%  +0.681  2.66e-04  36.1%/19.1%/23.6%/21.1%
    16,896    33    -0.00332  +0.0004  0.0036  1.285↓    0.0%  +0.515  2.64e-04  32.6%/26.6%/22.3%/18.6%
    17,408    34    -0.00326  -0.0011  0.0066  1.296↓    0.0%  +0.626  2.62e-04  30.3%/27.3%/24.8%/17.6%
    17,920    35    -0.00328  -0.0013  0.0036  1.285↓    0.0%  +0.818  2.60e-04  30.5%/25.2%/25.0%/19.3%
    18,432    36    -0.00313  -0.0010  0.0027  1.275↓    0.0%  +0.557  2.57e-04  32.2%/21.3%/26.2%/20.3%
    18,944    37    -0.00308  -0.0010  0.0026  1.274↓    0.0%  +0.679  2.55e-04  31.1%/24.2%/23.8%/20.9%
    19,456    38    -0.00333  -0.0004  0.0048  1.269↓    0.0%  +0.396  2.53e-04  33.2%/25.0%/21.5%/20.3%
    19,968    39    -0.00319  -0.0015  0.0031  1.259↓    0.0%  +0.801  2.50e-04  36.9%/19.9%/24.6%/18.6%
    20,480    40    -0.00325  +0.0001  0.0044  1.267↓    0.0%  +0.586  2.48e-04  30.3%/23.6%/25.8%/20.3%
    20,992    41    -0.00325  -0.0004  0.0030  1.264↓    0.0%  +0.637  2.45e-04  33.2%/18.6%/27.7%/20.5%
    21,504    42    -0.00319  -0.0008  0.0040  1.272↓    0.0%  +0.378  2.43e-04  33.6%/21.7%/24.4%/20.3%
    22,016    43    -0.00317  -0.0008  0.0035  1.263↓    0.0%  +0.355  2.40e-04  35.0%/18.2%/27.1%/19.7%
    22,528    44    -0.00288  -0.0013  0.0031  1.263↓    0.0%  +0.525  2.38e-04  32.2%/23.6%/22.7%/21.5%
    23,040    45    -0.00266  -0.0012  0.0022  1.257↓    0.0%  -0.138  2.35e-04  31.2%/20.1%/27.9%/20.7%
    23,552    46    -0.00244  -0.0010  0.0019  1.261↓    0.0%  +0.569  2.33e-04  30.7%/18.9%/30.7%/19.7%
    24,064    47    -0.00230  -0.0002  0.0019  1.253↓    0.0%  +0.181  2.30e-04  32.0%/21.9%/26.2%/19.9%
    24,576    48    -0.00199  -0.0016  0.0022  1.252↓    0.0%  +0.445  2.27e-04  35.4%/18.9%/26.4%/19.3%
    25,088    49    -0.00179  -0.0005  0.0019  1.248↓    0.0%  +0.313  2.24e-04  32.4%/19.7%/26.4%/21.5%
    25,600    50    -0.00159  -0.0001  0.0019  1.261↓    0.0%  +0.563  2.22e-04  29.7%/18.0%/30.3%/22.1%
    26,112    51    -0.00143  -0.0003  0.0019  1.254↓    0.0%  -0.157  2.19e-04  33.4%/18.8%/26.6%/21.3%
    26,624    52    -0.00132  +0.0002  0.0019  1.268↓    0.0%  +0.219  2.16e-04  32.8%/22.7%/24.8%/19.7%
    27,136    53    -0.00134  -0.0007  0.0024  1.255↓    0.0%  +0.276  2.13e-04  32.0%/20.7%/26.6%/20.7%
    27,648    54    -0.00131  +0.0003  0.0017  1.266↓    0.0%  +0.370  2.10e-04  29.7%/22.7%/26.8%/20.9%
    28,160    55    -0.00128  -0.0022  0.0016  1.235↓    0.0%  +0.287  2.07e-04  34.0%/19.3%/25.2%/21.5%
    28,672    56    -0.00124  -0.0012  0.0017  1.272↓    0.0%  +0.101  2.04e-04  29.5%/22.3%/27.5%/20.7%
    29,184    57    -0.00122  -0.0006  0.0015  1.224↓    0.0%  -0.071  2.01e-04  35.0%/19.5%/23.8%/21.7%
    29,696    58    -0.00123  -0.0027  0.0014  1.257↓    0.0%  +0.415  1.98e-04  28.1%/22.1%/26.8%/23.0%
  ✓ Kontrolpunkts: checkpoints_Realistic Mode, OP - 0.000898 (Main)_SOL\ckpt_step0029696.pth  [40% apmācības]
    30,208    59    -0.00127  +0.0002  0.0013  1.228↓    0.0%  +0.243  1.95e-04  32.6%/21.3%/24.4%/21.7%
    30,720    60    -0.00130  -0.0016  0.0015  1.226↓    0.0%  -0.012  1.92e-04  29.1%/21.1%/25.8%/24.0%
    31,232    61    -0.00127  -0.0007  0.0011  1.221↓    0.0%  -0.795  1.89e-04  40.2%/16.8%/23.8%/19.1%
    31,744    62    -0.00129  -0.0019  0.0014  1.214↓    0.0%  -0.375  1.86e-04  37.1%/20.5%/21.9%/20.5%
    32,256    63    -0.00127  +0.0008  0.0017  1.254↓    0.0%  +0.500  1.82e-04  34.0%/23.2%/23.8%/18.9%
    32,768    64    -0.00125  -0.0005  0.0014  1.194↓    0.0%  +0.474  1.79e-04  40.8%/17.0%/21.3%/20.9%
    33,280    65    -0.00124  -0.0001  0.0013  1.233↓    0.0%  +0.055  1.76e-04  36.5%/20.3%/24.8%/18.4%
    33,792    66    -0.00125  +0.0007  0.0020  1.211↓    0.1%  +0.254  1.73e-04  35.7%/20.9%/23.4%/19.9%
    34,304    67    -0.00126  -0.0008  0.0014  1.264↓    0.1%  +0.625  1.70e-04  27.3%/24.4%/26.2%/22.1%
    34,816    68    -0.00128  -0.0009  0.0018  1.228↓    0.1%  +0.144  1.67e-04  36.1%/18.8%/25.0%/20.1%
    35,328    69    -0.00127  -0.0008  0.0011  1.231↓    0.0%  +0.265  1.63e-04  34.4%/20.5%/24.6%/20.5%
    35,840    70    -0.00124  +0.0000  0.0014  1.204↓    0.0%  -0.069  1.60e-04  37.1%/17.8%/23.4%/21.7%
    36,352    71    -0.00128  +0.0001  0.0017  1.202↓    0.0%  +0.180  1.57e-04  39.6%/23.0%/18.6%/18.8%
    36,864    72    -0.00125  +0.0007  0.0012  1.205↓    0.0%  -0.299  1.54e-04  34.0%/21.5%/23.2%/21.3%
    37,376    73    -0.00124  -0.0007  0.0015  1.187↓    0.0%  +0.435  1.50e-04  37.9%/17.6%/23.0%/21.5%
    37,888    74    -0.00133  -0.0007  0.0019  1.196↓    0.0%  -0.051  1.47e-04  38.7%/17.4%/22.7%/21.3%
    38,400    75    -0.00134  -0.0013  0.0012  1.188↓    0.0%  +0.049  1.44e-04  41.4%/13.1%/25.6%/19.9%
    38,912    76    -0.00137  +0.0005  0.0010  1.197↓    0.0%  +0.571  1.41e-04  34.4%/17.6%/25.0%/23.0%
    39,424    77    -0.00136  -0.0007  0.0012  1.203↓    0.0%  -0.384  1.38e-04  40.8%/16.0%/24.0%/19.1%
    39,936    78    -0.00131  +0.0005  0.0011  1.192↓    0.0%  +0.160  1.34e-04  33.8%/17.8%/25.8%/22.7%
    40,448    79    -0.00129  -0.0003  0.0012  1.219↓    0.0%  -0.223  1.31e-04  35.4%/17.0%/25.6%/22.1%
    40,960    80    -0.00126  -0.0002  0.0010  1.206↓    0.0%  -0.057  1.28e-04  35.4%/16.4%/25.0%/23.2%
    41,472    81    -0.00120  -0.0002  0.0009  1.201↓    0.0%  -0.407  1.25e-04  39.5%/16.0%/23.8%/20.7%
    41,984    82    -0.00117  -0.0013  0.0011  1.174↓    0.0%  -0.100  1.22e-04  41.4%/13.9%/23.2%/21.5%
    42,496    83    -0.00116  -0.0001  0.0011  1.215↓    0.0%  -1.214  1.19e-04  35.2%/18.2%/23.6%/23.0%
    43,008    84    -0.00104  -0.0023  0.0008  1.216↓    0.0%  +0.291  1.15e-04  35.7%/20.1%/22.7%/21.5%
    43,520    85    -0.00108  -0.0009  0.0010  1.209↓    0.1%  +0.449  1.12e-04  35.4%/21.1%/21.5%/22.1%
    44,032    86    -0.00105  -0.0004  0.0010  1.200↓    0.0%  -0.049  1.09e-04  39.5%/18.6%/19.3%/22.7%
    44,544    87    -0.00112  -0.0007  0.0016  1.201↓    0.0%  +0.099  1.06e-04  32.8%/18.4%/25.4%/23.4%
  ✓ Kontrolpunkts: checkpoints_Realistic Mode, OP - 0.000898 (Main)_SOL\ckpt_step0044544.pth  [59% apmācības]
    45,056    88    -0.00121  +0.0009  0.0012  1.204↓    0.0%  +0.403  1.03e-04  34.4%/19.1%/22.7%/23.8%
    45,568    89    -0.00125  -0.0029  0.0011  1.159↓    0.0%  +0.466  1.00e-04  38.3%/17.2%/21.3%/23.2%
    46,080    90    -0.00125  -0.0022  0.0009  1.157↓    0.0%  -2.047  9.70e-05  40.2%/15.2%/21.5%/23.0%
    46,592    91    -0.00127  +0.0005  0.0008  1.165↓    0.0%  -0.466  9.40e-05  38.7%/17.0%/21.9%/22.5%
    47,104    92    -0.00133  -0.0004  0.0011  1.157↓    0.0%  +0.188  9.11e-05  36.7%/18.9%/21.9%/22.5%
    47,616    93    -0.00132  -0.0004  0.0007  1.143↓    0.0%  -0.220  8.81e-05  37.5%/13.9%/25.4%/23.2%
    48,128    94    -0.00136  -0.0011  0.0012  1.180↓    0.0%  -0.068  8.52e-05  33.6%/18.8%/24.2%/23.4%
    48,640    95    -0.00137  -0.0005  0.0011  1.184↓    0.0%  +0.104  8.23e-05  37.9%/17.0%/24.0%/21.1%
    49,152    96    -0.00134  +0.0009  0.0009  1.156↓    0.0%  +0.367  7.95e-05  36.9%/18.4%/20.1%/24.6%
    49,664    97    -0.00127  +0.0007  0.0007  1.166↓    0.1%  +0.246  7.67e-05  41.2%/15.4%/21.9%/21.5%
    50,176    98    -0.00119  -0.0008  0.0010  1.166↓    0.0%  +0.340  7.39e-05  36.9%/18.2%/20.7%/24.2%
    50,688    99    -0.00119  +0.0002  0.0009  1.173↓    0.0%  +0.103  7.12e-05  35.9%/16.2%/24.6%/23.2%
    51,200   100    -0.00132  -0.0005  0.0035  1.145↓    0.0%  +0.000  6.84e-05  39.6%/16.0%/22.7%/21.7%
    51,712   101    -0.00139  -0.0005  0.0008  1.142↓    0.0%  +0.187  6.58e-05  38.7%/14.6%/22.5%/24.2%
    52,224   102    -0.00134  +0.0011  0.0011  1.137↓    0.0%  +0.676  6.31e-05  35.7%/17.2%/22.7%/24.4%
    52,736   103    -0.00137  -0.0013  0.0011  1.161↓    0.0%  +0.339  6.06e-05  36.1%/19.5%/20.7%/23.6%
    53,248   104    -0.00137  +0.0010  0.0011  1.125↓    0.0%  +0.480  5.80e-05  43.0%/14.3%/20.3%/22.5%
    53,760   105    -0.00137  +0.0005  0.0012  1.125↓    0.0%  +0.055  5.55e-05  38.5%/15.8%/22.3%/23.4%
    54,272   106    -0.00140  -0.0018  0.0009  1.138↓    0.0%  +0.494  5.30e-05  44.7%/14.8%/19.5%/20.9%
    54,784   107    -0.00144  +0.0001  0.0008  1.132↓    0.0%  +0.175  5.06e-05  39.5%/13.7%/21.7%/25.2%
    55,296   108    -0.00145  +0.0027  0.0007  1.138↓    0.0%  -0.150  4.83e-05  38.9%/13.3%/24.4%/23.4%
    55,808   109    -0.00147  -0.0014  0.0008  1.120↓    0.0%  -0.695  4.59e-05  43.2%/13.3%/21.3%/22.3%
    56,320   110    -0.00138  -0.0008  0.0009  1.145↓    0.0%  -0.436  4.37e-05  38.3%/15.8%/20.3%/25.6%
    56,832   111    -0.00132  -0.0016  0.0006  1.104↓    0.0%  -1.351  4.14e-05  47.7%/11.7%/19.3%/21.3%
    57,344   112    -0.00138  -0.0005  0.0011  1.131↓    0.0%  -0.296  3.93e-05  40.0%/13.3%/23.8%/22.9%
    57,856   113    -0.00134  -0.0005  0.0007  1.130↓    0.0%  -1.680  3.71e-05  45.1%/14.8%/18.4%/21.7%
    58,368   114    -0.00134  +0.0002  0.0008  1.159↓    0.0%  -0.589  3.51e-05  36.1%/18.8%/20.9%/24.2%
    58,880   115    -0.00128  +0.0016  0.0007  1.147↓    0.0%  -0.466  3.30e-05  42.6%/17.0%/20.3%/20.1%
    59,392   116    -0.00129  -0.0004  0.0008  1.135↓    0.0%  -1.362  3.11e-05  38.3%/17.6%/20.7%/23.4%
  ✓ Kontrolpunkts: checkpoints_Realistic Mode, OP - 0.000898 (Main)_SOL\ckpt_step0059392.pth  [79% apmācības]
    59,904   117    -0.00125  +0.0003  0.0010  1.113↓    0.0%  +0.249  2.92e-05  41.6%/13.5%/22.5%/22.5%
    60,416   118    -0.00129  -0.0003  0.0008  1.111↓    0.0%  +0.474  2.73e-05  38.5%/16.6%/20.9%/24.0%
    60,928   119    -0.00127  -0.0005  0.0008  1.123↓    0.0%  +0.387  2.55e-05  40.6%/17.8%/19.5%/22.1%
    61,440   120    -0.00128  -0.0005  0.0009  1.107↓    0.0%  +0.032  2.38e-05  40.0%/12.5%/24.0%/23.4%
    61,952   121    -0.00131  +0.0001  0.0007  1.105↓    0.0%  -0.651  2.21e-05  40.4%/14.8%/20.5%/24.2%
    62,464   122    -0.00124  -0.0008  0.0008  1.144↓    0.0%  -1.142  2.05e-05  37.7%/17.8%/23.4%/21.1%
    62,976   123    -0.00126  +0.0002  0.0007  1.141↓    0.0%  -0.562  1.89e-05  38.5%/15.0%/22.1%/24.4%
    63,488   124    -0.00127  +0.0006  0.0010  1.141↓    0.0%  -0.526  1.74e-05  42.0%/15.2%/20.3%/22.5%
    64,000   125    -0.00124  +0.0002  0.0008  1.144↓    0.0%  -2.600  1.60e-05  37.5%/17.4%/20.9%/24.2%
    64,512   126    -0.00121  +0.0008  0.0009  1.160↓    0.1%  -1.257  1.46e-05  37.1%/19.3%/19.7%/23.8%
    65,024   127    -0.00120  +0.0012  0.0007  1.127↓    0.0%  -2.044  1.33e-05  40.6%/14.3%/22.3%/22.9%
    65,536   128    -0.00113  -0.0022  0.0007  1.169↓    0.0%  -0.388  1.21e-05  38.7%/16.8%/21.9%/22.7%
    66,048   129    -0.00111  +0.0009  0.0010  1.180↓    0.1%  -0.783  1.09e-05  40.0%/15.8%/22.5%/21.7%
    66,560   130    -0.00105  +0.0010  0.0007  1.137↓    0.0%  -0.656  9.77e-06  42.4%/15.8%/19.1%/22.7%
    67,072   131    -0.00101  -0.0004  0.0011  1.181↓    0.0%  -1.550  8.72e-06  43.4%/13.5%/23.6%/19.5%
    67,584   132    -0.00106  -0.0000  0.0009  1.147↓    0.0%  +0.175  7.73e-06  35.5%/18.0%/22.7%/23.8%
    68,096   133    -0.00100  +0.0023  0.0008  1.137↓    0.0%  -3.774  6.81e-06  39.5%/13.1%/24.0%/23.4%
    68,608   134    -0.00098  -0.0007  0.0008  1.132↓    0.0%  -2.267  5.96e-06  41.4%/16.4%/19.3%/22.9%
    69,120   135    -0.00098  +0.0008  0.0007  1.145↓    0.1%  -3.268  5.17e-06  40.6%/16.4%/20.3%/22.7%
    69,632   136    -0.00095  +0.0008  0.0007  1.147↓    0.0%  -0.811  4.45e-06  40.2%/17.4%/20.3%/22.1%
    70,144   137    -0.00103  -0.0002  0.0010  1.136↓    0.0%  +0.249  3.79e-06  42.0%/13.9%/21.5%/22.7%
    70,656   138    -0.00106  +0.0003  0.0013  1.136↓    0.1%  +0.536  3.21e-06  41.0%/15.6%/21.1%/22.3%
    71,168   139    -0.00109  +0.0004  0.0009  1.127↓    0.0%  +0.575  2.69e-06  39.6%/19.7%/17.2%/23.4%
    71,680   140    -0.00113  -0.0009  0.0009  1.180↓    0.0%  +0.408  2.24e-06  39.3%/16.6%/23.6%/20.5%
    72,192   141    -0.00115  -0.0042  0.0008  1.165↓    0.0%  -0.134  1.86e-06  36.5%/19.9%/19.7%/23.8%
    72,704   142    -0.00114  +0.0010  0.0011  1.171↓    0.0%  +0.401  1.55e-06  38.9%/16.6%/23.2%/21.3%
    73,216   143    -0.00126  -0.0017  0.0010  1.144↓    0.0%  +0.201  1.31e-06  39.3%/16.8%/19.5%/24.4%
    73,728   144    -0.00130  -0.0010  0.0009  1.151↓    0.0%  -0.179  1.14e-06  37.9%/15.4%/24.6%/22.1%
    74,240   145    -0.00138  -0.0006  0.0010  1.156↓    0.0%  -0.542  1.03e-06  41.4%/14.1%/23.4%/21.1%
  ✓ Kontrolpunkts: checkpoints_Realistic Mode, OP - 0.000898 (Main)_SOL\ckpt_step0074240.pth  [99% apmācības]
    74,752   146    -0.00144  -0.0002  0.0008  1.142↓    0.0%  -0.385  1.00e-06  41.4%/18.4%/18.8%/21.5%
    75,264   147    -0.00145  -0.0000  0.0013  1.127↓    0.0%  +0.027  1.03e-06  45.7%/13.3%/20.7%/20.3%
  ✓ Kontrolpunkts: checkpoints_Realistic Mode, OP - 0.000898 (Main)_SOL\ckpt_step0075264.pth  [100% apmācības]

────────────────────────────────────────────────────────────────────────────────
  Vidējais ātrums: 506 soļi/sek
  Vidējā atlīdzība (pēdējie 10 atjauninājumi): -0.00145
  Galīgā entropija: 1.127  (sākums: 1.299)
────────────────────────────────────────────────────────────────────────────────

✓ Galīgais modelis saglabāts: ppo_trader_Realistic Mode, OP - 0.000898 (Main)_SOL.pth

============================================================
11. SOLIS: Bektests (4 varianti)
============================================================

────────────────────────────────────────────────────────────  1. Komisija + slipāža          
  Bilance: $529.49 | Ienesīgums: -47.05% | MaxDD: 47.05% | Sharpe: -10.014 | Calmar: -1.000 | PF: 0.061 | Darījumi: 168 | Win%: 11.9%

────────────────────────────────────────────────────────────  2. Tikai komisija              
  Bilance: $891.68 | Ienesīgums: -10.83% | MaxDD: 11.19% | Sharpe: -1.421 | Calmar: -0.968 | PF: 0.716 | Darījumi: 168 | Win%: 43.5%

────────────────────────────────────────────────────────────  3. Tikai slipāža              
  Bilance: $605.76 | Ienesīgums: -39.42% | MaxDD: 39.42% | Sharpe: -8.452 | Calmar: -1.000 | PF: 0.092 | Darījumi: 168 | Win%: 15.5%

────────────────────────────────────────────────────────────  4. Bez izmaksām               
  Bilance: $1,019.97 | Ienesīgums: +2.00% | MaxDD: 4.24% | Sharpe: 0.625 | Calmar: 0.471 | PF: 1.146 | Darījumi: 168 | Win%: 51.8%


======================================================================
12. SOLIS: Rezultāti
======================================================================

  Metrika                     1. Komisija + slipāža            2. Tikai komisija                3. Tikai slipāža                4. Bez izmaksām               
  ──────────────────────────────────────────────────────────────────────────────────────────────────────────────────────────────────────────────────────────────
  Galīgā bilance                                     $529.49                         $891.68                         $605.76                       $1,019.97
  Ienesīgums                                         -47.05%                         -10.83%                         -39.42%                          +2.00%
  Maks. kritums                                       47.05%                          11.19%                          39.42%                           4.24%
  Sharpe (pēc darījumiem)                            -10.014                          -1.421                          -8.452                           0.625
  Calmar koeficients                                  -1.000                          -0.968                          -1.000                           0.471
  Peļņas faktors                                       0.061                           0.716                           0.092                           1.146
  Vid. PnL / solis ($)                             -0.004010                       -0.000572                       -0.003593                        0.000248
  Darījumi                                               168                             168                             168                             168
  Uzvaru īpatsvars                                     11.9%                           43.5%                           15.5%                           51.8%
  Vid. darījuma P&L                                  -0.256%                         -0.028%                         -0.216%                         +0.012%
  Vid. ilgums (h)                                        0.3                             0.3                             0.3                             0.3
  Vid. slip (ieeja+izeja)                            0.1548%                               —                         0.1549%                               —
  Vid. komisija                                      0.0800%                         0.0800%                               —                               —

  Zudumi no komisijām        : +12.83%
  Zudumi no slipāžas        : +41.42%
  Kopējie zudumi             : +49.05%

  Signāli (variants 1):
    HOLD  :   80,043  (99.4%)
    LONG  :      185  (0.2%)
    SHORT :      125  (0.2%)
    CLOSE :      166  (0.2%)

  Darījumi: LONG=157  SHORT=11

  ──────────────────────────────────────────────────────────
  TOP 5 IENESĪGĀKIE
  1. SHORT | 2025-08-18 02:45 → 2025-08-18 03:40 | 0h 55m | P&L: +6.63$ (+0.937%) | slip: 0.140%/0.186%
  2. SHORT | 2025-11-27 23:45 → 2025-11-28 04:20 | 4h 35m | P&L: +2.52$ (+0.460%) | slip: 0.070%/0.059%
  3. SHORT | 2025-06-30 08:30 → 2025-06-30 08:45 | 0h 15m | P&L: +1.59$ (+0.205%) | slip: 0.041%/0.034%
  4. SHORT | 2025-05-04 01:10 → 2025-05-04 05:35 | 4h 25m | P&L: +1.50$ (+0.159%) | slip: 0.033%/0.051%
  5. LONG  | 2025-06-21 20:20 → 2025-06-21 20:25 | 0h 5m | P&L: +1.27$ (+0.163%) | slip: 0.066%/0.070%

  ──────────────────────────────────────────────────────────
  TOP 5 ZAUDĪGĀKIE
  1. LONG  | 2025-06-20 17:20 → 2025-06-20 17:25 | 0h 5m | P&L: -27.50$ (-3.414%) | slip: 0.260%/0.502%
  2. LONG  | 2025-10-10 21:50 → 2025-10-10 21:55 | 0h 5m | P&L: -15.17$ (-2.659%) | slip: 1.449%/1.017%
  3. LONG  | 2025-08-22 14:10 → 2025-08-22 14:15 | 0h 5m | P&L: -9.19$ (-1.340%) | slip: 0.887%/0.913%
  4. LONG  | 2025-04-06 14:15 → 2025-04-06 14:20 | 0h 5m | P&L: -8.82$ (-0.915%) | slip: 0.221%/0.134%
  5. LONG  | 2025-08-22 13:50 → 2025-08-22 13:55 | 0h 5m | P&L: -6.85$ (-0.980%) | slip: 0.204%/0.259%

  ✓ Darījumu žurnāls: backtest_Realistic Mode, OP - 0.000898 (Main)_SOL_trades.csv

──────────────────────────────────────────────────────────────────────
  ✓ Rezultāts pievienots: experiments.csv

======================================================================
GATAVS - versija Realistic Mode, OP - 0.000898 (Main)  |  simbols: SOL  |  eksperiments: OP - 0.000898 (Main)
======================================================================
