Žurnāls: ppo_trader_Realistic Mode, OP - 0.0001 (Overtrade)_DOGE.log

Ierīce: cpu  |  AMP: False
Eksperiments: OP - 0.0001 (Overtrade)

============================================================
1. SOLIS: Datu ielāde
============================================================
Visa datu kopa : 719,235 sveces  |  2019-07-09 17:00:00 → 2026-05-13 04:55:00
Izmantojam     : 308,244 sveces  |  2023-06-07 22:00:00 → 2026-05-13 04:55:00
Apmācība (~2g) : 0..205,496  (2023-06-07 22:00:00 → 2025-05-21 10:35:00)
Tests  (~1g)   : 205,496..308,244  (2025-05-21 10:40:00 → 2026-05-13 04:55:00)
Pazīmes (tirgus): 32
N_STATE_FEATURES=34

Slipāžas rindu priekšaprēķins...

============================================================
7. SOLIS: Modelis
============================================================
Parametri: 62,853  |  INPUT_DIM=34
Arhitektūra: D_MODEL=64, N_HEADS=2, N_LAYERS=1, SEQ_LEN=32

============================================================
10. SOLIS: Apmācība (PPO)
============================================================
Kopējie soļi: 75,000  |  N_ENVS: 4  |  ROLLOUT_STEPS: 128
Bufera izmērs vienam atjauninājumam: 512 pārejas
PPO epohi: 2  |  Mini-pakete: 128
Labvēlības periods: 12 sveces  |  Atvēršanas sods: 0.0001  |  Min darījums: 72 sveces  |  Īsa darījuma sods: 0.0001
Kontrolpunkti: checkpoints_Realistic Mode, OP - 0.0001 (Overtrade)_DOGE/  (ik pēc 29 atjauninājumiem)

────────────────────────────────────────────────────────────────────────────────
     Solis   Upd  Rew(avg10)       pi       v    ent   clip%      ev        lr  Darbības(H/L/S/C)
────────────────────────────────────────────────────────────────────────────────
       512     1    -0.00141  -0.0004  0.0436  1.300?    0.0%  -0.865  3.00e-04  25.0%/28.5%/26.8%/19.7%
     1,024     2    -0.00138  -0.0003  0.0211  1.305?    0.0%  -0.395  3.00e-04  30.7%/24.8%/26.6%/18.0%
     1,536     3    -0.00131  -0.0005  0.0149  1.291?    0.0%  -0.137  3.00e-04  30.5%/25.0%/25.4%/19.1%
     2,048     4    -0.00132  -0.0007  0.0139  1.304?    0.0%  +0.540  2.99e-04  30.1%/29.3%/22.9%/17.8%
     2,560     5    -0.00136  -0.0008  0.0131  1.294?    0.0%  +0.205  2.99e-04  31.1%/24.8%/26.2%/18.0%
     3,072     6    -0.00137  -0.0005  0.0103  1.309→    0.0%  +0.171  2.99e-04  23.8%/26.0%/31.2%/18.9%
     3,584     7    -0.00136  -0.0000  0.0089  1.299→    0.0%  +0.385  2.98e-04  28.5%/26.2%/26.2%/19.1%
     4,096     8    -0.00137  +0.0000  0.0090  1.310→    0.0%  -0.049  2.98e-04  29.7%/22.7%/29.7%/18.0%
     4,608     9    -0.00138  -0.0007  0.0061  1.306↑    0.0%  +0.377  2.97e-04  29.1%/27.1%/24.8%/18.9%
     5,120    10    -0.00146  -0.0004  0.0065  1.304→    0.0%  +0.455  2.97e-04  29.5%/27.1%/26.4%/17.0%
     5,632    11    -0.00154  -0.0005  0.0058  1.312→    0.0%  +0.532  2.96e-04  26.0%/28.3%/26.8%/18.9%
     6,144    12    -0.00156  -0.0011  0.0057  1.311↑    0.0%  -0.104  2.95e-04  31.6%/29.1%/24.2%/15.0%
     6,656    13    -0.00159  -0.0001  0.0062  1.314↑    0.0%  -0.340  2.94e-04  24.8%/27.3%/29.1%/18.8%
     7,168    14    -0.00163  -0.0005  0.0043  1.308↑    0.0%  -0.446  2.93e-04  28.3%/25.0%/28.7%/18.0%
     7,680    15    -0.00187  -0.0006  0.0086  1.302↑    0.0%  -0.134  2.92e-04  27.5%/25.8%/28.5%/18.2%
     8,192    16    -0.00193  -0.0007  0.0046  1.295↑    0.0%  +0.420  2.91e-04  30.1%/26.0%/24.8%/19.1%
     8,704    17    -0.00202  -0.0002  0.0048  1.300→    0.0%  -0.406  2.90e-04  29.3%/26.8%/24.8%/19.1%
     9,216    18    -0.00205  -0.0005  0.0033  1.301→    0.0%  -0.846  2.89e-04  28.5%/29.3%/23.2%/18.9%
     9,728    19    -0.00206  -0.0005  0.0032  1.312→    0.0%  -0.812  2.88e-04  26.6%/26.6%/29.9%/17.0%
    10,240    20    -0.00198  -0.0002  0.0023  1.304→    0.0%  -0.941  2.86e-04  26.4%/27.0%/28.9%/17.8%
    10,752    21    -0.00192  -0.0008  0.0025  1.309↑    0.0%  -2.145  2.85e-04  27.3%/26.2%/29.1%/17.4%
    11,264    22    -0.00193  -0.0006  0.0022  1.299↑    0.0%  -0.973  2.84e-04  24.0%/29.9%/25.2%/20.9%
    11,776    23    -0.00193  -0.0004  0.0024  1.298↑    0.0%  -2.271  2.82e-04  29.1%/25.4%/26.8%/18.8%
    12,288    24    -0.00197  -0.0005  0.0023  1.314↑    0.0%  -0.807  2.81e-04  27.7%/29.3%/24.8%/18.2%
    12,800    25    -0.00183  -0.0005  0.0031  1.298→    0.0%  -0.232  2.79e-04  27.3%/27.7%/24.6%/20.3%
    13,312    26    -0.00186  -0.0004  0.0026  1.318↑    0.0%  +0.277  2.77e-04  23.4%/28.7%/30.9%/17.0%
    13,824    27    -0.00191  -0.0004  0.0033  1.309↑    0.0%  -0.710  2.75e-04  26.2%/28.5%/28.1%/17.2%
    14,336    28    -0.00192  +0.0002  0.0026  1.307↑    0.0%  -1.639  2.74e-04  30.7%/23.8%/28.1%/17.4%
    14,848    29    -0.00210  -0.0009  0.0050  1.300↑    0.0%  +0.041  2.72e-04  25.6%/27.9%/26.4%/20.1%
  ✓ Kontrolpunkts: checkpoints_Realistic Mode, OP - 0.0001 (Overtrade)_DOGE\ckpt_step0014848.pth  [20% apmācības]
    15,360    30    -0.00220  -0.0005  0.0027  1.304↑    0.0%  -0.535  2.70e-04  25.6%/24.0%/31.1%/19.3%
    15,872    31    -0.00237  -0.0010  0.0032  1.291↑    0.0%  +0.142  2.68e-04  29.5%/22.7%/29.3%/18.6%
    16,384    32    -0.00250  -0.0004  0.0028  1.288→    0.0%  +0.453  2.66e-04  28.7%/23.0%/26.4%/21.9%
    16,896    33    -0.00262  -0.0004  0.0029  1.292→    0.0%  +0.681  2.64e-04  30.7%/26.8%/24.6%/18.0%
    17,408    34    -0.00268  +0.0007  0.0031  1.305→    0.0%  +0.677  2.62e-04  26.0%/30.3%/25.8%/18.0%
    17,920    35    -0.00307  -0.0010  0.0286  1.306→    0.0%  +0.435  2.60e-04  28.3%/26.6%/27.9%/17.2%
    18,432    36    -0.00326  -0.0004  0.0103  1.294→    0.0%  +0.820  2.57e-04  27.7%/25.8%/27.1%/19.3%
    18,944    37    -0.00334  -0.0011  0.0059  1.298→    0.0%  +0.894  2.55e-04  27.9%/27.1%/26.6%/18.4%
    19,456    38    -0.00338  -0.0002  0.0036  1.291→    0.0%  +0.805  2.53e-04  27.9%/29.9%/21.9%/20.3%
    19,968    39    -0.00329  -0.0008  0.0059  1.302→    0.0%  +0.582  2.50e-04  31.1%/26.6%/27.1%/15.2%
    20,480    40    -0.00352  +0.0000  0.0067  1.289↓    0.0%  +0.819  2.48e-04  26.6%/28.9%/24.8%/19.7%
    20,992    41    -0.00340  +0.0007  0.0040  1.301↓    0.0%  +0.776  2.45e-04  26.4%/26.4%/28.7%/18.6%
    21,504    42    -0.00327  -0.0006  0.0043  1.303→    0.0%  +0.781  2.43e-04  31.4%/27.7%/23.8%/17.0%
    22,016    43    -0.00324  -0.0004  0.0038  1.285↓    0.0%  +0.274  2.40e-04  30.9%/25.0%/25.8%/18.4%
    22,528    44    -0.00317  -0.0002  0.0031  1.302↓    0.0%  +0.706  2.38e-04  30.9%/29.1%/22.7%/17.4%
    23,040    45    -0.00271  -0.0009  0.0032  1.287↓    0.0%  +0.364  2.35e-04  27.1%/27.7%/25.0%/20.1%
    23,552    46    -0.00256  -0.0012  0.0024  1.306↓    0.0%  +0.826  2.33e-04  26.2%/24.8%/32.4%/16.6%
    24,064    47    -0.00240  -0.0011  0.0019  1.288↓    0.0%  +0.633  2.30e-04  28.5%/28.3%/23.4%/19.7%
    24,576    48    -0.00243  -0.0005  0.0037  1.298↓    0.0%  +0.711  2.27e-04  27.5%/29.1%/25.4%/18.0%
    25,088    49    -0.00254  -0.0013  0.0052  1.281↓    0.0%  +0.540  2.24e-04  32.0%/24.6%/25.2%/18.2%
    25,600    50    -0.00224  -0.0007  0.0023  1.297↓    0.0%  +0.885  2.22e-04  25.8%/25.2%/29.3%/19.7%
    26,112    51    -0.00222  -0.0008  0.0028  1.288↓    0.0%  +0.709  2.19e-04  32.4%/25.6%/25.6%/16.4%
    26,624    52    -0.00218  -0.0014  0.0024  1.304↓    0.0%  +0.754  2.16e-04  28.1%/30.7%/24.8%/16.4%
    27,136    53    -0.00208  -0.0009  0.0028  1.292↓    0.0%  -0.127  2.13e-04  30.3%/24.4%/28.3%/17.0%
    27,648    54    -0.00215  -0.0005  0.0041  1.286↓    0.0%  +0.502  2.10e-04  25.6%/27.7%/27.3%/19.3%
    28,160    55    -0.00221  -0.0026  0.0032  1.292↓    0.0%  +0.473  2.07e-04  26.4%/26.6%/28.1%/18.9%
    28,672    56    -0.00217  -0.0004  0.0030  1.290↓    0.0%  +0.535  2.04e-04  25.8%/26.2%/27.7%/20.3%
    29,184    57    -0.00216  -0.0010  0.0023  1.295↓    0.0%  +0.447  2.01e-04  27.3%/29.5%/25.6%/17.6%
    29,696    58    -0.00216  -0.0005  0.0022  1.275↓    0.0%  +0.405  1.98e-04  27.3%/23.2%/28.1%/21.3%
  ✓ Kontrolpunkts: checkpoints_Realistic Mode, OP - 0.0001 (Overtrade)_DOGE\ckpt_step0029696.pth  [40% apmācības]
    30,208    59    -0.00198  -0.0004  0.0016  1.301↓    0.0%  -0.037  1.95e-04  23.6%/31.4%/26.2%/18.8%
    30,720    60    -0.00193  -0.0003  0.0013  1.283↓    0.0%  -0.911  1.92e-04  27.9%/24.4%/28.9%/18.8%
    31,232    61    -0.00186  -0.0009  0.0016  1.301↓    0.0%  -0.196  1.89e-04  28.7%/24.0%/28.7%/18.6%
    31,744    62    -0.00183  -0.0004  0.0013  1.281↓    0.0%  -0.830  1.86e-04  32.6%/21.7%/28.7%/17.0%
    32,256    63    -0.00188  -0.0003  0.0020  1.301↓    0.0%  +0.371  1.82e-04  28.5%/25.2%/28.1%/18.2%
    32,768    64    -0.00175  -0.0012  0.0015  1.288↓    0.0%  +0.560  1.79e-04  31.2%/24.8%/26.0%/18.0%
    33,280    65    -0.00170  -0.0008  0.0023  1.289↓    0.0%  -0.091  1.76e-04  31.8%/24.2%/27.0%/17.0%
    33,792    66    -0.00169  -0.0010  0.0033  1.287↓    0.0%  +0.330  1.73e-04  27.5%/25.4%/27.9%/19.1%
    34,304    67    -0.00163  +0.0001  0.0018  1.279↓    0.0%  +0.266  1.70e-04  31.1%/21.9%/26.8%/20.3%
    34,816    68    -0.00156  -0.0005  0.0021  1.302↓    0.0%  +0.450  1.67e-04  27.1%/25.8%/29.5%/17.6%
    35,328    69    -0.00153  -0.0006  0.0014  1.288↓    0.0%  +0.500  1.63e-04  34.0%/19.9%/28.3%/17.8%
    35,840    70    -0.00147  +0.0001  0.0021  1.292↓    0.0%  -0.176  1.60e-04  26.0%/24.2%/30.3%/19.5%
    36,352    71    -0.00143  -0.0002  0.0015  1.305↓    0.0%  +0.262  1.57e-04  31.2%/30.3%/23.2%/15.2%
    36,864    72    -0.00147  -0.0025  0.0015  1.295↓    0.0%  -0.855  1.54e-04  24.8%/27.5%/28.7%/18.9%
    37,376    73    -0.00142  -0.0002  0.0016  1.288↓    0.0%  +0.403  1.50e-04  29.5%/23.6%/29.7%/17.2%
    37,888    74    -0.00138  -0.0002  0.0015  1.287↓    0.0%  -0.395  1.47e-04  31.4%/24.8%/25.4%/18.4%
    38,400    75    -0.00129  -0.0002  0.0014  1.298↓    0.0%  -0.137  1.44e-04  28.3%/23.6%/31.1%/17.0%
    38,912    76    -0.00118  -0.0004  0.0013  1.282↓    0.0%  -2.110  1.41e-04  28.9%/24.4%/27.3%/19.3%
    39,424    77    -0.00122  -0.0016  0.0015  1.300↓    0.0%  -0.249  1.38e-04  25.6%/26.8%/29.7%/18.0%
    39,936    78    -0.00116  +0.0001  0.0018  1.285↓    0.0%  -0.013  1.34e-04  28.3%/24.8%/28.3%/18.6%
    40,448    79    -0.00115  -0.0012  0.0014  1.300↓    0.0%  +0.133  1.31e-04  25.6%/27.5%/28.3%/18.6%
    40,960    80    -0.00121  -0.0002  0.0021  1.292↓    0.0%  -0.164  1.28e-04  29.9%/22.5%/29.3%/18.4%
    41,472    81    -0.00127  -0.0012  0.0014  1.289↓    0.0%  +0.295  1.25e-04  27.9%/26.2%/26.4%/19.5%
    41,984    82    -0.00123  +0.0008  0.0014  1.280↓    0.0%  +0.553  1.22e-04  33.6%/20.3%/28.1%/18.0%
    42,496    83    -0.00118  -0.0001  0.0011  1.281↓    0.0%  +0.577  1.19e-04  30.1%/24.0%/26.4%/19.5%
    43,008    84    -0.00115  -0.0007  0.0013  1.294↓    0.0%  +0.529  1.15e-04  27.0%/28.9%/26.2%/18.0%
    43,520    85    -0.00116  -0.0009  0.0011  1.291↓    0.0%  +0.378  1.12e-04  32.4%/27.1%/22.9%/17.6%
    44,032    86    -0.00119  -0.0008  0.0012  1.281↓    0.0%  +0.623  1.09e-04  30.5%/26.0%/23.2%/20.3%
    44,544    87    -0.00110  -0.0002  0.0010  1.286↓    0.0%  +0.443  1.06e-04  31.2%/23.2%/28.3%/17.2%
  ✓ Kontrolpunkts: checkpoints_Realistic Mode, OP - 0.0001 (Overtrade)_DOGE\ckpt_step0044544.pth  [59% apmācības]
    45,056    88    -0.00105  -0.0003  0.0010  1.292↓    0.0%  +0.568  1.03e-04  28.5%/25.4%/26.4%/19.7%
    45,568    89    -0.00098  -0.0006  0.0012  1.275↓    0.0%  +0.532  1.00e-04  32.4%/23.0%/25.0%/19.5%
    46,080    90    -0.00095  +0.0009  0.0011  1.285↓    0.0%  +0.575  9.70e-05  30.7%/24.8%/24.8%/19.7%
    46,592    91    -0.00089  +0.0005  0.0008  1.282↓    0.0%  +0.601  9.40e-05  34.8%/21.3%/26.4%/17.6%
    47,104    92    -0.00087  -0.0006  0.0007  1.280↓    0.0%  +0.552  9.11e-05  30.7%/23.4%/27.5%/18.4%
    47,616    93    -0.00083  -0.0006  0.0009  1.283↓    0.0%  +0.728  8.81e-05  27.7%/21.3%/32.0%/18.9%
    48,128    94    -0.00075  -0.0004  0.0010  1.282↓    0.0%  +0.703  8.52e-05  30.5%/24.0%/26.2%/19.3%
    48,640    95    -0.00072  -0.0000  0.0009  1.280↓    0.0%  +0.795  8.23e-05  28.3%/24.6%/27.0%/20.1%
    49,152    96    -0.00072  +0.0005  0.0009  1.280↓    0.0%  +0.747  7.95e-05  32.4%/25.6%/23.4%/18.6%
    49,664    97    -0.00074  -0.0006  0.0014  1.291↓    0.0%  +0.766  7.67e-05  29.5%/24.2%/27.1%/19.1%
    50,176    98    -0.00086  -0.0004  0.0021  1.276↓    0.0%  +0.716  7.39e-05  31.1%/25.8%/23.4%/19.7%
    50,688    99    -0.00100  -0.0002  0.0013  1.303↓    0.0%  +0.893  7.12e-05  24.0%/26.2%/31.4%/18.4%
    51,200   100    -0.00109  +0.0003  0.0019  1.298↓    0.0%  +0.853  6.84e-05  26.6%/25.0%/30.1%/18.4%
    51,712   101    -0.00113  -0.0005  0.0014  1.279↓    0.0%  +0.858  6.58e-05  31.2%/21.7%/27.7%/19.3%
    52,224   102    -0.00121  -0.0001  0.0022  1.302↓    0.0%  +0.690  6.31e-05  25.6%/29.5%/27.0%/18.0%
    52,736   103    -0.00141  +0.0006  0.0020  1.301↓    0.0%  +0.787  6.06e-05  28.5%/29.1%/24.8%/17.6%
    53,248   104    -0.00144  +0.0001  0.0017  1.292↓    0.0%  +0.653  5.80e-05  28.7%/25.6%/27.0%/18.8%
    53,760   105    -0.00151  +0.0001  0.0020  1.296↓    0.0%  +0.728  5.55e-05  31.1%/24.2%/28.3%/16.4%
    54,272   106    -0.00150  -0.0002  0.0012  1.312↓    0.0%  +0.856  5.30e-05  28.3%/27.0%/28.1%/16.6%
    54,784   107    -0.00156  -0.0004  0.0013  1.274↓    0.0%  +0.879  5.06e-05  32.2%/23.0%/24.4%/20.3%
    55,296   108    -0.00153  -0.0002  0.0022  1.299↓    0.0%  +0.839  4.83e-05  24.0%/25.4%/31.4%/19.1%
    55,808   109    -0.00155  +0.0006  0.0026  1.288↓    0.0%  +0.871  4.59e-05  31.2%/21.5%/28.9%/18.4%
    56,320   110    -0.00156  -0.0004  0.0019  1.287↓    0.0%  +0.862  4.37e-05  25.6%/24.8%/28.1%/21.5%
    56,832   111    -0.00163  +0.0004  0.0019  1.282↓    0.0%  +0.838  4.14e-05  30.3%/24.8%/24.0%/20.9%
    57,344   112    -0.00167  -0.0001  0.0015  1.287↓    0.0%  +0.908  3.93e-05  27.1%/25.2%/28.3%/19.3%
    57,856   113    -0.00148  +0.0004  0.0011  1.291↓    0.0%  +0.907  3.71e-05  29.3%/26.6%/26.2%/18.0%
    58,368   114    -0.00159  +0.0002  0.0012  1.290↓    0.0%  +0.850  3.51e-05  30.9%/25.0%/26.4%/17.8%
    58,880   115    -0.00154  +0.0002  0.0014  1.299↓    0.0%  +0.624  3.30e-05  28.3%/28.3%/26.6%/16.8%
    59,392   116    -0.00156  +0.0005  0.0014  1.285↓    0.0%  +0.808  3.11e-05  31.2%/24.8%/26.4%/17.6%
  ✓ Kontrolpunkts: checkpoints_Realistic Mode, OP - 0.0001 (Overtrade)_DOGE\ckpt_step0059392.pth  [79% apmācības]
    59,904   117    -0.00150  +0.0001  0.0012  1.299↓    0.0%  +0.875  2.92e-05  29.7%/23.2%/29.3%/17.8%
    60,416   118    -0.00147  +0.0002  0.0011  1.286↓    0.0%  +0.781  2.73e-05  26.0%/25.6%/27.1%/21.3%
    60,928   119    -0.00136  +0.0005  0.0015  1.291↓    0.0%  +0.699  2.55e-05  28.1%/27.3%/25.2%/19.3%
    61,440   120    -0.00127  -0.0003  0.0007  1.296↓    0.0%  +0.658  2.38e-05  23.8%/22.5%/33.8%/19.9%
    61,952   121    -0.00127  -0.0001  0.0018  1.297↓    0.0%  +0.437  2.21e-05  29.3%/25.4%/25.2%/20.1%
    62,464   122    -0.00124  -0.0001  0.0019  1.307↓    0.0%  -0.058  2.05e-05  23.2%/27.1%/32.4%/17.2%
    62,976   123    -0.00128  -0.0004  0.0027  1.283↓    0.0%  +0.274  1.89e-05  29.7%/22.5%/27.0%/20.9%
    63,488   124    -0.00122  +0.0007  0.0012  1.292↓    0.0%  +0.552  1.74e-05  27.9%/26.4%/26.6%/19.1%
    64,000   125    -0.00119  -0.0014  0.0011  1.289↓    0.0%  -0.186  1.60e-05  29.7%/24.8%/26.8%/18.8%
    64,512   126    -0.00117  +0.0014  0.0014  1.294↓    0.0%  +0.315  1.46e-05  27.1%/30.1%/22.5%/20.3%
    65,024   127    -0.00113  -0.0011  0.0009  1.292↓    0.0%  -0.475  1.33e-05  31.6%/23.6%/26.4%/18.4%
    65,536   128    -0.00106  -0.0001  0.0012  1.287↓    0.0%  +0.171  1.21e-05  32.6%/24.4%/23.6%/19.3%
    66,048   129    -0.00102  +0.0001  0.0015  1.290↓    0.0%  +0.667  1.09e-05  30.3%/21.5%/29.3%/18.9%
    66,560   130    -0.00107  +0.0008  0.0012  1.281↓    0.0%  +0.633  9.77e-06  33.2%/24.8%/23.4%/18.6%
    67,072   131    -0.00100  +0.0005  0.0015  1.304↓    0.0%  +0.577  8.72e-06  30.9%/22.5%/30.1%/16.6%
    67,584   132    -0.00095  +0.0001  0.0013  1.295↓    0.0%  +0.479  7.73e-06  29.7%/27.9%/24.8%/17.6%
    68,096   133    -0.00095  -0.0003  0.0016  1.291↓    0.0%  +0.370  6.81e-06  29.7%/21.1%/30.1%/19.1%
    68,608   134    -0.00100  +0.0003  0.0019  1.290↓    0.0%  +0.587  5.96e-06  30.7%/23.4%/26.6%/19.3%
    69,120   135    -0.00104  +0.0004  0.0015  1.292↓    0.0%  +0.638  5.17e-06  26.8%/28.3%/25.6%/19.3%
    69,632   136    -0.00107  -0.0001  0.0013  1.290↓    0.0%  +0.626  4.45e-06  29.7%/25.2%/26.6%/18.6%
    70,144   137    -0.00127  +0.0003  0.0025  1.287↓    0.0%  +0.598  3.79e-06  29.7%/25.2%/26.4%/18.8%
    70,656   138    -0.00134  -0.0005  0.0017  1.299↓    0.0%  +0.041  3.21e-06  26.2%/23.4%/31.1%/19.3%
    71,168   139    -0.00134  -0.0006  0.0032  1.285↓    0.0%  +0.174  2.69e-06  28.1%/27.5%/24.0%/20.3%
    71,680   140    -0.00130  +0.0014  0.0011  1.303↓    0.0%  +0.325  2.24e-06  26.0%/25.4%/30.5%/18.2%
    72,192   141    -0.00160  -0.0000  0.0057  1.304↓    0.0%  +0.520  1.86e-06  24.4%/33.6%/24.0%/18.0%
    72,704   142    -0.00173  -0.0000  0.0021  1.294↓    0.0%  +0.648  1.55e-06  24.4%/28.1%/28.1%/19.3%
    73,216   143    -0.00184  +0.0002  0.0021  1.292↓    0.0%  +0.758  1.31e-06  28.9%/28.1%/24.0%/18.9%
    73,728   144    -0.00196  -0.0018  0.0036  1.295↓    0.0%  +0.611  1.14e-06  25.0%/26.4%/28.9%/19.7%
    74,240   145    -0.00197  +0.0003  0.0013  1.295↓    0.0%  +0.746  1.03e-06  29.9%/22.1%/30.5%/17.6%
  ✓ Kontrolpunkts: checkpoints_Realistic Mode, OP - 0.0001 (Overtrade)_DOGE\ckpt_step0074240.pth  [99% apmācības]
    74,752   146    -0.00198  -0.0006  0.0018  1.297↓    0.0%  +0.734  1.00e-06  26.8%/31.8%/22.5%/18.9%
    75,264   147    -0.00197  +0.0001  0.0020  1.300↓    0.0%  +0.641  1.03e-06  27.7%/24.2%/29.9%/18.2%
  ✓ Kontrolpunkts: checkpoints_Realistic Mode, OP - 0.0001 (Overtrade)_DOGE\ckpt_step0075264.pth  [100% apmācības]

────────────────────────────────────────────────────────────────────────────────
  Vidējais ātrums: 568 soļi/sek
  Vidējā atlīdzība (pēdējie 10 atjauninājumi): -0.00197
  Galīgā entropija: 1.300  (sākums: 1.300)
────────────────────────────────────────────────────────────────────────────────

✓ Galīgais modelis saglabāts: ppo_trader_Realistic Mode, OP - 0.0001 (Overtrade)_DOGE.pth

============================================================
11. SOLIS: Bektests (4 varianti)
============================================================

────────────────────────────────────────────────────────────  1. Komisija + slipāža          
  Bilance: $0.01 | Ienesīgums: -100.00% | MaxDD: 100.00% | Sharpe: -30.409 | Calmar: -1.000 | PF: 0.219 | Darījumi: 4875 | Win%: 15.8%

────────────────────────────────────────────────────────────  2. Tikai komisija              
  Bilance: $14.61 | Ienesīgums: -98.54% | MaxDD: 98.62% | Sharpe: -3.184 | Calmar: -0.999 | PF: 0.845 | Darījumi: 4874 | Win%: 41.2%

────────────────────────────────────────────────────────────  3. Tikai slipāža              
  Bilance: $0.01 | Ienesīgums: -100.00% | MaxDD: 100.00% | Sharpe: -27.932 | Calmar: -1.000 | PF: 0.248 | Darījumi: 4875 | Win%: 18.0%

────────────────────────────────────────────────────────────  4. Bez izmaksām               
  Bilance: $721.86 | Ienesīgums: -27.81% | MaxDD: 53.32% | Sharpe: -0.174 | Calmar: -0.522 | PF: 0.976 | Darījumi: 4874 | Win%: 46.2%


======================================================================
12. SOLIS: Rezultāti
======================================================================

  Metrika                     1. Komisija + slipāža            2. Tikai komisija                3. Tikai slipāža                4. Bez izmaksām               
  ──────────────────────────────────────────────────────────────────────────────────────────────────────────────────────────────────────────────────────────────
  Galīgā bilance                                       $0.01                          $14.61                           $0.01                         $721.86
  Ienesīgums                                        -100.00%                         -98.54%                        -100.00%                         -27.81%
  Maks. kritums                                      100.00%                          98.62%                         100.00%                          53.32%
  Sharpe (pēc darījumiem)                            -30.409                          -3.184                         -27.932                          -0.174
  Calmar koeficients                                  -1.000                          -0.999                          -1.000                          -0.522
  Peļņas faktors                                       0.219                           0.845                           0.248                           0.976
  Vid. PnL / solis ($)                             -0.006918                       -0.005005                       -0.007218                       -0.002707
  Darījumi                                              4875                            4874                            4875                            4874
  Uzvaru īpatsvars                                     15.8%                           41.2%                           18.0%                           46.2%
  Vid. darījuma P&L                                  -0.491%                         -0.042%                         -0.451%                         -0.002%
  Vid. ilgums (h)                                        1.3                             1.3                             1.3                             1.3
  Vid. slip (ieeja+izeja)                            0.3002%                               —                         0.3002%                               —
  Vid. komisija                                      0.0800%                         0.0800%                               —                               —

  Zudumi no komisijām        : +70.73%
  Zudumi no slipāžas        : +72.19%
  Kopējie zudumi             : +72.19%

  Signāli (variants 1):
    HOLD  :   56,786  (55.3%)
    LONG  :   16,010  (15.6%)
    SHORT :   25,632  (24.9%)
    CLOSE :    4,318  (4.2%)

  Darījumi: LONG=2756  SHORT=2119

  ──────────────────────────────────────────────────────────
  TOP 5 IENESĪGĀKIE
  1. SHORT | 2025-05-23 08:25 → 2025-05-23 12:00 | 3h 35m | P&L: +16.76$ (+2.339%) | slip: 0.054%/0.633%
  2. SHORT | 2025-05-30 00:10 → 2025-05-30 01:10 | 1h 0m | P&L: +15.97$ (+3.233%) | slip: 0.141%/0.316%
  3. SHORT | 2025-05-28 00:10 → 2025-05-28 19:10 | 19h 0m | P&L: +14.02$ (+2.665%) | slip: 0.048%/0.055%
  4. LONG  | 2025-05-21 22:50 → 2025-05-22 00:05 | 1h 15m | P&L: +12.12$ (+1.319%) | slip: 0.229%/0.251%
  5. SHORT | 2025-05-27 00:10 → 2025-05-27 01:30 | 1h 20m | P&L: +10.16$ (+1.792%) | slip: 0.074%/0.078%

  ──────────────────────────────────────────────────────────
  TOP 5 ZAUDĪGĀKIE
  1. SHORT | 2025-05-27 01:35 → 2025-05-27 17:50 | 16h 15m | P&L: -24.20$ (-4.198%) | slip: 0.064%/0.200%
  2. SHORT | 2025-05-22 06:55 → 2025-05-22 08:25 | 1h 30m | P&L: -23.38$ (-2.650%) | slip: 0.063%/0.244%
  3. SHORT | 2025-05-22 00:15 → 2025-05-22 01:10 | 0h 55m | P&L: -19.04$ (-2.072%) | slip: 0.252%/0.299%
  4. LONG  | 2025-05-21 15:05 → 2025-05-21 16:10 | 1h 5m | P&L: -15.67$ (-1.571%) | slip: 0.249%/0.194%
  5. SHORT | 2025-05-22 22:55 → 2025-05-22 23:40 | 0h 45m | P&L: -14.66$ (-1.844%) | slip: 0.098%/0.197%

  ✓ Darījumu žurnāls: backtest_Realistic Mode, OP - 0.0001 (Overtrade)_DOGE_trades.csv

──────────────────────────────────────────────────────────────────────
  ✓ Rezultāts pievienots: experiments.csv

======================================================================
GATAVS - versija Realistic Mode, OP - 0.0001 (Overtrade)  |  simbols: DOGE  |  eksperiments: OP - 0.0001 (Overtrade)
======================================================================
