Žurnāls: ppo_trader_Realistic Mode, OP - 0.0008 (Active)_ETH.log

Ierīce: cpu  |  AMP: False
Eksperiments: OP - 0.0008 (Active)

============================================================
1. SOLIS: Datu ielāde
============================================================
Visa datu kopa : 772,429 sveces  |  2019-01-05 05:00:00 → 2026-05-13 02:40:00
Izmantojam     : 331,041 sveces  |  2023-03-20 14:35:00 → 2026-05-13 02:40:00
Apmācība (~2g) : 0..220,694  (2023-03-20 14:35:00 → 2025-04-24 23:05:00)
Tests  (~1g)   : 220,694..331,041  (2025-04-24 23:10:00 → 2026-05-13 02:40:00)
Pazīmes (tirgus): 32
N_STATE_FEATURES=34

Slipāžas rindu priekšaprēķins...

============================================================
7. SOLIS: Modelis
============================================================
Parametri: 62,853  |  INPUT_DIM=34
Arhitektūra: D_MODEL=64, N_HEADS=2, N_LAYERS=1, SEQ_LEN=32

============================================================
10. SOLIS: Apmācība (PPO)
============================================================
Kopējie soļi: 75,000  |  N_ENVS: 4  |  ROLLOUT_STEPS: 128
Bufera izmērs vienam atjauninājumam: 512 pārejas
PPO epohi: 2  |  Mini-pakete: 128
Labvēlības periods: 12 sveces  |  Atvēršanas sods: 0.0008  |  Min darījums: 72 sveces  |  Īsa darījuma sods: 0.0008
Kontrolpunkti: checkpoints_Realistic Mode, OP - 0.0008 (Active)_ETH/  (ik pēc 29 atjauninājumiem)

────────────────────────────────────────────────────────────────────────────────
     Solis   Upd  Rew(avg10)       pi       v    ent   clip%      ev        lr  Darbības(H/L/S/C)
────────────────────────────────────────────────────────────────────────────────
       512     1    -0.00167  -0.0005  0.0376  1.299?    0.0%  -1.248  3.00e-04  25.2%/28.5%/26.6%/19.7%
     1,024     2    -0.00149  +0.0000  0.0259  1.305?    0.0%  -0.502  3.00e-04  30.9%/25.4%/26.0%/17.8%
     1,536     3    -0.00154  +0.0001  0.0189  1.290?    0.0%  -0.734  3.00e-04  29.7%/25.2%/25.8%/19.3%
     2,048     4    -0.00155  -0.0000  0.0155  1.302?    0.0%  -1.838  2.99e-04  30.3%/29.5%/22.5%/17.8%
     2,560     5    -0.00153  -0.0007  0.0090  1.297?    0.0%  -0.326  2.99e-04  29.9%/25.8%/26.0%/18.4%
     3,072     6    -0.00154  -0.0005  0.0093  1.308→    0.0%  -0.882  2.99e-04  23.2%/26.2%/31.6%/18.9%
     3,584     7    -0.00153  -0.0001  0.0074  1.298→    0.0%  -0.128  2.98e-04  28.3%/26.2%/26.2%/19.3%
     4,096     8    -0.00155  -0.0004  0.0074  1.308→    0.0%  -0.234  2.98e-04  28.9%/23.2%/28.9%/18.9%
     4,608     9    -0.00155  -0.0005  0.0061  1.306→    0.0%  -0.387  2.97e-04  29.1%/28.3%/24.2%/18.4%
     5,120    10    -0.00153  -0.0002  0.0057  1.303→    0.0%  -0.477  2.97e-04  27.5%/28.9%/25.0%/18.6%
     5,632    11    -0.00148  -0.0004  0.0043  1.312→    0.0%  -0.232  2.96e-04  26.6%/29.7%/25.8%/18.0%
     6,144    12    -0.00148  -0.0009  0.0046  1.314↑    0.0%  -1.544  2.95e-04  29.5%/30.9%/24.2%/15.4%
     6,656    13    -0.00146  +0.0001  0.0043  1.319↑    0.0%  -2.398  2.94e-04  25.4%/29.7%/27.7%/17.2%
     7,168    14    -0.00144  -0.0007  0.0034  1.312↑    0.0%  -3.442  2.93e-04  24.4%/27.9%/29.3%/18.4%
     7,680    15    -0.00150  -0.0005  0.0044  1.310↑    0.0%  -0.985  2.92e-04  28.9%/24.8%/29.1%/17.2%
     8,192    16    -0.00152  -0.0008  0.0042  1.293↑    0.0%  -0.409  2.91e-04  30.1%/26.4%/24.6%/18.9%
     8,704    17    -0.00153  +0.0001  0.0038  1.304↑    0.0%  -1.860  2.90e-04  29.3%/26.6%/25.8%/18.4%
     9,216    18    -0.00150  -0.0004  0.0028  1.300→    0.0%  -0.511  2.89e-04  33.4%/28.3%/21.3%/17.0%
     9,728    19    -0.00152  +0.0000  0.0029  1.310→    0.0%  -2.960  2.88e-04  25.4%/26.4%/30.9%/17.4%
    10,240    20    -0.00154  -0.0007  0.0029  1.305→    0.0%  -1.506  2.86e-04  27.7%/26.6%/28.5%/17.2%
    10,752    21    -0.00156  -0.0006  0.0027  1.305↑    0.0%  -0.674  2.85e-04  27.1%/27.1%/27.7%/18.0%
    11,264    22    -0.00159  +0.0002  0.0027  1.303↑    0.0%  -0.874  2.84e-04  27.0%/27.3%/27.1%/18.6%
    11,776    23    -0.00159  -0.0002  0.0020  1.301↑    0.0%  +0.250  2.82e-04  30.5%/27.0%/24.6%/18.0%
    12,288    24    -0.00161  -0.0001  0.0029  1.314↑    0.0%  -1.714  2.81e-04  29.3%/27.1%/26.6%/17.0%
    12,800    25    -0.00160  -0.0008  0.0026  1.294→    0.0%  -0.221  2.79e-04  30.9%/28.3%/22.3%/18.6%
    13,312    26    -0.00162  -0.0001  0.0033  1.319↑    0.0%  -0.377  2.77e-04  25.0%/29.1%/30.1%/15.8%
    13,824    27    -0.00159  +0.0003  0.0021  1.304↑    0.0%  -0.023  2.75e-04  33.2%/27.7%/23.6%/15.4%
    14,336    28    -0.00161  -0.0007  0.0024  1.302↑    0.0%  +0.014  2.74e-04  29.7%/23.6%/28.9%/17.8%
    14,848    29    -0.00157  -0.0007  0.0019  1.307↑    0.0%  +0.002  2.72e-04  28.3%/27.5%/27.0%/17.2%
  ✓ Kontrolpunkts: checkpoints_Realistic Mode, OP - 0.0008 (Active)_ETH\ckpt_step0014848.pth  [20% apmācības]
    15,360    30    -0.00159  -0.0004  0.0019  1.303↑    0.0%  -2.530  2.70e-04  27.3%/25.0%/28.1%/19.5%
    15,872    31    -0.00161  -0.0008  0.0017  1.307↑    0.0%  -0.695  2.68e-04  32.2%/24.0%/28.5%/15.2%
    16,384    32    -0.00165  -0.0005  0.0023  1.282→    0.0%  -1.913  2.66e-04  32.4%/22.1%/24.8%/20.7%
    16,896    33    -0.00165  -0.0010  0.0020  1.305→    0.0%  -1.709  2.64e-04  32.4%/27.5%/23.4%/16.6%
    17,408    34    -0.00169  -0.0001  0.0021  1.303→    0.0%  -0.237  2.62e-04  30.7%/29.5%/23.2%/16.6%
    17,920    35    -0.00169  -0.0003  0.0030  1.303→    0.0%  -0.092  2.60e-04  28.7%/26.6%/26.8%/18.0%
    18,432    36    -0.00170  -0.0010  0.0028  1.295→    0.0%  +0.026  2.57e-04  31.4%/24.4%/26.4%/17.8%
    18,944    37    -0.00174  -0.0022  0.0023  1.300→    0.0%  +0.434  2.55e-04  28.1%/26.6%/27.0%/18.4%
    19,456    38    -0.00176  -0.0006  0.0018  1.305→    0.0%  -0.519  2.53e-04  32.0%/28.1%/22.9%/17.0%
    19,968    39    -0.00178  +0.0004  0.0022  1.293→    0.0%  -0.000  2.50e-04  32.2%/22.7%/27.0%/18.2%
    20,480    40    -0.00176  -0.0011  0.0019  1.300→    0.0%  -1.361  2.48e-04  28.5%/27.7%/26.8%/17.0%
    20,992    41    -0.00176  -0.0017  0.0017  1.298→    0.0%  -0.462  2.45e-04  28.5%/24.4%/28.1%/18.9%
    21,504    42    -0.00172  -0.0007  0.0017  1.310→    0.0%  -0.350  2.43e-04  32.2%/26.4%/25.6%/15.8%
    22,016    43    -0.00170  -0.0006  0.0014  1.293→    0.0%  +0.170  2.40e-04  36.3%/21.9%/25.6%/16.2%
    22,528    44    -0.00165  -0.0011  0.0017  1.294→    0.0%  +0.260  2.38e-04  33.8%/26.0%/22.3%/18.0%
    23,040    45    -0.00160  -0.0001  0.0014  1.272↓    0.0%  -1.433  2.35e-04  34.2%/23.2%/25.6%/17.0%
    23,552    46    -0.00152  -0.0016  0.0015  1.289↓    0.0%  +0.070  2.33e-04  32.8%/19.9%/31.4%/15.8%
    24,064    47    -0.00147  -0.0006  0.0012  1.280↓    0.0%  -2.778  2.30e-04  37.5%/20.3%/27.3%/14.8%
    24,576    48    -0.00144  -0.0001  0.0012  1.284↓    0.0%  -3.325  2.27e-04  34.6%/23.8%/24.8%/16.8%
    25,088    49    -0.00143  -0.0001  0.0012  1.282↓    0.0%  -0.365  2.24e-04  33.8%/22.9%/27.1%/16.2%
    25,600    50    -0.00144  -0.0011  0.0012  1.276↓    0.0%  -1.761  2.22e-04  33.2%/19.9%/28.9%/18.0%
    26,112    51    -0.00145  +0.0004  0.0016  1.276↓    0.0%  -0.632  2.19e-04  36.3%/20.1%/27.7%/15.8%
    26,624    52    -0.00149  -0.0002  0.0014  1.272↓    0.0%  +0.235  2.16e-04  37.3%/24.2%/23.2%/15.2%
    27,136    53    -0.00165  -0.0014  0.0027  1.298↓    0.0%  -0.139  2.13e-04  31.4%/25.0%/27.9%/15.6%
    27,648    54    -0.00171  -0.0002  0.0015  1.265↓    0.0%  -1.098  2.10e-04  35.0%/21.1%/26.8%/17.2%
    28,160    55    -0.00172  -0.0008  0.0013  1.266↓    0.0%  -0.644  2.07e-04  35.5%/21.5%/25.2%/17.8%
    28,672    56    -0.00174  -0.0016  0.0012  1.249↓    0.0%  -0.241  2.04e-04  36.7%/18.2%/27.1%/18.0%
    29,184    57    -0.00176  -0.0008  0.0008  1.251↓    0.0%  +0.083  2.01e-04  36.9%/21.9%/23.6%/17.6%
    29,696    58    -0.00177  -0.0026  0.0011  1.235↓    0.0%  -1.434  1.98e-04  39.1%/17.0%/27.0%/17.0%
  ✓ Kontrolpunkts: checkpoints_Realistic Mode, OP - 0.0008 (Active)_ETH\ckpt_step0029696.pth  [40% apmācības]
    30,208    59    -0.00182  -0.0005  0.0013  1.229↓    0.0%  +0.181  1.95e-04  39.5%/20.7%/22.7%/17.2%
    30,720    60    -0.00181  -0.0025  0.0012  1.220↓    0.0%  -0.240  1.92e-04  40.0%/19.3%/25.2%/15.4%
    31,232    61    -0.00176  -0.0046  0.0011  1.202↓    0.1%  -0.922  1.89e-04  45.7%/17.6%/21.9%/14.8%
    31,744    62    -0.00168  +0.0006  0.0011  1.193↓    0.0%  -0.058  1.86e-04  44.7%/18.0%/22.3%/15.0%
    32,256    63    -0.00152  +0.0008  0.0010  1.140↓    0.0%  -0.433  1.82e-04  54.1%/15.2%/17.6%/13.1%
    32,768    64    -0.00146  -0.0023  0.0017  1.224↓    0.0%  -0.460  1.79e-04  37.7%/24.8%/20.7%/16.8%
    33,280    65    -0.00142  +0.0003  0.0013  1.175↓    0.0%  -0.775  1.76e-04  49.0%/17.4%/20.1%/13.5%
    33,792    66    -0.00146  -0.0010  0.0011  1.202↓    0.5%  -1.001  1.73e-04  44.1%/21.3%/19.3%/15.2%
    34,304    67    -0.00140  +0.0003  0.0012  1.172↓    0.1%  -2.541  1.70e-04  47.3%/18.6%/19.5%/14.6%
    34,816    68    -0.00135  -0.0029  0.0008  1.146↓    0.0%  -2.784  1.67e-04  48.6%/16.8%/19.9%/14.6%
    35,328    69    -0.00129  +0.0005  0.0012  1.166↓    0.0%  -1.063  1.63e-04  52.7%/16.0%/20.1%/11.1%
    35,840    70    -0.00135  -0.0011  0.0014  1.177↓    0.0%  -0.053  1.60e-04  44.3%/18.2%/22.1%/15.4%
    36,352    71    -0.00138  -0.0008  0.0014  1.220↓    0.0%  +0.111  1.57e-04  45.9%/25.4%/17.2%/11.5%
    36,864    72    -0.00141  +0.0000  0.0011  1.168↓    0.0%  +0.175  1.54e-04  45.1%/19.3%/19.9%/15.6%
    37,376    73    -0.00141  -0.0019  0.0010  1.191↓    0.0%  +0.425  1.50e-04  50.0%/17.6%/19.1%/13.3%
    37,888    74    -0.00140  -0.0021  0.0010  1.190↓    0.0%  -0.880  1.47e-04  46.9%/19.7%/19.7%/13.7%
    38,400    75    -0.00145  -0.0009  0.0012  1.188↓    0.0%  -0.644  1.44e-04  50.6%/16.8%/18.8%/13.9%
    38,912    76    -0.00141  -0.0024  0.0008  1.191↓    0.0%  -0.762  1.41e-04  47.3%/16.8%/22.7%/13.3%
    39,424    77    -0.00144  +0.0019  0.0008  1.198↓    0.0%  -0.801  1.38e-04  47.1%/19.1%/18.9%/14.8%
    39,936    78    -0.00143  -0.0015  0.0007  1.202↓    0.0%  -0.884  1.34e-04  44.7%/19.3%/21.1%/14.8%
    40,448    79    -0.00151  -0.0014  0.0012  1.203↓    0.0%  -0.084  1.31e-04  44.3%/19.9%/19.9%/15.8%
    40,960    80    -0.00142  -0.0007  0.0009  1.238↓    0.0%  -3.510  1.28e-04  41.2%/20.9%/21.9%/16.0%
    41,472    81    -0.00141  +0.0007  0.0008  1.185↓    0.0%  -0.643  1.25e-04  49.6%/17.2%/18.2%/15.0%
    41,984    82    -0.00136  -0.0016  0.0008  1.201↓    0.0%  -5.130  1.22e-04  48.0%/16.8%/19.9%/15.2%
    42,496    83    -0.00139  -0.0007  0.0008  1.173↓    0.0%  -0.421  1.19e-04  48.2%/16.0%/19.1%/16.6%
    43,008    84    -0.00146  +0.0000  0.0008  1.225↓    0.0%  -1.417  1.15e-04  40.6%/24.0%/18.8%/16.6%
    43,520    85    -0.00146  -0.0011  0.0010  1.199↓    0.0%  -0.118  1.12e-04  47.3%/20.3%/17.2%/15.2%
    44,032    86    -0.00145  -0.0006  0.0010  1.207↓    0.0%  -1.099  1.09e-04  44.3%/19.3%/17.6%/18.8%
    44,544    87    -0.00157  -0.0008  0.0030  1.220↓    0.0%  -0.386  1.06e-04  42.6%/19.1%/22.9%/15.4%
  ✓ Kontrolpunkts: checkpoints_Realistic Mode, OP - 0.0008 (Active)_ETH\ckpt_step0044544.pth  [59% apmācības]
    45,056    88    -0.00165  -0.0012  0.0010  1.219↓    0.0%  +0.132  1.03e-04  40.4%/20.9%/21.3%/17.4%
    45,568    89    -0.00157  -0.0008  0.0009  1.207↓    0.0%  -0.152  1.00e-04  45.9%/19.1%/19.3%/15.6%
    46,080    90    -0.00158  -0.0005  0.0010  1.161↓    0.0%  -0.089  9.70e-05  51.2%/15.0%/18.2%/15.6%
    46,592    91    -0.00154  -0.0000  0.0007  1.221↓    0.0%  -0.032  9.40e-05  47.5%/18.2%/19.3%/15.0%
    47,104    92    -0.00158  +0.0004  0.0007  1.184↓    0.0%  -0.809  9.11e-05  45.7%/18.4%/20.7%/15.2%
    47,616    93    -0.00152  -0.0010  0.0009  1.196↓    0.0%  +0.124  8.81e-05  41.8%/17.8%/23.6%/16.8%
    48,128    94    -0.00145  -0.0007  0.0007  1.190↓    0.0%  -0.462  8.52e-05  46.5%/16.2%/22.1%/15.2%
    48,640    95    -0.00138  -0.0021  0.0006  1.178↓    0.0%  -0.465  8.23e-05  46.9%/17.6%/19.5%/16.0%
    49,152    96    -0.00138  +0.0002  0.0008  1.193↓    0.0%  -0.542  7.95e-05  45.7%/18.0%/19.9%/16.4%
    49,664    97    -0.00129  -0.0004  0.0015  1.197↓    0.0%  -0.111  7.67e-05  46.5%/16.4%/20.5%/16.6%
    50,176    98    -0.00127  -0.0011  0.0009  1.237↓    0.0%  -0.601  7.39e-05  37.7%/24.2%/19.5%/18.6%
    50,688    99    -0.00128  +0.0011  0.0007  1.167↓    0.0%  -0.940  7.12e-05  46.7%/14.5%/23.8%/15.0%
    51,200   100    -0.00125  -0.0008  0.0010  1.207↓    0.0%  -2.689  6.84e-05  43.0%/18.2%/22.9%/16.0%
    51,712   101    -0.00121  +0.0008  0.0008  1.168↓    0.0%  +0.494  6.58e-05  49.2%/14.1%/21.1%/15.6%
    52,224   102    -0.00120  -0.0005  0.0007  1.218↓    0.0%  +0.038  6.31e-05  41.8%/21.9%/20.9%/15.4%
    52,736   103    -0.00121  -0.0003  0.0013  1.190↓    0.0%  +0.505  6.06e-05  46.9%/19.3%/19.5%/14.3%
    53,248   104    -0.00117  +0.0000  0.0007  1.178↓    0.0%  +0.095  5.80e-05  45.1%/17.8%/19.3%/17.8%
    53,760   105    -0.00113  -0.0006  0.0007  1.185↓    0.0%  -0.243  5.55e-05  45.7%/15.4%/23.4%/15.4%
    54,272   106    -0.00109  -0.0003  0.0007  1.193↓    0.0%  -2.839  5.30e-05  46.1%/18.9%/19.5%/15.4%
    54,784   107    -0.00103  +0.0000  0.0008  1.175↓    0.0%  +0.198  5.06e-05  50.0%/14.6%/19.7%/15.6%
    55,296   108    -0.00095  -0.0002  0.0011  1.184↓    0.0%  -0.233  4.83e-05  43.4%/17.4%/24.0%/15.2%
    55,808   109    -0.00089  +0.0023  0.0008  1.208↓    0.0%  -1.323  4.59e-05  44.3%/18.0%/21.7%/16.0%
    56,320   110    -0.00087  +0.0000  0.0009  1.178↓    0.0%  -3.127  4.37e-05  46.9%/13.7%/22.9%/16.6%
    56,832   111    -0.00086  +0.0002  0.0006  1.181↓    0.0%  -1.255  4.14e-05  48.4%/15.4%/19.9%/16.2%
    57,344   112    -0.00080  -0.0004  0.0006  1.180↓    0.0%  -1.896  3.93e-05  49.0%/13.3%/23.0%/14.6%
    57,856   113    -0.00076  +0.0004  0.0007  1.190↓    0.0%  -1.828  3.71e-05  46.3%/18.4%/19.1%/16.2%
    58,368   114    -0.00075  -0.0008  0.0005  1.194↓    0.0%  -1.746  3.51e-05  47.3%/16.4%/21.3%/15.0%
    58,880   115    -0.00076  -0.0005  0.0005  1.167↓    0.0%  -0.367  3.30e-05  48.6%/18.0%/18.9%/14.5%
    59,392   116    -0.00075  +0.0018  0.0006  1.171↓    0.0%  -1.128  3.11e-05  46.9%/16.4%/20.7%/16.0%
  ✓ Kontrolpunkts: checkpoints_Realistic Mode, OP - 0.0008 (Active)_ETH\ckpt_step0059392.pth  [79% apmācības]
    59,904   117    -0.00073  -0.0007  0.0006  1.159↓    0.0%  +0.030  2.92e-05  50.4%/13.9%/21.9%/13.9%
    60,416   118    -0.00073  +0.0001  0.0006  1.176↓    0.0%  -1.169  2.73e-05  45.3%/17.4%/20.1%/17.2%
    60,928   119    -0.00073  -0.0012  0.0005  1.170↓    0.0%  -0.497  2.55e-05  47.5%/18.2%/19.1%/15.2%
    61,440   120    -0.00071  -0.0006  0.0006  1.160↓    0.0%  -2.168  2.38e-05  48.0%/14.5%/22.5%/15.0%
    61,952   121    -0.00068  -0.0002  0.0007  1.179↓    0.0%  -0.699  2.21e-05  47.9%/15.2%/21.3%/15.6%
    62,464   122    -0.00068  -0.0006  0.0007  1.213↓    0.0%  -1.821  2.05e-05  40.4%/21.3%/23.6%/14.6%
    62,976   123    -0.00069  -0.0002  0.0008  1.177↓    0.0%  -2.013  1.89e-05  47.9%/15.0%/20.5%/16.6%
    63,488   124    -0.00072  +0.0029  0.0006  1.173↓    0.0%  -1.998  1.74e-05  48.4%/16.0%/19.3%/16.2%
    64,000   125    -0.00072  -0.0007  0.0006  1.171↓    0.0%  -1.331  1.60e-05  46.3%/16.4%/20.3%/17.0%
    64,512   126    -0.00074  -0.0007  0.0005  1.163↓    0.0%  -1.440  1.46e-05  48.0%/17.0%/19.1%/15.8%
    65,024   127    -0.00072  -0.0001  0.0006  1.186↓    0.0%  -1.820  1.33e-05  46.3%/16.0%/21.5%/16.2%
    65,536   128    -0.00072  -0.0001  0.0006  1.156↓    0.0%  -1.975  1.21e-05  48.8%/15.0%/20.5%/15.6%
    66,048   129    -0.00073  -0.0000  0.0006  1.203↓    0.0%  -0.410  1.09e-05  46.9%/14.8%/21.9%/16.4%
    66,560   130    -0.00075  +0.0002  0.0008  1.175↓    0.0%  -0.638  9.77e-06  51.0%/15.4%/18.2%/15.4%
    67,072   131    -0.00079  +0.0008  0.0007  1.226↓    0.0%  -0.617  8.72e-06  46.3%/16.8%/21.5%/15.4%
    67,584   132    -0.00083  +0.0001  0.0008  1.218↓    0.0%  -0.520  7.73e-06  41.4%/20.5%/22.7%/15.4%
    68,096   133    -0.00083  +0.0004  0.0007  1.208↓    0.0%  -0.958  6.81e-06  39.5%/17.4%/25.8%/17.4%
    68,608   134    -0.00082  +0.0011  0.0005  1.195↓    0.0%  -1.417  5.96e-06  47.9%/17.4%/18.6%/16.2%
    69,120   135    -0.00084  -0.0022  0.0006  1.166↓    0.1%  -0.472  5.17e-06  46.7%/16.8%/20.9%/15.6%
    69,632   136    -0.00083  -0.0002  0.0007  1.182↓    0.0%  -0.850  4.45e-06  47.1%/18.6%/18.4%/16.0%
    70,144   137    -0.00083  -0.0010  0.0006  1.184↓    0.0%  -1.571  3.79e-06  48.0%/15.0%/21.5%/15.4%
    70,656   138    -0.00082  +0.0018  0.0006  1.200↓    0.0%  -3.302  3.21e-06  45.5%/16.6%/22.1%/15.8%
    71,168   139    -0.00080  +0.0003  0.0006  1.191↓    0.0%  -4.661  2.69e-06  44.5%/18.9%/19.1%/17.4%
    71,680   140    -0.00079  +0.0005  0.0007  1.170↓    0.0%  -0.490  2.24e-06  47.9%/16.4%/20.5%/15.2%
    72,192   141    -0.00080  +0.0004  0.0008  1.212↓    0.0%  -2.475  1.86e-06  41.8%/22.1%/20.7%/15.4%
    72,704   142    -0.00076  -0.0002  0.0007  1.187↓    0.0%  -3.090  1.55e-06  50.6%/15.6%/21.7%/12.1%
    73,216   143    -0.00073  +0.0007  0.0006  1.183↓    0.0%  -2.544  1.31e-06  49.2%/16.4%/19.5%/14.8%
    73,728   144    -0.00073  -0.0001  0.0005  1.180↓    0.0%  -1.344  1.14e-06  45.7%/13.9%/24.2%/16.2%
    74,240   145    -0.00073  -0.0005  0.0007  1.216↓    0.0%  -1.545  1.03e-06  46.1%/17.0%/22.3%/14.6%
  ✓ Kontrolpunkts: checkpoints_Realistic Mode, OP - 0.0008 (Active)_ETH\ckpt_step0074240.pth  [99% apmācības]
    74,752   146    -0.00069  -0.0003  0.0007  1.185↓    0.0%  -2.314  1.00e-06  47.3%/18.2%/20.3%/14.3%
    75,264   147    -0.00067  -0.0012  0.0006  1.204↓    0.0%  -1.329  1.03e-06  49.4%/15.6%/21.3%/13.7%
  ✓ Kontrolpunkts: checkpoints_Realistic Mode, OP - 0.0008 (Active)_ETH\ckpt_step0075264.pth  [100% apmācības]

────────────────────────────────────────────────────────────────────────────────
  Vidējais ātrums: 565 soļi/sek
  Vidējā atlīdzība (pēdējie 10 atjauninājumi): -0.00067
  Galīgā entropija: 1.204  (sākums: 1.299)
────────────────────────────────────────────────────────────────────────────────

✓ Galīgais modelis saglabāts: ppo_trader_Realistic Mode, OP - 0.0008 (Active)_ETH.pth

============================================================
11. SOLIS: Bektests (4 varianti)
============================================================

────────────────────────────────────────────────────────────  1. Komisija + slipāža          
  Bilance: $815.94 | Ienesīgums: -18.41% | MaxDD: 68.90% | Sharpe: 0.188 | Calmar: -0.267 | PF: 0.988 | Darījumi: 73 | Win%: 41.1%

────────────────────────────────────────────────────────────  2. Tikai komisija              
  Bilance: $1,163.16 | Ienesīgums: +16.32% | MaxDD: 63.34% | Sharpe: 0.567 | Calmar: 0.258 | PF: 1.089 | Darījumi: 73 | Win%: 47.9%

────────────────────────────────────────────────────────────  3. Tikai slipāža              
  Bilance: $865.13 | Ienesīgums: -13.49% | MaxDD: 67.96% | Sharpe: 0.230 | Calmar: -0.198 | PF: 0.995 | Darījumi: 73 | Win%: 43.8%

────────────────────────────────────────────────────────────  4. Bez izmaksām               
  Bilance: $1,233.13 | Ienesīgums: +23.31% | MaxDD: 62.23% | Sharpe: 0.609 | Calmar: 0.375 | PF: 1.097 | Darījumi: 73 | Win%: 49.3%


======================================================================
12. SOLIS: Rezultāti
======================================================================

  Metrika                     1. Komisija + slipāža            2. Tikai komisija                3. Tikai slipāža                4. Bez izmaksām               
  ──────────────────────────────────────────────────────────────────────────────────────────────────────────────────────────────────────────────────────────────
  Galīgā bilance                                     $815.94                       $1,163.16                         $865.13                       $1,233.13
  Ienesīgums                                         -18.41%                         +16.32%                         -13.49%                         +23.31%
  Maks. kritums                                       68.90%                          63.34%                          67.96%                          62.23%
  Sharpe (pēc darījumiem)                              0.188                           0.567                           0.230                           0.609
  Calmar koeficients                                  -0.267                           0.258                          -0.198                           0.375
  Peļņas faktors                                       0.988                           1.089                           0.995                           1.097
  Vid. PnL / solis ($)                             -0.000229                        0.001891                       -0.000097                        0.002113
  Darījumi                                                73                              73                              73                              73
  Uzvaru īpatsvars                                     41.1%                           47.9%                           43.8%                           49.3%
  Vid. darījuma P&L                                  +0.178%                         +0.539%                         +0.218%                         +0.579%
  Vid. ilgums (h)                                      118.2                           118.2                           118.2                           118.2
  Vid. slip (ieeja+izeja)                            0.2424%                               —                         0.2424%                               —
  Vid. komisija                                      0.0800%                         0.0800%                               —                               —

  Zudumi no komisijām        : +7.00%
  Zudumi no slipāžas        : +36.80%
  Kopējie zudumi             : +41.72%

  Signāli (variants 1):
    HOLD  :   98,928  (89.7%)
    LONG  :   11,345  (10.3%)
    SHORT :        0  (0.0%)
    CLOSE :       72  (0.1%)

  Darījumi: LONG=73  SHORT=0

  ──────────────────────────────────────────────────────────
  TOP 5 IENESĪGĀKIE
  1. LONG  | 2025-06-29 23:10 → 2025-07-18 01:10 | 434h 0m | P&L: +458.60$ (+40.461%) | slip: 0.196%/0.155%
  2. LONG  | 2025-05-08 07:40 → 2025-05-09 08:20 | 24h 40m | P&L: +246.83$ (+23.013%) | slip: 0.099%/0.148%
  3. LONG  | 2025-08-01 02:55 → 2025-08-12 02:55 | 264h 0m | P&L: +246.82$ (+15.412%) | slip: 0.047%/0.065%
  4. LONG  | 2025-12-19 07:45 → 2026-01-14 04:10 | 620h 25m | P&L: +138.37$ (+13.188%) | slip: 0.072%/0.032%
  5. LONG  | 2025-08-20 17:50 → 2025-08-22 15:45 | 45h 55m | P&L: +115.97$ (+6.495%) | slip: 0.172%/0.150%

  ──────────────────────────────────────────────────────────
  TOP 5 ZAUDĪGĀKIE
  1. LONG  | 2025-09-15 21:50 → 2025-10-12 03:20 | 629h 30m | P&L: -287.61$ (-17.046%) | slip: 0.045%/0.105%
  2. LONG  | 2026-01-21 06:30 → 2026-02-03 04:15 | 309h 45m | P&L: -240.73$ (-21.930%) | slip: 0.056%/0.177%
  3. LONG  | 2025-10-29 04:50 → 2025-11-04 02:10 | 141h 20m | P&L: -135.68$ (-9.559%) | slip: 0.029%/0.098%
  4. LONG  | 2025-11-13 06:15 → 2025-11-16 04:05 | 69h 50m | P&L: -121.01$ (-9.620%) | slip: 0.070%/0.059%
  5. LONG  | 2026-02-03 04:20 → 2026-02-09 04:10 | 143h 50m | P&L: -92.59$ (-10.819%) | slip: 0.094%/0.072%

  ✓ Darījumu žurnāls: backtest_Realistic Mode, OP - 0.0008 (Active)_ETH_trades.csv

──────────────────────────────────────────────────────────────────────
  ✓ Rezultāts pievienots: experiments.csv

======================================================================
GATAVS - versija Realistic Mode, OP - 0.0008 (Active)  |  simbols: ETH  |  eksperiments: OP - 0.0008 (Active)
======================================================================
