Žurnāls: ppo_trader_Realistic Mode, OP - 0.000898 (Main)_LTC.log

Ierīce: cpu  |  AMP: False
Eksperiments: OP - 0.000898 (Main)

============================================================
1. SOLIS: Datu ielāde
============================================================
Visa datu kopa : 772,457 sveces  |  2019-01-05 05:00:00 → 2026-05-13 05:00:00
Izmantojam     : 331,053 sveces  |  2023-03-20 15:55:00 → 2026-05-13 05:00:00
Apmācība (~2g) : 0..220,702  (2023-03-20 15:55:00 → 2025-04-25 01:05:00)
Tests  (~1g)   : 220,702..331,053  (2025-04-25 01:10:00 → 2026-05-13 05:00:00)
Pazīmes (tirgus): 32
N_STATE_FEATURES=34

Slipāžas rindu priekšaprēķins...

============================================================
7. SOLIS: Modelis
============================================================
Parametri: 62,853  |  INPUT_DIM=34
Arhitektūra: D_MODEL=64, N_HEADS=2, N_LAYERS=1, SEQ_LEN=32

============================================================
10. SOLIS: Apmācība (PPO)
============================================================
Kopējie soļi: 75,000  |  N_ENVS: 4  |  ROLLOUT_STEPS: 128
Bufera izmērs vienam atjauninājumam: 512 pārejas
PPO epohi: 2  |  Mini-pakete: 128
Labvēlības periods: 12 sveces  |  Atvēršanas sods: 0.000898  |  Min darījums: 72 sveces  |  Īsa darījuma sods: 0.000898
Kontrolpunkti: checkpoints_Realistic Mode, OP - 0.000898 (Main)_LTC/  (ik pēc 29 atjauninājumiem)

────────────────────────────────────────────────────────────────────────────────
     Solis   Upd  Rew(avg10)       pi       v    ent   clip%      ev        lr  Darbības(H/L/S/C)
────────────────────────────────────────────────────────────────────────────────
       512     1    -0.00153  -0.0006  0.0421  1.299?    0.0%  -0.163  3.00e-04  25.2%/28.5%/26.6%/19.7%
     1,024     2    -0.00163  -0.0005  0.0303  1.306?    0.0%  -0.111  3.00e-04  30.3%/25.4%/26.6%/17.8%
     1,536     3    -0.00185  -0.0000  0.0213  1.289?    0.0%  -1.154  3.00e-04  30.1%/24.8%/25.8%/19.3%
     2,048     4    -0.00187  -0.0003  0.0188  1.305?    0.0%  -0.112  2.99e-04  29.5%/29.1%/23.6%/17.8%
     2,560     5    -0.00185  -0.0002  0.0117  1.293?    0.0%  -1.826  2.99e-04  29.9%/25.4%/26.2%/18.6%
     3,072     6    -0.00185  -0.0008  0.0107  1.309→    0.0%  +0.348  2.99e-04  24.0%/26.2%/31.1%/18.8%
     3,584     7    -0.00187  -0.0003  0.0101  1.300↑    0.0%  -0.688  2.98e-04  27.7%/26.8%/26.4%/19.1%
     4,096     8    -0.00184  -0.0003  0.0080  1.305→    0.0%  -0.351  2.98e-04  30.3%/22.7%/28.3%/18.8%
     4,608     9    -0.00186  -0.0006  0.0077  1.307→    0.0%  -1.850  2.97e-04  27.7%/28.1%/25.6%/18.6%
     5,120    10    -0.00184  +0.0000  0.0057  1.295→    0.0%  +0.333  2.97e-04  29.9%/26.0%/26.0%/18.2%
     5,632    11    -0.00185  -0.0004  0.0053  1.311→    0.0%  -0.063  2.96e-04  25.4%/29.3%/26.4%/18.9%
     6,144    12    -0.00188  +0.0000  0.0043  1.311↑    0.0%  -1.655  2.95e-04  32.0%/27.9%/24.8%/15.2%
     6,656    13    -0.00185  -0.0001  0.0042  1.313↑    0.0%  -1.231  2.94e-04  26.0%/26.8%/28.3%/18.9%
     7,168    14    -0.00181  -0.0004  0.0041  1.307↑    0.0%  -0.931  2.93e-04  26.8%/25.2%/29.5%/18.6%
     7,680    15    -0.00189  -0.0006  0.0056  1.298↑    0.0%  -0.372  2.92e-04  28.1%/24.4%/28.9%/18.6%
     8,192    16    -0.00196  -0.0005  0.0038  1.293→    0.0%  -0.783  2.91e-04  30.1%/26.2%/25.0%/18.8%
     8,704    17    -0.00196  -0.0002  0.0035  1.297→    0.0%  -0.332  2.90e-04  30.1%/25.2%/26.2%/18.6%
     9,216    18    -0.00201  -0.0011  0.0033  1.301→    0.0%  -1.086  2.89e-04  29.5%/31.2%/21.3%/18.0%
     9,728    19    -0.00202  -0.0001  0.0032  1.311→    0.0%  -4.534  2.88e-04  25.4%/26.4%/30.9%/17.4%
    10,240    20    -0.00204  -0.0004  0.0027  1.304→    0.0%  -0.448  2.86e-04  25.8%/29.3%/27.3%/17.6%
    10,752    21    -0.00207  -0.0001  0.0038  1.305↑    0.0%  -0.447  2.85e-04  26.6%/27.9%/27.7%/17.8%
    11,264    22    -0.00206  -0.0004  0.0030  1.297→    0.0%  -0.482  2.84e-04  25.2%/30.9%/23.4%/20.5%
    11,776    23    -0.00207  +0.0001  0.0025  1.296→    0.0%  +0.071  2.82e-04  29.3%/27.1%/24.8%/18.8%
    12,288    24    -0.00209  -0.0008  0.0029  1.312→    0.0%  -0.636  2.81e-04  28.5%/29.1%/25.4%/17.0%
    12,800    25    -0.00212  +0.0000  0.0041  1.296→    0.0%  -0.211  2.79e-04  29.1%/30.5%/21.1%/19.3%
    13,312    26    -0.00210  +0.0003  0.0033  1.317→    0.0%  -0.573  2.77e-04  26.4%/28.7%/28.5%/16.4%
    13,824    27    -0.00212  +0.0001  0.0022  1.306→    0.0%  -0.399  2.75e-04  30.7%/29.1%/23.8%/16.4%
    14,336    28    -0.00209  +0.0001  0.0023  1.302→    0.0%  -0.998  2.74e-04  29.7%/25.0%/27.5%/17.8%
    14,848    29    -0.00214  -0.0011  0.0025  1.300→    0.0%  -1.119  2.72e-04  27.5%/30.1%/23.4%/18.9%
  ✓ Kontrolpunkts: checkpoints_Realistic Mode, OP - 0.000898 (Main)_LTC\ckpt_step0014848.pth  [20% apmācības]
    15,360    30    -0.00217  -0.0033  0.0029  1.304→    0.0%  -0.325  2.70e-04  28.1%/26.8%/27.0%/18.2%
    15,872    31    -0.00218  -0.0001  0.0028  1.291→    0.0%  -0.235  2.68e-04  33.2%/26.6%/23.6%/16.6%
    16,384    32    -0.00223  -0.0012  0.0022  1.270→    0.0%  -0.362  2.66e-04  34.4%/24.8%/20.3%/20.5%
    16,896    33    -0.00228  +0.0002  0.0026  1.301→    0.0%  +0.064  2.64e-04  31.4%/31.2%/20.5%/16.8%
    17,408    34    -0.00239  +0.0005  0.0028  1.302→    0.0%  +0.263  2.62e-04  29.7%/32.0%/21.1%/17.2%
    17,920    35    -0.00237  -0.0007  0.0028  1.298→    0.0%  -0.664  2.60e-04  28.1%/32.6%/21.5%/17.8%
    18,432    36    -0.00240  -0.0007  0.0025  1.289↓    0.0%  +0.462  2.57e-04  30.9%/27.9%/22.3%/18.9%
    18,944    37    -0.00244  -0.0019  0.0019  1.289↓    0.0%  -0.433  2.55e-04  28.3%/30.7%/22.1%/18.9%
    19,456    38    -0.00249  -0.0004  0.0025  1.292↓    0.0%  +0.034  2.53e-04  31.4%/28.7%/20.9%/18.9%
    19,968    39    -0.00245  -0.0006  0.0022  1.277↓    0.0%  -0.607  2.50e-04  33.0%/27.1%/20.7%/19.1%
    20,480    40    -0.00246  +0.0001  0.0020  1.289↓    0.0%  -0.093  2.48e-04  27.0%/28.7%/26.4%/18.0%
    20,992    41    -0.00247  -0.0002  0.0017  1.291↓    0.0%  -0.196  2.45e-04  28.1%/26.0%/26.2%/19.7%
    21,504    42    -0.00243  -0.0010  0.0022  1.303↓    0.0%  -2.963  2.43e-04  31.6%/29.5%/22.1%/16.8%
    22,016    43    -0.00232  -0.0005  0.0017  1.293↓    0.0%  -0.416  2.40e-04  32.0%/25.0%/24.2%/18.8%
    22,528    44    -0.00220  -0.0007  0.0017  1.297↓    0.0%  -0.183  2.38e-04  30.7%/31.2%/19.5%/18.6%
    23,040    45    -0.00213  -0.0013  0.0014  1.283↓    0.0%  -2.361  2.35e-04  30.7%/25.6%/24.8%/18.9%
    23,552    46    -0.00198  -0.0001  0.0015  1.300↓    0.0%  +0.048  2.33e-04  29.3%/26.6%/27.7%/16.4%
    24,064    47    -0.00188  -0.0015  0.0010  1.285↓    0.0%  -2.259  2.30e-04  32.0%/27.7%/22.1%/18.2%
    24,576    48    -0.00182  -0.0018  0.0013  1.279↓    0.0%  +0.055  2.27e-04  31.6%/29.9%/19.9%/18.6%
    25,088    49    -0.00180  -0.0004  0.0013  1.291↓    0.0%  -0.200  2.24e-04  29.9%/28.7%/23.2%/18.2%
    25,600    50    -0.00181  -0.0010  0.0014  1.288↓    0.0%  -1.829  2.22e-04  28.9%/26.0%/24.6%/20.5%
    26,112    51    -0.00182  +0.0009  0.0019  1.300↓    0.0%  +0.181  2.19e-04  30.7%/28.5%/23.6%/17.2%
    26,624    52    -0.00206  +0.0002  0.0142  1.293↓    0.0%  -0.137  2.16e-04  30.7%/30.7%/20.7%/18.0%
    27,136    53    -0.00217  +0.0003  0.0027  1.308↓    0.0%  +0.743  2.13e-04  29.5%/27.9%/26.4%/16.2%
    27,648    54    -0.00225  -0.0007  0.0036  1.288↓    0.0%  -0.033  2.10e-04  28.7%/27.7%/23.8%/19.7%
    28,160    55    -0.00225  -0.0004  0.0023  1.292↓    0.0%  +0.233  2.07e-04  30.1%/27.3%/24.2%/18.4%
    28,672    56    -0.00231  -0.0002  0.0017  1.288↓    0.0%  +0.040  2.04e-04  29.5%/25.8%/24.4%/20.3%
    29,184    57    -0.00231  -0.0008  0.0014  1.287↓    0.0%  +0.101  2.01e-04  29.7%/31.1%/20.7%/18.6%
    29,696    58    -0.00229  -0.0002  0.0011  1.280↓    0.0%  -0.863  1.98e-04  29.9%/25.6%/24.4%/20.1%
  ✓ Kontrolpunkts: checkpoints_Realistic Mode, OP - 0.000898 (Main)_LTC\ckpt_step0029696.pth  [40% apmācības]
    30,208    59    -0.00228  -0.0001  0.0013  1.280↓    0.0%  -0.411  1.95e-04  27.9%/31.6%/20.3%/20.1%
    30,720    60    -0.00228  +0.0001  0.0013  1.286↓    0.0%  -0.255  1.92e-04  28.1%/28.3%/24.2%/19.3%
    31,232    61    -0.00226  +0.0003  0.0013  1.285↓    0.0%  -0.621  1.89e-04  33.8%/27.9%/20.3%/18.0%
    31,744    62    -0.00198  +0.0001  0.0011  1.295↓    0.0%  -0.791  1.86e-04  32.8%/27.9%/22.5%/16.8%
    32,256    63    -0.00194  -0.0005  0.0012  1.280↓    0.0%  -0.333  1.82e-04  34.6%/28.3%/18.9%/18.2%
    32,768    64    -0.00193  +0.0009  0.0013  1.289↓    0.0%  -0.974  1.79e-04  29.1%/30.3%/22.1%/18.6%
    33,280    65    -0.00194  -0.0004  0.0014  1.278↓    0.0%  -0.639  1.76e-04  33.0%/27.9%/21.3%/17.8%
    33,792    66    -0.00194  -0.0005  0.0009  1.290↓    0.0%  -0.887  1.73e-04  28.9%/31.8%/20.7%/18.6%
    34,304    67    -0.00197  -0.0002  0.0011  1.283↓    0.0%  -3.572  1.70e-04  30.9%/28.5%/21.3%/19.3%
    34,816    68    -0.00200  -0.0012  0.0010  1.289↓    0.0%  -2.691  1.67e-04  30.1%/31.2%/21.5%/17.2%
    35,328    69    -0.00203  -0.0008  0.0012  1.288↓    0.0%  -0.682  1.63e-04  35.2%/27.0%/22.1%/15.8%
    35,840    70    -0.00201  -0.0007  0.0012  1.281↓    0.0%  -1.578  1.60e-04  30.5%/30.1%/21.1%/18.4%
    36,352    71    -0.00205  +0.0003  0.0015  1.297↓    0.0%  -0.052  1.57e-04  31.4%/36.9%/16.4%/15.2%
    36,864    72    -0.00206  -0.0001  0.0009  1.269↓    0.0%  -0.495  1.54e-04  29.3%/31.6%/19.5%/19.5%
    37,376    73    -0.00202  -0.0009  0.0012  1.255↓    0.0%  +0.563  1.50e-04  34.4%/30.3%/17.0%/18.4%
    37,888    74    -0.00197  +0.0004  0.0013  1.272↓    0.0%  -0.417  1.47e-04  33.8%/29.9%/18.0%/18.4%
    38,400    75    -0.00199  +0.0008  0.0013  1.268↓    0.0%  -0.129  1.44e-04  34.6%/30.1%/18.8%/16.6%
    38,912    76    -0.00199  -0.0017  0.0014  1.268↓    0.0%  -0.748  1.41e-04  32.2%/30.1%/18.8%/18.9%
    39,424    77    -0.00199  -0.0009  0.0011  1.270↓    0.0%  -0.795  1.38e-04  32.2%/32.2%/17.8%/17.8%
    39,936    78    -0.00200  +0.0006  0.0009  1.272↓    0.0%  -1.006  1.34e-04  29.7%/31.1%/20.7%/18.6%
    40,448    79    -0.00203  +0.0013  0.0030  1.266↓    0.0%  -0.130  1.31e-04  31.8%/29.5%/19.5%/19.1%
    40,960    80    -0.00192  -0.0002  0.0011  1.267↓    0.0%  -2.452  1.28e-04  34.6%/28.9%/19.1%/17.4%
    41,472    81    -0.00180  -0.0004  0.0013  1.259↓    0.0%  -0.961  1.25e-04  35.5%/29.3%/17.0%/18.2%
    41,984    82    -0.00173  -0.0011  0.0009  1.243↓    0.0%  -1.833  1.22e-04  39.5%/27.3%/16.0%/17.2%
    42,496    83    -0.00167  -0.0007  0.0009  1.243↓    0.0%  -0.039  1.19e-04  33.8%/29.5%/16.4%/20.3%
    43,008    84    -0.00158  +0.0000  0.0009  1.254↓    0.0%  -0.024  1.15e-04  33.4%/34.6%/13.9%/18.2%
    43,520    85    -0.00151  +0.0009  0.0013  1.261↓    0.0%  -0.194  1.12e-04  36.3%/30.9%/14.8%/18.0%
    44,032    86    -0.00142  -0.0017  0.0009  1.241↓    0.0%  -0.230  1.09e-04  38.7%/28.9%/13.3%/19.1%
    44,544    87    -0.00137  -0.0011  0.0012  1.263↓    0.0%  +0.032  1.06e-04  33.2%/28.5%/20.9%/17.4%
  ✓ Kontrolpunkts: checkpoints_Realistic Mode, OP - 0.000898 (Main)_LTC\ckpt_step0044544.pth  [59% apmācības]
    45,056    88    -0.00128  +0.0008  0.0009  1.266↓    0.0%  -2.267  1.03e-04  33.6%/28.5%/18.6%/19.3%
    45,568    89    -0.00112  +0.0006  0.0008  1.256↓    0.0%  -1.769  1.00e-04  37.3%/27.5%/16.8%/18.4%
    46,080    90    -0.00111  -0.0006  0.0012  1.248↓    0.0%  +0.101  9.70e-05  37.7%/28.5%/15.0%/18.8%
    46,592    91    -0.00104  -0.0011  0.0010  1.268↓    0.0%  -1.663  9.40e-05  38.7%/25.2%/18.8%/17.4%
    47,104    92    -0.00104  -0.0003  0.0010  1.262↓    0.0%  -0.471  9.11e-05  34.2%/28.7%/18.9%/18.2%
    47,616    93    -0.00100  +0.0001  0.0008  1.263↓    0.0%  -0.695  8.81e-05  31.4%/29.1%/20.3%/19.1%
    48,128    94    -0.00099  -0.0010  0.0008  1.266↓    0.0%  -0.980  8.52e-05  33.0%/27.9%/19.9%/19.1%
    48,640    95    -0.00091  -0.0010  0.0009  1.260↓    0.0%  -1.996  8.23e-05  33.8%/28.7%/18.6%/18.9%
    49,152    96    -0.00094  -0.0003  0.0017  1.269↓    0.0%  +0.014  7.95e-05  33.6%/30.3%/17.4%/18.8%
    49,664    97    -0.00099  +0.0002  0.0015  1.284↓    0.0%  -0.278  7.67e-05  32.8%/28.9%/20.3%/18.0%
    50,176    98    -0.00097  -0.0012  0.0008  1.262↓    0.0%  -1.125  7.39e-05  36.1%/29.3%/15.8%/18.8%
    50,688    99    -0.00095  -0.0013  0.0010  1.282↓    0.0%  -2.150  7.12e-05  30.7%/27.7%/24.2%/17.4%
    51,200   100    -0.00096  +0.0007  0.0011  1.279↓    0.0%  -2.093  6.84e-05  32.0%/28.3%/20.9%/18.8%
    51,712   101    -0.00099  +0.0000  0.0007  1.264↓    0.0%  -0.537  6.58e-05  33.0%/27.1%/21.1%/18.8%
    52,224   102    -0.00098  +0.0007  0.0007  1.286↓    0.0%  -0.237  6.31e-05  29.9%/32.8%/18.9%/18.4%
    52,736   103    -0.00096  +0.0005  0.0008  1.281↓    0.0%  -0.332  6.06e-05  33.2%/32.6%/17.6%/16.6%
    53,248   104    -0.00095  -0.0002  0.0009  1.272↓    0.0%  -1.195  5.80e-05  33.8%/27.9%/19.3%/18.9%
    53,760   105    -0.00098  +0.0002  0.0010  1.282↓    0.0%  +0.404  5.55e-05  34.2%/26.4%/23.4%/16.0%
    54,272   106    -0.00098  +0.0004  0.0007  1.299↓    0.0%  -0.323  5.30e-05  32.6%/30.5%/20.3%/16.6%
    54,784   107    -0.00091  -0.0006  0.0012  1.268↓    0.0%  +0.612  5.06e-05  33.0%/27.5%/19.9%/19.5%
    55,296   108    -0.00098  -0.0007  0.0010  1.286↓    0.0%  +0.376  4.83e-05  27.1%/29.5%/24.4%/18.9%
    55,808   109    -0.00098  -0.0009  0.0008  1.278↓    0.0%  -1.225  4.59e-05  33.2%/26.8%/21.5%/18.6%
    56,320   110    -0.00098  +0.0002  0.0008  1.283↓    0.0%  -0.404  4.37e-05  29.5%/29.1%/21.1%/20.3%
    56,832   111    -0.00096  -0.0002  0.0009  1.280↓    0.0%  -4.194  4.14e-05  34.6%/28.5%/18.6%/18.4%
    57,344   112    -0.00096  +0.0011  0.0008  1.280↓    0.0%  -0.337  3.93e-05  31.8%/28.1%/22.3%/17.8%
    57,856   113    -0.00096  -0.0009  0.0006  1.276↓    0.0%  -1.650  3.71e-05  32.8%/29.3%/19.5%/18.4%
    58,368   114    -0.00097  -0.0002  0.0007  1.284↓    0.0%  -1.211  3.51e-05  32.2%/28.5%/21.7%/17.6%
    58,880   115    -0.00095  -0.0005  0.0006  1.288↓    0.0%  -0.554  3.30e-05  32.0%/31.8%/19.1%/17.0%
    59,392   116    -0.00090  +0.0006  0.0006  1.267↓    0.0%  -0.716  3.11e-05  33.4%/27.3%/20.9%/18.4%
  ✓ Kontrolpunkts: checkpoints_Realistic Mode, OP - 0.000898 (Main)_LTC\ckpt_step0059392.pth  [79% apmācības]
    59,904   117    -0.00089  -0.0004  0.0008  1.279↓    0.0%  -0.777  2.92e-05  32.6%/25.6%/23.2%/18.6%
    60,416   118    -0.00081  -0.0001  0.0006  1.269↓    0.0%  -2.339  2.73e-05  30.7%/28.1%/20.5%/20.7%
    60,928   119    -0.00079  +0.0005  0.0007  1.278↓    0.0%  -0.849  2.55e-05  31.8%/29.3%/20.7%/18.2%
    61,440   120    -0.00077  +0.0000  0.0007  1.275↓    0.0%  -2.023  2.38e-05  31.1%/26.8%/23.8%/18.4%
    61,952   121    -0.00078  -0.0012  0.0010  1.286↓    0.0%  +0.070  2.21e-05  31.6%/28.1%/21.3%/18.9%
    62,464   122    -0.00077  -0.0008  0.0007  1.291↓    0.0%  -0.846  2.05e-05  27.3%/32.2%/23.4%/17.0%
    62,976   123    -0.00080  +0.0003  0.0009  1.267↓    0.0%  -0.667  1.89e-05  33.6%/24.8%/20.9%/20.7%
    63,488   124    -0.00079  +0.0001  0.0007  1.276↓    0.0%  -0.249  1.74e-05  31.8%/29.5%/19.1%/19.5%
    64,000   125    -0.00077  +0.0004  0.0008  1.274↓    0.0%  -1.231  1.60e-05  31.6%/27.7%/21.5%/19.1%
    64,512   126    -0.00078  -0.0003  0.0007  1.277↓    0.0%  -1.019  1.46e-05  30.3%/32.0%/18.4%/19.3%
    65,024   127    -0.00077  +0.0003  0.0007  1.277↓    0.0%  -2.109  1.33e-05  33.2%/25.4%/22.9%/18.6%
    65,536   128    -0.00078  +0.0003  0.0007  1.271↓    0.0%  -2.194  1.21e-05  34.2%/27.1%/19.7%/18.9%
    66,048   129    -0.00085  +0.0004  0.0009  1.279↓    0.0%  -0.545  1.09e-05  32.6%/26.6%/22.1%/18.8%
    66,560   130    -0.00091  +0.0012  0.0009  1.271↓    0.0%  -0.202  9.77e-06  35.7%/28.7%/17.8%/17.8%
    67,072   131    -0.00095  +0.0006  0.0008  1.285↓    0.0%  -0.097  8.72e-06  36.1%/26.6%/20.9%/16.4%
    67,584   132    -0.00103  +0.0003  0.0008  1.287↓    0.0%  -1.772  7.73e-06  30.3%/30.5%/21.5%/17.8%
    68,096   133    -0.00104  -0.0001  0.0007  1.279↓    0.0%  -1.266  6.81e-06  30.5%/26.2%/25.2%/18.2%
    68,608   134    -0.00102  -0.0008  0.0007  1.272↓    0.0%  -1.777  5.96e-06  35.5%/26.6%/19.1%/18.8%
    69,120   135    -0.00108  -0.0001  0.0010  1.276↓    0.0%  -0.110  5.17e-06  29.9%/29.9%/21.3%/18.9%
    69,632   136    -0.00108  +0.0001  0.0007  1.273↓    0.0%  -1.697  4.45e-06  32.8%/28.3%/19.7%/19.1%
    70,144   137    -0.00112  +0.0004  0.0006  1.274↓    0.0%  -0.134  3.79e-06  33.4%/28.5%/18.9%/19.1%
    70,656   138    -0.00115  +0.0011  0.0009  1.281↓    0.0%  -1.918  3.21e-06  31.2%/30.1%/19.9%/18.8%
    71,168   139    -0.00108  -0.0006  0.0008  1.275↓    0.0%  -1.638  2.69e-06  31.4%/29.3%/18.4%/20.9%
    71,680   140    -0.00107  -0.0022  0.0013  1.286↓    0.0%  -0.495  2.24e-06  29.9%/29.3%/22.3%/18.6%
    72,192   141    -0.00103  -0.0009  0.0008  1.284↓    0.0%  -1.093  1.86e-06  29.3%/34.2%/18.8%/17.8%
    72,704   142    -0.00095  +0.0002  0.0007  1.281↓    0.0%  -0.463  1.55e-06  30.7%/28.7%/23.0%/17.6%
    73,216   143    -0.00092  -0.0007  0.0006  1.271↓    0.0%  -5.251  1.31e-06  34.4%/27.7%/19.9%/18.0%
    73,728   144    -0.00095  -0.0012  0.0006  1.279↓    0.0%  -1.419  1.14e-06  29.7%/27.5%/23.2%/19.5%
    74,240   145    -0.00090  -0.0009  0.0006  1.280↓    0.0%  -3.258  1.03e-06  35.9%/25.0%/21.7%/17.4%
  ✓ Kontrolpunkts: checkpoints_Realistic Mode, OP - 0.000898 (Main)_LTC\ckpt_step0074240.pth  [99% apmācības]
    74,752   146    -0.00088  -0.0005  0.0006  1.287↓    0.0%  -1.558  1.00e-06  33.0%/31.6%/18.6%/16.8%
    75,264   147    -0.00084  +0.0008  0.0006  1.281↓    0.0%  -1.922  1.03e-06  34.0%/27.0%/21.9%/17.2%
  ✓ Kontrolpunkts: checkpoints_Realistic Mode, OP - 0.000898 (Main)_LTC\ckpt_step0075264.pth  [100% apmācības]

────────────────────────────────────────────────────────────────────────────────
  Vidējais ātrums: 558 soļi/sek
  Vidējā atlīdzība (pēdējie 10 atjauninājumi): -0.00084
  Galīgā entropija: 1.281  (sākums: 1.299)
────────────────────────────────────────────────────────────────────────────────

✓ Galīgais modelis saglabāts: ppo_trader_Realistic Mode, OP - 0.000898 (Main)_LTC.pth

============================================================
11. SOLIS: Bektests (4 varianti)
============================================================

────────────────────────────────────────────────────────────  1. Komisija + slipāža          
  Bilance: $4.11 | Ienesīgums: -99.59% | MaxDD: 99.65% | Sharpe: -5.158 | Calmar: -0.999 | PF: 0.541 | Darījumi: 499 | Win%: 25.1%

────────────────────────────────────────────────────────────  2. Tikai komisija              
  Bilance: $694.87 | Ienesīgums: -30.51% | MaxDD: 62.04% | Sharpe: 0.112 | Calmar: -0.492 | PF: 0.976 | Darījumi: 499 | Win%: 41.9%

────────────────────────────────────────────────────────────  3. Tikai slipāža              
  Bilance: $6.14 | Ienesīgums: -99.39% | MaxDD: 99.49% | Sharpe: -4.886 | Calmar: -0.999 | PF: 0.555 | Darījumi: 499 | Win%: 25.7%

────────────────────────────────────────────────────────────  4. Bez izmaksām               
  Bilance: $1,035.96 | Ienesīgums: +3.60% | MaxDD: 58.51% | Sharpe: 0.383 | Calmar: 0.061 | PF: 1.007 | Darījumi: 499 | Win%: 43.3%


======================================================================
12. SOLIS: Rezultāti
======================================================================

  Metrika                     1. Komisija + slipāža            2. Tikai komisija                3. Tikai slipāža                4. Bez izmaksām               
  ──────────────────────────────────────────────────────────────────────────────────────────────────────────────────────────────────────────────────────────────
  Galīgā bilance                                       $4.11                         $694.87                           $6.14                       $1,035.96
  Ienesīgums                                         -99.59%                         -30.51%                         -99.39%                          +3.60%
  Maks. kritums                                       99.65%                          62.04%                          99.49%                          58.51%
  Sharpe (pēc darījumiem)                             -5.158                           0.112                          -4.886                           0.383
  Calmar koeficients                                  -0.999                          -0.492                          -0.999                           0.061
  Peļņas faktors                                       0.541                           0.976                           0.555                           1.007
  Vid. PnL / solis ($)                             -0.006480                       -0.000990                       -0.006654                        0.000326
  Darījumi                                               499                             499                             499                             499
  Uzvaru īpatsvars                                     25.1%                           41.9%                           25.7%                           43.3%
  Vid. darījuma P&L                                  -0.756%                         +0.017%                         -0.716%                         +0.057%
  Vid. ilgums (h)                                       17.6                            17.6                            17.6                            17.6
  Vid. slip (ieeja+izeja)                            0.5118%                               —                         0.5119%                               —
  Vid. komisija                                      0.0800%                         0.0800%                               —                               —

  Zudumi no komisijām        : +34.11%
  Zudumi no slipāžas        : +102.98%
  Kopējie zudumi             : +103.18%

  Signāli (variants 1):
    HOLD  :   92,001  (83.4%)
    LONG  :   15,569  (14.1%)
    SHORT :    2,609  (2.4%)
    CLOSE :      170  (0.2%)

  Darījumi: LONG=240  SHORT=259

  ──────────────────────────────────────────────────────────
  TOP 5 IENESĪGĀKIE
  1. LONG  | 2025-05-05 21:20 → 2025-05-09 08:50 | 83h 30m | P&L: +164.80$ (+17.429%) | slip: 0.144%/0.300%
  2. LONG  | 2025-05-09 17:10 → 2025-05-11 00:35 | 31h 25m | P&L: +48.66$ (+4.577%) | slip: 0.107%/0.285%
  3. LONG  | 2025-07-04 12:25 → 2025-07-11 16:15 | 171h 50m | P&L: +45.26$ (+9.267%) | slip: 0.057%/0.183%
  4. LONG  | 2025-04-30 14:10 → 2025-05-03 12:05 | 69h 55m | P&L: +39.65$ (+4.165%) | slip: 0.188%/0.044%
  5. LONG  | 2025-07-17 12:45 → 2025-07-18 11:25 | 22h 40m | P&L: +36.39$ (+7.263%) | slip: 0.221%/0.199%

  ──────────────────────────────────────────────────────────
  TOP 5 ZAUDĪGĀKIE
  1. LONG  | 2025-06-11 19:50 → 2025-06-13 00:40 | 28h 50m | P&L: -63.70$ (-10.188%) | slip: 0.059%/0.220%
  2. LONG  | 2025-05-25 11:10 → 2025-05-30 16:40 | 125h 30m | P&L: -59.76$ (-7.810%) | slip: 0.057%/0.333%
  3. LONG  | 2025-05-14 11:40 → 2025-05-15 08:05 | 20h 25m | P&L: -59.03$ (-6.275%) | slip: 0.092%/0.181%
  4. LONG  | 2025-04-27 12:20 → 2025-04-30 13:45 | 73h 25m | P&L: -44.65$ (-4.443%) | slip: 0.070%/0.248%
  5. LONG  | 2025-06-17 10:40 → 2025-06-21 22:05 | 107h 25m | P&L: -42.75$ (-7.925%) | slip: 0.082%/0.454%

  ✓ Darījumu žurnāls: backtest_Realistic Mode, OP - 0.000898 (Main)_LTC_trades.csv

──────────────────────────────────────────────────────────────────────
  ✓ Rezultāts pievienots: experiments.csv

======================================================================
GATAVS - versija Realistic Mode, OP - 0.000898 (Main)  |  simbols: LTC  |  eksperiments: OP - 0.000898 (Main)
======================================================================
