Žurnāls: ppo_trader_Realistic Mode, OP - 0.000898 (Main)_ETH.log

Ierīce: cpu  |  AMP: False
Eksperiments: OP - 0.000898 (Main)

============================================================
1. SOLIS: Datu ielāde
============================================================
Visa datu kopa : 772,429 sveces  |  2019-01-05 05:00:00 → 2026-05-13 02:40:00
Izmantojam     : 331,041 sveces  |  2023-03-20 14:35:00 → 2026-05-13 02:40:00
Apmācība (~2g) : 0..220,694  (2023-03-20 14:35:00 → 2025-04-24 23:05:00)
Tests  (~1g)   : 220,694..331,041  (2025-04-24 23:10:00 → 2026-05-13 02:40:00)
Pazīmes (tirgus): 32
N_STATE_FEATURES=34

Slipāžas rindu priekšaprēķins...

============================================================
7. SOLIS: Modelis
============================================================
Parametri: 62,853  |  INPUT_DIM=34
Arhitektūra: D_MODEL=64, N_HEADS=2, N_LAYERS=1, SEQ_LEN=32

============================================================
10. SOLIS: Apmācība (PPO)
============================================================
Kopējie soļi: 75,000  |  N_ENVS: 4  |  ROLLOUT_STEPS: 128
Bufera izmērs vienam atjauninājumam: 512 pārejas
PPO epohi: 2  |  Mini-pakete: 128
Labvēlības periods: 12 sveces  |  Atvēršanas sods: 0.000898  |  Min darījums: 72 sveces  |  Īsa darījuma sods: 0.000898
Kontrolpunkti: checkpoints_Realistic Mode, OP - 0.000898 (Main)_ETH/  (ik pēc 29 atjauninājumiem)

────────────────────────────────────────────────────────────────────────────────
     Solis   Upd  Rew(avg10)       pi       v    ent   clip%      ev        lr  Darbības(H/L/S/C)
────────────────────────────────────────────────────────────────────────────────
       512     1    -0.00172  -0.0005  0.0376  1.299?    0.0%  -1.246  3.00e-04  25.2%/28.5%/26.6%/19.7%
     1,024     2    -0.00154  +0.0000  0.0260  1.305?    0.0%  -0.500  3.00e-04  30.9%/25.4%/26.0%/17.8%
     1,536     3    -0.00160  +0.0001  0.0190  1.290?    0.0%  -0.725  3.00e-04  29.7%/25.2%/25.8%/19.3%
     2,048     4    -0.00160  -0.0000  0.0156  1.302?    0.0%  -1.827  2.99e-04  30.3%/29.5%/22.5%/17.8%
     2,560     5    -0.00158  -0.0007  0.0090  1.297?    0.0%  -0.327  2.99e-04  29.9%/25.8%/26.0%/18.4%
     3,072     6    -0.00159  -0.0005  0.0093  1.308→    0.0%  -0.872  2.99e-04  23.2%/26.2%/31.6%/18.9%
     3,584     7    -0.00159  -0.0002  0.0074  1.298→    0.0%  -0.125  2.98e-04  28.3%/26.2%/26.2%/19.3%
     4,096     8    -0.00160  -0.0004  0.0074  1.308→    0.0%  -0.228  2.98e-04  28.9%/23.2%/28.9%/18.9%
     4,608     9    -0.00160  -0.0005  0.0061  1.306→    0.0%  -0.388  2.97e-04  29.1%/28.3%/24.2%/18.4%
     5,120    10    -0.00159  -0.0002  0.0057  1.303→    0.0%  -0.470  2.97e-04  27.5%/28.9%/25.0%/18.6%
     5,632    11    -0.00153  -0.0004  0.0044  1.312→    0.0%  -0.232  2.96e-04  26.6%/29.7%/25.8%/18.0%
     6,144    12    -0.00154  -0.0009  0.0046  1.314↑    0.0%  -1.540  2.95e-04  29.5%/30.9%/24.2%/15.4%
     6,656    13    -0.00151  +0.0001  0.0043  1.319↑    0.0%  -2.417  2.94e-04  25.4%/29.7%/27.7%/17.2%
     7,168    14    -0.00150  -0.0007  0.0034  1.312↑    0.0%  -3.450  2.93e-04  24.4%/27.9%/29.3%/18.4%
     7,680    15    -0.00155  -0.0005  0.0045  1.310↑    0.0%  -0.978  2.92e-04  28.9%/24.8%/29.1%/17.2%
     8,192    16    -0.00157  -0.0008  0.0042  1.293↑    0.0%  -0.408  2.91e-04  30.1%/26.4%/24.6%/18.9%
     8,704    17    -0.00158  +0.0001  0.0038  1.304↑    0.0%  -1.861  2.90e-04  29.3%/26.6%/25.8%/18.4%
     9,216    18    -0.00155  -0.0004  0.0028  1.300→    0.0%  -0.516  2.89e-04  33.4%/28.3%/21.3%/17.0%
     9,728    19    -0.00157  +0.0000  0.0029  1.310→    0.0%  -2.894  2.88e-04  25.4%/26.4%/30.9%/17.4%
    10,240    20    -0.00159  -0.0008  0.0029  1.304→    0.0%  -1.511  2.86e-04  27.9%/26.6%/28.3%/17.2%
    10,752    21    -0.00161  -0.0006  0.0027  1.305↑    0.0%  -0.677  2.85e-04  27.3%/27.1%/27.7%/17.8%
    11,264    22    -0.00164  +0.0002  0.0027  1.303↑    0.0%  -0.921  2.84e-04  27.0%/27.3%/27.1%/18.6%
    11,776    23    -0.00165  -0.0003  0.0020  1.302↑    0.0%  +0.239  2.82e-04  30.7%/26.8%/24.8%/17.8%
    12,288    24    -0.00167  -0.0002  0.0029  1.314↑    0.0%  -1.690  2.81e-04  29.3%/27.1%/26.6%/17.0%
    12,800    25    -0.00166  -0.0009  0.0026  1.294→    0.0%  -0.162  2.79e-04  31.1%/28.3%/22.1%/18.6%
    13,312    26    -0.00167  -0.0001  0.0033  1.319↑    0.0%  -0.312  2.77e-04  25.2%/28.9%/30.3%/15.6%
    13,824    27    -0.00164  +0.0003  0.0021  1.301↑    0.0%  +0.024  2.75e-04  33.8%/27.1%/23.6%/15.4%
    14,336    28    -0.00166  -0.0006  0.0023  1.301→    0.0%  -0.028  2.74e-04  29.5%/23.8%/28.9%/17.8%
    14,848    29    -0.00162  -0.0007  0.0019  1.309↑    0.0%  -0.015  2.72e-04  29.1%/27.5%/26.8%/16.6%
  ✓ Kontrolpunkts: checkpoints_Realistic Mode, OP - 0.000898 (Main)_ETH\ckpt_step0014848.pth  [20% apmācības]
    15,360    30    -0.00164  -0.0004  0.0019  1.303↑    0.0%  -2.830  2.70e-04  27.3%/25.0%/28.5%/19.1%
    15,872    31    -0.00167  -0.0008  0.0017  1.305↑    0.0%  -0.784  2.68e-04  32.0%/24.0%/28.5%/15.4%
    16,384    32    -0.00169  -0.0003  0.0023  1.282→    0.0%  -1.709  2.66e-04  32.6%/21.9%/25.0%/20.5%
    16,896    33    -0.00169  -0.0010  0.0020  1.303→    0.0%  -2.277  2.64e-04  33.0%/26.6%/23.6%/16.8%
    17,408    34    -0.00172  -0.0001  0.0021  1.303→    0.0%  -0.166  2.62e-04  30.7%/29.5%/23.2%/16.6%
    17,920    35    -0.00173  -0.0003  0.0031  1.304→    0.0%  -0.016  2.60e-04  28.5%/26.6%/27.1%/17.8%
    18,432    36    -0.00173  -0.0010  0.0029  1.296→    0.0%  +0.048  2.57e-04  31.2%/24.4%/26.6%/17.8%
    18,944    37    -0.00178  -0.0021  0.0024  1.300→    0.0%  +0.443  2.55e-04  28.1%/26.8%/26.8%/18.4%
    19,456    38    -0.00180  -0.0006  0.0018  1.305→    0.0%  -0.455  2.53e-04  32.0%/28.1%/22.9%/17.0%
    19,968    39    -0.00182  +0.0002  0.0022  1.292→    0.0%  +0.008  2.50e-04  32.4%/22.5%/27.0%/18.2%
    20,480    40    -0.00180  -0.0011  0.0018  1.298→    0.0%  -1.396  2.48e-04  28.7%/27.5%/26.4%/17.4%
    20,992    41    -0.00180  -0.0018  0.0017  1.298→    0.0%  -0.423  2.45e-04  28.9%/24.0%/28.1%/18.9%
    21,504    42    -0.00177  -0.0006  0.0018  1.310→    0.0%  -0.326  2.43e-04  32.8%/26.0%/25.6%/15.6%
    22,016    43    -0.00175  -0.0008  0.0015  1.289→    0.0%  +0.159  2.40e-04  37.1%/21.9%/24.8%/16.2%
    22,528    44    -0.00169  -0.0003  0.0017  1.292→    0.0%  +0.262  2.38e-04  34.2%/25.2%/23.0%/17.6%
    23,040    45    -0.00164  +0.0000  0.0014  1.269↓    0.0%  -1.449  2.35e-04  34.8%/22.7%/25.6%/17.0%
    23,552    46    -0.00157  -0.0022  0.0015  1.290↓    0.0%  +0.132  2.33e-04  32.8%/20.1%/31.2%/15.8%
    24,064    47    -0.00150  -0.0006  0.0012  1.276↓    0.0%  -3.016  2.30e-04  38.1%/19.7%/27.1%/15.0%
    24,576    48    -0.00148  -0.0009  0.0013  1.283↓    0.0%  -2.539  2.27e-04  33.8%/24.4%/24.6%/17.2%
    25,088    49    -0.00147  +0.0001  0.0012  1.279↓    0.0%  -0.570  2.24e-04  33.8%/23.4%/26.6%/16.2%
    25,600    50    -0.00147  -0.0015  0.0013  1.267↓    0.0%  -1.855  2.22e-04  33.6%/18.9%/29.1%/18.4%
    26,112    51    -0.00148  -0.0008  0.0016  1.270↓    0.0%  -0.886  2.19e-04  37.3%/19.1%/27.9%/15.6%
    26,624    52    -0.00152  -0.0000  0.0014  1.263↓    0.0%  +0.233  2.16e-04  37.9%/24.0%/22.9%/15.2%
    27,136    53    -0.00168  -0.0014  0.0026  1.294↓    0.0%  -0.356  2.13e-04  31.8%/24.6%/27.9%/15.6%
    27,648    54    -0.00174  -0.0003  0.0015  1.258↓    0.0%  -0.968  2.10e-04  35.9%/20.7%/26.0%/17.4%
    28,160    55    -0.00175  -0.0006  0.0013  1.258↓    0.0%  -0.572  2.07e-04  38.1%/20.9%/24.2%/16.8%
    28,672    56    -0.00177  -0.0017  0.0012  1.250↓    0.0%  -0.409  2.04e-04  36.9%/18.9%/26.2%/18.0%
    29,184    57    -0.00181  -0.0014  0.0008  1.248↓    0.0%  +0.031  2.01e-04  37.3%/21.7%/23.6%/17.4%
    29,696    58    -0.00180  -0.0019  0.0011  1.240↓    0.0%  -1.676  1.98e-04  38.1%/18.0%/27.1%/16.8%
  ✓ Kontrolpunkts: checkpoints_Realistic Mode, OP - 0.000898 (Main)_ETH\ckpt_step0029696.pth  [40% apmācības]
    30,208    59    -0.00185  -0.0010  0.0015  1.227↓    0.0%  +0.165  1.95e-04  39.6%/20.3%/22.5%/17.6%
    30,720    60    -0.00185  -0.0027  0.0013  1.226↓    0.0%  -0.150  1.92e-04  39.3%/19.3%/26.0%/15.4%
    31,232    61    -0.00179  -0.0047  0.0011  1.202↓    0.2%  -1.331  1.89e-04  46.3%/16.8%/22.3%/14.6%
    31,744    62    -0.00171  +0.0009  0.0011  1.203↓    0.3%  -0.114  1.86e-04  43.6%/18.2%/23.2%/15.0%
    32,256    63    -0.00155  +0.0006  0.0010  1.147↓    0.0%  -0.372  1.82e-04  54.1%/15.2%/17.8%/12.9%
    32,768    64    -0.00150  -0.0025  0.0017  1.226↓    0.2%  -0.326  1.79e-04  36.3%/24.6%/21.9%/17.2%
    33,280    65    -0.00147  -0.0000  0.0013  1.183↓    0.0%  -0.511  1.76e-04  46.7%/18.0%/21.5%/13.9%
    33,792    66    -0.00150  -0.0000  0.0011  1.201↓    0.1%  -0.834  1.73e-04  43.0%/21.7%/19.5%/15.8%
    34,304    67    -0.00146  -0.0015  0.0012  1.189↓    0.2%  -4.802  1.70e-04  43.8%/19.5%/21.1%/15.6%
    34,816    68    -0.00143  -0.0048  0.0008  1.158↓    0.4%  -2.618  1.67e-04  46.1%/18.2%/20.9%/14.8%
    35,328    69    -0.00135  +0.0000  0.0012  1.186↓    0.2%  -1.371  1.63e-04  50.2%/17.0%/20.7%/12.1%
    35,840    70    -0.00139  -0.0002  0.0012  1.170↓    0.0%  -0.122  1.60e-04  47.5%/17.0%/20.5%/15.0%
    36,352    71    -0.00145  -0.0009  0.0014  1.222↓    0.0%  -0.068  1.57e-04  45.1%/26.0%/17.0%/11.9%
    36,864    72    -0.00147  -0.0001  0.0010  1.152↓    0.0%  +0.068  1.54e-04  46.7%/19.5%/18.4%/15.4%
    37,376    73    -0.00145  -0.0009  0.0010  1.193↓    0.0%  +0.353  1.50e-04  49.2%/18.0%/19.1%/13.7%
    37,888    74    -0.00144  -0.0019  0.0009  1.181↓    0.0%  -0.958  1.47e-04  47.7%/19.5%/19.1%/13.7%
    38,400    75    -0.00148  -0.0009  0.0011  1.186↓    0.0%  -0.917  1.44e-04  49.0%/18.0%/18.6%/14.5%
    38,912    76    -0.00144  -0.0021  0.0008  1.190↓    0.0%  -1.084  1.41e-04  47.7%/17.8%/21.3%/13.3%
    39,424    77    -0.00145  +0.0026  0.0007  1.187↓    0.0%  -1.278  1.38e-04  48.8%/18.6%/18.2%/14.5%
    39,936    78    -0.00144  -0.0020  0.0007  1.201↓    0.0%  -1.027  1.34e-04  44.7%/19.3%/20.9%/15.0%
    40,448    79    -0.00152  -0.0013  0.0012  1.195↓    0.0%  +0.087  1.31e-04  46.9%/18.9%/19.1%/15.0%
    40,960    80    -0.00145  -0.0008  0.0009  1.242↓    0.0%  -2.976  1.28e-04  40.4%/21.3%/22.5%/15.8%
    41,472    81    -0.00144  +0.0013  0.0008  1.177↓    0.0%  -0.298  1.25e-04  49.4%/17.8%/17.4%/15.4%
    41,984    82    -0.00139  -0.0010  0.0007  1.196↓    0.0%  -5.411  1.22e-04  49.8%/16.4%/19.3%/14.5%
    42,496    83    -0.00143  -0.0011  0.0008  1.173↓    0.0%  -0.741  1.19e-04  48.8%/15.8%/19.1%/16.2%
    43,008    84    -0.00148  +0.0006  0.0008  1.234↓    0.1%  -1.205  1.15e-04  40.6%/23.8%/19.1%/16.4%
    43,520    85    -0.00148  -0.0020  0.0010  1.209↓    0.0%  -0.321  1.12e-04  46.1%/21.3%/17.8%/14.8%
    44,032    86    -0.00147  -0.0005  0.0009  1.213↓    0.0%  -1.227  1.09e-04  44.7%/20.3%/17.2%/17.8%
    44,544    87    -0.00160  -0.0004  0.0027  1.231↓    0.0%  -0.559  1.06e-04  40.4%/19.7%/24.0%/15.8%
  ✓ Kontrolpunkts: checkpoints_Realistic Mode, OP - 0.000898 (Main)_ETH\ckpt_step0044544.pth  [59% apmācības]
    45,056    88    -0.00166  -0.0002  0.0009  1.218↓    0.0%  +0.138  1.03e-04  40.0%/20.9%/21.5%/17.6%
    45,568    89    -0.00159  -0.0008  0.0008  1.216↓    0.0%  -0.295  1.00e-04  45.3%/18.9%/20.5%/15.2%
    46,080    90    -0.00160  -0.0009  0.0010  1.161↓    0.0%  -0.278  9.70e-05  51.2%/15.6%/18.0%/15.2%
    46,592    91    -0.00155  -0.0006  0.0007  1.220↓    0.0%  -0.217  9.40e-05  46.9%/18.4%/19.7%/15.0%
    47,104    92    -0.00158  +0.0006  0.0006  1.186↓    0.0%  -0.894  9.11e-05  45.7%/18.9%/20.1%/15.2%
    47,616    93    -0.00153  -0.0018  0.0008  1.196↓    0.1%  +0.088  8.81e-05  41.8%/17.4%/23.6%/17.2%
    48,128    94    -0.00147  -0.0019  0.0007  1.191↓    0.0%  -0.520  8.52e-05  47.1%/16.4%/21.3%/15.2%
    48,640    95    -0.00142  -0.0022  0.0006  1.184↓    0.0%  -0.583  8.23e-05  46.5%/18.0%/19.9%/15.6%
    49,152    96    -0.00142  +0.0003  0.0008  1.200↓    0.0%  -0.208  7.95e-05  46.1%/18.6%/20.1%/15.2%
    49,664    97    -0.00132  +0.0001  0.0015  1.201↓    0.0%  -0.136  7.67e-05  47.9%/16.4%/19.5%/16.2%
    50,176    98    -0.00131  -0.0008  0.0009  1.225↓    0.0%  -0.771  7.39e-05  40.8%/20.9%/20.5%/17.8%
    50,688    99    -0.00133  +0.0011  0.0007  1.167↓    0.0%  -0.543  7.12e-05  46.7%/14.8%/23.4%/15.0%
    51,200   100    -0.00129  -0.0004  0.0010  1.206↓    0.0%  -1.209  6.84e-05  43.9%/17.8%/22.9%/15.4%
    51,712   101    -0.00125  +0.0007  0.0009  1.171↓    0.0%  +0.421  6.58e-05  48.8%/14.5%/21.1%/15.6%
    52,224   102    -0.00125  -0.0002  0.0007  1.219↓    0.0%  +0.159  6.31e-05  42.0%/21.7%/21.3%/15.0%
    52,736   103    -0.00126  -0.0005  0.0013  1.194↓    0.0%  +0.534  6.06e-05  47.7%/19.3%/19.5%/13.5%
    53,248   104    -0.00124  -0.0001  0.0006  1.178↓    0.0%  +0.337  5.80e-05  45.3%/18.0%/19.1%/17.6%
    53,760   105    -0.00118  -0.0001  0.0008  1.187↓    0.0%  -0.219  5.55e-05  45.5%/16.2%/23.2%/15.0%
    54,272   106    -0.00114  -0.0004  0.0007  1.190↓    0.0%  -2.728  5.30e-05  47.5%/18.2%/19.1%/15.2%
    54,784   107    -0.00108  -0.0001  0.0009  1.174↓    0.0%  +0.165  5.06e-05  50.4%/14.8%/19.3%/15.4%
    55,296   108    -0.00100  +0.0002  0.0011  1.182↓    0.0%  +0.043  4.83e-05  45.1%/17.6%/23.6%/13.7%
    55,808   109    -0.00093  +0.0019  0.0009  1.205↓    0.0%  -0.897  4.59e-05  46.1%/17.0%/21.7%/15.2%
    56,320   110    -0.00092  +0.0003  0.0008  1.174↓    0.0%  -2.181  4.37e-05  46.9%/14.6%/21.9%/16.6%
    56,832   111    -0.00090  -0.0009  0.0006  1.166↓    0.0%  -0.593  4.14e-05  50.8%/14.3%/19.9%/15.0%
    57,344   112    -0.00083  +0.0000  0.0006  1.175↓    0.0%  -1.072  3.93e-05  50.0%/13.5%/21.9%/14.6%
    57,856   113    -0.00080  +0.0004  0.0007  1.180↓    0.0%  -1.138  3.71e-05  48.2%/17.2%/18.8%/15.8%
    58,368   114    -0.00077  +0.0004  0.0005  1.191↓    0.0%  -1.287  3.51e-05  47.5%/16.6%/21.3%/14.6%
    58,880   115    -0.00078  -0.0002  0.0005  1.160↓    0.0%  -0.105  3.30e-05  49.2%/18.2%/18.2%/14.5%
    59,392   116    -0.00077  +0.0017  0.0006  1.173↓    0.0%  -0.494  3.11e-05  47.1%/16.0%/21.3%/15.6%
  ✓ Kontrolpunkts: checkpoints_Realistic Mode, OP - 0.000898 (Main)_ETH\ckpt_step0059392.pth  [79% apmācības]
    59,904   117    -0.00074  -0.0004  0.0006  1.154↓    0.0%  +0.152  2.92e-05  51.2%/14.1%/21.1%/13.7%
    60,416   118    -0.00074  +0.0002  0.0007  1.180↓    0.0%  -0.146  2.73e-05  45.9%/17.6%/20.3%/16.2%
    60,928   119    -0.00075  -0.0013  0.0006  1.163↓    0.0%  -0.401  2.55e-05  48.2%/17.8%/18.9%/15.0%
    61,440   120    -0.00073  -0.0006  0.0005  1.157↓    0.0%  -1.701  2.38e-05  48.2%/14.3%/22.3%/15.2%
    61,952   121    -0.00071  -0.0003  0.0007  1.180↓    0.0%  -0.448  2.21e-05  46.9%/15.8%/21.5%/15.8%
    62,464   122    -0.00072  -0.0004  0.0008  1.199↓    0.0%  -1.381  2.05e-05  42.6%/19.7%/23.2%/14.5%
    62,976   123    -0.00072  +0.0002  0.0008  1.177↓    0.0%  -1.961  1.89e-05  48.6%/15.0%/20.7%/15.6%
    63,488   124    -0.00074  +0.0023  0.0006  1.159↓    0.0%  -1.360  1.74e-05  50.0%/15.6%/18.8%/15.6%
    64,000   125    -0.00074  -0.0001  0.0005  1.166↓    0.0%  -1.455  1.60e-05  46.9%/16.4%/20.1%/16.6%
    64,512   126    -0.00077  -0.0004  0.0005  1.160↓    0.0%  -1.020  1.46e-05  49.2%/16.8%/18.9%/15.0%
    65,024   127    -0.00076  -0.0004  0.0006  1.178↓    0.0%  -1.797  1.33e-05  47.3%/15.8%/21.1%/15.8%
    65,536   128    -0.00077  +0.0001  0.0006  1.154↓    0.0%  -1.602  1.21e-05  50.2%/14.8%/19.9%/15.0%
    66,048   129    -0.00077  -0.0010  0.0007  1.196↓    0.0%  -0.588  1.09e-05  47.3%/14.5%/22.1%/16.2%
    66,560   130    -0.00080  +0.0010  0.0007  1.161↓    0.0%  -0.912  9.77e-06  52.3%/14.6%/17.6%/15.4%
    67,072   131    -0.00084  +0.0005  0.0006  1.208↓    0.0%  -0.997  8.72e-06  48.6%/15.6%/21.1%/14.6%
    67,584   132    -0.00088  -0.0007  0.0008  1.210↓    0.0%  -0.798  7.73e-06  44.3%/19.5%/21.7%/14.5%
    68,096   133    -0.00088  +0.0008  0.0007  1.204↓    0.0%  -0.941  6.81e-06  41.2%/16.8%/25.2%/16.8%
    68,608   134    -0.00087  +0.0004  0.0005  1.194↓    0.0%  -1.069  5.96e-06  48.0%/17.2%/19.1%/15.6%
    69,120   135    -0.00089  -0.0016  0.0006  1.157↓    0.0%  -0.109  5.17e-06  48.8%/16.2%/19.7%/15.2%
    69,632   136    -0.00088  -0.0009  0.0007  1.169↓    0.0%  -0.800  4.45e-06  48.0%/17.8%/17.8%/16.4%
    70,144   137    -0.00088  -0.0013  0.0006  1.179↓    0.0%  -0.935  3.79e-06  49.2%/15.0%/20.7%/15.0%
    70,656   138    -0.00085  +0.0020  0.0007  1.191↓    0.0%  -2.392  3.21e-06  46.1%/16.8%/21.7%/15.4%
    71,168   139    -0.00083  -0.0007  0.0006  1.182↓    0.0%  -6.745  2.69e-06  46.5%/18.4%/18.8%/16.4%
    71,680   140    -0.00080  +0.0004  0.0005  1.164↓    0.0%  -1.704  2.24e-06  49.6%/15.8%/20.3%/14.3%
    72,192   141    -0.00081  +0.0000  0.0008  1.200↓    0.0%  -1.882  1.86e-06  43.2%/21.1%/20.1%/15.6%
    72,704   142    -0.00077  +0.0001  0.0006  1.179↓    0.0%  -2.718  1.55e-06  51.4%/15.4%/21.3%/11.9%
    73,216   143    -0.00074  +0.0012  0.0006  1.177↓    0.0%  -2.508  1.31e-06  49.6%/16.2%/19.5%/14.6%
    73,728   144    -0.00075  +0.0001  0.0005  1.174↓    0.0%  -1.049  1.14e-06  46.5%/13.9%/23.6%/16.0%
    74,240   145    -0.00072  -0.0007  0.0008  1.211↓    0.0%  -1.128  1.03e-06  46.7%/16.2%/22.7%/14.5%
  ✓ Kontrolpunkts: checkpoints_Realistic Mode, OP - 0.000898 (Main)_ETH\ckpt_step0074240.pth  [99% apmācības]
    74,752   146    -0.00069  -0.0004  0.0007  1.182↓    0.0%  -2.001  1.00e-06  46.9%/18.2%/20.3%/14.6%
    75,264   147    -0.00066  -0.0008  0.0006  1.193↓    0.0%  -1.981  1.03e-06  51.0%/15.2%/20.5%/13.3%
  ✓ Kontrolpunkts: checkpoints_Realistic Mode, OP - 0.000898 (Main)_ETH\ckpt_step0075264.pth  [100% apmācības]

────────────────────────────────────────────────────────────────────────────────
  Vidējais ātrums: 495 soļi/sek
  Vidējā atlīdzība (pēdējie 10 atjauninājumi): -0.00066
  Galīgā entropija: 1.193  (sākums: 1.299)
────────────────────────────────────────────────────────────────────────────────

✓ Galīgais modelis saglabāts: ppo_trader_Realistic Mode, OP - 0.000898 (Main)_ETH.pth

============================================================
11. SOLIS: Bektests (4 varianti)
============================================================

────────────────────────────────────────────────────────────  1. Komisija + slipāža          
  Bilance: $436.43 | Ienesīgums: -56.36% | MaxDD: 82.94% | Sharpe: -0.375 | Calmar: -0.680 | PF: 0.908 | Darījumi: 134 | Win%: 39.6%

────────────────────────────────────────────────────────────  2. Tikai komisija              
  Bilance: $1,054.59 | Ienesīgums: +5.46% | MaxDD: 68.79% | Sharpe: 0.485 | Calmar: 0.079 | PF: 1.036 | Darījumi: 132 | Win%: 46.2%

────────────────────────────────────────────────────────────  3. Tikai slipāža              
  Bilance: $485.99 | Ienesīgums: -51.40% | MaxDD: 81.71% | Sharpe: -0.303 | Calmar: -0.629 | PF: 0.913 | Darījumi: 134 | Win%: 39.6%

────────────────────────────────────────────────────────────  4. Bez izmaksām               
  Bilance: $1,172.12 | Ienesīgums: +17.21% | MaxDD: 67.18% | Sharpe: 0.556 | Calmar: 0.256 | PF: 1.044 | Darījumi: 132 | Win%: 50.0%


======================================================================
12. SOLIS: Rezultāti
======================================================================

  Metrika                     1. Komisija + slipāža            2. Tikai komisija                3. Tikai slipāža                4. Bez izmaksām               
  ──────────────────────────────────────────────────────────────────────────────────────────────────────────────────────────────────────────────────────────────
  Galīgā bilance                                     $436.43                       $1,054.59                         $485.99                       $1,172.12
  Ienesīgums                                         -56.36%                          +5.46%                         -51.40%                         +17.21%
  Maks. kritums                                       82.94%                          68.79%                          81.71%                          67.18%
  Sharpe (pēc darījumiem)                             -0.375                           0.485                          -0.303                           0.556
  Calmar koeficients                                  -0.680                           0.079                          -0.629                           0.256
  Peļņas faktors                                       0.908                           1.036                           0.913                           1.044
  Vid. PnL / solis ($)                             -0.002503                        0.001202                       -0.002470                        0.001560
  Darījumi                                               134                             132                             134                             132
  Uzvaru īpatsvars                                     39.6%                           46.2%                           39.6%                           50.0%
  Vid. darījuma P&L                                  -0.209%                         +0.275%                         -0.169%                         +0.315%
  Vid. ilgums (h)                                       64.7                            65.8                            64.7                            65.8
  Vid. slip (ieeja+izeja)                            0.3334%                               —                         0.3334%                               —
  Vid. komisija                                      0.0800%                         0.0800%                               —                               —

  Zudumi no komisijām        : +11.75%
  Zudumi no slipāžas        : +68.61%
  Kopējie zudumi             : +73.57%

  Signāli (variants 1):
    HOLD  :  104,108  (94.3%)
    LONG  :    6,113  (5.5%)
    SHORT :       21  (0.0%)
    CLOSE :      103  (0.1%)

  Darījumi: LONG=119  SHORT=15

  ──────────────────────────────────────────────────────────
  TOP 5 IENESĪGĀKIE
  1. LONG  | 2025-08-03 02:40 → 2025-08-16 01:10 | 310h 30m | P&L: +466.00$ (+29.627%) | slip: 0.028%/0.060%
  2. LONG  | 2025-07-10 22:25 → 2025-07-18 01:10 | 170h 45m | P&L: +265.75$ (+19.133%) | slip: 0.119%/0.187%
  3. LONG  | 2025-05-08 04:40 → 2025-05-09 08:05 | 27h 25m | P&L: +248.73$ (+23.410%) | slip: 0.236%/0.353%
  4. LONG  | 2025-06-29 23:10 → 2025-07-10 22:20 | 263h 10m | P&L: +207.13$ (+17.494%) | slip: 0.191%/0.342%
  5. LONG  | 2025-08-20 06:05 → 2025-08-22 15:35 | 57h 30m | P&L: +200.14$ (+10.578%) | slip: 0.055%/0.204%

  ──────────────────────────────────────────────────────────
  TOP 5 ZAUDĪGĀKIE
  1. LONG  | 2025-08-28 04:15 → 2025-10-11 00:25 | 1052h 10m | P&L: -338.14$ (-16.613%) | slip: 0.058%/0.323%
  2. LONG  | 2025-11-04 01:40 → 2025-11-05 01:10 | 23h 30m | P&L: -185.34$ (-12.556%) | slip: 0.076%/0.203%
  3. LONG  | 2026-01-30 04:50 → 2026-02-02 01:15 | 68h 25m | P&L: -157.44$ (-19.443%) | slip: 0.051%/0.689%
  4. LONG  | 2025-08-01 02:55 → 2025-08-03 01:10 | 46h 15m | P&L: -147.29$ (-8.543%) | slip: 0.046%/0.103%
  5. LONG  | 2025-11-13 06:15 → 2025-11-14 06:30 | 24h 15m | P&L: -139.47$ (-10.671%) | slip: 0.097%/0.130%

  ✓ Darījumu žurnāls: backtest_Realistic Mode, OP - 0.000898 (Main)_ETH_trades.csv

──────────────────────────────────────────────────────────────────────
  ✓ Rezultāts pievienots: experiments.csv

======================================================================
GATAVS - versija Realistic Mode, OP - 0.000898 (Main)  |  simbols: ETH  |  eksperiments: OP - 0.000898 (Main)
======================================================================
