Žurnāls: ppo_trader_Risk Control Mode_DOGE.log

Ierīce: cpu  |  AMP: False
Eksperiments: Risk Control Mode

============================================================
1. SOLIS: Datu ielāde
============================================================
Visa datu kopa : 719,235 sveces  |  2019-07-09 17:00:00 → 2026-05-13 04:55:00
Izmantojam     : 308,244 sveces  |  2023-06-07 22:00:00 → 2026-05-13 04:55:00
Apmācība (~2g) : 0..205,496  (2023-06-07 22:00:00 → 2025-05-21 10:35:00)
Tests  (~1g)   : 205,496..308,244  (2025-05-21 10:40:00 → 2026-05-13 04:55:00)
Pazīmes (tirgus): 32
N_STATE_FEATURES=34

Slipāžas rindu priekšaprēķins...

============================================================
7. SOLIS: Modelis
============================================================
Parametri: 62,853  |  INPUT_DIM=34
Arhitektūra: D_MODEL=64, N_HEADS=2, N_LAYERS=1, SEQ_LEN=32

============================================================
10. SOLIS: Apmācība (PPO)
============================================================
Kopējie soļi: 75,000  |  N_ENVS: 4  |  ROLLOUT_STEPS: 128
Bufera izmērs vienam atjauninājumam: 512 pārejas
PPO epohi: 2  |  Mini-pakete: 128
Labvēlības periods: 12 sveces  |  Atvēršanas sods: 0.000898  |  Min darījums: 72 sveces  |  Īsa darījuma sods: 0.000898
Kontrolpunkti: checkpoints_Risk Control Mode_DOGE/  (ik pēc 29 atjauninājumiem)

────────────────────────────────────────────────────────────────────────────────
     Solis   Upd  Rew(avg10)       pi       v    ent   clip%      ev        lr  Darbības(H/L/S/C)
────────────────────────────────────────────────────────────────────────────────
       512     1    -0.01273  -0.0005  0.0623  1.300?    0.0%  -1.497  3.00e-04  25.0%/28.5%/26.8%/19.7%
     1,024     2    -0.02320  -0.0001  0.1654  1.305?    0.0%  +0.095  3.00e-04  30.7%/25.0%/26.4%/18.0%
     1,536     3    -0.03144  +0.0000  0.2928  1.291?    0.0%  -0.895  3.00e-04  29.9%/25.2%/25.8%/19.1%
     2,048     4    -0.03963  +0.0000  0.4785  1.304?    0.0%  -0.298  2.99e-04  30.3%/29.1%/22.9%/17.8%
     2,560     5    -0.04664  -0.0001  0.5969  1.291?    0.0%  -0.180  2.99e-04  30.9%/24.8%/26.0%/18.4%
     3,072     6    -0.05438  -0.0001  0.7877  1.309→    0.0%  -0.736  2.99e-04  23.6%/26.4%/31.1%/18.9%
     3,584     7    -0.06108  -0.0003  0.7154  1.299→    0.0%  -0.420  2.98e-04  28.3%/26.4%/26.0%/19.3%
     4,096     8    -0.06762  -0.0002  0.8864  1.308→    0.0%  +0.098  2.98e-04  29.3%/23.4%/27.9%/19.3%
     4,608     9    -0.07344  +0.0002  0.9056  1.305→    0.0%  +0.434  2.97e-04  29.5%/26.4%/25.2%/18.9%
     5,120    10    -0.07900  -0.0006  1.1163  1.301→    0.0%  -0.339  2.97e-04  27.1%/28.1%/25.2%/19.5%
     5,632    11    -0.09181  +0.0001  1.2760  1.308→    0.0%  -0.083  2.96e-04  27.5%/27.5%/25.4%/19.5%
     6,144    12    -0.10261  -0.0007  1.2358  1.312↑    0.0%  -0.443  2.95e-04  30.7%/29.9%/23.8%/15.6%
     6,656    13    -0.11303  -0.0001  1.5556  1.310↑    0.0%  -0.129  2.94e-04  27.3%/26.0%/27.7%/18.9%
     7,168    14    -0.12191  -0.0004  1.3898  1.304↑    0.0%  -0.593  2.93e-04  27.7%/25.0%/28.1%/19.1%
     7,680    15    -0.12996  -0.0013  1.3290  1.296↑    0.0%  -0.021  2.92e-04  29.3%/23.6%/28.1%/18.9%
     8,192    16    -0.13604  -0.0003  1.3232  1.284→    0.0%  -0.085  2.91e-04  32.2%/23.0%/25.2%/19.5%
     8,704    17    -0.14210  -0.0007  1.5611  1.292↓    0.0%  -0.022  2.90e-04  31.6%/24.0%/25.0%/19.3%
     9,216    18    -0.14680  -0.0019  1.2899  1.290↓    0.0%  -0.066  2.89e-04  35.5%/25.2%/21.5%/17.8%
     9,728    19    -0.15145  -0.0016  1.4440  1.297↓    0.0%  -0.003  2.88e-04  29.1%/23.4%/29.9%/17.6%
    10,240    20    -0.15515  -0.0014  1.3754  1.286↓    0.0%  -0.012  2.86e-04  31.8%/22.3%/27.5%/18.4%
    10,752    21    -0.15743  -0.0020  1.2631  1.273↓    0.0%  -0.020  2.85e-04  32.2%/22.9%/25.4%/19.5%
    11,264    22    -0.15901  -0.0021  1.0029  1.251↓    0.0%  -0.028  2.84e-04  35.7%/22.3%/21.3%/20.7%
    11,776    23    -0.15973  -0.0043  1.0238  1.249↓    0.0%  +0.013  2.82e-04  38.7%/19.3%/23.4%/18.6%
    12,288    24    -0.16089  -0.0026  1.0664  1.240↓    0.0%  -0.024  2.81e-04  37.1%/22.1%/21.7%/19.1%
    12,800    25    -0.16098  -0.0040  0.8280  1.206↓    0.0%  +0.009  2.79e-04  41.6%/20.7%/18.8%/18.9%
    13,312    26    -0.16150  -0.0051  0.8432  1.191↓    0.0%  -0.015  2.77e-04  43.2%/18.2%/21.1%/17.6%
    13,824    27    -0.16075  -0.0047  0.6888  1.158↓    0.0%  -0.020  2.75e-04  48.0%/15.8%/18.6%/17.6%
    14,336    28    -0.15871  -0.0113  0.4696  1.101↓    0.0%  -0.004  2.74e-04  52.7%/13.3%/18.0%/16.0%
    14,848    29    -0.15595  -0.0135  0.4165  1.028↓    0.4%  +0.016  2.72e-04  52.5%/14.6%/14.5%/18.4%
  ✓ Kontrolpunkts: checkpoints_Risk Control Mode_DOGE\ckpt_step0014848.pth  [20% apmācības]
    15,360    30    -0.15090  -0.0198  0.2676  0.891↓    7.4%  -0.016  2.70e-04  59.6%/ 9.2%/15.2%/16.0%
    15,872    31    -0.14408  -0.0187  0.2309  0.736↓    5.9%  -0.024  2.68e-04  68.6%/ 7.0%/10.7%/13.7%
    16,384    32    -0.13463  -0.0111  0.5824  0.602↓    0.1%  -0.030  2.66e-04  78.5%/ 4.9%/ 6.6%/10.0%
    16,896    33    -0.12479  -0.0073  0.5158  0.541↓    0.0%  -0.028  2.64e-04  76.6%/ 5.5%/ 6.8%/11.1%
    17,408    34    -0.11361  -0.0070  0.7024  0.487↓    0.0%  -0.054  2.62e-04  82.6%/ 3.1%/ 6.2%/ 8.0%
    17,920    35    -0.10396  +0.0013  1.0856  0.482↓    2.1%  -1.349  2.60e-04  79.7%/ 6.4%/ 4.7%/ 9.2%
    18,432    36    -0.09371  +0.0152  1.2797  0.475↓    6.0%  -0.504  2.57e-04  80.1%/ 4.7%/ 6.2%/ 9.0%
    18,944    37    -0.08225  +0.0010  0.8469  0.417↓    0.4%  +0.265  2.55e-04  85.2%/ 4.1%/ 3.5%/ 7.2%
    19,456    38    -0.07301  +0.0019  0.6644  0.429↓    1.0%  -0.287  2.53e-04  83.8%/ 4.7%/ 3.7%/ 7.8%
    19,968    39    -0.06334  -0.0016  0.7042  0.384↓    0.0%  -0.044  2.50e-04  85.9%/ 2.9%/ 4.3%/ 6.8%
    20,480    40    -0.05613  +0.0031  0.5991  0.407↓    0.5%  +0.752  2.48e-04  85.2%/ 5.1%/ 2.5%/ 7.2%
    20,992    41    -0.05196  +0.0329  1.4475  0.427↓   11.9%  +0.156  2.45e-04  79.1%/ 4.9%/ 6.6%/ 9.4%
    21,504    42    -0.05004  +0.0026  0.5872  0.367↓    0.5%  -0.022  2.43e-04  86.5%/ 3.7%/ 3.1%/ 6.6%
    22,016    43    -0.04726  +0.0010  0.5654  0.339↓    0.0%  +0.604  2.40e-04  90.2%/ 2.0%/ 2.9%/ 4.9%
    22,528    44    -0.04567  -0.0014  0.3850  0.353↓    0.9%  +0.270  2.38e-04  88.1%/ 3.9%/ 2.1%/ 5.9%
    23,040    45    -0.04352  -0.0005  0.3512  0.381↓    1.1%  +0.652  2.35e-04  87.5%/ 3.5%/ 3.1%/ 5.9%
    23,552    46    -0.04260  -0.0016  0.2017  0.357↓    1.3%  -0.232  2.33e-04  84.8%/ 3.9%/ 3.9%/ 7.4%
    24,064    47    -0.04191  -0.0022  0.3455  0.320↓    0.5%  -0.492  2.30e-04  89.1%/ 2.9%/ 2.5%/ 5.5%
    24,576    48    -0.04104  -0.0030  0.2344  0.311↓    0.9%  -0.228  2.27e-04  87.5%/ 2.9%/ 3.3%/ 6.2%
    25,088    49    -0.04066  +0.0133  0.5429  0.309↓    4.4%  -4.928  2.24e-04  88.5%/ 2.1%/ 3.9%/ 5.5%
    25,600    50    -0.03880  +0.0001  0.1680  0.246↓    1.3%  +0.018  2.22e-04  91.6%/ 2.0%/ 2.3%/ 4.1%
    26,112    51    -0.03584  -0.0002  0.2737  0.213↓    0.1%  +0.433  2.19e-04  93.8%/ 1.4%/ 1.8%/ 3.1%
    26,624    52    -0.03238  -0.0017  0.1730  0.167↓    0.2%  +0.139  2.16e-04  97.3%/ 0.4%/ 1.0%/ 1.4%
    27,136    53    -0.03028  -0.0007  0.1391  0.162↓    0.0%  -0.224  2.13e-04  96.5%/ 1.4%/ 0.4%/ 1.8%
    27,648    54    -0.02833  -0.0032  0.0962  0.150↓    0.5%  -0.002  2.10e-04  94.1%/ 1.4%/ 1.6%/ 2.9%
    28,160    55    -0.02564  +0.0006  0.0889  0.121↓    0.1%  -0.461  2.07e-04  96.9%/ 0.8%/ 0.8%/ 1.6%
    28,672    56    -0.02184  -0.0021  0.1032  0.106↓    0.2%  -0.003  2.04e-04  97.5%/ 1.0%/ 0.4%/ 1.2%
    29,184    57    -0.01947  -0.0003  0.0610  0.103↓    0.1%  -1.100  2.01e-04  97.1%/ 1.0%/ 0.4%/ 1.6%
    29,696    58    -0.01692  -0.0021  0.0631  0.102↓    0.4%  -0.549  1.98e-04  95.5%/ 0.8%/ 1.6%/ 2.1%
  ✓ Kontrolpunkts: checkpoints_Risk Control Mode_DOGE\ckpt_step0029696.pth  [40% apmācības]
    30,208    59    -0.01396  -0.0008  0.0556  0.078↓    0.2%  -1.490  1.95e-04  97.3%/ 0.6%/ 0.8%/ 1.4%
    30,720    60    -0.01200  -0.0037  0.0383  0.059↓    0.3%  -1.564  1.92e-04  98.8%/ 0.4%/ 0.2%/ 0.6%
    31,232    61    -0.01025  -0.0010  0.0374  0.056↓    0.0%  -0.829  1.89e-04  98.4%/ 0.6%/ 0.2%/ 0.8%
    31,744    62    -0.00978  -0.0008  0.0304  0.044↓    0.1%  -3.139  1.86e-04  99.2%/ 0.2%/ 0.2%/ 0.4%
    32,256    63    -0.00902  -0.0012  0.0276  0.039↓    0.0%  -1.596  1.82e-04  99.2%/ 0.0%/ 0.4%/ 0.4%
    32,768    64    -0.00785  -0.0021  0.0275  0.037↓    0.1%  -0.831  1.79e-04  98.4%/ 0.2%/ 0.6%/ 0.8%
    33,280    65    -0.00723  -0.0009  0.0209  0.030↓    0.2%  -0.580  1.76e-04  99.2%/ 0.0%/ 0.4%/ 0.4%
    33,792    66    -0.00675  -0.0006  0.0291  0.026↓    0.0%  -0.050  1.73e-04  99.6%/ 0.2%/ 0.0%/ 0.2%
    34,304    67    -0.00627  +0.0001  0.0174  0.023↓    0.0%  +0.031  1.70e-04  99.6%/ 0.0%/ 0.2%/ 0.2%
    34,816    68    -0.00553  -0.0009  0.0290  0.025↓    0.1%  -0.643  1.67e-04  99.2%/ 0.2%/ 0.2%/ 0.4%
    35,328    69    -0.00520  -0.0009  0.0270  0.021↓    0.0%  -0.056  1.63e-04  99.2%/ 0.0%/ 0.4%/ 0.4%
    35,840    70    -0.00536  -0.0021  0.0279  0.021↓    0.0%  +0.154  1.60e-04  98.4%/ 0.6%/ 0.2%/ 0.8%
    36,352    71    -0.00500  +0.0000  0.0105  0.011↓    0.0%  -3.596  1.57e-04  100.0%/ 0.0%/ 0.0%/ 0.0%
    36,864    72    -0.00493  -0.0003  0.0132  0.011↓    0.0%  -0.260  1.54e-04  99.6%/ 0.0%/ 0.2%/ 0.2%
    37,376    73    -0.00478  +0.0000  0.0094  0.009↓    0.0%  -0.407  1.50e-04  100.0%/ 0.0%/ 0.0%/ 0.0%
    37,888    74    -0.00457  +0.0003  0.0093  0.010↓    0.0%  +0.137  1.47e-04  99.6%/ 0.2%/ 0.0%/ 0.2%
    38,400    75    -0.00438  +0.0000  0.0074  0.008↓    0.0%  -1.440  1.44e-04  100.0%/ 0.0%/ 0.0%/ 0.0%
    38,912    76    -0.00434  -0.0001  0.0113  0.010↓    0.0%  -0.063  1.41e-04  99.6%/ 0.0%/ 0.2%/ 0.2%
    39,424    77    -0.00426  -0.0005  0.0089  0.008↓    0.0%  -0.774  1.38e-04  99.6%/ 0.0%/ 0.2%/ 0.2%
    39,936    78    -0.00396  +0.0000  0.0063  0.007↓    0.0%  -0.335  1.34e-04  100.0%/ 0.0%/ 0.0%/ 0.0%
    40,448    79    -0.00371  +0.0000  0.0050  0.006↓    0.0%  -1.418  1.31e-04  100.0%/ 0.0%/ 0.0%/ 0.0%
    40,960    80    -0.00343  +0.0000  0.0104  0.009↓    0.0%  -1.156  1.28e-04  99.6%/ 0.2%/ 0.0%/ 0.2%
    41,472    81    -0.00343  +0.0000  0.0044  0.006↓    0.0%  -1.141  1.25e-04  100.0%/ 0.0%/ 0.0%/ 0.0%
    41,984    82    -0.00369  -0.0000  0.0419  0.015↓    0.0%  -0.001  1.22e-04  99.6%/ 0.0%/ 0.2%/ 0.2%
    42,496    83    -0.00370  -0.0000  0.0052  0.006↓    0.0%  -0.699  1.19e-04  100.0%/ 0.0%/ 0.0%/ 0.0%
    43,008    84    -0.00363  +0.0000  0.0043  0.006↓    0.0%  -5.707  1.15e-04  100.0%/ 0.0%/ 0.0%/ 0.0%
    43,520    85    -0.00363  +0.0000  0.0038  0.006↓    0.0%  -1.181  1.12e-04  100.0%/ 0.0%/ 0.0%/ 0.0%
    44,032    86    -0.00352  +0.0000  0.0038  0.006↓    0.0%  -8.056  1.09e-04  100.0%/ 0.0%/ 0.0%/ 0.0%
    44,544    87    -0.00345  +0.0000  0.0039  0.006↓    0.0%  -2.160  1.06e-04  100.0%/ 0.0%/ 0.0%/ 0.0%
  ✓ Kontrolpunkts: checkpoints_Risk Control Mode_DOGE\ckpt_step0044544.pth  [59% apmācības]
    45,056    88    -0.00345  +0.0000  0.0031  0.006↓    0.0%  -1.996  1.03e-04  100.0%/ 0.0%/ 0.0%/ 0.0%
    45,568    89    -0.00345  +0.0000  0.0031  0.006↓    0.0%  -1.154  1.00e-04  100.0%/ 0.0%/ 0.0%/ 0.0%
    46,080    90    -0.00334  +0.0000  0.0037  0.006↓    0.0%  -1.061  9.70e-05  100.0%/ 0.0%/ 0.0%/ 0.0%
    46,592    91    -0.00341  +0.0002  0.0054  0.007↓    0.0%  -0.588  9.40e-05  99.6%/ 0.0%/ 0.2%/ 0.2%
    47,104    92    -0.00307  +0.0000  0.0033  0.005↓    0.0%  -6.113  9.11e-05  100.0%/ 0.0%/ 0.0%/ 0.0%
    47,616    93    -0.00307  +0.0000  0.0033  0.005↓    0.0%  -0.871  8.81e-05  100.0%/ 0.0%/ 0.0%/ 0.0%
    48,128    94    -0.00307  +0.0000  0.0032  0.005↓    0.0%  -0.479  8.52e-05  100.0%/ 0.0%/ 0.0%/ 0.0%
    48,640    95    -0.00307  +0.0000  0.0032  0.005↓    0.0%  -1.144  8.23e-05  100.0%/ 0.0%/ 0.0%/ 0.0%
    49,152    96    -0.00314  -0.0003  0.0053  0.007↓    0.0%  -1.046  7.95e-05  99.6%/ 0.0%/ 0.2%/ 0.2%
    49,664    97    -0.00314  -0.0000  0.0037  0.006↓    0.0%  -0.125  7.67e-05  100.0%/ 0.0%/ 0.0%/ 0.0%
    50,176    98    -0.00314  +0.0000  0.0035  0.005↓    0.0%  -0.482  7.39e-05  100.0%/ 0.0%/ 0.0%/ 0.0%
    50,688    99    -0.00330  +0.0005  0.0129  0.009↓    0.0%  -0.108  7.12e-05  99.6%/ 0.0%/ 0.2%/ 0.2%
    51,200   100    -0.00330  +0.0000  0.0030  0.005↓    0.0%  -4.875  6.84e-05  100.0%/ 0.0%/ 0.0%/ 0.0%
    51,712   101    -0.00323  +0.0000  0.0032  0.005↓    0.0%  -1.400  6.58e-05  100.0%/ 0.0%/ 0.0%/ 0.0%
    52,224   102    -0.00323  +0.0000  0.0027  0.005↓    0.0%  -4.056  6.31e-05  100.0%/ 0.0%/ 0.0%/ 0.0%
    52,736   103    -0.00323  +0.0000  0.0025  0.005↓    0.0%  -14.876  6.06e-05  100.0%/ 0.0%/ 0.0%/ 0.0%
    53,248   104    -0.00323  +0.0000  0.0026  0.005↓    0.0%  -0.562  5.80e-05  100.0%/ 0.0%/ 0.0%/ 0.0%
    53,760   105    -0.00330  -0.0001  0.0044  0.006↓    0.0%  -0.350  5.55e-05  99.6%/ 0.0%/ 0.2%/ 0.2%
    54,272   106    -0.00323  +0.0000  0.0024  0.005↓    0.0%  -1.017  5.30e-05  100.0%/ 0.0%/ 0.0%/ 0.0%
    54,784   107    -0.00323  +0.0000  0.0023  0.005↓    0.0%  -2.159  5.06e-05  100.0%/ 0.0%/ 0.0%/ 0.0%
    55,296   108    -0.00337  -0.0004  0.0066  0.007↓    0.0%  -0.666  4.83e-05  99.2%/ 0.2%/ 0.2%/ 0.4%
    55,808   109    -0.00321  +0.0000  0.0027  0.004↓    0.0%  -0.745  4.59e-05  100.0%/ 0.0%/ 0.0%/ 0.0%
    56,320   110    -0.00321  +0.0000  0.0032  0.004↓    0.0%  -2.652  4.37e-05  100.0%/ 0.0%/ 0.0%/ 0.0%
    56,832   111    -0.00321  +0.0000  0.0032  0.005↓    0.0%  -1.774  4.14e-05  100.0%/ 0.0%/ 0.0%/ 0.0%
    57,344   112    -0.00321  +0.0000  0.0023  0.004↓    0.0%  -5.387  3.93e-05  100.0%/ 0.0%/ 0.0%/ 0.0%
    57,856   113    -0.00321  +0.0000  0.0022  0.004↓    0.0%  -3.692  3.71e-05  100.0%/ 0.0%/ 0.0%/ 0.0%
    58,368   114    -0.00321  +0.0000  0.0023  0.004↓    0.0%  -3.035  3.51e-05  100.0%/ 0.0%/ 0.0%/ 0.0%
    58,880   115    -0.00314  +0.0000  0.0023  0.004↓    0.0%  -2.096  3.30e-05  100.0%/ 0.0%/ 0.0%/ 0.0%
    59,392   116    -0.00314  +0.0000  0.0021  0.004↓    0.0%  -7.209  3.11e-05  100.0%/ 0.0%/ 0.0%/ 0.0%
  ✓ Kontrolpunkts: checkpoints_Risk Control Mode_DOGE\ckpt_step0059392.pth  [79% apmācības]
    59,904   117    -0.00314  +0.0000  0.0023  0.004↓    0.0%  -2.235  2.92e-05  100.0%/ 0.0%/ 0.0%/ 0.0%
    60,416   118    -0.00300  +0.0000  0.0021  0.004↓    0.0%  -3.651  2.73e-05  100.0%/ 0.0%/ 0.0%/ 0.0%
    60,928   119    -0.00300  +0.0000  0.0018  0.004↓    0.0%  -1.057  2.55e-05  100.0%/ 0.0%/ 0.0%/ 0.0%
    61,440   120    -0.00307  -0.0002  0.0039  0.005↓    0.0%  -0.770  2.38e-05  99.6%/ 0.2%/ 0.0%/ 0.2%
    61,952   121    -0.00319  -0.0004  0.0072  0.007↓    0.0%  -0.443  2.21e-05  99.6%/ 0.0%/ 0.2%/ 0.2%
    62,464   122    -0.00319  +0.0000  0.0024  0.004↓    0.0%  -2.208  2.05e-05  100.0%/ 0.0%/ 0.0%/ 0.0%
    62,976   123    -0.00319  +0.0000  0.0021  0.004↓    0.0%  -2.472  1.89e-05  100.0%/ 0.0%/ 0.0%/ 0.0%
    63,488   124    -0.00319  +0.0000  0.0021  0.004↓    0.0%  -1.520  1.74e-05  100.0%/ 0.0%/ 0.0%/ 0.0%
    64,000   125    -0.00329  +0.0002  0.0073  0.007↓    0.0%  -0.295  1.60e-05  99.6%/ 0.0%/ 0.2%/ 0.2%
    64,512   126    -0.00329  +0.0000  0.0020  0.004↓    0.0%  -1.774  1.46e-05  100.0%/ 0.0%/ 0.0%/ 0.0%
    65,024   127    -0.00329  +0.0000  0.0019  0.004↓    0.0%  -1.819  1.33e-05  100.0%/ 0.0%/ 0.0%/ 0.0%
    65,536   128    -0.00329  +0.0000  0.0019  0.004↓    0.0%  -4.865  1.21e-05  100.0%/ 0.0%/ 0.0%/ 0.0%
    66,048   129    -0.00329  -0.0000  0.0020  0.004↓    0.0%  -4.533  1.09e-05  100.0%/ 0.0%/ 0.0%/ 0.0%
    66,560   130    -0.00322  +0.0000  0.0022  0.004↓    0.0%  -6.354  9.77e-06  100.0%/ 0.0%/ 0.0%/ 0.0%
    67,072   131    -0.00311  +0.0000  0.0020  0.004↓    0.0%  -1.277  8.72e-06  100.0%/ 0.0%/ 0.0%/ 0.0%
    67,584   132    -0.00322  -0.0011  0.0072  0.007↓    0.0%  -0.319  7.73e-06  99.6%/ 0.2%/ 0.0%/ 0.2%
    68,096   133    -0.00322  -0.0000  0.0020  0.004↓    0.0%  -2.969  6.81e-06  100.0%/ 0.0%/ 0.0%/ 0.0%
    68,608   134    -0.00349  -0.0007  0.0289  0.012↓    0.0%  -0.111  5.96e-06  99.6%/ 0.2%/ 0.0%/ 0.2%
    69,120   135    -0.00346  +0.0001  0.0042  0.005↓    0.0%  -0.357  5.17e-06  99.6%/ 0.0%/ 0.2%/ 0.2%
    69,632   136    -0.00345  +0.0000  0.0022  0.004↓    0.0%  -2.555  4.45e-06  100.0%/ 0.0%/ 0.0%/ 0.0%
    70,144   137    -0.00345  +0.0000  0.0027  0.004↓    0.0%  -0.875  3.79e-06  100.0%/ 0.0%/ 0.0%/ 0.0%
    70,656   138    -0.00345  +0.0000  0.0020  0.004↓    0.0%  -6.010  3.21e-06  100.0%/ 0.0%/ 0.0%/ 0.0%
    71,168   139    -0.00345  +0.0000  0.0022  0.004↓    0.0%  -0.593  2.69e-06  100.0%/ 0.0%/ 0.0%/ 0.0%
    71,680   140    -0.00345  +0.0000  0.0020  0.004↓    0.0%  -4.472  2.24e-06  100.0%/ 0.0%/ 0.0%/ 0.0%
    72,192   141    -0.00345  +0.0000  0.0027  0.004↓    0.0%  -0.277  1.86e-06  100.0%/ 0.0%/ 0.0%/ 0.0%
    72,704   142    -0.00334  -0.0000  0.0026  0.004↓    0.0%  -0.157  1.55e-06  100.0%/ 0.0%/ 0.0%/ 0.0%
    73,216   143    -0.00345  -0.0006  0.0072  0.007↓    0.0%  -0.127  1.31e-06  99.6%/ 0.0%/ 0.2%/ 0.2%
    73,728   144    -0.00318  +0.0000  0.0022  0.004↓    0.0%  -1.310  1.14e-06  100.0%/ 0.0%/ 0.0%/ 0.0%
    74,240   145    -0.00311  +0.0000  0.0020  0.004↓    0.0%  -2.101  1.03e-06  100.0%/ 0.0%/ 0.0%/ 0.0%
  ✓ Kontrolpunkts: checkpoints_Risk Control Mode_DOGE\ckpt_step0074240.pth  [99% apmācības]
    74,752   146    -0.00311  +0.0000  0.0020  0.004↓    0.0%  -3.743  1.00e-06  100.0%/ 0.0%/ 0.0%/ 0.0%
    75,264   147    -0.00311  +0.0000  0.0017  0.004↓    0.0%  -3.411  1.03e-06  100.0%/ 0.0%/ 0.0%/ 0.0%
  ✓ Kontrolpunkts: checkpoints_Risk Control Mode_DOGE\ckpt_step0075264.pth  [100% apmācības]

────────────────────────────────────────────────────────────────────────────────
  Vidējais ātrums: 607 soļi/sek
  Vidējā atlīdzība (pēdējie 10 atjauninājumi): -0.00311
  Galīgā entropija: 0.004  (sākums: 1.300)
────────────────────────────────────────────────────────────────────────────────

✓ Galīgais modelis saglabāts: ppo_trader_Risk Control Mode_DOGE.pth

============================================================
11. SOLIS: Bektests (4 varianti)
============================================================

────────────────────────────────────────────────────────────  1. Komisija + slipāža          
  Bilance: $763.76 | Ienesīgums: -23.62% | MaxDD: 23.62% | Sharpe: 0.000 | Calmar: -1.000 | PF: 0.000 | Darījumi: 1 | Win%: 0.0%

────────────────────────────────────────────────────────────  2. Tikai komisija              
  Bilance: $1,009.24 | Ienesīgums: +0.92% | MaxDD: 0.10% | Sharpe: 0.000 | Calmar: 8.829 | PF: 9636794200.623 | Darījumi: 1 | Win%: 100.0%

────────────────────────────────────────────────────────────  3. Tikai slipāža              
  Bilance: $764.46 | Ienesīgums: -23.55% | MaxDD: 23.55% | Sharpe: 0.000 | Calmar: -1.000 | PF: 0.000 | Darījumi: 1 | Win%: 0.0%

────────────────────────────────────────────────────────────  4. Bez izmaksām               
  Bilance: $1,010.04 | Ienesīgums: +1.00% | MaxDD: 0.07% | Sharpe: 0.000 | Calmar: 15.436 | PF: 10040650460.808 | Darījumi: 1 | Win%: 100.0%


======================================================================
12. SOLIS: Rezultāti
======================================================================

  Metrika                     1. Komisija + slipāža            2. Tikai komisija                3. Tikai slipāža                4. Bez izmaksām               
  ──────────────────────────────────────────────────────────────────────────────────────────────────────────────────────────────────────────────────────────────
  Galīgā bilance                                     $763.76                       $1,009.24                         $764.46                       $1,010.04
  Ienesīgums                                         -23.62%                          +0.92%                         -23.55%                          +1.00%
  Maks. kritums                                       23.62%                           0.10%                          23.55%                           0.07%
  Sharpe (pēc darījumiem)                              0.000                           0.000                           0.000                           0.000
  Calmar koeficients                                  -1.000                           8.829                          -1.000                          15.436
  Peļņas faktors                                       0.000                  9636794200.623                           0.000                 10040650460.808
  Vid. PnL / solis ($)                             -0.001443                        0.000094                       -0.001440                        0.000098
  Darījumi                                                 1                               1                               1                               1
  Uzvaru īpatsvars                                      0.0%                          100.0%                            0.0%                          100.0%
  Vid. darījuma P&L                                 -16.253%                         +0.964%                        -16.213%                         +1.004%
  Vid. ilgums (h)                                        0.1                             0.1                             0.1                             0.1
  Vid. slip (ieeja+izeja)                           12.4594%                               —                        12.4594%                               —
  Vid. komisija                                      0.0800%                         0.0800%                               —                               —

  Zudumi no komisijām        : +0.08%
  Zudumi no slipāžas        : +24.56%
  Kopējie zudumi             : +24.63%

  Signāli (variants 1):
    HOLD  :  102,744  (100.0%)
    LONG  :        0  (0.0%)
    SHORT :        1  (0.0%)
    CLOSE :        1  (0.0%)

  Darījumi: LONG=0  SHORT=1

  ──────────────────────────────────────────────────────────
  TOP 5 IENESĪGĀKIE
  1. SHORT | 2025-10-10 21:30 → 2025-10-10 21:35 | 0h 5m | P&L: -148.22$ (-16.253%) | slip: 8.762%/3.698%

  ──────────────────────────────────────────────────────────
  TOP 5 ZAUDĪGĀKIE
  1. SHORT | 2025-10-10 21:30 → 2025-10-10 21:35 | 0h 5m | P&L: -148.22$ (-16.253%) | slip: 8.762%/3.698%

  ✓ Darījumu žurnāls: backtest_Risk Control Mode_DOGE_trades.csv

──────────────────────────────────────────────────────────────────────
  ✓ Rezultāts pievienots: experiments.csv

======================================================================
GATAVS - versija Risk Control Mode  |  simbols: DOGE  |  eksperiments: Risk Control Mode
======================================================================
