Žurnāls: ppo_trader_Realistic Mode, OP - 0.0001 (Overtrade)_BTC.log

Ierīce: cpu  |  AMP: False
Eksperiments: OP - 0.0001 (Overtrade)

============================================================
1. SOLIS: Datu ielāde
============================================================
Visa datu kopa : 771,726 sveces  |  2019-01-05 05:00:00 → 2026-05-10 16:05:00
Izmantojam     : 330,740 sveces  |  2023-03-19 05:05:00 → 2026-05-10 16:05:00
Apmācība (~2g) : 0..220,493  (2023-03-19 05:05:00 → 2025-04-22 20:50:00)
Tests  (~1g)   : 220,493..330,740  (2025-04-22 20:55:00 → 2026-05-10 16:05:00)
Pazīmes (tirgus): 32
N_STATE_FEATURES=34

Slipāžas rindu priekšaprēķins...

============================================================
7. SOLIS: Modelis
============================================================
Parametri: 62,853  |  INPUT_DIM=34
Arhitektūra: D_MODEL=64, N_HEADS=2, N_LAYERS=1, SEQ_LEN=32

============================================================
10. SOLIS: Apmācība (PPO)
============================================================
Kopējie soļi: 75,000  |  N_ENVS: 4  |  ROLLOUT_STEPS: 128
Bufera izmērs vienam atjauninājumam: 512 pārejas
PPO epohi: 2  |  Mini-pakete: 128
Labvēlības periods: 12 sveces  |  Atvēršanas sods: 0.0001  |  Min darījums: 72 sveces  |  Īsa darījuma sods: 0.0001
Kontrolpunkti: checkpoints_Realistic Mode, OP - 0.0001 (Overtrade)_BTC/  (ik pēc 29 atjauninājumiem)

────────────────────────────────────────────────────────────────────────────────
     Solis   Upd  Rew(avg10)       pi       v    ent   clip%      ev        lr  Darbības(H/L/S/C)
────────────────────────────────────────────────────────────────────────────────
       512     1    -0.00115  -0.0009  0.0356  1.300?    0.0%  -0.898  3.00e-04  25.0%/28.5%/26.8%/19.7%
     1,024     2    -0.00098  -0.0007  0.0230  1.307?    0.0%  -0.104  3.00e-04  30.1%/25.8%/26.2%/18.0%
     1,536     3    -0.00095  -0.0001  0.0172  1.291?    0.0%  +0.213  3.00e-04  29.7%/26.2%/25.0%/19.1%
     2,048     4    -0.00090  -0.0003  0.0119  1.302?    0.0%  -0.064  2.99e-04  29.7%/30.3%/21.9%/18.2%
     2,560     5    -0.00092  -0.0001  0.0116  1.296?    0.0%  -0.520  2.99e-04  29.3%/27.3%/25.0%/18.4%
     3,072     6    -0.00096  -0.0004  0.0105  1.307→    0.0%  +0.092  2.99e-04  23.0%/27.0%/30.7%/19.3%
     3,584     7    -0.00097  -0.0002  0.0098  1.296→    0.0%  -0.108  2.98e-04  27.7%/27.0%/25.4%/19.9%
     4,096     8    -0.00096  -0.0003  0.0072  1.310→    0.0%  -0.158  2.98e-04  29.1%/23.8%/28.5%/18.6%
     4,608     9    -0.00096  -0.0005  0.0072  1.307↑    0.0%  +0.564  2.97e-04  27.7%/27.9%/25.0%/19.3%
     5,120    10    -0.00096  -0.0008  0.0069  1.308→    0.0%  -0.417  2.97e-04  27.7%/29.1%/25.6%/17.6%
     5,632    11    -0.00096  -0.0002  0.0081  1.306→    0.0%  +0.212  2.96e-04  24.6%/29.3%/26.0%/20.1%
     6,144    12    -0.00097  -0.0003  0.0050  1.315↑    0.0%  -0.545  2.95e-04  30.1%/30.1%/24.4%/15.4%
     6,656    13    -0.00098  -0.0005  0.0040  1.314↑    0.0%  -1.417  2.94e-04  24.0%/29.3%/27.7%/18.9%
     7,168    14    -0.00100  -0.0000  0.0044  1.312↑    0.0%  -0.486  2.93e-04  25.0%/26.6%/29.7%/18.8%
     7,680    15    -0.00100  -0.0003  0.0035  1.300↑    0.0%  -1.208  2.92e-04  27.0%/25.8%/28.1%/19.1%
     8,192    16    -0.00097  +0.0007  0.0035  1.295↑    0.0%  -0.420  2.91e-04  28.1%/27.9%/24.6%/19.3%
     8,704    17    -0.00097  -0.0005  0.0028  1.305→    0.0%  +0.053  2.90e-04  27.3%/27.3%/25.6%/19.7%
     9,216    18    -0.00100  -0.0006  0.0036  1.305→    0.0%  -0.218  2.89e-04  28.7%/29.5%/23.2%/18.6%
     9,728    19    -0.00106  -0.0005  0.0039  1.316→    0.0%  -0.296  2.88e-04  22.7%/28.1%/31.4%/17.8%
    10,240    20    -0.00107  +0.0002  0.0023  1.306↑    0.0%  -0.440  2.86e-04  24.8%/27.9%/29.1%/18.2%
    10,752    21    -0.00107  -0.0003  0.0029  1.308↑    0.0%  -2.077  2.85e-04  24.8%/28.3%/28.3%/18.6%
    11,264    22    -0.00113  -0.0001  0.0024  1.298↑    0.0%  -0.123  2.84e-04  24.0%/29.9%/25.2%/20.9%
    11,776    23    -0.00113  -0.0001  0.0027  1.299↑    0.0%  -0.591  2.82e-04  28.1%/26.6%/26.2%/19.1%
    12,288    24    -0.00118  +0.0003  0.0025  1.315↑    0.0%  -1.200  2.81e-04  28.1%/28.9%/25.4%/17.6%
    12,800    25    -0.00122  -0.0004  0.0029  1.301→    0.0%  +0.441  2.79e-04  26.4%/28.9%/24.2%/20.5%
    13,312    26    -0.00127  -0.0003  0.0023  1.323↑    0.0%  +0.252  2.77e-04  23.2%/29.7%/30.3%/16.8%
    13,824    27    -0.00132  -0.0004  0.0025  1.313↑    0.0%  +0.443  2.75e-04  26.8%/30.3%/26.4%/16.6%
    14,336    28    -0.00132  -0.0002  0.0018  1.313↑    0.0%  -1.119  2.74e-04  27.1%/27.3%/28.7%/16.8%
    14,848    29    -0.00126  -0.0004  0.0021  1.307↑    0.0%  -0.652  2.72e-04  23.8%/29.5%/26.8%/19.9%
  ✓ Kontrolpunkts: checkpoints_Realistic Mode, OP - 0.0001 (Overtrade)_BTC\ckpt_step0014848.pth  [20% apmācības]
    15,360    30    -0.00128  -0.0008  0.0020  1.308↑    0.0%  -0.619  2.70e-04  24.6%/26.0%/29.9%/19.5%
    15,872    31    -0.00129  -0.0001  0.0016  1.298↑    0.0%  -2.115  2.68e-04  28.5%/24.2%/29.3%/18.0%
    16,384    32    -0.00124  -0.0002  0.0016  1.293↑    0.0%  -1.731  2.66e-04  28.5%/24.4%/25.6%/21.5%
    16,896    33    -0.00126  -0.0006  0.0016  1.312↑    0.0%  -1.865  2.64e-04  27.5%/30.5%/24.0%/18.0%
    17,408    34    -0.00123  -0.0005  0.0018  1.310↑    0.0%  -1.808  2.62e-04  24.2%/31.8%/25.8%/18.2%
    17,920    35    -0.00130  -0.0001  0.0028  1.306↑    0.0%  -0.685  2.60e-04  26.6%/29.1%/26.0%/18.4%
    18,432    36    -0.00134  -0.0001  0.0023  1.305→    0.0%  -1.072  2.57e-04  26.4%/27.0%/27.3%/19.3%
    18,944    37    -0.00138  -0.0002  0.0022  1.299→    0.0%  +0.283  2.55e-04  26.8%/28.1%/26.0%/19.1%
    19,456    38    -0.00140  -0.0006  0.0024  1.308→    0.0%  -0.044  2.53e-04  27.0%/29.1%/24.0%/19.9%
    19,968    39    -0.00147  -0.0002  0.0018  1.299→    0.0%  +0.119  2.50e-04  29.7%/26.0%/26.2%/18.2%
    20,480    40    -0.00146  -0.0001  0.0016  1.305→    0.0%  -0.182  2.48e-04  24.2%/29.1%/28.3%/18.4%
    20,992    41    -0.00147  -0.0009  0.0018  1.302→    0.0%  +0.163  2.45e-04  26.0%/26.4%/27.1%/20.5%
    21,504    42    -0.00150  -0.0006  0.0016  1.312→    0.0%  -0.115  2.43e-04  29.3%/28.1%/25.8%/16.8%
    22,016    43    -0.00153  -0.0000  0.0015  1.300→    0.0%  +0.064  2.40e-04  28.5%/26.4%/26.0%/19.1%
    22,528    44    -0.00153  -0.0003  0.0013  1.309→    0.0%  +0.229  2.38e-04  27.3%/29.5%/24.2%/18.9%
    23,040    45    -0.00144  +0.0002  0.0016  1.299→    0.0%  -0.023  2.35e-04  26.6%/27.0%/27.1%/19.3%
    23,552    46    -0.00138  -0.0005  0.0011  1.313→    0.0%  +0.135  2.33e-04  25.2%/26.2%/31.8%/16.8%
    24,064    47    -0.00131  -0.0002  0.0012  1.303→    0.0%  -0.193  2.30e-04  25.8%/27.9%/27.7%/18.6%
    24,576    48    -0.00126  -0.0005  0.0013  1.302→    0.0%  -1.221  2.27e-04  27.3%/28.3%/26.2%/18.2%
    25,088    49    -0.00118  -0.0002  0.0012  1.301→    0.0%  -0.476  2.24e-04  26.6%/24.6%/30.7%/18.2%
    25,600    50    -0.00117  -0.0007  0.0010  1.299→    0.0%  +0.381  2.22e-04  26.2%/24.6%/29.5%/19.7%
    26,112    51    -0.00112  -0.0007  0.0009  1.310→    0.0%  -3.523  2.19e-04  27.5%/25.8%/29.9%/16.8%
    26,624    52    -0.00107  -0.0001  0.0010  1.302→    0.0%  -0.851  2.16e-04  29.7%/29.5%/23.2%/17.6%
    27,136    53    -0.00105  +0.0003  0.0009  1.314→    0.0%  -2.354  2.13e-04  28.1%/25.0%/30.3%/16.6%
    27,648    54    -0.00102  -0.0001  0.0011  1.298→    0.0%  -2.111  2.10e-04  24.2%/27.3%/28.3%/20.1%
    28,160    55    -0.00105  +0.0008  0.0011  1.303→    0.0%  -0.736  2.07e-04  25.4%/28.3%/27.9%/18.4%
    28,672    56    -0.00116  -0.0004  0.0028  1.307→    0.0%  -0.004  2.04e-04  26.0%/26.6%/28.5%/18.9%
    29,184    57    -0.00122  -0.0007  0.0015  1.303→    0.0%  -0.168  2.01e-04  27.0%/31.6%/24.0%/17.4%
    29,696    58    -0.00130  -0.0003  0.0012  1.301→    0.0%  -0.393  1.98e-04  25.0%/24.0%/30.9%/20.1%
  ✓ Kontrolpunkts: checkpoints_Realistic Mode, OP - 0.0001 (Overtrade)_BTC\ckpt_step0029696.pth  [40% apmācības]
    30,208    59    -0.00134  -0.0001  0.0012  1.306→    0.0%  -0.347  1.95e-04  23.8%/31.1%/26.0%/19.1%
    30,720    60    -0.00137  -0.0008  0.0008  1.300→    0.0%  -2.374  1.92e-04  24.0%/26.8%/30.3%/18.9%
    31,232    61    -0.00138  -0.0011  0.0009  1.301→    0.0%  -2.954  1.89e-04  30.3%/23.8%/27.0%/18.9%
    31,744    62    -0.00142  +0.0002  0.0009  1.301→    0.0%  -4.300  1.86e-04  29.3%/23.0%/29.7%/18.0%
    32,256    63    -0.00139  -0.0011  0.0008  1.299→    0.0%  -3.087  1.82e-04  30.3%/25.8%/26.4%/17.6%
    32,768    64    -0.00136  -0.0009  0.0010  1.289→    0.0%  -0.353  1.79e-04  29.3%/25.0%/26.8%/18.9%
    33,280    65    -0.00130  -0.0003  0.0010  1.293→    0.0%  -1.474  1.76e-04  31.1%/24.2%/27.0%/17.8%
    33,792    66    -0.00117  +0.0008  0.0008  1.290→    0.0%  -1.948  1.73e-04  28.5%/26.6%/25.4%/19.5%
    34,304    67    -0.00113  -0.0008  0.0009  1.289→    0.0%  -1.871  1.70e-04  28.5%/23.6%/26.8%/21.1%
    34,816    68    -0.00106  -0.0008  0.0008  1.307→    0.0%  -3.375  1.67e-04  28.1%/27.5%/27.0%/17.4%
    35,328    69    -0.00105  -0.0007  0.0009  1.300→    0.0%  -1.499  1.63e-04  32.2%/21.3%/28.9%/17.6%
    35,840    70    -0.00102  +0.0008  0.0008  1.299→    0.0%  -0.082  1.60e-04  27.0%/27.3%/27.1%/18.6%
    36,352    71    -0.00104  +0.0002  0.0007  1.310→    0.0%  -0.956  1.57e-04  30.1%/28.5%/25.0%/16.4%
    36,864    72    -0.00103  -0.0008  0.0008  1.290→    0.0%  -2.519  1.54e-04  25.4%/29.7%/24.2%/20.7%
    37,376    73    -0.00111  -0.0003  0.0011  1.287↓    0.0%  -0.052  1.50e-04  29.3%/23.8%/28.9%/18.0%
    37,888    74    -0.00115  -0.0006  0.0008  1.293↓    0.0%  -1.083  1.47e-04  30.1%/24.8%/27.0%/18.2%
    38,400    75    -0.00116  +0.0009  0.0010  1.289↓    0.0%  +0.419  1.44e-04  31.6%/22.5%/28.5%/17.4%
    38,912    76    -0.00115  -0.0013  0.0007  1.291↓    0.0%  -0.069  1.41e-04  28.7%/23.0%/29.7%/18.6%
    39,424    77    -0.00111  -0.0005  0.0007  1.291↓    0.0%  -0.221  1.38e-04  29.5%/25.0%/27.0%/18.6%
    39,936    78    -0.00114  -0.0006  0.0008  1.293↓    0.0%  -3.685  1.34e-04  27.1%/22.7%/31.6%/18.6%
    40,448    79    -0.00110  +0.0001  0.0007  1.292↓    0.0%  -0.519  1.31e-04  29.1%/23.8%/27.9%/19.1%
    40,960    80    -0.00109  -0.0012  0.0007  1.293↓    0.0%  -1.286  1.28e-04  32.0%/19.3%/29.7%/18.9%
    41,472    81    -0.00109  -0.0002  0.0007  1.291↓    0.0%  -2.976  1.25e-04  30.7%/24.8%/25.2%/19.3%
    41,984    82    -0.00112  -0.0001  0.0011  1.278↓    0.0%  -0.102  1.22e-04  35.7%/20.7%/26.2%/17.4%
    42,496    83    -0.00106  -0.0013  0.0007  1.290↓    0.0%  -0.065  1.19e-04  29.5%/24.2%/27.0%/19.3%
    43,008    84    -0.00112  +0.0017  0.0011  1.286↓    0.0%  -0.285  1.15e-04  29.3%/27.1%/25.2%/18.4%
    43,520    85    -0.00113  +0.0008  0.0006  1.294↓    0.0%  -0.748  1.12e-04  30.3%/24.0%/27.1%/18.6%
    44,032    86    -0.00114  -0.0015  0.0008  1.277↓    0.0%  -1.118  1.09e-04  32.8%/25.2%/21.3%/20.7%
    44,544    87    -0.00122  -0.0005  0.0007  1.302↓    0.0%  +0.223  1.06e-04  29.5%/24.2%/29.7%/16.6%
  ✓ Kontrolpunkts: checkpoints_Realistic Mode, OP - 0.0001 (Overtrade)_BTC\ckpt_step0044544.pth  [59% apmācības]
    45,056    88    -0.00123  +0.0000  0.0010  1.292↓    0.0%  +0.440  1.03e-04  31.2%/25.2%/25.0%/18.6%
    45,568    89    -0.00127  -0.0007  0.0008  1.281↓    0.0%  +0.051  1.00e-04  31.4%/22.1%/27.5%/18.9%
    46,080    90    -0.00133  +0.0003  0.0014  1.280↓    0.0%  -0.582  9.70e-05  31.6%/21.5%/27.0%/19.9%
    46,592    91    -0.00135  +0.0013  0.0009  1.278↓    0.0%  -0.056  9.40e-05  38.7%/18.2%/25.6%/17.6%
    47,104    92    -0.00131  +0.0002  0.0008  1.276↓    0.0%  -0.054  9.11e-05  31.8%/21.3%/28.3%/18.6%
    47,616    93    -0.00131  +0.0003  0.0006  1.264↓    0.0%  -1.662  8.81e-05  33.0%/18.2%/29.5%/19.3%
    48,128    94    -0.00124  +0.0000  0.0008  1.277↓    0.0%  -0.771  8.52e-05  32.4%/19.5%/28.1%/19.9%
    48,640    95    -0.00120  +0.0007  0.0006  1.271↓    0.0%  -0.694  8.23e-05  33.8%/22.9%/24.4%/18.9%
    49,152    96    -0.00123  -0.0003  0.0006  1.277↓    0.0%  -1.166  7.95e-05  34.0%/22.5%/25.0%/18.6%
    49,664    97    -0.00113  -0.0004  0.0006  1.268↓    0.0%  -0.560  7.67e-05  36.1%/20.7%/23.8%/19.3%
    50,176    98    -0.00111  -0.0004  0.0008  1.264↓    0.0%  +0.242  7.39e-05  35.5%/20.7%/24.6%/19.1%
    50,688    99    -0.00104  -0.0007  0.0009  1.277↓    0.0%  -1.069  7.12e-05  31.4%/20.5%/28.9%/19.1%
    51,200   100    -0.00101  -0.0004  0.0014  1.279↓    0.0%  +0.179  6.84e-05  33.8%/21.3%/27.3%/17.6%
    51,712   101    -0.00099  -0.0008  0.0012  1.276↓    0.0%  +0.387  6.58e-05  30.9%/19.1%/30.1%/19.9%
    52,224   102    -0.00094  -0.0001  0.0010  1.290↓    0.0%  -1.445  6.31e-05  30.9%/26.8%/24.6%/17.8%
    52,736   103    -0.00089  -0.0014  0.0008  1.289↓    0.0%  -0.048  6.06e-05  32.4%/25.2%/25.4%/17.0%
    53,248   104    -0.00084  +0.0009  0.0013  1.268↓    0.0%  -0.882  5.80e-05  34.4%/22.3%/23.8%/19.5%
    53,760   105    -0.00082  +0.0008  0.0007  1.278↓    0.0%  -0.988  5.55e-05  35.7%/20.1%/27.5%/16.6%
    54,272   106    -0.00076  -0.0010  0.0008  1.293↓    0.0%  +0.028  5.30e-05  34.8%/22.1%/25.4%/17.8%
    54,784   107    -0.00075  -0.0007  0.0007  1.273↓    0.0%  -0.519  5.06e-05  35.4%/19.7%/26.2%/18.8%
    55,296   108    -0.00069  -0.0019  0.0007  1.276↓    0.0%  +0.273  4.83e-05  30.1%/20.7%/29.7%/19.5%
    55,808   109    -0.00069  -0.0001  0.0006  1.273↓    0.0%  -3.258  4.59e-05  37.3%/18.6%/26.8%/17.4%
    56,320   110    -0.00060  -0.0001  0.0007  1.264↓    0.0%  -0.145  4.37e-05  34.2%/19.3%/26.4%/20.1%
    56,832   111    -0.00054  +0.0009  0.0007  1.258↓    0.0%  -1.090  4.14e-05  39.3%/18.6%/22.9%/19.3%
    57,344   112    -0.00055  -0.0004  0.0008  1.268↓    0.0%  -1.078  3.93e-05  33.4%/19.1%/29.1%/18.4%
    57,856   113    -0.00053  -0.0001  0.0006  1.271↓    0.0%  +0.619  3.71e-05  35.0%/24.0%/23.0%/18.0%
    58,368   114    -0.00054  -0.0003  0.0007  1.270↓    0.0%  +0.058  3.51e-05  35.2%/19.5%/26.8%/18.6%
    58,880   115    -0.00053  +0.0003  0.0007  1.277↓    0.0%  -0.239  3.30e-05  34.2%/24.4%/23.8%/17.6%
    59,392   116    -0.00054  -0.0002  0.0007  1.268↓    0.0%  -0.513  3.11e-05  34.4%/21.7%/24.6%/19.3%
  ✓ Kontrolpunkts: checkpoints_Realistic Mode, OP - 0.0001 (Overtrade)_BTC\ckpt_step0059392.pth  [79% apmācības]
    59,904   117    -0.00053  +0.0001  0.0005  1.290↓    0.0%  -0.750  2.92e-05  31.2%/20.7%/29.3%/18.8%
    60,416   118    -0.00051  -0.0012  0.0006  1.269↓    0.0%  -1.678  2.73e-05  31.1%/23.4%/25.4%/20.1%
    60,928   119    -0.00051  +0.0002  0.0006  1.268↓    0.0%  -5.357  2.55e-05  32.0%/22.3%/26.6%/19.1%
    61,440   120    -0.00055  +0.0005  0.0006  1.285↓    0.0%  -0.778  2.38e-05  29.9%/22.5%/29.3%/18.4%
    61,952   121    -0.00055  -0.0008  0.0006  1.287↓    0.0%  -0.934  2.21e-05  30.7%/21.5%/27.7%/20.1%
    62,464   122    -0.00051  -0.0001  0.0006  1.293↓    0.0%  -0.385  2.05e-05  28.9%/25.8%/27.9%/17.4%
    62,976   123    -0.00051  +0.0007  0.0004  1.263↓    0.0%  -1.312  1.89e-05  34.4%/18.4%/26.6%/20.7%
    63,488   124    -0.00050  -0.0008  0.0006  1.275↓    0.0%  -0.565  1.74e-05  33.2%/20.9%/26.2%/19.7%
    64,000   125    -0.00051  +0.0001  0.0006  1.265↓    0.0%  -0.777  1.60e-05  34.2%/20.7%/25.8%/19.3%
    64,512   126    -0.00048  -0.0008  0.0006  1.272↓    0.0%  -3.577  1.46e-05  32.4%/23.0%/23.6%/20.9%
    65,024   127    -0.00049  -0.0001  0.0006  1.280↓    0.0%  -0.589  1.33e-05  34.6%/21.3%/26.2%/18.0%
    65,536   128    -0.00050  +0.0010  0.0005  1.278↓    0.0%  -1.051  1.21e-05  33.2%/21.1%/25.8%/19.9%
    66,048   129    -0.00050  -0.0006  0.0007  1.281↓    0.0%  -0.719  1.09e-05  34.4%/21.9%/25.2%/18.6%
    66,560   130    -0.00046  -0.0008  0.0006  1.269↓    0.0%  -0.772  9.77e-06  36.5%/21.3%/24.0%/18.2%
    67,072   131    -0.00047  -0.0005  0.0006  1.285↓    0.0%  -0.081  8.72e-06  36.9%/19.5%/26.4%/17.2%
    67,584   132    -0.00053  -0.0003  0.0008  1.282↓    0.0%  -0.933  7.73e-06  31.8%/23.0%/27.1%/18.0%
    68,096   133    -0.00053  +0.0005  0.0008  1.276↓    0.0%  -1.641  6.81e-06  32.0%/20.5%/28.5%/18.9%
    68,608   134    -0.00055  +0.0004  0.0006  1.266↓    0.0%  -1.115  5.96e-06  36.9%/21.7%/23.2%/18.2%
    69,120   135    -0.00053  -0.0002  0.0007  1.269↓    0.0%  -0.382  5.17e-06  32.4%/23.4%/25.2%/18.9%
    69,632   136    -0.00052  -0.0003  0.0005  1.264↓    0.0%  -2.558  4.45e-06  35.4%/22.3%/23.6%/18.8%
    70,144   137    -0.00050  +0.0002  0.0005  1.267↓    0.0%  -1.474  3.79e-06  34.4%/18.8%/27.1%/19.7%
    70,656   138    -0.00048  -0.0004  0.0005  1.275↓    0.0%  -1.908  3.21e-06  34.4%/22.1%/25.2%/18.4%
    71,168   139    -0.00046  +0.0005  0.0005  1.267↓    0.0%  -1.212  2.69e-06  32.6%/22.3%/24.4%/20.7%
    71,680   140    -0.00045  -0.0003  0.0004  1.280↓    0.0%  -1.699  2.24e-06  34.0%/22.5%/25.8%/17.8%
    72,192   141    -0.00044  +0.0005  0.0007  1.279↓    0.0%  -1.845  1.86e-06  34.2%/24.4%/24.2%/17.2%
    72,704   142    -0.00038  +0.0004  0.0006  1.278↓    0.0%  -0.960  1.55e-06  31.8%/24.2%/25.4%/18.6%
    73,216   143    -0.00037  +0.0001  0.0008  1.273↓    0.0%  -0.509  1.31e-06  35.0%/22.3%/25.2%/17.6%
    73,728   144    -0.00034  +0.0009  0.0008  1.279↓    0.0%  -0.722  1.14e-06  30.9%/20.1%/29.1%/19.9%
    74,240   145    -0.00034  +0.0003  0.0006  1.284↓    0.0%  -1.007  1.03e-06  36.3%/20.1%/27.1%/16.4%
  ✓ Kontrolpunkts: checkpoints_Realistic Mode, OP - 0.0001 (Overtrade)_BTC\ckpt_step0074240.pth  [99% apmācības]
    74,752   146    -0.00035  +0.0005  0.0007  1.287↓    0.0%  -1.851  1.00e-06  32.8%/25.8%/24.8%/16.6%
    75,264   147    -0.00033  -0.0002  0.0006  1.276↓    0.0%  -2.021  1.03e-06  35.9%/21.3%/25.6%/17.2%
  ✓ Kontrolpunkts: checkpoints_Realistic Mode, OP - 0.0001 (Overtrade)_BTC\ckpt_step0075264.pth  [100% apmācības]

────────────────────────────────────────────────────────────────────────────────
  Vidējais ātrums: 555 soļi/sek
  Vidējā atlīdzība (pēdējie 10 atjauninājumi): -0.00033
  Galīgā entropija: 1.276  (sākums: 1.300)
────────────────────────────────────────────────────────────────────────────────

✓ Galīgais modelis saglabāts: ppo_trader_Realistic Mode, OP - 0.0001 (Overtrade)_BTC.pth

============================================================
11. SOLIS: Bektests (4 varianti)
============================================================

────────────────────────────────────────────────────────────  1. Komisija + slipāža          
  Bilance: $0.24 | Ienesīgums: -99.98% | MaxDD: 99.98% | Sharpe: -16.846 | Calmar: -1.000 | PF: 0.261 | Darījumi: 3240 | Win%: 10.0%

────────────────────────────────────────────────────────────  2. Tikai komisija              
  Bilance: $96.39 | Ienesīgums: -90.36% | MaxDD: 90.36% | Sharpe: -3.080 | Calmar: -1.000 | PF: 0.712 | Darījumi: 3237 | Win%: 33.4%

────────────────────────────────────────────────────────────  3. Tikai slipāža              
  Bilance: $3.28 | Ienesīgums: -99.67% | MaxDD: 99.67% | Sharpe: -12.851 | Calmar: -1.000 | PF: 0.344 | Darījumi: 3240 | Win%: 14.9%

────────────────────────────────────────────────────────────  4. Bez izmaksām               
  Bilance: $1,284.95 | Ienesīgums: +28.50% | MaxDD: 40.25% | Sharpe: 0.931 | Calmar: 0.708 | PF: 1.086 | Darījumi: 3237 | Win%: 48.6%


======================================================================
12. SOLIS: Rezultāti
======================================================================

  Metrika                     1. Komisija + slipāža            2. Tikai komisija                3. Tikai slipāža                4. Bez izmaksām               
  ──────────────────────────────────────────────────────────────────────────────────────────────────────────────────────────────────────────────────────────────
  Galīgā bilance                                       $0.24                          $96.39                           $3.28                       $1,284.95
  Ienesīgums                                         -99.98%                         -90.36%                         -99.67%                         +28.50%
  Maks. kritums                                       99.98%                          90.36%                          99.67%                          40.25%
  Sharpe (pēc darījumiem)                            -16.846                          -3.080                         -12.851                           0.931
  Calmar koeficients                                  -1.000                          -1.000                          -1.000                           0.708
  Peļņas faktors                                       0.261                           0.712                           0.344                           1.086
  Vid. PnL / solis ($)                             -0.005818                       -0.003649                       -0.006572                        0.002585
  Darījumi                                              3240                            3237                            3240                            3237
  Uzvaru īpatsvars                                     10.0%                           33.4%                           14.9%                           48.6%
  Vid. darījuma P&L                                  -0.169%                         -0.031%                         -0.129%                         +0.009%
  Vid. ilgums (h)                                        1.2                             1.2                             1.2                             1.2
  Vid. slip (ieeja+izeja)                            0.0921%                               —                         0.0921%                               —
  Vid. komisija                                      0.0800%                         0.0800%                               —                               —

  Zudumi no komisijām        : +118.86%
  Zudumi no slipāžas        : +128.17%
  Kopējie zudumi             : +128.47%

  Signāli (variants 1):
    HOLD  :   99,196  (90.0%)
    LONG  :    5,184  (4.7%)
    SHORT :    2,737  (2.5%)
    CLOSE :    3,128  (2.8%)

  Darījumi: LONG=1171  SHORT=2069

  ──────────────────────────────────────────────────────────
  TOP 5 IENESĪGĀKIE
  1. LONG  | 2025-05-08 09:10 → 2025-05-09 01:25 | 16h 15m | P&L: +20.04$ (+2.810%) | slip: 0.024%/0.062%
  2. LONG  | 2025-05-19 09:10 → 2025-05-20 01:10 | 16h 0m | P&L: +14.71$ (+2.590%) | slip: 0.053%/0.076%
  3. LONG  | 2025-05-01 09:30 → 2025-05-02 01:10 | 15h 40m | P&L: +14.02$ (+1.696%) | slip: 0.027%/0.030%
  4. LONG  | 2025-05-06 16:20 → 2025-05-06 23:10 | 6h 50m | P&L: +11.09$ (+1.389%) | slip: 0.060%/0.035%
  5. LONG  | 2025-06-09 09:45 → 2025-06-09 22:10 | 12h 25m | P&L: +10.40$ (+2.769%) | slip: 0.040%/0.093%

  ──────────────────────────────────────────────────────────
  TOP 5 ZAUDĪGĀKIE
  1. LONG  | 2025-06-05 15:35 → 2025-06-06 01:10 | 9h 35m | P&L: -11.55$ (-2.800%) | slip: 0.046%/0.020%
  2. LONG  | 2025-04-23 09:05 → 2025-04-24 01:50 | 16h 45m | P&L: -9.84$ (-1.062%) | slip: 0.048%/0.039%
  3. LONG  | 2025-04-22 21:55 → 2025-04-22 22:15 | 0h 20m | P&L: -9.69$ (-0.973%) | slip: 0.359%/0.161%
  4. LONG  | 2025-06-20 09:10 → 2025-06-21 01:20 | 16h 10m | P&L: -8.97$ (-2.649%) | slip: 0.074%/0.020%
  5. LONG  | 2025-05-02 14:45 → 2025-05-03 02:05 | 11h 20m | P&L: -8.12$ (-1.002%) | slip: 0.091%/0.028%

  ✓ Darījumu žurnāls: backtest_Realistic Mode, OP - 0.0001 (Overtrade)_BTC_trades.csv

──────────────────────────────────────────────────────────────────────
  ✓ Rezultāts pievienots: experiments.csv

======================================================================
GATAVS - versija Realistic Mode, OP - 0.0001 (Overtrade)  |  simbols: BTC  |  eksperiments: OP - 0.0001 (Overtrade)
======================================================================
