Žurnāls: ppo_trader_Realistic Mode, OP - 0.0001 (Overtrade)_ETH.log

Ierīce: cpu  |  AMP: False
Eksperiments: OP - 0.0001 (Overtrade)

============================================================
1. SOLIS: Datu ielāde
============================================================
Visa datu kopa : 772,429 sveces  |  2019-01-05 05:00:00 → 2026-05-13 02:40:00
Izmantojam     : 331,041 sveces  |  2023-03-20 14:35:00 → 2026-05-13 02:40:00
Apmācība (~2g) : 0..220,694  (2023-03-20 14:35:00 → 2025-04-24 23:05:00)
Tests  (~1g)   : 220,694..331,041  (2025-04-24 23:10:00 → 2026-05-13 02:40:00)
Pazīmes (tirgus): 32
N_STATE_FEATURES=34

Slipāžas rindu priekšaprēķins...

============================================================
7. SOLIS: Modelis
============================================================
Parametri: 62,853  |  INPUT_DIM=34
Arhitektūra: D_MODEL=64, N_HEADS=2, N_LAYERS=1, SEQ_LEN=32

============================================================
10. SOLIS: Apmācība (PPO)
============================================================
Kopējie soļi: 75,000  |  N_ENVS: 4  |  ROLLOUT_STEPS: 128
Bufera izmērs vienam atjauninājumam: 512 pārejas
PPO epohi: 2  |  Mini-pakete: 128
Labvēlības periods: 12 sveces  |  Atvēršanas sods: 0.0001  |  Min darījums: 72 sveces  |  Īsa darījuma sods: 0.0001
Kontrolpunkti: checkpoints_Realistic Mode, OP - 0.0001 (Overtrade)_ETH/  (ik pēc 29 atjauninājumiem)

────────────────────────────────────────────────────────────────────────────────
     Solis   Upd  Rew(avg10)       pi       v    ent   clip%      ev        lr  Darbības(H/L/S/C)
────────────────────────────────────────────────────────────────────────────────
       512     1    -0.00126  -0.0005  0.0373  1.299?    0.0%  -1.263  3.00e-04  25.2%/28.5%/26.6%/19.7%
     1,024     2    -0.00111  +0.0000  0.0255  1.305?    0.0%  -0.519  3.00e-04  30.9%/25.4%/26.0%/17.8%
     1,536     3    -0.00117  +0.0001  0.0186  1.290?    0.0%  -0.801  3.00e-04  29.7%/25.2%/25.8%/19.3%
     2,048     4    -0.00118  -0.0001  0.0151  1.302?    0.0%  -1.895  2.99e-04  30.3%/29.3%/22.7%/17.8%
     2,560     5    -0.00115  -0.0008  0.0089  1.297?    0.0%  -0.337  2.99e-04  29.9%/25.8%/26.0%/18.4%
     3,072     6    -0.00116  -0.0005  0.0090  1.308→    0.0%  -0.957  2.99e-04  23.2%/26.2%/31.6%/18.9%
     3,584     7    -0.00116  -0.0001  0.0072  1.299→    0.0%  -0.150  2.98e-04  28.3%/26.2%/26.2%/19.3%
     4,096     8    -0.00117  -0.0005  0.0073  1.308→    0.0%  -0.266  2.98e-04  28.9%/22.9%/29.3%/18.9%
     4,608     9    -0.00116  -0.0005  0.0060  1.306↑    0.0%  -0.399  2.97e-04  29.1%/28.5%/24.0%/18.4%
     5,120    10    -0.00115  -0.0003  0.0055  1.302→    0.0%  -0.508  2.97e-04  27.3%/28.9%/25.0%/18.8%
     5,632    11    -0.00110  -0.0004  0.0042  1.312→    0.0%  -0.234  2.96e-04  26.4%/29.9%/25.8%/18.0%
     6,144    12    -0.00111  -0.0009  0.0044  1.316↑    0.0%  -1.633  2.95e-04  29.1%/30.7%/24.6%/15.6%
     6,656    13    -0.00108  +0.0000  0.0042  1.318↑    0.0%  -2.340  2.94e-04  25.0%/29.7%/27.9%/17.4%
     7,168    14    -0.00106  -0.0007  0.0034  1.312↑    0.0%  -3.439  2.93e-04  24.4%/27.7%/29.5%/18.4%
     7,680    15    -0.00111  -0.0006  0.0043  1.310↑    0.0%  -1.073  2.92e-04  28.7%/24.8%/29.3%/17.2%
     8,192    16    -0.00114  -0.0009  0.0041  1.293↑    0.0%  -0.449  2.91e-04  29.9%/26.4%/24.8%/18.9%
     8,704    17    -0.00115  +0.0000  0.0037  1.305↑    0.0%  -1.876  2.90e-04  29.1%/26.8%/25.8%/18.4%
     9,216    18    -0.00113  -0.0004  0.0027  1.300↑    0.0%  -0.469  2.89e-04  33.0%/28.3%/21.7%/17.0%
     9,728    19    -0.00115  -0.0000  0.0029  1.310→    0.0%  -3.676  2.88e-04  25.4%/26.4%/30.9%/17.4%
    10,240    20    -0.00117  -0.0009  0.0029  1.306→    0.0%  -1.552  2.86e-04  27.5%/26.4%/28.9%/17.2%
    10,752    21    -0.00118  -0.0006  0.0027  1.305↑    0.0%  -0.795  2.85e-04  27.0%/27.0%/28.1%/18.0%
    11,264    22    -0.00121  +0.0001  0.0026  1.305↑    0.0%  -0.937  2.84e-04  26.4%/27.3%/27.3%/18.9%
    11,776    23    -0.00122  -0.0003  0.0020  1.303↑    0.0%  +0.227  2.82e-04  30.1%/27.1%/25.2%/17.6%
    12,288    24    -0.00124  -0.0001  0.0029  1.314↑    0.0%  -1.754  2.81e-04  29.1%/27.1%/26.6%/17.2%
    12,800    25    -0.00123  -0.0006  0.0025  1.298→    0.0%  -0.203  2.79e-04  30.3%/28.7%/22.5%/18.6%
    13,312    26    -0.00124  +0.0000  0.0032  1.322↑    0.0%  -0.362  2.77e-04  24.8%/28.9%/30.5%/15.8%
    13,824    27    -0.00122  +0.0002  0.0021  1.304↑    0.0%  -0.045  2.75e-04  32.2%/27.7%/24.2%/15.8%
    14,336    28    -0.00123  -0.0007  0.0023  1.303↑    0.0%  +0.017  2.74e-04  28.9%/24.0%/28.9%/18.2%
    14,848    29    -0.00120  -0.0006  0.0019  1.308↑    0.0%  -0.047  2.72e-04  27.1%/28.1%/27.0%/17.8%
  ✓ Kontrolpunkts: checkpoints_Realistic Mode, OP - 0.0001 (Overtrade)_ETH\ckpt_step0014848.pth  [20% apmācības]
    15,360    30    -0.00122  -0.0002  0.0019  1.304↑    0.0%  -2.568  2.70e-04  26.4%/25.6%/28.3%/19.7%
    15,872    31    -0.00125  -0.0009  0.0017  1.306↑    0.0%  -0.805  2.68e-04  30.9%/24.2%/29.1%/15.8%
    16,384    32    -0.00128  -0.0005  0.0023  1.283→    0.0%  -1.778  2.66e-04  31.6%/22.1%/25.2%/21.1%
    16,896    33    -0.00129  -0.0012  0.0020  1.306→    0.0%  -1.831  2.64e-04  32.0%/27.9%/23.2%/16.8%
    17,408    34    -0.00132  +0.0001  0.0020  1.306→    0.0%  -0.172  2.62e-04  28.9%/30.1%/23.8%/17.2%
    17,920    35    -0.00132  +0.0000  0.0029  1.305→    0.0%  -0.145  2.60e-04  27.7%/27.5%/26.6%/18.2%
    18,432    36    -0.00133  -0.0008  0.0027  1.299→    0.0%  +0.021  2.57e-04  30.5%/25.2%/26.4%/18.0%
    18,944    37    -0.00137  -0.0022  0.0023  1.299→    0.0%  +0.441  2.55e-04  27.5%/26.8%/27.0%/18.8%
    19,456    38    -0.00140  -0.0004  0.0017  1.308→    0.0%  -0.473  2.53e-04  31.6%/28.3%/23.0%/17.0%
    19,968    39    -0.00142  +0.0006  0.0021  1.293→    0.0%  +0.020  2.50e-04  31.6%/22.9%/27.1%/18.4%
    20,480    40    -0.00140  -0.0010  0.0018  1.304→    0.0%  -1.639  2.48e-04  26.4%/27.9%/27.9%/17.8%
    20,992    41    -0.00140  -0.0009  0.0017  1.302→    0.0%  -0.293  2.45e-04  27.3%/24.6%/28.5%/19.5%
    21,504    42    -0.00137  -0.0007  0.0018  1.315→    0.0%  -0.318  2.43e-04  29.5%/27.7%/26.4%/16.4%
    22,016    43    -0.00135  -0.0003  0.0014  1.297→    0.0%  +0.209  2.40e-04  33.0%/23.2%/26.2%/17.6%
    22,528    44    -0.00130  -0.0007  0.0016  1.301→    0.0%  +0.125  2.38e-04  31.6%/27.1%/22.9%/18.4%
    23,040    45    -0.00126  -0.0008  0.0014  1.291→    0.0%  -1.169  2.35e-04  30.9%/24.6%/27.0%/17.6%
    23,552    46    -0.00119  -0.0025  0.0014  1.303→    0.0%  -0.012  2.33e-04  30.3%/21.9%/31.6%/16.2%
    24,064    47    -0.00114  -0.0005  0.0012  1.292→    0.0%  -3.893  2.30e-04  32.6%/23.0%/27.9%/16.4%
    24,576    48    -0.00112  -0.0009  0.0013  1.291→    0.0%  -2.327  2.27e-04  31.1%/25.4%/25.6%/18.0%
    25,088    49    -0.00110  +0.0004  0.0012  1.294→    0.0%  -0.514  2.24e-04  31.6%/25.0%/26.8%/16.6%
    25,600    50    -0.00112  -0.0013  0.0013  1.284↓    0.0%  -2.326  2.22e-04  30.9%/20.9%/29.5%/18.8%
    26,112    51    -0.00114  +0.0005  0.0016  1.285↓    0.0%  -0.768  2.19e-04  34.0%/21.1%/28.7%/16.2%
    26,624    52    -0.00119  -0.0001  0.0013  1.276↓    0.0%  +0.185  2.16e-04  36.9%/24.4%/23.2%/15.4%
    27,136    53    -0.00133  -0.0014  0.0025  1.305↓    0.0%  -0.061  2.13e-04  30.5%/26.2%/27.9%/15.4%
    27,648    54    -0.00139  -0.0001  0.0014  1.276↓    0.0%  -1.176  2.10e-04  34.0%/21.5%/27.1%/17.4%
    28,160    55    -0.00139  +0.0004  0.0013  1.284↓    0.0%  -0.467  2.07e-04  30.5%/24.2%/26.8%/18.6%
    28,672    56    -0.00140  -0.0010  0.0012  1.280↓    0.0%  -0.088  2.04e-04  31.6%/21.3%/28.3%/18.8%
    29,184    57    -0.00141  -0.0007  0.0008  1.277↓    0.0%  -0.172  2.01e-04  30.7%/25.6%/25.0%/18.8%
    29,696    58    -0.00141  -0.0007  0.0010  1.285↓    0.0%  -2.232  1.98e-04  30.7%/21.3%/29.7%/18.4%
  ✓ Kontrolpunkts: checkpoints_Realistic Mode, OP - 0.0001 (Overtrade)_ETH\ckpt_step0029696.pth  [40% apmācības]
    30,208    59    -0.00147  -0.0011  0.0011  1.276↓    0.0%  +0.008  1.95e-04  29.1%/26.6%/24.4%/19.9%
    30,720    60    -0.00147  +0.0005  0.0012  1.279↓    0.0%  -0.460  1.92e-04  29.3%/23.0%/28.3%/19.3%
    31,232    61    -0.00143  -0.0028  0.0010  1.266↓    0.0%  -1.760  1.89e-04  37.5%/19.7%/25.4%/17.4%
    31,744    62    -0.00135  +0.0006  0.0009  1.270↓    0.0%  -0.349  1.86e-04  34.2%/21.1%/27.0%/17.8%
    32,256    63    -0.00121  +0.0013  0.0009  1.247↓    0.0%  -0.352  1.82e-04  42.2%/19.7%/23.4%/14.6%
    32,768    64    -0.00115  -0.0019  0.0015  1.275↓    0.0%  -0.436  1.79e-04  30.7%/26.2%/24.8%/18.4%
    33,280    65    -0.00114  +0.0010  0.0011  1.256↓    0.0%  -0.617  1.76e-04  39.8%/19.7%/26.0%/14.5%
    33,792    66    -0.00120  -0.0003  0.0010  1.264↓    0.0%  -1.183  1.73e-04  33.4%/25.6%/23.2%/17.8%
    34,304    67    -0.00116  -0.0001  0.0012  1.264↓    0.0%  -2.199  1.70e-04  35.9%/20.3%/26.4%/17.4%
    34,816    68    -0.00118  -0.0014  0.0008  1.259↓    0.0%  -2.749  1.67e-04  35.5%/21.1%/25.2%/18.2%
    35,328    69    -0.00109  -0.0008  0.0010  1.274↓    0.0%  -1.613  1.63e-04  37.7%/19.7%/26.6%/16.0%
    35,840    70    -0.00115  -0.0007  0.0012  1.254↓    0.0%  +0.129  1.60e-04  36.1%/20.1%/26.0%/17.8%
    36,352    71    -0.00119  -0.0010  0.0013  1.294↓    0.0%  +0.145  1.57e-04  35.5%/29.9%/20.7%/13.9%
    36,864    72    -0.00122  -0.0000  0.0010  1.259↓    0.0%  +0.222  1.54e-04  33.0%/22.9%/24.4%/19.7%
    37,376    73    -0.00124  +0.0001  0.0010  1.262↓    0.0%  +0.227  1.50e-04  37.3%/20.1%/25.8%/16.8%
    37,888    74    -0.00126  -0.0013  0.0009  1.264↓    0.0%  -0.797  1.47e-04  38.5%/20.9%/24.2%/16.4%
    38,400    75    -0.00128  -0.0002  0.0010  1.262↓    0.0%  -0.693  1.44e-04  37.9%/19.7%/25.6%/16.8%
    38,912    76    -0.00123  -0.0029  0.0008  1.259↓    0.0%  -1.482  1.41e-04  36.3%/18.8%/27.7%/17.2%
    39,424    77    -0.00126  +0.0008  0.0007  1.259↓    0.0%  -0.909  1.38e-04  37.3%/21.1%/23.6%/18.0%
    39,936    78    -0.00124  -0.0007  0.0006  1.266↓    0.0%  -1.356  1.34e-04  32.8%/23.0%/26.0%/18.2%
    40,448    79    -0.00133  -0.0004  0.0012  1.251↓    0.0%  +0.069  1.31e-04  36.9%/20.5%/24.4%/18.2%
    40,960    80    -0.00123  -0.0003  0.0009  1.284↓    0.0%  -2.113  1.28e-04  35.4%/21.7%/25.6%/17.4%
    41,472    81    -0.00123  +0.0005  0.0008  1.233↓    0.0%  -0.218  1.25e-04  42.0%/17.8%/22.7%/17.6%
    41,984    82    -0.00118  -0.0006  0.0007  1.243↓    0.0%  -3.231  1.22e-04  41.2%/16.2%/25.4%/17.2%
    42,496    83    -0.00120  -0.0017  0.0007  1.231↓    0.0%  -0.927  1.19e-04  41.2%/17.2%/22.7%/18.9%
    43,008    84    -0.00125  -0.0002  0.0008  1.263↓    0.0%  -0.952  1.15e-04  35.0%/24.8%/22.7%/17.6%
    43,520    85    -0.00127  -0.0010  0.0008  1.251↓    0.0%  -0.259  1.12e-04  38.3%/22.7%/22.1%/17.0%
    44,032    86    -0.00127  -0.0013  0.0009  1.228↓    0.0%  -1.352  1.09e-04  41.4%/19.1%/19.3%/20.1%
    44,544    87    -0.00138  +0.0003  0.0031  1.263↓    0.0%  -0.611  1.06e-04  34.4%/21.5%/27.3%/16.8%
  ✓ Kontrolpunkts: checkpoints_Realistic Mode, OP - 0.0001 (Overtrade)_ETH\ckpt_step0044544.pth  [59% apmācības]
    45,056    88    -0.00142  -0.0017  0.0010  1.249↓    0.0%  +0.136  1.03e-04  37.9%/20.3%/23.6%/18.2%
    45,568    89    -0.00138  -0.0007  0.0009  1.272↓    0.0%  -0.742  1.00e-04  36.9%/21.3%/24.4%/17.4%
    46,080    90    -0.00140  -0.0000  0.0009  1.212↓    0.0%  -0.347  9.70e-05  44.7%/17.0%/21.1%/17.2%
    46,592    91    -0.00135  -0.0006  0.0008  1.266↓    0.0%  -2.077  9.40e-05  37.5%/20.9%/23.6%/18.0%
    47,104    92    -0.00136  +0.0006  0.0007  1.227↓    0.0%  -1.094  9.11e-05  39.1%/19.7%/23.4%/17.8%
    47,616    93    -0.00131  -0.0009  0.0008  1.252↓    0.0%  -0.042  8.81e-05  33.2%/20.5%/27.9%/18.4%
    48,128    94    -0.00121  -0.0006  0.0006  1.249↓    0.0%  -0.021  8.52e-05  36.9%/20.5%/24.4%/18.2%
    48,640    95    -0.00113  -0.0018  0.0006  1.241↓    0.0%  -0.147  8.23e-05  37.5%/21.5%/22.9%/18.2%
    49,152    96    -0.00111  -0.0004  0.0011  1.253↓    0.0%  -0.415  7.95e-05  36.5%/21.1%/24.0%/18.4%
    49,664    97    -0.00099  -0.0008  0.0014  1.238↓    0.0%  -0.258  7.67e-05  40.4%/18.4%/23.8%/17.4%
    50,176    98    -0.00089  +0.0000  0.0009  1.255↓    0.0%  -2.514  7.39e-05  35.7%/23.2%/22.3%/18.8%
    50,688    99    -0.00083  +0.0009  0.0007  1.228↓    0.0%  -0.910  7.12e-05  38.5%/16.4%/27.9%/17.2%
    51,200   100    -0.00074  -0.0010  0.0010  1.267↓    0.0%  -1.533  6.84e-05  35.5%/22.3%/25.8%/16.4%
    51,712   101    -0.00069  +0.0004  0.0009  1.219↓    0.0%  +0.230  6.58e-05  41.4%/15.8%/25.0%/17.8%
    52,224   102    -0.00065  -0.0001  0.0006  1.265↓    0.0%  -0.545  6.31e-05  35.2%/24.0%/24.2%/16.6%
    52,736   103    -0.00063  +0.0007  0.0011  1.258↓    0.0%  +0.415  6.06e-05  39.5%/21.9%/23.6%/15.0%
    53,248   104    -0.00062  -0.0005  0.0007  1.224↓    0.0%  -0.399  5.80e-05  39.3%/19.7%/22.3%/18.8%
    53,760   105    -0.00059  -0.0002  0.0007  1.246↓    0.0%  -0.545  5.55e-05  39.1%/17.8%/26.4%/16.8%
    54,272   106    -0.00055  -0.0005  0.0007  1.236↓    0.0%  -4.699  5.30e-05  42.8%/19.1%/22.1%/16.0%
    54,784   107    -0.00052  -0.0008  0.0008  1.240↓    0.0%  -0.527  5.06e-05  38.5%/18.8%/24.2%/18.6%
    55,296   108    -0.00051  -0.0001  0.0009  1.224↓    0.0%  -1.687  4.83e-05  37.9%/18.2%/27.1%/16.8%
    55,808   109    -0.00051  +0.0018  0.0008  1.254↓    0.0%  -0.995  4.59e-05  37.5%/19.5%/25.8%/17.2%
    56,320   110    -0.00053  -0.0000  0.0008  1.227↓    0.0%  -2.776  4.37e-05  39.5%/15.8%/26.2%/18.6%
    56,832   111    -0.00053  -0.0000  0.0006  1.236↓    0.0%  -1.507  4.14e-05  43.6%/17.4%/21.5%/17.6%
    57,344   112    -0.00053  +0.0001  0.0007  1.243↓    0.0%  -1.417  3.93e-05  39.5%/17.4%/27.0%/16.2%
    57,856   113    -0.00052  +0.0003  0.0006  1.235↓    0.0%  -1.711  3.71e-05  39.8%/20.3%/21.7%/18.2%
    58,368   114    -0.00050  -0.0004  0.0006  1.241↓    0.0%  -2.482  3.51e-05  40.6%/17.6%/25.6%/16.2%
    58,880   115    -0.00053  -0.0000  0.0005  1.225↓    0.0%  -0.984  3.30e-05  43.9%/19.7%/21.1%/15.2%
    59,392   116    -0.00052  +0.0025  0.0006  1.235↓    0.0%  -1.621  3.11e-05  38.9%/18.2%/24.8%/18.2%
  ✓ Kontrolpunkts: checkpoints_Realistic Mode, OP - 0.0001 (Overtrade)_ETH\ckpt_step0059392.pth  [79% apmācības]
    59,904   117    -0.00052  -0.0017  0.0006  1.214↓    0.0%  -0.553  2.92e-05  44.1%/14.3%/26.0%/15.6%
    60,416   118    -0.00054  +0.0002  0.0006  1.240↓    0.0%  -1.184  2.73e-05  36.1%/20.1%/25.4%/18.4%
    60,928   119    -0.00053  -0.0017  0.0005  1.226↓    0.0%  -0.507  2.55e-05  42.2%/19.5%/22.5%/15.8%
    61,440   120    -0.00052  -0.0005  0.0007  1.237↓    0.0%  -2.186  2.38e-05  37.3%/16.8%/28.9%/17.0%
    61,952   121    -0.00053  +0.0001  0.0008  1.241↓    0.0%  -0.474  2.21e-05  38.3%/17.8%/25.8%/18.2%
    62,464   122    -0.00052  -0.0001  0.0007  1.255↓    0.0%  -1.969  2.05e-05  35.9%/22.7%/26.0%/15.4%
    62,976   123    -0.00052  +0.0006  0.0008  1.231↓    0.0%  -1.486  1.89e-05  40.6%/15.6%/25.2%/18.6%
    63,488   124    -0.00054  +0.0021  0.0005  1.224↓    0.0%  -2.228  1.74e-05  43.4%/16.6%/22.9%/17.2%
    64,000   125    -0.00052  -0.0016  0.0007  1.233↓    0.0%  -2.251  1.60e-05  38.9%/17.6%/24.8%/18.8%
    64,512   126    -0.00056  -0.0009  0.0005  1.216↓    0.0%  -1.195  1.46e-05  40.0%/18.4%/22.7%/18.9%
    65,024   127    -0.00052  -0.0004  0.0006  1.252↓    0.0%  -4.493  1.33e-05  37.3%/20.3%/25.2%/17.2%
    65,536   128    -0.00052  +0.0002  0.0006  1.221↓    0.0%  -2.446  1.21e-05  43.0%/16.8%/23.4%/16.8%
    66,048   129    -0.00051  -0.0011  0.0007  1.257↓    0.0%  -0.447  1.09e-05  38.1%/17.6%/27.1%/17.2%
    66,560   130    -0.00055  +0.0001  0.0007  1.244↓    0.0%  -0.554  9.77e-06  41.0%/18.6%/23.0%/17.4%
    67,072   131    -0.00055  +0.0004  0.0006  1.256↓    0.0%  -1.553  8.72e-06  41.6%/16.8%/25.6%/16.0%
    67,584   132    -0.00059  +0.0010  0.0007  1.258↓    0.0%  -0.980  7.73e-06  35.2%/22.3%/25.2%/17.4%
    68,096   133    -0.00060  -0.0003  0.0006  1.244↓    0.0%  -0.792  6.81e-06  36.3%/16.6%/28.7%/18.4%
    68,608   134    -0.00059  +0.0012  0.0006  1.257↓    0.0%  -2.290  5.96e-06  38.7%/19.5%/23.6%/18.2%
    69,120   135    -0.00060  -0.0023  0.0006  1.224↓    0.0%  -0.892  5.17e-06  40.4%/18.8%/23.4%/17.4%
    69,632   136    -0.00058  -0.0008  0.0007  1.247↓    0.0%  -0.510  4.45e-06  38.1%/20.3%/24.0%/17.6%
    70,144   137    -0.00059  -0.0006  0.0005  1.223↓    0.0%  -2.332  3.79e-06  42.4%/15.6%/24.4%/17.6%
    70,656   138    -0.00058  -0.0006  0.0006  1.258↓    0.0%  -3.074  3.21e-06  36.9%/18.8%/26.4%/18.0%
    71,168   139    -0.00055  -0.0005  0.0006  1.236↓    0.0%  -4.605  2.69e-06  37.7%/21.7%/21.9%/18.8%
    71,680   140    -0.00052  +0.0010  0.0006  1.241↓    0.0%  -0.867  2.24e-06  40.2%/18.4%/25.2%/16.2%
    72,192   141    -0.00054  +0.0001  0.0008  1.260↓    0.0%  -2.648  1.86e-06  34.4%/24.0%/24.4%/17.2%
    72,704   142    -0.00051  -0.0008  0.0007  1.242↓    0.0%  -2.580  1.55e-06  43.4%/17.2%/24.8%/14.6%
    73,216   143    -0.00048  +0.0011  0.0006  1.247↓    0.0%  -1.683  1.31e-06  39.1%/19.1%/24.6%/17.2%
    73,728   144    -0.00049  +0.0001  0.0005  1.231↓    0.0%  -1.583  1.14e-06  40.4%/14.5%/27.3%/17.8%
    74,240   145    -0.00049  +0.0002  0.0007  1.260↓    0.0%  -1.767  1.03e-06  38.3%/18.0%/27.3%/16.4%
  ✓ Kontrolpunkts: checkpoints_Realistic Mode, OP - 0.0001 (Overtrade)_ETH\ckpt_step0074240.pth  [99% apmācības]
    74,752   146    -0.00046  +0.0001  0.0006  1.231↓    0.0%  -2.057  1.00e-06  40.2%/19.7%/23.6%/16.4%
    75,264   147    -0.00043  -0.0008  0.0006  1.254↓    0.0%  -2.179  1.03e-06  41.4%/17.0%/26.4%/15.2%
  ✓ Kontrolpunkts: checkpoints_Realistic Mode, OP - 0.0001 (Overtrade)_ETH\ckpt_step0075264.pth  [100% apmācības]

────────────────────────────────────────────────────────────────────────────────
  Vidējais ātrums: 590 soļi/sek
  Vidējā atlīdzība (pēdējie 10 atjauninājumi): -0.00043
  Galīgā entropija: 1.254  (sākums: 1.299)
────────────────────────────────────────────────────────────────────────────────

✓ Galīgais modelis saglabāts: ppo_trader_Realistic Mode, OP - 0.0001 (Overtrade)_ETH.pth

============================================================
11. SOLIS: Bektests (4 varianti)
============================================================

────────────────────────────────────────────────────────────  1. Komisija + slipāža          
  Bilance: $40.75 | Ienesīgums: -95.92% | MaxDD: 96.14% | Sharpe: -4.413 | Calmar: -0.998 | PF: 0.587 | Darījumi: 807 | Win%: 31.4%

────────────────────────────────────────────────────────────  2. Tikai komisija              
  Bilance: $682.97 | Ienesīgums: -31.70% | MaxDD: 51.39% | Sharpe: 0.085 | Calmar: -0.617 | PF: 1.003 | Darījumi: 806 | Win%: 47.3%

────────────────────────────────────────────────────────────  3. Tikai slipāža              
  Bilance: $77.77 | Ienesīgums: -92.22% | MaxDD: 92.86% | Sharpe: -3.697 | Calmar: -0.993 | PF: 0.632 | Darījumi: 807 | Win%: 34.1%

────────────────────────────────────────────────────────────  4. Bez izmaksām               
  Bilance: $1,301.55 | Ienesīgums: +30.15% | MaxDD: 36.69% | Sharpe: 0.806 | Calmar: 0.822 | PF: 1.078 | Darījumi: 806 | Win%: 52.5%


======================================================================
12. SOLIS: Rezultāti
======================================================================

  Metrika                     1. Komisija + slipāža            2. Tikai komisija                3. Tikai slipāža                4. Bez izmaksām               
  ──────────────────────────────────────────────────────────────────────────────────────────────────────────────────────────────────────────────────────────────
  Galīgā bilance                                      $40.75                         $682.97                          $77.77                       $1,301.55
  Ienesīgums                                         -95.92%                         -31.70%                         -92.22%                         +30.15%
  Maks. kritums                                       96.14%                          51.39%                          92.86%                          36.69%
  Sharpe (pēc darījumiem)                             -4.413                           0.085                          -3.697                           0.806
  Calmar koeficients                                  -0.998                          -0.617                          -0.993                           0.822
  Peļņas faktors                                       0.587                           1.003                           0.632                           1.078
  Vid. PnL / solis ($)                             -0.005098                        0.000091                       -0.005266                        0.002733
  Darījumi                                               807                             806                             807                             806
  Uzvaru īpatsvars                                     31.4%                           47.3%                           34.1%                           52.5%
  Vid. darījuma P&L                                  -0.246%                         +0.005%                         -0.206%                         +0.045%
  Vid. ilgums (h)                                        4.0                             4.1                             4.0                             4.1
  Vid. slip (ieeja+izeja)                            0.1760%                               —                         0.1760%                               —
  Vid. komisija                                      0.0800%                         0.0800%                               —                               —

  Zudumi no komisijām        : +61.86%
  Zudumi no slipāžas        : +122.38%
  Kopējie zudumi             : +126.08%

  Signāli (variants 1):
    HOLD  :   93,087  (84.4%)
    LONG  :   16,436  (14.9%)
    SHORT :      104  (0.1%)
    CLOSE :      718  (0.7%)

  Darījumi: LONG=738  SHORT=69

  ──────────────────────────────────────────────────────────
  TOP 5 IENESĪGĀKIE
  1. LONG  | 2025-05-08 07:40 → 2025-05-09 03:35 | 19h 55m | P&L: +126.57$ (+14.619%) | slip: 0.213%/0.096%
  2. SHORT | 2025-05-23 04:30 → 2025-05-24 00:15 | 19h 45m | P&L: +41.99$ (+5.947%) | slip: 0.062%/0.120%
  3. LONG  | 2025-05-09 03:45 → 2025-05-09 07:20 | 3h 35m | P&L: +29.10$ (+2.936%) | slip: 0.078%/0.222%
  4. LONG  | 2025-05-21 17:40 → 2025-05-22 04:00 | 10h 20m | P&L: +28.72$ (+4.122%) | slip: 0.535%/0.152%
  5. LONG  | 2025-05-18 21:15 → 2025-05-19 17:15 | 20h 0m | P&L: +28.66$ (+4.049%) | slip: 0.246%/0.174%

  ──────────────────────────────────────────────────────────
  TOP 5 ZAUDĪGĀKIE
  1. LONG  | 2025-05-09 08:55 → 2025-05-09 09:50 | 0h 55m | P&L: -41.59$ (-4.255%) | slip: 0.462%/0.418%
  2. LONG  | 2025-05-12 07:10 → 2025-05-13 05:40 | 22h 30m | P&L: -41.56$ (-4.975%) | slip: 0.426%/0.067%
  3. LONG  | 2025-11-03 09:00 → 2025-11-05 01:25 | 40h 25m | P&L: -33.31$ (-14.950%) | slip: 0.099%/0.274%
  4. LONG  | 2025-05-09 08:25 → 2025-05-09 08:45 | 0h 20m | P&L: -32.87$ (-3.238%) | slip: 0.814%/1.078%
  5. LONG  | 2025-05-30 07:05 → 2025-05-31 08:10 | 25h 5m | P&L: -30.73$ (-4.158%) | slip: 0.115%/0.035%

  ✓ Darījumu žurnāls: backtest_Realistic Mode, OP - 0.0001 (Overtrade)_ETH_trades.csv

──────────────────────────────────────────────────────────────────────
  ✓ Rezultāts pievienots: experiments.csv

======================================================================
GATAVS - versija Realistic Mode, OP - 0.0001 (Overtrade)  |  simbols: ETH  |  eksperiments: OP - 0.0001 (Overtrade)
======================================================================
